<Event xmlns='http://schemas.microsoft.com/win/2004/08/events/event'><System><Provider Name='Microsoft-Windows-Sysmon' Guid='{5770385f-c22a-43e0-bf4c-06f5698ffbd9}'/><EventID>11</EventID><Version>2</Version><Level>4</Level><Task>11</Task><Opcode>0</Opcode><Keywords>0x8000000000000000</Keywords><TimeCreated SystemTime='2026-09-10T20:04:57.2810899Z'/><EventRecordID>5641</EventRecordID><Correlation/><Execution ProcessID='2792' ThreadID='4944'/><Channel>Microsoft-Windows-Sysmon/Operational</Channel><Computer>windows</Computer><Security UserID='S-1-5-18'/></System><EventData><Data Name='RuleName'>DLL</Data><Data Name='UtcTime'>2026-09-10 20:04:57.274</Data><Data Name='ProcessGuid'>{064ad90c-0ca9-6aa3-5f02-000000000800}</Data><Data Name='ProcessId'>8252</Data><Data Name='Image'>C:\Windows\system32\svchost.exe</Data><Data Name='TargetFilename'>C:\Program Files\WindowsApps\Microsoft.WindowsAppRuntime.1.8_8000.946.1701.0_x86__8wekyb3d8bbwe\Microsoft.WindowsAppRuntime.dll</Data><Data Name='CreationUtcTime'>2026-09-10 20:04:57.274</Data><Data Name='User'>AUTORITE NT\Système</Data></EventData></Event><Event xmlns='http://schemas.microsoft.com/win/2004/08/events/event'><System><Provider Name='Microsoft-Windows-Sysmon' Guid='{5770385f-c22a-43e0-bf4c-06f5698ffbd9}'/><EventID>11</EventID><Version>2</Version><Level>4</Level><Task>11</Task><Opcode>0</Opcode><Keywords>0x8000000000000000</Keywords><TimeCreated SystemTime='2026-09-10T20:04:57.2806581Z'/><EventRecordID>5640</EventRecordID><Correlation/><Execution ProcessID='2792' ThreadID='4944'/><Channel>Microsoft-Windows-Sysmon/Operational</Channel><Computer>windows</Computer><Security UserID='S-1-5-18'/></System><EventData><Data Name='RuleName'>DLL</Data><Data Name='UtcTime'>2026-09-10 20:04:57.274</Data><Data Name='ProcessGuid'>{064ad90c-0ca9-6aa3-5f02-000000000800}</Data><Data Name='ProcessId'>8252</Data><Data Name='Image'>C:\Windows\system32\svchost.exe</Data><Data Name='TargetFilename'>C:\Program Files\WindowsApps\Microsoft.WindowsAppRuntime.1.8_8000.946.1701.0_x86__8wekyb3d8bbwe\Microsoft.Windows.Widgets.dll</Data><Data Name='CreationUtcTime'>2026-09-10 20:04:57.274</Data><Data Name='User'>AUTORITE NT\Système</Data></EventData></Event><Event xmlns='http://schemas.microsoft.com/win/2004/08/events/event'><System><Provider Name='Microsoft-Windows-Sysmon' Guid='{5770385f-c22a-43e0-bf4c-06f5698ffbd9}'/><EventID>11</EventID><Version>2</Version><Level>4</Level><Task>11</Task><Opcode>0</Opcode><Keywords>0x8000000000000000</Keywords><TimeCreated SystemTime='2026-09-10T20:04:57.2802468Z'/><EventRecordID>5639</EventRecordID><Correlation/><Execution ProcessID='2792' ThreadID='4944'/><Channel>Microsoft-Windows-Sysmon/Operational</Channel><Computer>windows</Computer><Security UserID='S-1-5-18'/></System><EventData><Data Name='RuleName'>DLL</Data><Data Name='UtcTime'>2026-09-10 20:04:57.274</Data><Data Name='ProcessGuid'>{064ad90c-0ca9-6aa3-5f02-000000000800}</Data><Data Name='ProcessId'>8252</Data><Data Name='Image'>C:\Windows\system32\svchost.exe</Data><Data Name='TargetFilename'>C:\Program Files\WindowsApps\Microsoft.WindowsAppRuntime.1.8_8000.946.1701.0_x86__8wekyb3d8bbwe\Microsoft.Windows.ApplicationModel.Resources.dll</Data><Data Name='CreationUtcTime'>2026-09-10 20:04:57.274</Data><Data Name='User'>AUTORITE NT\Système</Data></EventData></Event><Event xmlns='http://schemas.microsoft.com/win/2004/08/events/event'><System><Provider Name='Microsoft-Windows-Sysmon' Guid='{5770385f-c22a-43e0-bf4c-06f5698ffbd9}'/><EventID>11</EventID><Version>2</Version><Level>4</Level><Task>11</Task><Opcode>0</Opcode><Keywords>0x8000000000000000</Keywords><TimeCreated SystemTime='2026-09-10T20:04:57.2798165Z'/><EventRecordID>5638</EventRecordID><Correlation/><Execution ProcessID='2792' ThreadID='4944'/><Channel>Microsoft-Windows-Sysmon/Operational</Channel><Computer>windows</Computer><Security UserID='S-1-5-18'/></System><EventData><Data Name='RuleName'>DLL</Data><Data Name='UtcTime'>2026-09-10 20:04:57.274</Data><Data Name='ProcessGuid'>{064ad90c-0ca9-6aa3-5f02-000000000800}</Data><Data Name='ProcessId'>8252</Data><Data Name='Image'>C:\Windows\system32\svchost.exe</Data><Data Name='TargetFilename'>C:\Program Files\WindowsApps\Microsoft.WindowsAppRuntime.1.8_8000.946.1701.0_x86__8wekyb3d8bbwe\Microsoft.ui.xaml.resources.common.dll</Data><Data Name='CreationUtcTime'>2026-09-10 20:04:57.274</Data><Data Name='User'>AUTORITE NT\Système</Data></EventData></Event><Event xmlns='http://schemas.microsoft.com/win/2004/08/events/event'><System><Provider Name='Microsoft-Windows-Sysmon' Guid='{5770385f-c22a-43e0-bf4c-06f5698ffbd9}'/><EventID>11</EventID><Version>2</Version><Level>4</Level><Task>11</Task><Opcode>0</Opcode><Keywords>0x8000000000000000</Keywords><TimeCreated SystemTime='2026-09-10T20:04:57.2794553Z'/><EventRecordID>5637</EventRecordID><Correlation/><Execution ProcessID='2792' ThreadID='4944'/><Channel>Microsoft-Windows-Sysmon/Operational</Channel><Computer>windows</Computer><Security UserID='S-1-5-18'/></System><EventData><Data Name='RuleName'>DLL</Data><Data Name='UtcTime'>2026-09-10 20:04:57.274</Data><Data Name='ProcessGuid'>{064ad90c-0ca9-6aa3-5f02-000000000800}</Data><Data Name='ProcessId'>8252</Data><Data Name='Image'>C:\Windows\system32\svchost.exe</Data><Data Name='TargetFilename'>C:\Program Files\WindowsApps\Microsoft.WindowsAppRuntime.1.8_8000.946.1701.0_x86__8wekyb3d8bbwe\Microsoft.ui.xaml.resources.19h1.dll</Data><Data Name='CreationUtcTime'>2026-09-10 20:04:57.274</Data><Data Name='User'>AUTORITE NT\Système</Data></EventData></Event><Event xmlns='http://schemas.microsoft.com/win/2004/08/events/event'><System><Provider Name='Microsoft-Windows-Sysmon' Guid='{5770385f-c22a-43e0-bf4c-06f5698ffbd9}'/><EventID>11</EventID><Version>2</Version><Level>4</Level><Task>11</Task><Opcode>0</Opcode><Keywords>0x8000000000000000</Keywords><TimeCreated SystemTime='2026-09-10T20:04:57.2789854Z'/><EventRecordID>5636</EventRecordID><Correlation/><Execution ProcessID='2792' ThreadID='4944'/><Channel>Microsoft-Windows-Sysmon/Operational</Channel><Computer>windows</Computer><Security UserID='S-1-5-18'/></System><EventData><Data Name='RuleName'>DLL</Data><Data Name='UtcTime'>2026-09-10 20:04:57.274</Data><Data Name='ProcessGuid'>{064ad90c-0ca9-6aa3-5f02-000000000800}</Data><Data Name='ProcessId'>8252</Data><Data Name='Image'>C:\Windows\system32\svchost.exe</Data><Data Name='TargetFilename'>C:\Program Files\WindowsApps\Microsoft.WindowsAppRuntime.1.8_8000.946.1701.0_x86__8wekyb3d8bbwe\Microsoft.UI.Xaml.Phone.dll</Data><Data Name='CreationUtcTime'>2026-09-10 20:04:57.274</Data><Data Name='User'>AUTORITE NT\Système</Data></EventData></Event><Event xmlns='http://schemas.microsoft.com/win/2004/08/events/event'><System><Provider Name='Microsoft-Windows-Sysmon' Guid='{5770385f-c22a-43e0-bf4c-06f5698ffbd9}'/><EventID>11</EventID><Version>2</Version><Level>4</Level><Task>11</Task><Opcode>0</Opcode><Keywords>0x8000000000000000</Keywords><TimeCreated SystemTime='2026-09-10T20:04:57.2786491Z'/><EventRecordID>5635</EventRecordID><Correlation/><Execution ProcessID='2792' ThreadID='4944'/><Channel>Microsoft-Windows-Sysmon/Operational</Channel><Computer>windows</Computer><Security UserID='S-1-5-18'/></System><EventData><Data Name='RuleName'>DLL</Data><Data Name='UtcTime'>2026-09-10 20:04:57.274</Data><Data Name='ProcessGuid'>{064ad90c-0ca9-6aa3-5f02-000000000800}</Data><Data Name='ProcessId'>8252</Data><Data Name='Image'>C:\Windows\system32\svchost.exe</Data><Data Name='TargetFilename'>C:\Program Files\WindowsApps\Microsoft.WindowsAppRuntime.1.8_8000.946.1701.0_x86__8wekyb3d8bbwe\Microsoft.UI.Xaml.Internal.dll</Data><Data Name='CreationUtcTime'>2026-09-10 20:04:57.274</Data><Data Name='User'>AUTORITE NT\Système</Data></EventData></Event><Event xmlns='http://schemas.microsoft.com/win/2004/08/events/event'><System><Provider Name='Microsoft-Windows-Sysmon' Guid='{5770385f-c22a-43e0-bf4c-06f5698ffbd9}'/><EventID>11</EventID><Version>2</Version><Level>4</Level><Task>11</Task><Opcode>0</Opcode><Keywords>0x8000000000000000</Keywords><TimeCreated SystemTime='2026-09-10T20:04:57.2781687Z'/><EventRecordID>5634</EventRecordID><Correlation/><Execution ProcessID='2792' ThreadID='4944'/><Channel>Microsoft-Windows-Sysmon/Operational</Channel><Computer>windows</Computer><Security UserID='S-1-5-18'/></System><EventData><Data Name='RuleName'>DLL</Data><Data Name='UtcTime'>2026-09-10 20:04:57.274</Data><Data Name='ProcessGuid'>{064ad90c-0ca9-6aa3-5f02-000000000800}</Data><Data Name='ProcessId'>8252</Data><Data Name='Image'>C:\Windows\system32\svchost.exe</Data><Data Name='TargetFilename'>C:\Program Files\WindowsApps\Microsoft.WindowsAppRuntime.1.8_8000.946.1701.0_x86__8wekyb3d8bbwe\Microsoft.ui.xaml.dll</Data><Data Name='CreationUtcTime'>2026-09-10 20:04:57.274</Data><Data Name='User'>AUTORITE NT\Système</Data></EventData></Event><Event xmlns='http://schemas.microsoft.com/win/2004/08/events/event'><System><Provider Name='Microsoft-Windows-Sysmon' Guid='{5770385f-c22a-43e0-bf4c-06f5698ffbd9}'/><EventID>11</EventID><Version>2</Version><Level>4</Level><Task>11</Task><Opcode>0</Opcode><Keywords>0x8000000000000000</Keywords><TimeCreated SystemTime='2026-09-10T20:04:57.2777642Z'/><EventRecordID>5633</EventRecordID><Correlation/><Execution ProcessID='2792' ThreadID='4944'/><Channel>Microsoft-Windows-Sysmon/Operational</Channel><Computer>windows</Computer><Security UserID='S-1-5-18'/></System><EventData><Data Name='RuleName'>DLL</Data><Data Name='UtcTime'>2026-09-10 20:04:57.274</Data><Data Name='ProcessGuid'>{064ad90c-0ca9-6aa3-5f02-000000000800}</Data><Data Name='ProcessId'>8252</Data><Data Name='Image'>C:\Windows\system32\svchost.exe</Data><Data Name='TargetFilename'>C:\Program Files\WindowsApps\Microsoft.WindowsAppRuntime.1.8_8000.946.1701.0_x86__8wekyb3d8bbwe\Microsoft.UI.Xaml.Controls.dll</Data><Data Name='CreationUtcTime'>2026-09-10 20:04:57.274</Data><Data Name='User'>AUTORITE NT\Système</Data></EventData></Event><Event xmlns='http://schemas.microsoft.com/win/2004/08/events/event'><System><Provider Name='Microsoft-Windows-Sysmon' Guid='{5770385f-c22a-43e0-bf4c-06f5698ffbd9}'/><EventID>11</EventID><Version>2</Version><Level>4</Level><Task>11</Task><Opcode>0</Opcode><Keywords>0x8000000000000000</Keywords><TimeCreated SystemTime='2026-09-10T20:04:57.2773937Z'/><EventRecordID>5632</EventRecordID><Correlation/><Execution ProcessID='2792' ThreadID='4944'/><Channel>Microsoft-Windows-Sysmon/Operational</Channel><Computer>windows</Computer><Security UserID='S-1-5-18'/></System><EventData><Data Name='RuleName'>DLL</Data><Data Name='UtcTime'>2026-09-10 20:04:57.274</Data><Data Name='ProcessGuid'>{064ad90c-0ca9-6aa3-5f02-000000000800}</Data><Data Name='ProcessId'>8252</Data><Data Name='Image'>C:\Windows\system32\svchost.exe</Data><Data Name='TargetFilename'>C:\Program Files\WindowsApps\Microsoft.WindowsAppRuntime.1.8_8000.946.1701.0_x86__8wekyb3d8bbwe\Microsoft.UI.Windowing.dll</Data><Data Name='CreationUtcTime'>2026-09-10 20:04:57.274</Data><Data Name='User'>AUTORITE NT\Système</Data></EventData></Event><Event xmlns='http://schemas.microsoft.com/win/2004/08/events/event'><System><Provider Name='Microsoft-Windows-Sysmon' Guid='{5770385f-c22a-43e0-bf4c-06f5698ffbd9}'/><EventID>11</EventID><Version>2</Version><Level>4</Level><Task>11</Task><Opcode>0</Opcode><Keywords>0x8000000000000000</Keywords><TimeCreated SystemTime='2026-09-10T20:04:57.2768122Z'/><EventRecordID>5631</EventRecordID><Correlation/><Execution ProcessID='2792' ThreadID='4944'/><Channel>Microsoft-Windows-Sysmon/Operational</Channel><Computer>windows</Computer><Security UserID='S-1-5-18'/></System><EventData><Data Name='RuleName'>DLL</Data><Data Name='UtcTime'>2026-09-10 20:04:57.274</Data><Data Name='ProcessGuid'>{064ad90c-0ca9-6aa3-5f02-000000000800}</Data><Data Name='ProcessId'>8252</Data><Data Name='Image'>C:\Windows\system32\svchost.exe</Data><Data Name='TargetFilename'>C:\Program Files\WindowsApps\Microsoft.WindowsAppRuntime.1.8_8000.946.1701.0_x86__8wekyb3d8bbwe\Microsoft.UI.Windowing.Core.dll</Data><Data Name='CreationUtcTime'>2026-09-10 20:04:57.274</Data><Data Name='User'>AUTORITE NT\Système</Data></EventData></Event><Event xmlns='http://schemas.microsoft.com/win/2004/08/events/event'><System><Provider Name='Microsoft-Windows-Sysmon' Guid='{5770385f-c22a-43e0-bf4c-06f5698ffbd9}'/><EventID>11</EventID><Version>2</Version><Level>4</Level><Task>11</Task><Opcode>0</Opcode><Keywords>0x8000000000000000</Keywords><TimeCreated SystemTime='2026-09-10T20:04:57.2764488Z'/><EventRecordID>5630</EventRecordID><Correlation/><Execution ProcessID='2792' ThreadID='4944'/><Channel>Microsoft-Windows-Sysmon/Operational</Channel><Computer>windows</Computer><Security UserID='S-1-5-18'/></System><EventData><Data Name='RuleName'>DLL</Data><Data Name='UtcTime'>2026-09-10 20:04:57.274</Data><Data Name='ProcessGuid'>{064ad90c-0ca9-6aa3-5f02-000000000800}</Data><Data Name='ProcessId'>8252</Data><Data Name='Image'>C:\Windows\system32\svchost.exe</Data><Data Name='TargetFilename'>C:\Program Files\WindowsApps\Microsoft.WindowsAppRuntime.1.8_8000.946.1701.0_x86__8wekyb3d8bbwe\Microsoft.UI.Input.dll</Data><Data Name='CreationUtcTime'>2026-09-10 20:04:57.274</Data><Data Name='User'>AUTORITE NT\Système</Data></EventData></Event><Event xmlns='http://schemas.microsoft.com/win/2004/08/events/event'><System><Provider Name='Microsoft-Windows-Sysmon' Guid='{5770385f-c22a-43e0-bf4c-06f5698ffbd9}'/><EventID>11</EventID><Version>2</Version><Level>4</Level><Task>11</Task><Opcode>0</Opcode><Keywords>0x8000000000000000</Keywords><TimeCreated SystemTime='2026-09-10T20:04:57.2759647Z'/><EventRecordID>5629</EventRecordID><Correlation/><Execution ProcessID='2792' ThreadID='4944'/><Channel>Microsoft-Windows-Sysmon/Operational</Channel><Computer>windows</Computer><Security UserID='S-1-5-18'/></System><EventData><Data Name='RuleName'>DLL</Data><Data Name='UtcTime'>2026-09-10 20:04:57.274</Data><Data Name='ProcessGuid'>{064ad90c-0ca9-6aa3-5f02-000000000800}</Data><Data Name='ProcessId'>8252</Data><Data Name='Image'>C:\Windows\system32\svchost.exe</Data><Data Name='TargetFilename'>C:\Program Files\WindowsApps\Microsoft.WindowsAppRuntime.1.8_8000.946.1701.0_x86__8wekyb3d8bbwe\Microsoft.UI.dll</Data><Data Name='CreationUtcTime'>2026-09-10 20:04:57.274</Data><Data Name='User'>AUTORITE NT\Système</Data></EventData></Event><Event xmlns='http://schemas.microsoft.com/win/2004/08/events/event'><System><Provider Name='Microsoft-Windows-Sysmon' Guid='{5770385f-c22a-43e0-bf4c-06f5698ffbd9}'/><EventID>11</EventID><Version>2</Version><Level>4</Level><Task>11</Task><Opcode>0</Opcode><Keywords>0x8000000000000000</Keywords><TimeCreated SystemTime='2026-09-10T20:04:57.2718486Z'/><EventRecordID>5628</EventRecordID><Correlation/><Execution ProcessID='2792' ThreadID='4944'/><Channel>Microsoft-Windows-Sysmon/Operational</Channel><Computer>windows</Computer><Security UserID='S-1-5-18'/></System><EventData><Data Name='RuleName'>DLL</Data><Data Name='UtcTime'>2026-09-10 20:04:57.259</Data><Data Name='ProcessGuid'>{064ad90c-0ca9-6aa3-5f02-000000000800}</Data><Data Name='ProcessId'>8252</Data><Data Name='Image'>C:\Windows\system32\svchost.exe</Data><Data Name='TargetFilename'>C:\Program Files\WindowsApps\Microsoft.WindowsAppRuntime.1.8_8000.946.1701.0_x86__8wekyb3d8bbwe\Microsoft.UI.Designer.dll</Data><Data Name='CreationUtcTime'>2026-09-10 20:04:57.259</Data><Data Name='User'>AUTORITE NT\Système</Data></EventData></Event><Event xmlns='http://schemas.microsoft.com/win/2004/08/events/event'><System><Provider Name='Microsoft-Windows-Sysmon' Guid='{5770385f-c22a-43e0-bf4c-06f5698ffbd9}'/><EventID>11</EventID><Version>2</Version><Level>4</Level><Task>11</Task><Opcode>0</Opcode><Keywords>0x8000000000000000</Keywords><TimeCreated SystemTime='2026-09-10T20:04:57.2711266Z'/><EventRecordID>5627</EventRecordID><Correlation/><Execution ProcessID='2792' ThreadID='4944'/><Channel>Microsoft-Windows-Sysmon/Operational</Channel><Computer>windows</Computer><Security UserID='S-1-5-18'/></System><EventData><Data Name='RuleName'>DLL</Data><Data Name='UtcTime'>2026-09-10 20:04:57.259</Data><Data Name='ProcessGuid'>{064ad90c-0ca9-6aa3-5f02-000000000800}</Data><Data Name='ProcessId'>8252</Data><Data Name='Image'>C:\Windows\system32\svchost.exe</Data><Data Name='TargetFilename'>C:\Program Files\WindowsApps\Microsoft.WindowsAppRuntime.1.8_8000.946.1701.0_x86__8wekyb3d8bbwe\Microsoft.UI.Composition.OSSupport.dll</Data><Data Name='CreationUtcTime'>2026-09-10 20:04:57.259</Data><Data Name='User'>AUTORITE NT\Système</Data></EventData></Event><Event xmlns='http://schemas.microsoft.com/win/2004/08/events/event'><System><Provider Name='Microsoft-Windows-Sysmon' Guid='{5770385f-c22a-43e0-bf4c-06f5698ffbd9}'/><EventID>11</EventID><Version>2</Version><Level>4</Level><Task>11</Task><Opcode>0</Opcode><Keywords>0x8000000000000000</Keywords><TimeCreated SystemTime='2026-09-10T20:04:57.2706781Z'/><EventRecordID>5626</EventRecordID><Correlation/><Execution ProcessID='2792' ThreadID='4944'/><Channel>Microsoft-Windows-Sysmon/Operational</Channel><Computer>windows</Computer><Security UserID='S-1-5-18'/></System><EventData><Data Name='RuleName'>DLL</Data><Data Name='UtcTime'>2026-09-10 20:04:57.259</Data><Data Name='ProcessGuid'>{064ad90c-0ca9-6aa3-5f02-000000000800}</Data><Data Name='ProcessId'>8252</Data><Data Name='Image'>C:\Windows\system32\svchost.exe</Data><Data Name='TargetFilename'>C:\Program Files\WindowsApps\Microsoft.WindowsAppRuntime.1.8_8000.946.1701.0_x86__8wekyb3d8bbwe\Microsoft.Internal.FrameworkUdk.dll</Data><Data Name='CreationUtcTime'>2026-09-10 20:04:57.259</Data><Data Name='User'>AUTORITE NT\Système</Data></EventData></Event><Event xmlns='http://schemas.microsoft.com/win/2004/08/events/event'><System><Provider Name='Microsoft-Windows-Sysmon' Guid='{5770385f-c22a-43e0-bf4c-06f5698ffbd9}'/><EventID>11</EventID><Version>2</Version><Level>4</Level><Task>11</Task><Opcode>0</Opcode><Keywords>0x8000000000000000</Keywords><TimeCreated SystemTime='2026-09-10T20:04:57.2703718Z'/><EventRecordID>5625</EventRecordID><Correlation/><Execution ProcessID='2792' ThreadID='4944'/><Channel>Microsoft-Windows-Sysmon/Operational</Channel><Computer>windows</Computer><Security UserID='S-1-5-18'/></System><EventData><Data Name='RuleName'>DLL</Data><Data Name='UtcTime'>2026-09-10 20:04:57.259</Data><Data Name='ProcessGuid'>{064ad90c-0ca9-6aa3-5f02-000000000800}</Data><Data Name='ProcessId'>8252</Data><Data Name='Image'>C:\Windows\system32\svchost.exe</Data><Data Name='TargetFilename'>C:\Program Files\WindowsApps\Microsoft.WindowsAppRuntime.1.8_8000.946.1701.0_x86__8wekyb3d8bbwe\Microsoft.InputStateManager.dll</Data><Data Name='CreationUtcTime'>2026-09-10 20:04:57.259</Data><Data Name='User'>AUTORITE NT\Système</Data></EventData></Event><Event xmlns='http://schemas.microsoft.com/win/2004/08/events/event'><System><Provider Name='Microsoft-Windows-Sysmon' Guid='{5770385f-c22a-43e0-bf4c-06f5698ffbd9}'/><EventID>11</EventID><Version>2</Version><Level>4</Level><Task>11</Task><Opcode>0</Opcode><Keywords>0x8000000000000000</Keywords><TimeCreated SystemTime='2026-09-10T20:04:57.2699258Z'/><EventRecordID>5624</EventRecordID><Correlation/><Execution ProcessID='2792' ThreadID='4944'/><Channel>Microsoft-Windows-Sysmon/Operational</Channel><Computer>windows</Computer><Security UserID='S-1-5-18'/></System><EventData><Data Name='RuleName'>DLL</Data><Data Name='UtcTime'>2026-09-10 20:04:57.259</Data><Data Name='ProcessGuid'>{064ad90c-0ca9-6aa3-5f02-000000000800}</Data><Data Name='ProcessId'>8252</Data><Data Name='Image'>C:\Windows\system32\svchost.exe</Data><Data Name='TargetFilename'>C:\Program Files\WindowsApps\Microsoft.WindowsAppRuntime.1.8_8000.946.1701.0_x86__8wekyb3d8bbwe\Microsoft.Graphics.Display.dll</Data><Data Name='CreationUtcTime'>2026-09-10 20:04:57.259</Data><Data Name='User'>AUTORITE NT\Système</Data></EventData></Event><Event xmlns='http://schemas.microsoft.com/win/2004/08/events/event'><System><Provider Name='Microsoft-Windows-Sysmon' Guid='{5770385f-c22a-43e0-bf4c-06f5698ffbd9}'/><EventID>11</EventID><Version>2</Version><Level>4</Level><Task>11</Task><Opcode>0</Opcode><Keywords>0x8000000000000000</Keywords><TimeCreated SystemTime='2026-09-10T20:04:57.2695700Z'/><EventRecordID>5623</EventRecordID><Correlation/><Execution ProcessID='2792' ThreadID='4944'/><Channel>Microsoft-Windows-Sysmon/Operational</Channel><Computer>windows</Computer><Security UserID='S-1-5-18'/></System><EventData><Data Name='RuleName'>DLL</Data><Data Name='UtcTime'>2026-09-10 20:04:57.259</Data><Data Name='ProcessGuid'>{064ad90c-0ca9-6aa3-5f02-000000000800}</Data><Data Name='ProcessId'>8252</Data><Data Name='Image'>C:\Windows\system32\svchost.exe</Data><Data Name='TargetFilename'>C:\Program Files\WindowsApps\Microsoft.WindowsAppRuntime.1.8_8000.946.1701.0_x86__8wekyb3d8bbwe\Microsoft.DirectManipulation.dll</Data><Data Name='CreationUtcTime'>2026-09-10 20:04:57.259</Data><Data Name='User'>AUTORITE NT\Système</Data></EventData></Event><Event xmlns='http://schemas.microsoft.com/win/2004/08/events/event'><System><Provider Name='Microsoft-Windows-Sysmon' Guid='{5770385f-c22a-43e0-bf4c-06f5698ffbd9}'/><EventID>11</EventID><Version>2</Version><Level>4</Level><Task>11</Task><Opcode>0</Opcode><Keywords>0x8000000000000000</Keywords><TimeCreated SystemTime='2026-09-10T20:04:57.2681382Z'/><EventRecordID>5622</EventRecordID><Correlation/><Execution ProcessID='2792' ThreadID='4944'/><Channel>Microsoft-Windows-Sysmon/Operational</Channel><Computer>windows</Computer><Security UserID='S-1-5-18'/></System><EventData><Data Name='RuleName'>DLL</Data><Data Name='UtcTime'>2026-09-10 20:04:57.259</Data><Data Name='ProcessGuid'>{064ad90c-0ca9-6aa3-5f02-000000000800}</Data><Data Name='ProcessId'>8252</Data><Data Name='Image'>C:\Windows\system32\svchost.exe</Data><Data Name='TargetFilename'>C:\Program Files\WindowsApps\Microsoft.WindowsAppRuntime.1.8_8000.946.1701.0_x86__8wekyb3d8bbwe\marshal.dll</Data><Data Name='CreationUtcTime'>2026-09-10 20:04:57.259</Data><Data Name='User'>AUTORITE NT\Système</Data></EventData></Event><Event xmlns='http://schemas.microsoft.com/win/2004/08/events/event'><System><Provider Name='Microsoft-Windows-Sysmon' Guid='{5770385f-c22a-43e0-bf4c-06f5698ffbd9}'/><EventID>11</EventID><Version>2</Version><Level>4</Level><Task>11</Task><Opcode>0</Opcode><Keywords>0x8000000000000000</Keywords><TimeCreated SystemTime='2026-09-10T20:04:57.2303426Z'/><EventRecordID>5621</EventRecordID><Correlation/><Execution ProcessID='2792' ThreadID='4944'/><Channel>Microsoft-Windows-Sysmon/Operational</Channel><Computer>windows</Computer><Security UserID='S-1-5-18'/></System><EventData><Data Name='RuleName'>DLL</Data><Data Name='UtcTime'>2026-09-10 20:04:57.227</Data><Data Name='ProcessGuid'>{064ad90c-0ca9-6aa3-5f02-000000000800}</Data><Data Name='ProcessId'>8252</Data><Data Name='Image'>C:\Windows\system32\svchost.exe</Data><Data Name='TargetFilename'>C:\Program Files\WindowsApps\Microsoft.WindowsAppRuntime.1.8_8000.946.1701.0_x86__8wekyb3d8bbwe\DWriteCore.dll</Data><Data Name='CreationUtcTime'>2026-09-10 20:04:57.227</Data><Data Name='User'>AUTORITE NT\Système</Data></EventData></Event><Event xmlns='http://schemas.microsoft.com/win/2004/08/events/event'><System><Provider Name='Microsoft-Windows-Sysmon' Guid='{5770385f-c22a-43e0-bf4c-06f5698ffbd9}'/><EventID>11</EventID><Version>2</Version><Level>4</Level><Task>11</Task><Opcode>0</Opcode><Keywords>0x8000000000000000</Keywords><TimeCreated SystemTime='2026-09-10T20:04:57.2299955Z'/><EventRecordID>5620</EventRecordID><Correlation/><Execution ProcessID='2792' ThreadID='4944'/><Channel>Microsoft-Windows-Sysmon/Operational</Channel><Computer>windows</Computer><Security UserID='S-1-5-18'/></System><EventData><Data Name='RuleName'>DLL</Data><Data Name='UtcTime'>2026-09-10 20:04:57.227</Data><Data Name='ProcessGuid'>{064ad90c-0ca9-6aa3-5f02-000000000800}</Data><Data Name='ProcessId'>8252</Data><Data Name='Image'>C:\Windows\system32\svchost.exe</Data><Data Name='TargetFilename'>C:\Program Files\WindowsApps\Microsoft.WindowsAppRuntime.1.8_8000.946.1701.0_x86__8wekyb3d8bbwe\DwmSceneI.dll</Data><Data Name='CreationUtcTime'>2026-09-10 20:04:57.227</Data><Data Name='User'>AUTORITE NT\Système</Data></EventData></Event><Event xmlns='http://schemas.microsoft.com/win/2004/08/events/event'><System><Provider Name='Microsoft-Windows-Sysmon' Guid='{5770385f-c22a-43e0-bf4c-06f5698ffbd9}'/><EventID>11</EventID><Version>2</Version><Level>4</Level><Task>11</Task><Opcode>0</Opcode><Keywords>0x8000000000000000</Keywords><TimeCreated SystemTime='2026-09-10T20:04:57.2296530Z'/><EventRecordID>5619</EventRecordID><Correlation/><Execution ProcessID='2792' ThreadID='4944'/><Channel>Microsoft-Windows-Sysmon/Operational</Channel><Computer>windows</Computer><Security UserID='S-1-5-18'/></System><EventData><Data Name='RuleName'>DLL</Data><Data Name='UtcTime'>2026-09-10 20:04:57.227</Data><Data Name='ProcessGuid'>{064ad90c-0ca9-6aa3-5f02-000000000800}</Data><Data Name='ProcessId'>8252</Data><Data Name='Image'>C:\Windows\system32\svchost.exe</Data><Data Name='TargetFilename'>C:\Program Files\WindowsApps\Microsoft.WindowsAppRuntime.1.8_8000.946.1701.0_x86__8wekyb3d8bbwe\dwmcorei.dll</Data><Data Name='CreationUtcTime'>2026-09-10 20:04:57.227</Data><Data Name='User'>AUTORITE NT\Système</Data></EventData></Event><Event xmlns='http://schemas.microsoft.com/win/2004/08/events/event'><System><Provider Name='Microsoft-Windows-Sysmon' Guid='{5770385f-c22a-43e0-bf4c-06f5698ffbd9}'/><EventID>11</EventID><Version>2</Version><Level>4</Level><Task>11</Task><Opcode>0</Opcode><Keywords>0x8000000000000000</Keywords><TimeCreated SystemTime='2026-09-10T20:04:57.2293386Z'/><EventRecordID>5618</EventRecordID><Correlation/><Execution ProcessID='2792' ThreadID='4944'/><Channel>Microsoft-Windows-Sysmon/Operational</Channel><Computer>windows</Computer><Security UserID='S-1-5-18'/></System><EventData><Data Name='RuleName'>EXE</Data><Data Name='UtcTime'>2026-09-10 20:04:57.227</Data><Data Name='ProcessGuid'>{064ad90c-0ca9-6aa3-5f02-000000000800}</Data><Data Name='ProcessId'>8252</Data><Data Name='Image'>C:\Windows\system32\svchost.exe</Data><Data Name='TargetFilename'>C:\Program Files\WindowsApps\Microsoft.WindowsAppRuntime.1.8_8000.946.1701.0_x86__8wekyb3d8bbwe\DeploymentAgent.exe</Data><Data Name='CreationUtcTime'>2026-09-10 20:04:57.227</Data><Data Name='User'>AUTORITE NT\Système</Data></EventData></Event><Event xmlns='http://schemas.microsoft.com/win/2004/08/events/event'><System><Provider Name='Microsoft-Windows-Sysmon' Guid='{5770385f-c22a-43e0-bf4c-06f5698ffbd9}'/><EventID>11</EventID><Version>2</Version><Level>4</Level><Task>11</Task><Opcode>0</Opcode><Keywords>0x8000000000000000</Keywords><TimeCreated SystemTime='2026-09-10T20:04:57.2281338Z'/><EventRecordID>5617</EventRecordID><Correlation/><Execution ProcessID='2792' ThreadID='4944'/><Channel>Microsoft-Windows-Sysmon/Operational</Channel><Computer>windows</Computer><Security UserID='S-1-5-18'/></System><EventData><Data Name='RuleName'>DLL</Data><Data Name='UtcTime'>2026-09-10 20:04:57.227</Data><Data Name='ProcessGuid'>{064ad90c-0ca9-6aa3-5f02-000000000800}</Data><Data Name='ProcessId'>8252</Data><Data Name='Image'>C:\Windows\system32\svchost.exe</Data><Data Name='TargetFilename'>C:\Program Files\WindowsApps\Microsoft.WindowsAppRuntime.1.8_8000.946.1701.0_x86__8wekyb3d8bbwe\dcompi.dll</Data><Data Name='CreationUtcTime'>2026-09-10 20:04:57.227</Data><Data Name='User'>AUTORITE NT\Système</Data></EventData></Event><Event xmlns='http://schemas.microsoft.com/win/2004/08/events/event'><System><Provider Name='Microsoft-Windows-Sysmon' Guid='{5770385f-c22a-43e0-bf4c-06f5698ffbd9}'/><EventID>11</EventID><Version>2</Version><Level>4</Level><Task>11</Task><Opcode>0</Opcode><Keywords>0x8000000000000000</Keywords><TimeCreated SystemTime='2026-09-10T20:04:57.2250823Z'/><EventRecordID>5616</EventRecordID><Correlation/><Execution ProcessID='2792' ThreadID='4944'/><Channel>Microsoft-Windows-Sysmon/Operational</Channel><Computer>windows</Computer><Security UserID='S-1-5-18'/></System><EventData><Data Name='RuleName'>DLL</Data><Data Name='UtcTime'>2026-09-10 20:04:57.223</Data><Data Name='ProcessGuid'>{064ad90c-0ca9-6aa3-5f02-000000000800}</Data><Data Name='ProcessId'>8252</Data><Data Name='Image'>C:\Windows\system32\svchost.exe</Data><Data Name='TargetFilename'>C:\Program Files\WindowsApps\Microsoft.WindowsAppRuntime.1.8_8000.946.1701.0_x86__8wekyb3d8bbwe\CoreMessagingXP.dll</Data><Data Name='CreationUtcTime'>2026-09-10 20:04:57.223</Data><Data Name='User'>AUTORITE NT\Système</Data></EventData></Event><Event xmlns='http://schemas.microsoft.com/win/2004/08/events/event'><System><Provider Name='Microsoft-Windows-Sysmon' Guid='{5770385f-c22a-43e0-bf4c-06f5698ffbd9}'/><EventID>1</EventID><Version>5</Version><Level>4</Level><Task>1</Task><Opcode>0</Opcode><Keywords>0x8000000000000000</Keywords><TimeCreated SystemTime='2026-09-10T20:04:43.6115436Z'/><EventRecordID>5615</EventRecordID><Correlation/><Execution ProcessID='2792' ThreadID='4944'/><Channel>Microsoft-Windows-Sysmon/Operational</Channel><Computer>windows</Computer><Security UserID='S-1-5-18'/></System><EventData><Data Name='RuleName'>-</Data><Data Name='UtcTime'>2026-09-10 20:04:43.610</Data><Data Name='ProcessGuid'>{064ad90c-0d5b-6aa3-3a03-000000000800}</Data><Data Name='ProcessId'>8732</Data><Data Name='Image'>C:\Windows\System32\rundll32.exe</Data><Data Name='FileVersion'>10.0.19041.3636 (WinBuild.160101.0800)</Data><Data Name='Description'>Windows host process (Rundll32)</Data><Data Name='Product'>Microsoft® Windows® Operating System</Data><Data Name='Company'>Microsoft Corporation</Data><Data Name='OriginalFileName'>RUNDLL32.EXE</Data><Data Name='CommandLine'>rundll32.exe AppXDeploymentExtensions.OneCore.dll,ShellRefresh</Data><Data Name='CurrentDirectory'>C:\Windows\system32\</Data><Data Name='User'>WINDOWS\laaroussi imane</Data><Data Name='LogonGuid'>{064ad90c-f582-6aa2-b489-020000000000}</Data><Data Name='LogonId'>0x289b4</Data><Data Name='TerminalSessionId'>1</Data><Data Name='IntegrityLevel'>Medium</Data><Data Name='Hashes'>MD5=100F56A73211E0B2BCD076A55E6393FD,SHA256=00BE065F405E93233CC2F0012DEFDCBB1D6817B58969D5FFD9FD72FC4783C6F4,IMPHASH=4DB27267734D1576D75C991DC70F68AC</Data><Data Name='ParentProcessGuid'>{064ad90c-0ca9-6aa3-5f02-000000000800}</Data><Data Name='ParentProcessId'>8252</Data><Data Name='ParentImage'>C:\Windows\System32\svchost.exe</Data><Data Name='ParentCommandLine'>C:\Windows\system32\svchost.exe -k wsappx -p -s AppXSvc</Data><Data Name='ParentUser'>AUTORITE NT\Système</Data></EventData></Event><Event xmlns='http://schemas.microsoft.com/win/2004/08/events/event'><System><Provider Name='Microsoft-Windows-Sysmon' Guid='{5770385f-c22a-43e0-bf4c-06f5698ffbd9}'/><EventID>11</EventID><Version>2</Version><Level>4</Level><Task>11</Task><Opcode>0</Opcode><Keywords>0x8000000000000000</Keywords><TimeCreated SystemTime='2026-09-10T20:04:29.7909911Z'/><EventRecordID>5614</EventRecordID><Correlation/><Execution ProcessID='2792' ThreadID='4944'/><Channel>Microsoft-Windows-Sysmon/Operational</Channel><Computer>windows</Computer><Security UserID='S-1-5-18'/></System><EventData><Data Name='RuleName'>DLL</Data><Data Name='UtcTime'>2026-09-10 20:04:29.790</Data><Data Name='ProcessGuid'>{064ad90c-0ca9-6aa3-5f02-000000000800}</Data><Data Name='ProcessId'>8252</Data><Data Name='Image'>C:\Windows\system32\svchost.exe</Data><Data Name='TargetFilename'>C:\Program Files\WindowsApps\Microsoft.ScreenSketch_10.2008.3001.0_x64__8wekyb3d8bbwe\ScreenSketchAppService.dll</Data><Data Name='CreationUtcTime'>2026-09-10 20:04:29.790</Data><Data Name='User'>AUTORITE NT\Système</Data></EventData></Event><Event xmlns='http://schemas.microsoft.com/win/2004/08/events/event'><System><Provider Name='Microsoft-Windows-Sysmon' Guid='{5770385f-c22a-43e0-bf4c-06f5698ffbd9}'/><EventID>11</EventID><Version>2</Version><Level>4</Level><Task>11</Task><Opcode>0</Opcode><Keywords>0x8000000000000000</Keywords><TimeCreated SystemTime='2026-09-10T20:04:29.7898785Z'/><EventRecordID>5613</EventRecordID><Correlation/><Execution ProcessID='2792' ThreadID='4944'/><Channel>Microsoft-Windows-Sysmon/Operational</Channel><Computer>windows</Computer><Security UserID='S-1-5-18'/></System><EventData><Data Name='RuleName'>EXE</Data><Data Name='UtcTime'>2026-09-10 20:04:29.775</Data><Data Name='ProcessGuid'>{064ad90c-0ca9-6aa3-5f02-000000000800}</Data><Data Name='ProcessId'>8252</Data><Data Name='Image'>C:\Windows\system32\svchost.exe</Data><Data Name='TargetFilename'>C:\Program Files\WindowsApps\Microsoft.ScreenSketch_10.2008.3001.0_x64__8wekyb3d8bbwe\ScreenSketch.exe</Data><Data Name='CreationUtcTime'>2026-09-10 20:04:29.775</Data><Data Name='User'>AUTORITE NT\Système</Data></EventData></Event><Event xmlns='http://schemas.microsoft.com/win/2004/08/events/event'><System><Provider Name='Microsoft-Windows-Sysmon' Guid='{5770385f-c22a-43e0-bf4c-06f5698ffbd9}'/><EventID>11</EventID><Version>2</Version><Level>4</Level><Task>11</Task><Opcode>0</Opcode><Keywords>0x8000000000000000</Keywords><TimeCreated SystemTime='2026-09-10T20:03:45.8039766Z'/><EventRecordID>5612</EventRecordID><Correlation/><Execution ProcessID='2792' ThreadID='4944'/><Channel>Microsoft-Windows-Sysmon/Operational</Channel><Computer>windows</Computer><Security UserID='S-1-5-18'/></System><EventData><Data Name='RuleName'>DLL</Data><Data Name='UtcTime'>2026-09-10 20:03:45.793</Data><Data Name='ProcessGuid'>{064ad90c-0ca9-6aa3-5f02-000000000800}</Data><Data Name='ProcessId'>8252</Data><Data Name='Image'>C:\Windows\system32\svchost.exe</Data><Data Name='TargetFilename'>C:\Program Files\WindowsApps\Microsoft.UI.Xaml.2.4_2.42007.9001.0_x64__8wekyb3d8bbwe\Microsoft.UI.Xaml.dll</Data><Data Name='CreationUtcTime'>2026-09-10 20:03:45.793</Data><Data Name='User'>AUTORITE NT\Système</Data></EventData></Event><Event xmlns='http://schemas.microsoft.com/win/2004/08/events/event'><System><Provider Name='Microsoft-Windows-Sysmon' Guid='{5770385f-c22a-43e0-bf4c-06f5698ffbd9}'/><EventID>1</EventID><Version>5</Version><Level>4</Level><Task>1</Task><Opcode>0</Opcode><Keywords>0x8000000000000000</Keywords><TimeCreated SystemTime='2026-09-10T20:03:35.8666733Z'/><EventRecordID>5611</EventRecordID><Correlation/><Execution ProcessID='2792' ThreadID='4944'/><Channel>Microsoft-Windows-Sysmon/Operational</Channel><Computer>windows</Computer><Security UserID='S-1-5-18'/></System><EventData><Data Name='RuleName'>-</Data><Data Name='UtcTime'>2026-09-10 20:03:35.859</Data><Data Name='ProcessGuid'>{064ad90c-0d17-6aa3-3703-000000000800}</Data><Data Name='ProcessId'>2712</Data><Data Name='Image'>C:\Program Files\Wireshark\dumpcap.exe</Data><Data Name='FileVersion'>4.6.8</Data><Data Name='Description'>Dumpcap</Data><Data Name='Product'>Dumpcap</Data><Data Name='Company'>The Wireshark developer community</Data><Data Name='OriginalFileName'>Dumpcap.exe</Data><Data Name='CommandLine'>"C:\Program Files\Wireshark\dumpcap.exe" --log-level MESSAGE --application-flavor wireshark -F pcapng -i \Device\NPF_{F8402BC9-8F2F-40E1-9AC6-BC4461F31853} --ifdescr Ethernet -y EN10MB --signal-pipe 5712 -Z 2840</Data><Data Name='CurrentDirectory'>C:\Program Files\Wireshark\tls\</Data><Data Name='User'>WINDOWS\laaroussi imane</Data><Data Name='LogonGuid'>{064ad90c-f582-6aa2-7b89-020000000000}</Data><Data Name='LogonId'>0x2897b</Data><Data Name='TerminalSessionId'>1</Data><Data Name='IntegrityLevel'>High</Data><Data Name='Hashes'>MD5=4F2E526150807577D530C8057B489242,SHA256=71F765535D59D9F2C1E2FB0000E0BABD881C381447BDE5DDEAFC4683F1B598C4,IMPHASH=5FC3E1A710B30F137239F50C04288937</Data><Data Name='ParentProcessGuid'>{064ad90c-0d0c-6aa3-2c03-000000000800}</Data><Data Name='ParentProcessId'>5712</Data><Data Name='ParentImage'>C:\Program Files\Wireshark\Wireshark.exe</Data><Data Name='ParentCommandLine'>"C:\Program Files\Wireshark\Wireshark.exe" </Data><Data Name='ParentUser'>WINDOWS\laaroussi imane</Data></EventData></Event><Event xmlns='http://schemas.microsoft.com/win/2004/08/events/event'><System><Provider Name='Microsoft-Windows-Sysmon' Guid='{5770385f-c22a-43e0-bf4c-06f5698ffbd9}'/><EventID>11</EventID><Version>2</Version><Level>4</Level><Task>11</Task><Opcode>0</Opcode><Keywords>0x8000000000000000</Keywords><TimeCreated SystemTime='2026-09-10T20:03:32.8326117Z'/><EventRecordID>5610</EventRecordID><Correlation/><Execution ProcessID='2792' ThreadID='4944'/><Channel>Microsoft-Windows-Sysmon/Operational</Channel><Computer>windows</Computer><Security UserID='S-1-5-18'/></System><EventData><Data Name='RuleName'>DLL</Data><Data Name='UtcTime'>2026-09-10 20:03:32.824</Data><Data Name='ProcessGuid'>{064ad90c-0ca9-6aa3-5f02-000000000800}</Data><Data Name='ProcessId'>8252</Data><Data Name='Image'>C:\Windows\system32\svchost.exe</Data><Data Name='TargetFilename'>C:\Program Files\WindowsApps\Microsoft.UI.Xaml.2.4_2.42007.9001.0_x86__8wekyb3d8bbwe\Microsoft.UI.Xaml.dll</Data><Data Name='CreationUtcTime'>2026-09-10 20:03:32.824</Data><Data Name='User'>AUTORITE NT\Système</Data></EventData></Event><Event xmlns='http://schemas.microsoft.com/win/2004/08/events/event'><System><Provider Name='Microsoft-Windows-Sysmon' Guid='{5770385f-c22a-43e0-bf4c-06f5698ffbd9}'/><EventID>22</EventID><Version>5</Version><Level>4</Level><Task>22</Task><Opcode>0</Opcode><Keywords>0x8000000000000000</Keywords><TimeCreated SystemTime='2026-09-10T20:03:25.9033426Z'/><EventRecordID>5609</EventRecordID><Correlation/><Execution ProcessID='2792' ThreadID='4956'/><Channel>Microsoft-Windows-Sysmon/Operational</Channel><Computer>windows</Computer><Security UserID='S-1-5-18'/></System><EventData><Data Name='RuleName'>-</Data><Data Name='UtcTime'>2026-09-10 20:50:32.384</Data><Data Name='ProcessGuid'>{064ad90c-fd41-6aa2-1102-000000000800}</Data><Data Name='ProcessId'>8276</Data><Data Name='QueryName'>91182f9c996acc5c3b11f98359e43ee1.azr.footprintdns.com</Data><Data Name='QueryStatus'>0</Data><Data Name='QueryResults'>type:  5 azperfmaptargets-prod.trafficmanager.net;type:  5 gvx01prdapp02-canary-opaph.netmon.azure.com;type:  5 gvx01prdapp02-canary-opaph.swedencentral.cloudapp.azure.com;::ffff:135.116.41.69;</Data><Data Name='Image'>C:\Windows\SystemApps\Microsoft.Windows.Search_cw5n1h2txyewy\SearchApp.exe</Data><Data Name='User'>WINDOWS\laaroussi imane</Data></EventData></Event><Event xmlns='http://schemas.microsoft.com/win/2004/08/events/event'><System><Provider Name='Microsoft-Windows-Sysmon' Guid='{5770385f-c22a-43e0-bf4c-06f5698ffbd9}'/><EventID>1</EventID><Version>5</Version><Level>4</Level><Task>1</Task><Opcode>0</Opcode><Keywords>0x8000000000000000</Keywords><TimeCreated SystemTime='2026-09-10T20:03:25.6836387Z'/><EventRecordID>5608</EventRecordID><Correlation/><Execution ProcessID='2792' ThreadID='4944'/><Channel>Microsoft-Windows-Sysmon/Operational</Channel><Computer>windows</Computer><Security UserID='S-1-5-18'/></System><EventData><Data Name='RuleName'>-</Data><Data Name='UtcTime'>2026-09-10 20:03:25.679</Data><Data Name='ProcessGuid'>{064ad90c-0d0d-6aa3-3403-000000000800}</Data><Data Name='ProcessId'>6328</Data><Data Name='Image'>C:\Program Files\Wireshark\extcap\etwdump.exe</Data><Data Name='FileVersion'>4.6.8</Data><Data Name='Description'>etwdump</Data><Data Name='Product'>etwdump</Data><Data Name='Company'>The Wireshark developer community</Data><Data Name='OriginalFileName'>etwdump.exe</Data><Data Name='CommandLine'>"C:\Program Files\Wireshark\extcap\etwdump.exe" --extcap-dlts --extcap-interface etwdump</Data><Data Name='CurrentDirectory'>C:\Program Files\Wireshark\extcap\</Data><Data Name='User'>WINDOWS\laaroussi imane</Data><Data Name='LogonGuid'>{064ad90c-f582-6aa2-7b89-020000000000}</Data><Data Name='LogonId'>0x2897b</Data><Data Name='TerminalSessionId'>1</Data><Data Name='IntegrityLevel'>High</Data><Data Name='Hashes'>MD5=5EBC1480E33D7F000D4AD65D4607735B,SHA256=D1D88E16A030305E10003921319A2F4D343A0EBA1C12D2B702F2B49F58107938,IMPHASH=AF7F22CE8F8EB522D13C841D7BE2DDEB</Data><Data Name='ParentProcessGuid'>{064ad90c-0d0c-6aa3-2c03-000000000800}</Data><Data Name='ParentProcessId'>5712</Data><Data Name='ParentImage'>C:\Program Files\Wireshark\Wireshark.exe</Data><Data Name='ParentCommandLine'>"C:\Program Files\Wireshark\Wireshark.exe" </Data><Data Name='ParentUser'>WINDOWS\laaroussi imane</Data></EventData></Event><Event xmlns='http://schemas.microsoft.com/win/2004/08/events/event'><System><Provider Name='Microsoft-Windows-Sysmon' Guid='{5770385f-c22a-43e0-bf4c-06f5698ffbd9}'/><EventID>1</EventID><Version>5</Version><Level>4</Level><Task>1</Task><Opcode>0</Opcode><Keywords>0x8000000000000000</Keywords><TimeCreated SystemTime='2026-09-10T20:03:25.5792057Z'/><EventRecordID>5607</EventRecordID><Correlation/><Execution ProcessID='2792' ThreadID='4944'/><Channel>Microsoft-Windows-Sysmon/Operational</Channel><Computer>windows</Computer><Security UserID='S-1-5-18'/></System><EventData><Data Name='RuleName'>-</Data><Data Name='UtcTime'>2026-09-10 20:03:25.574</Data><Data Name='ProcessGuid'>{064ad90c-0d0d-6aa3-3203-000000000800}</Data><Data Name='ProcessId'>1272</Data><Data Name='Image'>C:\Program Files\Wireshark\dumpcap.exe</Data><Data Name='FileVersion'>4.6.8</Data><Data Name='Description'>Dumpcap</Data><Data Name='Product'>Dumpcap</Data><Data Name='Company'>The Wireshark developer community</Data><Data Name='OriginalFileName'>Dumpcap.exe</Data><Data Name='CommandLine'>"C:\Program Files\Wireshark\dumpcap.exe" --log-level MESSAGE --application-flavor wireshark -S -D -L --signal-pipe 5712.dummy -Z 1816</Data><Data Name='CurrentDirectory'>C:\Program Files\Wireshark\tls\</Data><Data Name='User'>WINDOWS\laaroussi imane</Data><Data Name='LogonGuid'>{064ad90c-f582-6aa2-7b89-020000000000}</Data><Data Name='LogonId'>0x2897b</Data><Data Name='TerminalSessionId'>1</Data><Data Name='IntegrityLevel'>High</Data><Data Name='Hashes'>MD5=4F2E526150807577D530C8057B489242,SHA256=71F765535D59D9F2C1E2FB0000E0BABD881C381447BDE5DDEAFC4683F1B598C4,IMPHASH=5FC3E1A710B30F137239F50C04288937</Data><Data Name='ParentProcessGuid'>{064ad90c-0d0c-6aa3-2c03-000000000800}</Data><Data Name='ParentProcessId'>5712</Data><Data Name='ParentImage'>C:\Program Files\Wireshark\Wireshark.exe</Data><Data Name='ParentCommandLine'>"C:\Program Files\Wireshark\Wireshark.exe" </Data><Data Name='ParentUser'>WINDOWS\laaroussi imane</Data></EventData></Event><Event xmlns='http://schemas.microsoft.com/win/2004/08/events/event'><System><Provider Name='Microsoft-Windows-Sysmon' Guid='{5770385f-c22a-43e0-bf4c-06f5698ffbd9}'/><EventID>1</EventID><Version>5</Version><Level>4</Level><Task>1</Task><Opcode>0</Opcode><Keywords>0x8000000000000000</Keywords><TimeCreated SystemTime='2026-09-10T20:03:25.0329125Z'/><EventRecordID>5606</EventRecordID><Correlation/><Execution ProcessID='2792' ThreadID='4944'/><Channel>Microsoft-Windows-Sysmon/Operational</Channel><Computer>windows</Computer><Security UserID='S-1-5-18'/></System><EventData><Data Name='RuleName'>-</Data><Data Name='UtcTime'>2026-09-10 20:03:25.026</Data><Data Name='ProcessGuid'>{064ad90c-0d0d-6aa3-2f03-000000000800}</Data><Data Name='ProcessId'>8456</Data><Data Name='Image'>C:\Program Files\Wireshark\extcap\etwdump.exe</Data><Data Name='FileVersion'>4.6.8</Data><Data Name='Description'>etwdump</Data><Data Name='Product'>etwdump</Data><Data Name='Company'>The Wireshark developer community</Data><Data Name='OriginalFileName'>etwdump.exe</Data><Data Name='CommandLine'>"C:\Program Files\Wireshark\extcap\etwdump.exe" --extcap-config --extcap-interface etwdump</Data><Data Name='CurrentDirectory'>C:\Program Files\Wireshark\extcap\</Data><Data Name='User'>WINDOWS\laaroussi imane</Data><Data Name='LogonGuid'>{064ad90c-f582-6aa2-7b89-020000000000}</Data><Data Name='LogonId'>0x2897b</Data><Data Name='TerminalSessionId'>1</Data><Data Name='IntegrityLevel'>High</Data><Data Name='Hashes'>MD5=5EBC1480E33D7F000D4AD65D4607735B,SHA256=D1D88E16A030305E10003921319A2F4D343A0EBA1C12D2B702F2B49F58107938,IMPHASH=AF7F22CE8F8EB522D13C841D7BE2DDEB</Data><Data Name='ParentProcessGuid'>{064ad90c-0d0c-6aa3-2c03-000000000800}</Data><Data Name='ParentProcessId'>5712</Data><Data Name='ParentImage'>C:\Program Files\Wireshark\Wireshark.exe</Data><Data Name='ParentCommandLine'>"C:\Program Files\Wireshark\Wireshark.exe" </Data><Data Name='ParentUser'>WINDOWS\laaroussi imane</Data></EventData></Event><Event xmlns='http://schemas.microsoft.com/win/2004/08/events/event'><System><Provider Name='Microsoft-Windows-Sysmon' Guid='{5770385f-c22a-43e0-bf4c-06f5698ffbd9}'/><EventID>1</EventID><Version>5</Version><Level>4</Level><Task>1</Task><Opcode>0</Opcode><Keywords>0x8000000000000000</Keywords><TimeCreated SystemTime='2026-09-10T20:03:24.9086198Z'/><EventRecordID>5605</EventRecordID><Correlation/><Execution ProcessID='2792' ThreadID='4944'/><Channel>Microsoft-Windows-Sysmon/Operational</Channel><Computer>windows</Computer><Security UserID='S-1-5-18'/></System><EventData><Data Name='RuleName'>-</Data><Data Name='UtcTime'>2026-09-10 20:03:24.900</Data><Data Name='ProcessGuid'>{064ad90c-0d0c-6aa3-2d03-000000000800}</Data><Data Name='ProcessId'>8492</Data><Data Name='Image'>C:\Program Files\Wireshark\extcap\etwdump.exe</Data><Data Name='FileVersion'>4.6.8</Data><Data Name='Description'>etwdump</Data><Data Name='Product'>etwdump</Data><Data Name='Company'>The Wireshark developer community</Data><Data Name='OriginalFileName'>etwdump.exe</Data><Data Name='CommandLine'>"C:\Program Files\Wireshark\extcap\etwdump.exe" --extcap-interfaces --extcap-version=4.6</Data><Data Name='CurrentDirectory'>C:\Program Files\Wireshark\extcap\</Data><Data Name='User'>WINDOWS\laaroussi imane</Data><Data Name='LogonGuid'>{064ad90c-f582-6aa2-7b89-020000000000}</Data><Data Name='LogonId'>0x2897b</Data><Data Name='TerminalSessionId'>1</Data><Data Name='IntegrityLevel'>High</Data><Data Name='Hashes'>MD5=5EBC1480E33D7F000D4AD65D4607735B,SHA256=D1D88E16A030305E10003921319A2F4D343A0EBA1C12D2B702F2B49F58107938,IMPHASH=AF7F22CE8F8EB522D13C841D7BE2DDEB</Data><Data Name='ParentProcessGuid'>{064ad90c-0d0c-6aa3-2c03-000000000800}</Data><Data Name='ParentProcessId'>5712</Data><Data Name='ParentImage'>C:\Program Files\Wireshark\Wireshark.exe</Data><Data Name='ParentCommandLine'>"C:\Program Files\Wireshark\Wireshark.exe" </Data><Data Name='ParentUser'>WINDOWS\laaroussi imane</Data></EventData></Event><Event xmlns='http://schemas.microsoft.com/win/2004/08/events/event'><System><Provider Name='Microsoft-Windows-Sysmon' Guid='{5770385f-c22a-43e0-bf4c-06f5698ffbd9}'/><EventID>1</EventID><Version>5</Version><Level>4</Level><Task>1</Task><Opcode>0</Opcode><Keywords>0x8000000000000000</Keywords><TimeCreated SystemTime='2026-09-10T20:03:24.2920894Z'/><EventRecordID>5604</EventRecordID><Correlation/><Execution ProcessID='2792' ThreadID='4944'/><Channel>Microsoft-Windows-Sysmon/Operational</Channel><Computer>windows</Computer><Security UserID='S-1-5-18'/></System><EventData><Data Name='RuleName'>-</Data><Data Name='UtcTime'>2026-09-10 20:03:24.259</Data><Data Name='ProcessGuid'>{064ad90c-0d0c-6aa3-2c03-000000000800}</Data><Data Name='ProcessId'>5712</Data><Data Name='Image'>C:\Program Files\Wireshark\Wireshark.exe</Data><Data Name='FileVersion'>4.6.8</Data><Data Name='Description'>Wireshark</Data><Data Name='Product'>Wireshark</Data><Data Name='Company'>The Wireshark developer community, https://www.wireshark.org/</Data><Data Name='OriginalFileName'>Wireshark.exe</Data><Data Name='CommandLine'>"C:\Program Files\Wireshark\Wireshark.exe" </Data><Data Name='CurrentDirectory'>C:\Program Files\Wireshark\tls\</Data><Data Name='User'>WINDOWS\laaroussi imane</Data><Data Name='LogonGuid'>{064ad90c-f582-6aa2-7b89-020000000000}</Data><Data Name='LogonId'>0x2897b</Data><Data Name='TerminalSessionId'>1</Data><Data Name='IntegrityLevel'>High</Data><Data Name='Hashes'>MD5=51CE711E9B461C74E397AD3BD8F96077,SHA256=37D496D656E90E08F80CB657A02196FD1FFBC0C60FF1A69256F9EBAD3AEE1F2B,IMPHASH=416A5C873231E5F58D3214EBC962DCE8</Data><Data Name='ParentProcessGuid'>{064ad90c-fd3b-6aa2-0d02-000000000800}</Data><Data Name='ParentProcessId'>600</Data><Data Name='ParentImage'>C:\Windows\explorer.exe</Data><Data Name='ParentCommandLine'>"C:\Windows\explorer.exe"</Data><Data Name='ParentUser'>WINDOWS\laaroussi imane</Data></EventData></Event>