<Event xmlns='http://schemas.microsoft.com/win/2004/08/events/event'><System><Provider Name='Microsoft-Windows-Sysmon' Guid='{5770385f-c22a-43e0-bf4c-06f5698ffbd9}'/><EventID>1</EventID><Version>5</Version><Level>4</Level><Task>1</Task><Opcode>0</Opcode><Keywords>0x8000000000000000</Keywords><TimeCreated SystemTime='2026-09-10T21:15:13.3770412Z'/><EventRecordID>6887</EventRecordID><Correlation/><Execution ProcessID='2792' ThreadID='4944'/><Channel>Microsoft-Windows-Sysmon/Operational</Channel><Computer>windows</Computer><Security UserID='S-1-5-18'/></System><EventData><Data Name='RuleName'>-</Data><Data Name='UtcTime'>2026-09-10 21:15:13.366</Data><Data Name='ProcessGuid'>{064ad90c-1de1-6aa3-bd03-000000000800}</Data><Data Name='ProcessId'>5216</Data><Data Name='Image'>C:\Program Files\Wireshark\Wireshark.exe</Data><Data Name='FileVersion'>4.6.8</Data><Data Name='Description'>Wireshark</Data><Data Name='Product'>Wireshark</Data><Data Name='Company'>The Wireshark developer community, https://www.wireshark.org/</Data><Data Name='OriginalFileName'>Wireshark.exe</Data><Data Name='CommandLine'>"C:\Program Files\Wireshark\Wireshark.exe" "C:\Users\laaroussi imane\Desktop\wireshark-log.pcap"</Data><Data Name='CurrentDirectory'>C:\Users\laaroussi imane\Desktop\</Data><Data Name='User'>WINDOWS\laaroussi imane</Data><Data Name='LogonGuid'>{064ad90c-f582-6aa2-b489-020000000000}</Data><Data Name='LogonId'>0x289b4</Data><Data Name='TerminalSessionId'>1</Data><Data Name='IntegrityLevel'>Medium</Data><Data Name='Hashes'>MD5=51CE711E9B461C74E397AD3BD8F96077,SHA256=37D496D656E90E08F80CB657A02196FD1FFBC0C60FF1A69256F9EBAD3AEE1F2B,IMPHASH=416A5C873231E5F58D3214EBC962DCE8</Data><Data Name='ParentProcessGuid'>{064ad90c-fd3b-6aa2-0d02-000000000800}</Data><Data Name='ParentProcessId'>600</Data><Data Name='ParentImage'>C:\Windows\explorer.exe</Data><Data Name='ParentCommandLine'>"C:\Windows\explorer.exe"</Data><Data Name='ParentUser'>WINDOWS\laaroussi imane</Data></EventData></Event><Event xmlns='http://schemas.microsoft.com/win/2004/08/events/event'><System><Provider Name='Microsoft-Windows-Sysmon' Guid='{5770385f-c22a-43e0-bf4c-06f5698ffbd9}'/><EventID>1</EventID><Version>5</Version><Level>4</Level><Task>1</Task><Opcode>0</Opcode><Keywords>0x8000000000000000</Keywords><TimeCreated SystemTime='2026-09-10T21:14:33.1167183Z'/><EventRecordID>6886</EventRecordID><Correlation/><Execution ProcessID='2792' ThreadID='4944'/><Channel>Microsoft-Windows-Sysmon/Operational</Channel><Computer>windows</Computer><Security UserID='S-1-5-18'/></System><EventData><Data Name='RuleName'>-</Data><Data Name='UtcTime'>2026-09-10 21:14:33.092</Data><Data Name='ProcessGuid'>{064ad90c-1db9-6aa3-ba03-000000000800}</Data><Data Name='ProcessId'>7568</Data><Data Name='Image'>C:\Windows\System32\MoUsoCoreWorker.exe</Data><Data Name='FileVersion'>10.0.19041.3803 (WinBuild.160101.0800)</Data><Data Name='Description'>MoUSO Core Worker Process</Data><Data Name='Product'>Microsoft® Windows® Operating System</Data><Data Name='Company'>Microsoft Corporation</Data><Data Name='OriginalFileName'>MoUSOCoreWorker.exe</Data><Data Name='CommandLine'>C:\Windows\System32\mousocoreworker.exe -Embedding</Data><Data Name='CurrentDirectory'>C:\Windows\system32\</Data><Data Name='User'>AUTORITE NT\Système</Data><Data Name='LogonGuid'>{064ad90c-f57e-6aa2-e703-000000000000}</Data><Data Name='LogonId'>0x3e7</Data><Data Name='TerminalSessionId'>0</Data><Data Name='IntegrityLevel'>System</Data><Data Name='Hashes'>MD5=8B26C179551FE882853ED6E463B2ABA6,SHA256=AEEDB8980F13CE676D9EC597823ECB7B2675ABC43D41A4C5027451792B9ACB87,IMPHASH=8B1D4DC60AB313670A67A00DCC2297CD</Data><Data Name='ParentProcessGuid'>{064ad90c-f57f-6aa2-0f00-000000000800}</Data><Data Name='ParentProcessId'>748</Data><Data Name='ParentImage'>C:\Windows\System32\svchost.exe</Data><Data Name='ParentCommandLine'>C:\Windows\system32\svchost.exe -k DcomLaunch -p</Data><Data Name='ParentUser'>AUTORITE NT\Système</Data></EventData></Event><Event xmlns='http://schemas.microsoft.com/win/2004/08/events/event'><System><Provider Name='Microsoft-Windows-Sysmon' Guid='{5770385f-c22a-43e0-bf4c-06f5698ffbd9}'/><EventID>13</EventID><Version>2</Version><Level>4</Level><Task>13</Task><Opcode>0</Opcode><Keywords>0x8000000000000000</Keywords><TimeCreated SystemTime='2026-09-10T21:10:34.1472191Z'/><EventRecordID>6885</EventRecordID><Correlation/><Execution ProcessID='2792' ThreadID='4944'/><Channel>Microsoft-Windows-Sysmon/Operational</Channel><Computer>windows</Computer><Security UserID='S-1-5-18'/></System><EventData><Data Name='RuleName'>InvDB</Data><Data Name='EventType'>SetValue</Data><Data Name='UtcTime'>2026-09-10 21:10:34.143</Data><Data Name='ProcessGuid'>{064ad90c-f58d-6aa2-7800-000000000800}</Data><Data Name='ProcessId'>6192</Data><Data Name='Image'>C:\Windows\system32\svchost.exe</Data><Data Name='TargetObject'>HKU\S-1-5-21-4280284601-1662467617-586389894-1000\SOFTWARE\Microsoft\Windows NT\CurrentVersion\AppCompatFlags\Compatibility Assistant\Store\C:\Program Files\Wireshark\Wireshark.exe</Data><Data Name='Details'>Binary Data</Data><Data Name='User'>AUTORITE NT\Système</Data></EventData></Event><Event xmlns='http://schemas.microsoft.com/win/2004/08/events/event'><System><Provider Name='Microsoft-Windows-Sysmon' Guid='{5770385f-c22a-43e0-bf4c-06f5698ffbd9}'/><EventID>1</EventID><Version>5</Version><Level>4</Level><Task>1</Task><Opcode>0</Opcode><Keywords>0x8000000000000000</Keywords><TimeCreated SystemTime='2026-09-10T21:10:23.5122239Z'/><EventRecordID>6884</EventRecordID><Correlation/><Execution ProcessID='2792' ThreadID='4944'/><Channel>Microsoft-Windows-Sysmon/Operational</Channel><Computer>windows</Computer><Security UserID='S-1-5-18'/></System><EventData><Data Name='RuleName'>-</Data><Data Name='UtcTime'>2026-09-10 21:10:23.505</Data><Data Name='ProcessGuid'>{064ad90c-1cbf-6aa3-b703-000000000800}</Data><Data Name='ProcessId'>8488</Data><Data Name='Image'>C:\Program Files\Wireshark\extcap\etwdump.exe</Data><Data Name='FileVersion'>4.6.8</Data><Data Name='Description'>etwdump</Data><Data Name='Product'>etwdump</Data><Data Name='Company'>The Wireshark developer community</Data><Data Name='OriginalFileName'>etwdump.exe</Data><Data Name='CommandLine'>"C:\Program Files\Wireshark\extcap\etwdump.exe" --extcap-config --extcap-interface etwdump</Data><Data Name='CurrentDirectory'>C:\Program Files\Wireshark\extcap\</Data><Data Name='User'>WINDOWS\laaroussi imane</Data><Data Name='LogonGuid'>{064ad90c-f582-6aa2-b489-020000000000}</Data><Data Name='LogonId'>0x289b4</Data><Data Name='TerminalSessionId'>1</Data><Data Name='IntegrityLevel'>Medium</Data><Data Name='Hashes'>MD5=5EBC1480E33D7F000D4AD65D4607735B,SHA256=D1D88E16A030305E10003921319A2F4D343A0EBA1C12D2B702F2B49F58107938,IMPHASH=AF7F22CE8F8EB522D13C841D7BE2DDEB</Data><Data Name='ParentProcessGuid'>{064ad90c-1cb9-6aa3-b403-000000000800}</Data><Data Name='ParentProcessId'>6012</Data><Data Name='ParentImage'>C:\Program Files\Wireshark\Wireshark.exe</Data><Data Name='ParentCommandLine'>"C:\Program Files\Wireshark\Wireshark.exe" "C:\Users\laaroussi imane\Desktop\wireshark-log.pcap"</Data><Data Name='ParentUser'>WINDOWS\laaroussi imane</Data></EventData></Event><Event xmlns='http://schemas.microsoft.com/win/2004/08/events/event'><System><Provider Name='Microsoft-Windows-Sysmon' Guid='{5770385f-c22a-43e0-bf4c-06f5698ffbd9}'/><EventID>1</EventID><Version>5</Version><Level>4</Level><Task>1</Task><Opcode>0</Opcode><Keywords>0x8000000000000000</Keywords><TimeCreated SystemTime='2026-09-10T21:10:23.3688729Z'/><EventRecordID>6883</EventRecordID><Correlation/><Execution ProcessID='2792' ThreadID='4944'/><Channel>Microsoft-Windows-Sysmon/Operational</Channel><Computer>windows</Computer><Security UserID='S-1-5-18'/></System><EventData><Data Name='RuleName'>-</Data><Data Name='UtcTime'>2026-09-10 21:10:23.355</Data><Data Name='ProcessGuid'>{064ad90c-1cbf-6aa3-b503-000000000800}</Data><Data Name='ProcessId'>3236</Data><Data Name='Image'>C:\Program Files\Wireshark\extcap\etwdump.exe</Data><Data Name='FileVersion'>4.6.8</Data><Data Name='Description'>etwdump</Data><Data Name='Product'>etwdump</Data><Data Name='Company'>The Wireshark developer community</Data><Data Name='OriginalFileName'>etwdump.exe</Data><Data Name='CommandLine'>"C:\Program Files\Wireshark\extcap\etwdump.exe" --extcap-interfaces --extcap-version=4.6</Data><Data Name='CurrentDirectory'>C:\Program Files\Wireshark\extcap\</Data><Data Name='User'>WINDOWS\laaroussi imane</Data><Data Name='LogonGuid'>{064ad90c-f582-6aa2-b489-020000000000}</Data><Data Name='LogonId'>0x289b4</Data><Data Name='TerminalSessionId'>1</Data><Data Name='IntegrityLevel'>Medium</Data><Data Name='Hashes'>MD5=5EBC1480E33D7F000D4AD65D4607735B,SHA256=D1D88E16A030305E10003921319A2F4D343A0EBA1C12D2B702F2B49F58107938,IMPHASH=AF7F22CE8F8EB522D13C841D7BE2DDEB</Data><Data Name='ParentProcessGuid'>{064ad90c-1cb9-6aa3-b403-000000000800}</Data><Data Name='ParentProcessId'>6012</Data><Data Name='ParentImage'>C:\Program Files\Wireshark\Wireshark.exe</Data><Data Name='ParentCommandLine'>"C:\Program Files\Wireshark\Wireshark.exe" "C:\Users\laaroussi imane\Desktop\wireshark-log.pcap"</Data><Data Name='ParentUser'>WINDOWS\laaroussi imane</Data></EventData></Event><Event xmlns='http://schemas.microsoft.com/win/2004/08/events/event'><System><Provider Name='Microsoft-Windows-Sysmon' Guid='{5770385f-c22a-43e0-bf4c-06f5698ffbd9}'/><EventID>1</EventID><Version>5</Version><Level>4</Level><Task>1</Task><Opcode>0</Opcode><Keywords>0x8000000000000000</Keywords><TimeCreated SystemTime='2026-09-10T21:10:17.0537476Z'/><EventRecordID>6882</EventRecordID><Correlation/><Execution ProcessID='2792' ThreadID='4944'/><Channel>Microsoft-Windows-Sysmon/Operational</Channel><Computer>windows</Computer><Security UserID='S-1-5-18'/></System><EventData><Data Name='RuleName'>-</Data><Data Name='UtcTime'>2026-09-10 21:10:17.043</Data><Data Name='ProcessGuid'>{064ad90c-1cb9-6aa3-b403-000000000800}</Data><Data Name='ProcessId'>6012</Data><Data Name='Image'>C:\Program Files\Wireshark\Wireshark.exe</Data><Data Name='FileVersion'>4.6.8</Data><Data Name='Description'>Wireshark</Data><Data Name='Product'>Wireshark</Data><Data Name='Company'>The Wireshark developer community, https://www.wireshark.org/</Data><Data Name='OriginalFileName'>Wireshark.exe</Data><Data Name='CommandLine'>"C:\Program Files\Wireshark\Wireshark.exe" "C:\Users\laaroussi imane\Desktop\wireshark-log.pcap"</Data><Data Name='CurrentDirectory'>C:\Users\laaroussi imane\Desktop\</Data><Data Name='User'>WINDOWS\laaroussi imane</Data><Data Name='LogonGuid'>{064ad90c-f582-6aa2-b489-020000000000}</Data><Data Name='LogonId'>0x289b4</Data><Data Name='TerminalSessionId'>1</Data><Data Name='IntegrityLevel'>Medium</Data><Data Name='Hashes'>MD5=51CE711E9B461C74E397AD3BD8F96077,SHA256=37D496D656E90E08F80CB657A02196FD1FFBC0C60FF1A69256F9EBAD3AEE1F2B,IMPHASH=416A5C873231E5F58D3214EBC962DCE8</Data><Data Name='ParentProcessGuid'>{064ad90c-fd3b-6aa2-0d02-000000000800}</Data><Data Name='ParentProcessId'>600</Data><Data Name='ParentImage'>C:\Windows\explorer.exe</Data><Data Name='ParentCommandLine'>"C:\Windows\explorer.exe"</Data><Data Name='ParentUser'>WINDOWS\laaroussi imane</Data></EventData></Event><Event xmlns='http://schemas.microsoft.com/win/2004/08/events/event'><System><Provider Name='Microsoft-Windows-Sysmon' Guid='{5770385f-c22a-43e0-bf4c-06f5698ffbd9}'/><EventID>1</EventID><Version>5</Version><Level>4</Level><Task>1</Task><Opcode>0</Opcode><Keywords>0x8000000000000000</Keywords><TimeCreated SystemTime='2026-09-10T21:10:16.9609506Z'/><EventRecordID>6881</EventRecordID><Correlation/><Execution ProcessID='2792' ThreadID='4944'/><Channel>Microsoft-Windows-Sysmon/Operational</Channel><Computer>windows</Computer><Security UserID='S-1-5-18'/></System><EventData><Data Name='RuleName'>-</Data><Data Name='UtcTime'>2026-09-10 21:10:16.957</Data><Data Name='ProcessGuid'>{064ad90c-1cb8-6aa3-b303-000000000800}</Data><Data Name='ProcessId'>3056</Data><Data Name='Image'>C:\Windows\System32\smartscreen.exe</Data><Data Name='FileVersion'>10.0.19041.3636 (WinBuild.160101.0800)</Data><Data Name='Description'>Windows Defender SmartScreen</Data><Data Name='Product'>Microsoft® Windows® Operating System</Data><Data Name='Company'>Microsoft Corporation</Data><Data Name='OriginalFileName'>smartscreen.exe</Data><Data Name='CommandLine'>C:\Windows\System32\smartscreen.exe -Embedding</Data><Data Name='CurrentDirectory'>C:\Windows\system32\</Data><Data Name='User'>WINDOWS\laaroussi imane</Data><Data Name='LogonGuid'>{064ad90c-f582-6aa2-b489-020000000000}</Data><Data Name='LogonId'>0x289b4</Data><Data Name='TerminalSessionId'>1</Data><Data Name='IntegrityLevel'>Medium</Data><Data Name='Hashes'>MD5=FCEF02A990181FF75D901624C992ACA8,SHA256=AB8D788E0116C9216FCA7E9F40D014E7AE2FE64123FCC81FA98AB2BCC7946B3A,IMPHASH=CE3B5F238DD7A7EBC8F28D4250477A41</Data><Data Name='ParentProcessGuid'>{064ad90c-f57f-6aa2-0f00-000000000800}</Data><Data Name='ParentProcessId'>748</Data><Data Name='ParentImage'>C:\Windows\System32\svchost.exe</Data><Data Name='ParentCommandLine'>C:\Windows\system32\svchost.exe -k DcomLaunch -p</Data><Data Name='ParentUser'>AUTORITE NT\Système</Data></EventData></Event><Event xmlns='http://schemas.microsoft.com/win/2004/08/events/event'><System><Provider Name='Microsoft-Windows-Sysmon' Guid='{5770385f-c22a-43e0-bf4c-06f5698ffbd9}'/><EventID>13</EventID><Version>2</Version><Level>4</Level><Task>13</Task><Opcode>0</Opcode><Keywords>0x8000000000000000</Keywords><TimeCreated SystemTime='2026-09-10T21:10:05.0589890Z'/><EventRecordID>6880</EventRecordID><Correlation/><Execution ProcessID='2792' ThreadID='4944'/><Channel>Microsoft-Windows-Sysmon/Operational</Channel><Computer>windows</Computer><Security UserID='S-1-5-18'/></System><EventData><Data Name='RuleName'>InvDB</Data><Data Name='EventType'>SetValue</Data><Data Name='UtcTime'>2026-09-10 21:10:05.047</Data><Data Name='ProcessGuid'>{064ad90c-f58d-6aa2-7800-000000000800}</Data><Data Name='ProcessId'>6192</Data><Data Name='Image'>C:\Windows\system32\svchost.exe</Data><Data Name='TargetObject'>HKU\S-1-5-21-4280284601-1662467617-586389894-1000\SOFTWARE\Microsoft\Windows NT\CurrentVersion\AppCompatFlags\Compatibility Assistant\Store\C:\Program Files\Wireshark\Wireshark.exe</Data><Data Name='Details'>Binary Data</Data><Data Name='User'>AUTORITE NT\Système</Data></EventData></Event><Event xmlns='http://schemas.microsoft.com/win/2004/08/events/event'><System><Provider Name='Microsoft-Windows-Sysmon' Guid='{5770385f-c22a-43e0-bf4c-06f5698ffbd9}'/><EventID>1</EventID><Version>5</Version><Level>4</Level><Task>1</Task><Opcode>0</Opcode><Keywords>0x8000000000000000</Keywords><TimeCreated SystemTime='2026-09-10T21:06:48.9234861Z'/><EventRecordID>6879</EventRecordID><Correlation/><Execution ProcessID='2792' ThreadID='4944'/><Channel>Microsoft-Windows-Sysmon/Operational</Channel><Computer>windows</Computer><Security UserID='S-1-5-18'/></System><EventData><Data Name='RuleName'>-</Data><Data Name='UtcTime'>2026-09-10 21:06:48.902</Data><Data Name='ProcessGuid'>{064ad90c-1be8-6aa3-b103-000000000800}</Data><Data Name='ProcessId'>4492</Data><Data Name='Image'>C:\Windows\System32\svchost.exe</Data><Data Name='FileVersion'>10.0.19041.3636 (WinBuild.160101.0800)</Data><Data Name='Description'>Host Process for Windows Services</Data><Data Name='Product'>Microsoft® Windows® Operating System</Data><Data Name='Company'>Microsoft Corporation</Data><Data Name='OriginalFileName'>svchost.exe</Data><Data Name='CommandLine'>C:\Windows\system32\svchost.exe -k netsvcs -p -s gpsvc</Data><Data Name='CurrentDirectory'>C:\Windows\system32\</Data><Data Name='User'>AUTORITE NT\Système</Data><Data Name='LogonGuid'>{064ad90c-f57e-6aa2-e703-000000000000}</Data><Data Name='LogonId'>0x3e7</Data><Data Name='TerminalSessionId'>0</Data><Data Name='IntegrityLevel'>System</Data><Data Name='Hashes'>MD5=145DCF6706EEEA5B066885EE17964C09,SHA256=F13DE58416730D210DAB465B242E9C949FB0A0245EEF45B07C381F0C6C8A43C3,IMPHASH=247B9220E5D9B720A82B2C8B5069AD69</Data><Data Name='ParentProcessGuid'>{064ad90c-f57e-6aa2-0b00-000000000800}</Data><Data Name='ParentProcessId'>616</Data><Data Name='ParentImage'>C:\Windows\System32\services.exe</Data><Data Name='ParentCommandLine'>C:\Windows\system32\services.exe</Data><Data Name='ParentUser'>AUTORITE NT\Système</Data></EventData></Event><Event xmlns='http://schemas.microsoft.com/win/2004/08/events/event'><System><Provider Name='Microsoft-Windows-Sysmon' Guid='{5770385f-c22a-43e0-bf4c-06f5698ffbd9}'/><EventID>2</EventID><Version>5</Version><Level>4</Level><Task>2</Task><Opcode>0</Opcode><Keywords>0x8000000000000000</Keywords><TimeCreated SystemTime='2026-09-10T21:04:07.8896521Z'/><EventRecordID>6878</EventRecordID><Correlation/><Execution ProcessID='2792' ThreadID='4944'/><Channel>Microsoft-Windows-Sysmon/Operational</Channel><Computer>windows</Computer><Security UserID='S-1-5-18'/></System><EventData><Data Name='RuleName'>T1099</Data><Data Name='UtcTime'>2026-09-10 21:04:07.884</Data><Data Name='ProcessGuid'>{064ad90c-f581-6aa2-4300-000000000800}</Data><Data Name='ProcessId'>2812</Data><Data Name='Image'>C:\Program Files\Windows Defender\MsMpEng.exe</Data><Data Name='TargetFilename'>C:\Users\Public\payload.exe</Data><Data Name='CreationUtcTime'>2026-09-10 21:03:45.974</Data><Data Name='PreviousCreationUtcTime'>2026-09-10 21:03:45.974</Data><Data Name='User'>AUTORITE NT\Système</Data></EventData></Event><Event xmlns='http://schemas.microsoft.com/win/2004/08/events/event'><System><Provider Name='Microsoft-Windows-Sysmon' Guid='{5770385f-c22a-43e0-bf4c-06f5698ffbd9}'/><EventID>1</EventID><Version>5</Version><Level>4</Level><Task>1</Task><Opcode>0</Opcode><Keywords>0x8000000000000000</Keywords><TimeCreated SystemTime='2026-09-10T21:04:07.8175929Z'/><EventRecordID>6877</EventRecordID><Correlation/><Execution ProcessID='2792' ThreadID='4944'/><Channel>Microsoft-Windows-Sysmon/Operational</Channel><Computer>windows</Computer><Security UserID='S-1-5-18'/></System><EventData><Data Name='RuleName'>-</Data><Data Name='UtcTime'>2026-09-10 21:04:07.814</Data><Data Name='ProcessGuid'>{064ad90c-1b47-6aa3-b003-000000000800}</Data><Data Name='ProcessId'>3520</Data><Data Name='Image'>C:\Windows\System32\SecurityHealthHost.exe</Data><Data Name='FileVersion'>4.18.1907.16384 (WinBuild.160101.0800)</Data><Data Name='Description'>Windows Security Health Host</Data><Data Name='Product'>Microsoft® Windows® Operating System</Data><Data Name='Company'>Microsoft Corporation</Data><Data Name='OriginalFileName'>SecurityHealthHost.exe</Data><Data Name='CommandLine'>C:\Windows\System32\SecurityHealthHost.exe {08728914-3F57-4D52-9E31-49DAECA5A80A} -Embedding</Data><Data Name='CurrentDirectory'>C:\Windows\system32\</Data><Data Name='User'>WINDOWS\laaroussi imane</Data><Data Name='LogonGuid'>{064ad90c-f582-6aa2-b489-020000000000}</Data><Data Name='LogonId'>0x289b4</Data><Data Name='TerminalSessionId'>1</Data><Data Name='IntegrityLevel'>Medium</Data><Data Name='Hashes'>MD5=28FE7220621DE0BE51542166052F5CB9,SHA256=EC8038141F11A4FA280BD854A5179F9396B0CA13F2F877E013A445B32869203B,IMPHASH=4E28FDA241BEFA94F219E0683850258F</Data><Data Name='ParentProcessGuid'>{064ad90c-f57f-6aa2-0f00-000000000800}</Data><Data Name='ParentProcessId'>748</Data><Data Name='ParentImage'>C:\Windows\System32\svchost.exe</Data><Data Name='ParentCommandLine'>C:\Windows\system32\svchost.exe -k DcomLaunch -p</Data><Data Name='ParentUser'>AUTORITE NT\Système</Data></EventData></Event><Event xmlns='http://schemas.microsoft.com/win/2004/08/events/event'><System><Provider Name='Microsoft-Windows-Sysmon' Guid='{5770385f-c22a-43e0-bf4c-06f5698ffbd9}'/><EventID>3</EventID><Version>5</Version><Level>4</Level><Task>3</Task><Opcode>0</Opcode><Keywords>0x8000000000000000</Keywords><TimeCreated SystemTime='2026-09-10T21:03:47.1247006Z'/><EventRecordID>6876</EventRecordID><Correlation/><Execution ProcessID='2792' ThreadID='3696'/><Channel>Microsoft-Windows-Sysmon/Operational</Channel><Computer>windows</Computer><Security UserID='S-1-5-18'/></System><EventData><Data Name='RuleName'>-</Data><Data Name='UtcTime'>2026-09-10 22:11:19.776</Data><Data Name='ProcessGuid'>{064ad90c-0be1-6aa3-1003-000000000800}</Data><Data Name='ProcessId'>1764</Data><Data Name='Image'>C:\Windows\System32\WindowsPowerShell\v1.0\powershell.exe</Data><Data Name='User'>WINDOWS\laaroussi imane</Data><Data Name='Protocol'>tcp</Data><Data Name='Initiated'>true</Data><Data Name='SourceIsIpv6'>false</Data><Data Name='SourceIp'>10.0.3.4</Data><Data Name='SourceHostname'>windows</Data><Data Name='SourcePort'>51172</Data><Data Name='SourcePortName'>-</Data><Data Name='DestinationIsIpv6'>false</Data><Data Name='DestinationIp'>10.0.3.5</Data><Data Name='DestinationHostname'>-</Data><Data Name='DestinationPort'>8000</Data><Data Name='DestinationPortName'>-</Data></EventData></Event><Event xmlns='http://schemas.microsoft.com/win/2004/08/events/event'><System><Provider Name='Microsoft-Windows-Sysmon' Guid='{5770385f-c22a-43e0-bf4c-06f5698ffbd9}'/><EventID>1</EventID><Version>5</Version><Level>4</Level><Task>1</Task><Opcode>0</Opcode><Keywords>0x8000000000000000</Keywords><TimeCreated SystemTime='2026-09-10T21:03:46.3757677Z'/><EventRecordID>6875</EventRecordID><Correlation/><Execution ProcessID='2792' ThreadID='4944'/><Channel>Microsoft-Windows-Sysmon/Operational</Channel><Computer>windows</Computer><Security UserID='S-1-5-18'/></System><EventData><Data Name='RuleName'>-</Data><Data Name='UtcTime'>2026-09-10 21:03:46.367</Data><Data Name='ProcessGuid'>{064ad90c-1b32-6aa3-ae03-000000000800}</Data><Data Name='ProcessId'>6844</Data><Data Name='Image'>C:\Windows\System32\SecurityHealthHost.exe</Data><Data Name='FileVersion'>4.18.1907.16384 (WinBuild.160101.0800)</Data><Data Name='Description'>Windows Security Health Host</Data><Data Name='Product'>Microsoft® Windows® Operating System</Data><Data Name='Company'>Microsoft Corporation</Data><Data Name='OriginalFileName'>SecurityHealthHost.exe</Data><Data Name='CommandLine'>C:\Windows\System32\SecurityHealthHost.exe {08728914-3F57-4D52-9E31-49DAECA5A80A} -Embedding</Data><Data Name='CurrentDirectory'>C:\Windows\system32\</Data><Data Name='User'>WINDOWS\laaroussi imane</Data><Data Name='LogonGuid'>{064ad90c-f582-6aa2-b489-020000000000}</Data><Data Name='LogonId'>0x289b4</Data><Data Name='TerminalSessionId'>1</Data><Data Name='IntegrityLevel'>Medium</Data><Data Name='Hashes'>MD5=28FE7220621DE0BE51542166052F5CB9,SHA256=EC8038141F11A4FA280BD854A5179F9396B0CA13F2F877E013A445B32869203B,IMPHASH=4E28FDA241BEFA94F219E0683850258F</Data><Data Name='ParentProcessGuid'>{064ad90c-f57f-6aa2-0f00-000000000800}</Data><Data Name='ParentProcessId'>748</Data><Data Name='ParentImage'>C:\Windows\System32\svchost.exe</Data><Data Name='ParentCommandLine'>C:\Windows\system32\svchost.exe -k DcomLaunch -p</Data><Data Name='ParentUser'>AUTORITE NT\Système</Data></EventData></Event><Event xmlns='http://schemas.microsoft.com/win/2004/08/events/event'><System><Provider Name='Microsoft-Windows-Sysmon' Guid='{5770385f-c22a-43e0-bf4c-06f5698ffbd9}'/><EventID>11</EventID><Version>2</Version><Level>4</Level><Task>11</Task><Opcode>0</Opcode><Keywords>0x8000000000000000</Keywords><TimeCreated SystemTime='2026-09-10T21:03:45.9786111Z'/><EventRecordID>6874</EventRecordID><Correlation/><Execution ProcessID='2792' ThreadID='4944'/><Channel>Microsoft-Windows-Sysmon/Operational</Channel><Computer>windows</Computer><Security UserID='S-1-5-18'/></System><EventData><Data Name='RuleName'>EXE</Data><Data Name='UtcTime'>2026-09-10 21:03:45.976</Data><Data Name='ProcessGuid'>{064ad90c-0be1-6aa3-1003-000000000800}</Data><Data Name='ProcessId'>1764</Data><Data Name='Image'>C:\Windows\System32\WindowsPowerShell\v1.0\powershell.exe</Data><Data Name='TargetFilename'>C:\Users\Public\payload.exe</Data><Data Name='CreationUtcTime'>2026-09-10 21:03:45.974</Data><Data Name='User'>WINDOWS\laaroussi imane</Data></EventData></Event><Event xmlns='http://schemas.microsoft.com/win/2004/08/events/event'><System><Provider Name='Microsoft-Windows-Sysmon' Guid='{5770385f-c22a-43e0-bf4c-06f5698ffbd9}'/><EventID>1</EventID><Version>5</Version><Level>4</Level><Task>1</Task><Opcode>0</Opcode><Keywords>0x8000000000000000</Keywords><TimeCreated SystemTime='2026-09-10T21:03:09.0219527Z'/><EventRecordID>6873</EventRecordID><Correlation/><Execution ProcessID='2792' ThreadID='4944'/><Channel>Microsoft-Windows-Sysmon/Operational</Channel><Computer>windows</Computer><Security UserID='S-1-5-18'/></System><EventData><Data Name='RuleName'>-</Data><Data Name='UtcTime'>2026-09-10 21:03:09.012</Data><Data Name='ProcessGuid'>{064ad90c-1b0d-6aa3-ac03-000000000800}</Data><Data Name='ProcessId'>7572</Data><Data Name='Image'>C:\Program Files\Wireshark\dumpcap.exe</Data><Data Name='FileVersion'>4.6.8</Data><Data Name='Description'>Dumpcap</Data><Data Name='Product'>Dumpcap</Data><Data Name='Company'>The Wireshark developer community</Data><Data Name='OriginalFileName'>Dumpcap.exe</Data><Data Name='CommandLine'>"C:\Program Files\Wireshark\dumpcap.exe" --log-level MESSAGE --application-flavor wireshark -F pcapng -i \Device\NPF_{F8402BC9-8F2F-40E1-9AC6-BC4461F31853} --ifdescr Ethernet -y EN10MB --signal-pipe 7224 -Z 2868</Data><Data Name='CurrentDirectory'>C:\Program Files\Wireshark\tls\</Data><Data Name='User'>WINDOWS\laaroussi imane</Data><Data Name='LogonGuid'>{064ad90c-f582-6aa2-7b89-020000000000}</Data><Data Name='LogonId'>0x2897b</Data><Data Name='TerminalSessionId'>1</Data><Data Name='IntegrityLevel'>High</Data><Data Name='Hashes'>MD5=4F2E526150807577D530C8057B489242,SHA256=71F765535D59D9F2C1E2FB0000E0BABD881C381447BDE5DDEAFC4683F1B598C4,IMPHASH=5FC3E1A710B30F137239F50C04288937</Data><Data Name='ParentProcessGuid'>{064ad90c-11e9-6aa3-8903-000000000800}</Data><Data Name='ParentProcessId'>7224</Data><Data Name='ParentImage'>C:\Program Files\Wireshark\Wireshark.exe</Data><Data Name='ParentCommandLine'>"C:\Program Files\Wireshark\Wireshark.exe" </Data><Data Name='ParentUser'>WINDOWS\laaroussi imane</Data></EventData></Event><Event xmlns='http://schemas.microsoft.com/win/2004/08/events/event'><System><Provider Name='Microsoft-Windows-Sysmon' Guid='{5770385f-c22a-43e0-bf4c-06f5698ffbd9}'/><EventID>1</EventID><Version>5</Version><Level>4</Level><Task>1</Task><Opcode>0</Opcode><Keywords>0x8000000000000000</Keywords><TimeCreated SystemTime='2026-09-10T20:59:51.2755739Z'/><EventRecordID>6872</EventRecordID><Correlation/><Execution ProcessID='2792' ThreadID='4944'/><Channel>Microsoft-Windows-Sysmon/Operational</Channel><Computer>windows</Computer><Security UserID='S-1-5-18'/></System><EventData><Data Name='RuleName'>-</Data><Data Name='UtcTime'>2026-09-10 20:59:51.220</Data><Data Name='ProcessGuid'>{064ad90c-1a47-6aa3-ab03-000000000800}</Data><Data Name='ProcessId'>520</Data><Data Name='Image'>C:\Windows\System32\schtasks.exe</Data><Data Name='FileVersion'>10.0.19041.3636 (WinBuild.160101.0800)</Data><Data Name='Description'>Task Scheduler Configuration Tool</Data><Data Name='Product'>Microsoft® Windows® Operating System</Data><Data Name='Company'>Microsoft Corporation</Data><Data Name='OriginalFileName'>schtasks.exe</Data><Data Name='CommandLine'>"C:\Windows\system32\schtasks.exe" /query /tn SystemUpdate</Data><Data Name='CurrentDirectory'>C:\Windows\system32\</Data><Data Name='User'>WINDOWS\laaroussi imane</Data><Data Name='LogonGuid'>{064ad90c-f582-6aa2-7b89-020000000000}</Data><Data Name='LogonId'>0x2897b</Data><Data Name='TerminalSessionId'>1</Data><Data Name='IntegrityLevel'>High</Data><Data Name='Hashes'>MD5=D4DA03B7BB20B7E4F1B762A365D4DD4F,SHA256=9A80453518078BADF0679B0CF30F50A83163E5264A2665C6052CC27F168C50F2,IMPHASH=ECCE05491F2E8F279F4790BCB1318C05</Data><Data Name='ParentProcessGuid'>{064ad90c-0be1-6aa3-1003-000000000800}</Data><Data Name='ParentProcessId'>1764</Data><Data Name='ParentImage'>C:\Windows\System32\WindowsPowerShell\v1.0\powershell.exe</Data><Data Name='ParentCommandLine'>"C:\Windows\System32\WindowsPowerShell\v1.0\powershell.exe" </Data><Data Name='ParentUser'>WINDOWS\laaroussi imane</Data></EventData></Event><Event xmlns='http://schemas.microsoft.com/win/2004/08/events/event'><System><Provider Name='Microsoft-Windows-Sysmon' Guid='{5770385f-c22a-43e0-bf4c-06f5698ffbd9}'/><EventID>11</EventID><Version>2</Version><Level>4</Level><Task>11</Task><Opcode>0</Opcode><Keywords>0x8000000000000000</Keywords><TimeCreated SystemTime='2026-09-10T20:59:28.4154972Z'/><EventRecordID>6871</EventRecordID><Correlation/><Execution ProcessID='2792' ThreadID='4944'/><Channel>Microsoft-Windows-Sysmon/Operational</Channel><Computer>windows</Computer><Security UserID='S-1-5-18'/></System><EventData><Data Name='RuleName'>-</Data><Data Name='UtcTime'>2026-09-10 20:59:28.403</Data><Data Name='ProcessGuid'>{064ad90c-0be1-6aa3-1003-000000000800}</Data><Data Name='ProcessId'>1764</Data><Data Name='Image'>C:\Windows\System32\WindowsPowerShell\v1.0\powershell.exe</Data><Data Name='TargetFilename'>C:\Users\laaroussi imane\AppData\Local\Temp\__PSScriptPolicyTest_kgmazdoq.300.ps1</Data><Data Name='CreationUtcTime'>2026-09-10 20:59:28.403</Data><Data Name='User'>WINDOWS\laaroussi imane</Data></EventData></Event><Event xmlns='http://schemas.microsoft.com/win/2004/08/events/event'><System><Provider Name='Microsoft-Windows-Sysmon' Guid='{5770385f-c22a-43e0-bf4c-06f5698ffbd9}'/><EventID>11</EventID><Version>2</Version><Level>4</Level><Task>11</Task><Opcode>0</Opcode><Keywords>0x8000000000000000</Keywords><TimeCreated SystemTime='2026-09-10T20:56:53.0428656Z'/><EventRecordID>6870</EventRecordID><Correlation/><Execution ProcessID='2792' ThreadID='4944'/><Channel>Microsoft-Windows-Sysmon/Operational</Channel><Computer>windows</Computer><Security UserID='S-1-5-18'/></System><EventData><Data Name='RuleName'>T1053</Data><Data Name='UtcTime'>2026-09-10 20:56:53.027</Data><Data Name='ProcessGuid'>{064ad90c-f57f-6aa2-1a00-000000000800}</Data><Data Name='ProcessId'>1120</Data><Data Name='Image'>C:\Windows\system32\svchost.exe</Data><Data Name='TargetFilename'>C:\Windows\System32\Tasks\SystemUpdate</Data><Data Name='CreationUtcTime'>2026-09-10 20:56:53.027</Data><Data Name='User'>AUTORITE NT\Système</Data></EventData></Event><Event xmlns='http://schemas.microsoft.com/win/2004/08/events/event'><System><Provider Name='Microsoft-Windows-Sysmon' Guid='{5770385f-c22a-43e0-bf4c-06f5698ffbd9}'/><EventID>1</EventID><Version>5</Version><Level>4</Level><Task>1</Task><Opcode>0</Opcode><Keywords>0x8000000000000000</Keywords><TimeCreated SystemTime='2026-09-10T20:56:53.0115598Z'/><EventRecordID>6869</EventRecordID><Correlation/><Execution ProcessID='2792' ThreadID='4944'/><Channel>Microsoft-Windows-Sysmon/Operational</Channel><Computer>windows</Computer><Security UserID='S-1-5-18'/></System><EventData><Data Name='RuleName'>-</Data><Data Name='UtcTime'>2026-09-10 20:56:52.972</Data><Data Name='ProcessGuid'>{064ad90c-1994-6aa3-aa03-000000000800}</Data><Data Name='ProcessId'>2876</Data><Data Name='Image'>C:\Windows\System32\schtasks.exe</Data><Data Name='FileVersion'>10.0.19041.3636 (WinBuild.160101.0800)</Data><Data Name='Description'>Task Scheduler Configuration Tool</Data><Data Name='Product'>Microsoft® Windows® Operating System</Data><Data Name='Company'>Microsoft Corporation</Data><Data Name='OriginalFileName'>schtasks.exe</Data><Data Name='CommandLine'>"C:\Windows\system32\schtasks.exe" /create /tn SystemUpdate /tr C:\Users\Public\payload.exe /sc onlogon /ru System</Data><Data Name='CurrentDirectory'>C:\Windows\system32\</Data><Data Name='User'>WINDOWS\laaroussi imane</Data><Data Name='LogonGuid'>{064ad90c-f582-6aa2-7b89-020000000000}</Data><Data Name='LogonId'>0x2897b</Data><Data Name='TerminalSessionId'>1</Data><Data Name='IntegrityLevel'>High</Data><Data Name='Hashes'>MD5=D4DA03B7BB20B7E4F1B762A365D4DD4F,SHA256=9A80453518078BADF0679B0CF30F50A83163E5264A2665C6052CC27F168C50F2,IMPHASH=ECCE05491F2E8F279F4790BCB1318C05</Data><Data Name='ParentProcessGuid'>{064ad90c-0be1-6aa3-1003-000000000800}</Data><Data Name='ParentProcessId'>1764</Data><Data Name='ParentImage'>C:\Windows\System32\WindowsPowerShell\v1.0\powershell.exe</Data><Data Name='ParentCommandLine'>"C:\Windows\System32\WindowsPowerShell\v1.0\powershell.exe" </Data><Data Name='ParentUser'>WINDOWS\laaroussi imane</Data></EventData></Event><Event xmlns='http://schemas.microsoft.com/win/2004/08/events/event'><System><Provider Name='Microsoft-Windows-Sysmon' Guid='{5770385f-c22a-43e0-bf4c-06f5698ffbd9}'/><EventID>1</EventID><Version>5</Version><Level>4</Level><Task>1</Task><Opcode>0</Opcode><Keywords>0x8000000000000000</Keywords><TimeCreated SystemTime='2026-09-10T20:56:24.4529490Z'/><EventRecordID>6868</EventRecordID><Correlation/><Execution ProcessID='2792' ThreadID='4944'/><Channel>Microsoft-Windows-Sysmon/Operational</Channel><Computer>windows</Computer><Security UserID='S-1-5-18'/></System><EventData><Data Name='RuleName'>-</Data><Data Name='UtcTime'>2026-09-10 20:56:24.405</Data><Data Name='ProcessGuid'>{064ad90c-1978-6aa3-a903-000000000800}</Data><Data Name='ProcessId'>8476</Data><Data Name='Image'>C:\Windows\System32\MoUsoCoreWorker.exe</Data><Data Name='FileVersion'>10.0.19041.3803 (WinBuild.160101.0800)</Data><Data Name='Description'>MoUSO Core Worker Process</Data><Data Name='Product'>Microsoft® Windows® Operating System</Data><Data Name='Company'>Microsoft Corporation</Data><Data Name='OriginalFileName'>MoUSOCoreWorker.exe</Data><Data Name='CommandLine'>C:\Windows\System32\mousocoreworker.exe -Embedding</Data><Data Name='CurrentDirectory'>C:\Windows\system32\</Data><Data Name='User'>AUTORITE NT\Système</Data><Data Name='LogonGuid'>{064ad90c-f57e-6aa2-e703-000000000000}</Data><Data Name='LogonId'>0x3e7</Data><Data Name='TerminalSessionId'>0</Data><Data Name='IntegrityLevel'>System</Data><Data Name='Hashes'>MD5=8B26C179551FE882853ED6E463B2ABA6,SHA256=AEEDB8980F13CE676D9EC597823ECB7B2675ABC43D41A4C5027451792B9ACB87,IMPHASH=8B1D4DC60AB313670A67A00DCC2297CD</Data><Data Name='ParentProcessGuid'>{064ad90c-f57f-6aa2-0f00-000000000800}</Data><Data Name='ParentProcessId'>748</Data><Data Name='ParentImage'>C:\Windows\System32\svchost.exe</Data><Data Name='ParentCommandLine'>C:\Windows\system32\svchost.exe -k DcomLaunch -p</Data><Data Name='ParentUser'>AUTORITE NT\Système</Data></EventData></Event><Event xmlns='http://schemas.microsoft.com/win/2004/08/events/event'><System><Provider Name='Microsoft-Windows-Sysmon' Guid='{5770385f-c22a-43e0-bf4c-06f5698ffbd9}'/><EventID>1</EventID><Version>5</Version><Level>4</Level><Task>1</Task><Opcode>0</Opcode><Keywords>0x8000000000000000</Keywords><TimeCreated SystemTime='2026-09-10T20:51:48.6923849Z'/><EventRecordID>6867</EventRecordID><Correlation/><Execution ProcessID='2792' ThreadID='4944'/><Channel>Microsoft-Windows-Sysmon/Operational</Channel><Computer>windows</Computer><Security UserID='S-1-5-18'/></System><EventData><Data Name='RuleName'>-</Data><Data Name='UtcTime'>2026-09-10 20:51:48.683</Data><Data Name='ProcessGuid'>{064ad90c-1864-6aa3-a803-000000000800}</Data><Data Name='ProcessId'>9008</Data><Data Name='Image'>C:\Windows\System32\svchost.exe</Data><Data Name='FileVersion'>10.0.19041.3636 (WinBuild.160101.0800)</Data><Data Name='Description'>Host Process for Windows Services</Data><Data Name='Product'>Microsoft® Windows® Operating System</Data><Data Name='Company'>Microsoft Corporation</Data><Data Name='OriginalFileName'>svchost.exe</Data><Data Name='CommandLine'>C:\Windows\system32\svchost.exe -k netsvcs -p -s gpsvc</Data><Data Name='CurrentDirectory'>C:\Windows\system32\</Data><Data Name='User'>AUTORITE NT\Système</Data><Data Name='LogonGuid'>{064ad90c-f57e-6aa2-e703-000000000000}</Data><Data Name='LogonId'>0x3e7</Data><Data Name='TerminalSessionId'>0</Data><Data Name='IntegrityLevel'>System</Data><Data Name='Hashes'>MD5=145DCF6706EEEA5B066885EE17964C09,SHA256=F13DE58416730D210DAB465B242E9C949FB0A0245EEF45B07C381F0C6C8A43C3,IMPHASH=247B9220E5D9B720A82B2C8B5069AD69</Data><Data Name='ParentProcessGuid'>{064ad90c-f57e-6aa2-0b00-000000000800}</Data><Data Name='ParentProcessId'>616</Data><Data Name='ParentImage'>C:\Windows\System32\services.exe</Data><Data Name='ParentCommandLine'>C:\Windows\system32\services.exe</Data><Data Name='ParentUser'>AUTORITE NT\Système</Data></EventData></Event><Event xmlns='http://schemas.microsoft.com/win/2004/08/events/event'><System><Provider Name='Microsoft-Windows-Sysmon' Guid='{5770385f-c22a-43e0-bf4c-06f5698ffbd9}'/><EventID>3</EventID><Version>5</Version><Level>4</Level><Task>3</Task><Opcode>0</Opcode><Keywords>0x8000000000000000</Keywords><TimeCreated SystemTime='2026-09-10T20:50:33.5730218Z'/><EventRecordID>6866</EventRecordID><Correlation/><Execution ProcessID='2792' ThreadID='3696'/><Channel>Microsoft-Windows-Sysmon/Operational</Channel><Computer>windows</Computer><Security UserID='S-1-5-18'/></System><EventData><Data Name='RuleName'>Usermode</Data><Data Name='UtcTime'>2026-09-10 21:58:05.312</Data><Data Name='ProcessGuid'>{064ad90c-f636-6aa2-e800-000000000800}</Data><Data Name='ProcessId'>1500</Data><Data Name='Image'>C:\Users\laaroussi imane\AppData\Local\Microsoft\OneDrive\26.153.0809.0004\OneDrive.Sync.Service.exe</Data><Data Name='User'>WINDOWS\laaroussi imane</Data><Data Name='Protocol'>tcp</Data><Data Name='Initiated'>true</Data><Data Name='SourceIsIpv6'>false</Data><Data Name='SourceIp'>10.0.3.4</Data><Data Name='SourceHostname'>windows</Data><Data Name='SourcePort'>51168</Data><Data Name='SourcePortName'>-</Data><Data Name='DestinationIsIpv6'>false</Data><Data Name='DestinationIp'>40.79.150.120</Data><Data Name='DestinationHostname'>-</Data><Data Name='DestinationPort'>443</Data><Data Name='DestinationPortName'>https</Data></EventData></Event><Event xmlns='http://schemas.microsoft.com/win/2004/08/events/event'><System><Provider Name='Microsoft-Windows-Sysmon' Guid='{5770385f-c22a-43e0-bf4c-06f5698ffbd9}'/><EventID>1</EventID><Version>5</Version><Level>4</Level><Task>1</Task><Opcode>0</Opcode><Keywords>0x8000000000000000</Keywords><TimeCreated SystemTime='2026-09-10T20:45:11.8899012Z'/><EventRecordID>6865</EventRecordID><Correlation/><Execution ProcessID='2792' ThreadID='4944'/><Channel>Microsoft-Windows-Sysmon/Operational</Channel><Computer>windows</Computer><Security UserID='S-1-5-18'/></System><EventData><Data Name='RuleName'>-</Data><Data Name='UtcTime'>2026-09-10 20:45:11.822</Data><Data Name='ProcessGuid'>{064ad90c-16d7-6aa3-a503-000000000800}</Data><Data Name='ProcessId'>4404</Data><Data Name='Image'>C:\Windows\System32\MoUsoCoreWorker.exe</Data><Data Name='FileVersion'>10.0.19041.3803 (WinBuild.160101.0800)</Data><Data Name='Description'>MoUSO Core Worker Process</Data><Data Name='Product'>Microsoft® Windows® Operating System</Data><Data Name='Company'>Microsoft Corporation</Data><Data Name='OriginalFileName'>MoUSOCoreWorker.exe</Data><Data Name='CommandLine'>C:\Windows\System32\mousocoreworker.exe -Embedding</Data><Data Name='CurrentDirectory'>C:\Windows\system32\</Data><Data Name='User'>AUTORITE NT\Système</Data><Data Name='LogonGuid'>{064ad90c-f57e-6aa2-e703-000000000000}</Data><Data Name='LogonId'>0x3e7</Data><Data Name='TerminalSessionId'>0</Data><Data Name='IntegrityLevel'>System</Data><Data Name='Hashes'>MD5=8B26C179551FE882853ED6E463B2ABA6,SHA256=AEEDB8980F13CE676D9EC597823ECB7B2675ABC43D41A4C5027451792B9ACB87,IMPHASH=8B1D4DC60AB313670A67A00DCC2297CD</Data><Data Name='ParentProcessGuid'>{064ad90c-f57f-6aa2-0f00-000000000800}</Data><Data Name='ParentProcessId'>748</Data><Data Name='ParentImage'>C:\Windows\System32\svchost.exe</Data><Data Name='ParentCommandLine'>C:\Windows\system32\svchost.exe -k DcomLaunch -p</Data><Data Name='ParentUser'>AUTORITE NT\Système</Data></EventData></Event><Event xmlns='http://schemas.microsoft.com/win/2004/08/events/event'><System><Provider Name='Microsoft-Windows-Sysmon' Guid='{5770385f-c22a-43e0-bf4c-06f5698ffbd9}'/><EventID>1</EventID><Version>5</Version><Level>4</Level><Task>1</Task><Opcode>0</Opcode><Keywords>0x8000000000000000</Keywords><TimeCreated SystemTime='2026-09-10T20:42:54.4502835Z'/><EventRecordID>6864</EventRecordID><Correlation/><Execution ProcessID='2792' ThreadID='4944'/><Channel>Microsoft-Windows-Sysmon/Operational</Channel><Computer>windows</Computer><Security UserID='S-1-5-18'/></System><EventData><Data Name='RuleName'>-</Data><Data Name='UtcTime'>2026-09-10 20:42:54.438</Data><Data Name='ProcessGuid'>{064ad90c-164e-6aa3-a403-000000000800}</Data><Data Name='ProcessId'>8596</Data><Data Name='Image'>C:\Program Files (x86)\Microsoft\EdgeUpdate\MicrosoftEdgeUpdate.exe</Data><Data Name='FileVersion'>1.3.265.7</Data><Data Name='Description'>Microsoft Edge Update</Data><Data Name='Product'>Microsoft Edge Update</Data><Data Name='Company'>Microsoft Corporation</Data><Data Name='OriginalFileName'>MicrosoftEdgeUpdate.exe</Data><Data Name='CommandLine'>"C:\Program Files (x86)\Microsoft\EdgeUpdate\MicrosoftEdgeUpdate.exe" /ua /installsource core</Data><Data Name='CurrentDirectory'>C:\Program Files (x86)\Microsoft\EdgeUpdate\1.3.265.7\</Data><Data Name='User'>AUTORITE NT\Système</Data><Data Name='LogonGuid'>{064ad90c-f57e-6aa2-e703-000000000000}</Data><Data Name='LogonId'>0x3e7</Data><Data Name='TerminalSessionId'>0</Data><Data Name='IntegrityLevel'>System</Data><Data Name='Hashes'>MD5=6487689A20EFAF7B81E26DAD2AE14B66,SHA256=04F2BF85EA2B6B6464D92CF196B64174CBF2E4C9EE304DC7DE00C1DE5622FDA8,IMPHASH=CD3B2D99C6655A5D4A14E30E380F5BF9</Data><Data Name='ParentProcessGuid'>{064ad90c-f583-6aa2-5000-000000000800}</Data><Data Name='ParentProcessId'>3712</Data><Data Name='ParentImage'>C:\Program Files (x86)\Microsoft\EdgeUpdate\MicrosoftEdgeUpdate.exe</Data><Data Name='ParentCommandLine'>"C:\Program Files (x86)\Microsoft\EdgeUpdate\MicrosoftEdgeUpdate.exe" /c</Data><Data Name='ParentUser'>AUTORITE NT\Système</Data></EventData></Event><Event xmlns='http://schemas.microsoft.com/win/2004/08/events/event'><System><Provider Name='Microsoft-Windows-Sysmon' Guid='{5770385f-c22a-43e0-bf4c-06f5698ffbd9}'/><EventID>1</EventID><Version>5</Version><Level>4</Level><Task>1</Task><Opcode>0</Opcode><Keywords>0x8000000000000000</Keywords><TimeCreated SystemTime='2026-09-10T20:35:19.1342621Z'/><EventRecordID>6863</EventRecordID><Correlation/><Execution ProcessID='2792' ThreadID='4944'/><Channel>Microsoft-Windows-Sysmon/Operational</Channel><Computer>windows</Computer><Security UserID='S-1-5-18'/></System><EventData><Data Name='RuleName'>-</Data><Data Name='UtcTime'>2026-09-10 20:35:19.107</Data><Data Name='ProcessGuid'>{064ad90c-1487-6aa3-a303-000000000800}</Data><Data Name='ProcessId'>8172</Data><Data Name='Image'>C:\Windows\System32\svchost.exe</Data><Data Name='FileVersion'>10.0.19041.3636 (WinBuild.160101.0800)</Data><Data Name='Description'>Host Process for Windows Services</Data><Data Name='Product'>Microsoft® Windows® Operating System</Data><Data Name='Company'>Microsoft Corporation</Data><Data Name='OriginalFileName'>svchost.exe</Data><Data Name='CommandLine'>C:\Windows\system32\svchost.exe -k WbioSvcGroup -s WbioSrvc</Data><Data Name='CurrentDirectory'>C:\Windows\system32\</Data><Data Name='User'>AUTORITE NT\Système</Data><Data Name='LogonGuid'>{064ad90c-f57e-6aa2-e703-000000000000}</Data><Data Name='LogonId'>0x3e7</Data><Data Name='TerminalSessionId'>0</Data><Data Name='IntegrityLevel'>System</Data><Data Name='Hashes'>MD5=145DCF6706EEEA5B066885EE17964C09,SHA256=F13DE58416730D210DAB465B242E9C949FB0A0245EEF45B07C381F0C6C8A43C3,IMPHASH=247B9220E5D9B720A82B2C8B5069AD69</Data><Data Name='ParentProcessGuid'>{064ad90c-f57e-6aa2-0b00-000000000800}</Data><Data Name='ParentProcessId'>616</Data><Data Name='ParentImage'>C:\Windows\System32\services.exe</Data><Data Name='ParentCommandLine'>C:\Windows\system32\services.exe</Data><Data Name='ParentUser'>AUTORITE NT\Système</Data></EventData></Event><Event xmlns='http://schemas.microsoft.com/win/2004/08/events/event'><System><Provider Name='Microsoft-Windows-Sysmon' Guid='{5770385f-c22a-43e0-bf4c-06f5698ffbd9}'/><EventID>1</EventID><Version>5</Version><Level>4</Level><Task>1</Task><Opcode>0</Opcode><Keywords>0x8000000000000000</Keywords><TimeCreated SystemTime='2026-09-10T20:35:17.9284975Z'/><EventRecordID>6862</EventRecordID><Correlation/><Execution ProcessID='2792' ThreadID='4944'/><Channel>Microsoft-Windows-Sysmon/Operational</Channel><Computer>windows</Computer><Security UserID='S-1-5-18'/></System><EventData><Data Name='RuleName'>-</Data><Data Name='UtcTime'>2026-09-10 20:35:17.921</Data><Data Name='ProcessGuid'>{064ad90c-1485-6aa3-9e03-000000000800}</Data><Data Name='ProcessId'>3580</Data><Data Name='Image'>C:\Windows\System32\smartscreen.exe</Data><Data Name='FileVersion'>10.0.19041.3636 (WinBuild.160101.0800)</Data><Data Name='Description'>Windows Defender SmartScreen</Data><Data Name='Product'>Microsoft® Windows® Operating System</Data><Data Name='Company'>Microsoft Corporation</Data><Data Name='OriginalFileName'>smartscreen.exe</Data><Data Name='CommandLine'>C:\Windows\System32\smartscreen.exe -Embedding</Data><Data Name='CurrentDirectory'>C:\Windows\system32\</Data><Data Name='User'>WINDOWS\laaroussi imane</Data><Data Name='LogonGuid'>{064ad90c-f582-6aa2-b489-020000000000}</Data><Data Name='LogonId'>0x289b4</Data><Data Name='TerminalSessionId'>1</Data><Data Name='IntegrityLevel'>Medium</Data><Data Name='Hashes'>MD5=FCEF02A990181FF75D901624C992ACA8,SHA256=AB8D788E0116C9216FCA7E9F40D014E7AE2FE64123FCC81FA98AB2BCC7946B3A,IMPHASH=CE3B5F238DD7A7EBC8F28D4250477A41</Data><Data Name='ParentProcessGuid'>{064ad90c-f57f-6aa2-0f00-000000000800}</Data><Data Name='ParentProcessId'>748</Data><Data Name='ParentImage'>C:\Windows\System32\svchost.exe</Data><Data Name='ParentCommandLine'>C:\Windows\system32\svchost.exe -k DcomLaunch -p</Data><Data Name='ParentUser'>AUTORITE NT\Système</Data></EventData></Event><Event xmlns='http://schemas.microsoft.com/win/2004/08/events/event'><System><Provider Name='Microsoft-Windows-Sysmon' Guid='{5770385f-c22a-43e0-bf4c-06f5698ffbd9}'/><EventID>1</EventID><Version>5</Version><Level>4</Level><Task>1</Task><Opcode>0</Opcode><Keywords>0x8000000000000000</Keywords><TimeCreated SystemTime='2026-09-10T20:35:17.6693909Z'/><EventRecordID>6861</EventRecordID><Correlation/><Execution ProcessID='2792' ThreadID='4944'/><Channel>Microsoft-Windows-Sysmon/Operational</Channel><Computer>windows</Computer><Security UserID='S-1-5-18'/></System><EventData><Data Name='RuleName'>-</Data><Data Name='UtcTime'>2026-09-10 20:35:17.658</Data><Data Name='ProcessGuid'>{064ad90c-1485-6aa3-9d03-000000000800}</Data><Data Name='ProcessId'>6180</Data><Data Name='Image'>C:\Windows\System32\SecurityHealthHost.exe</Data><Data Name='FileVersion'>4.18.1907.16384 (WinBuild.160101.0800)</Data><Data Name='Description'>Windows Security Health Host</Data><Data Name='Product'>Microsoft® Windows® Operating System</Data><Data Name='Company'>Microsoft Corporation</Data><Data Name='OriginalFileName'>SecurityHealthHost.exe</Data><Data Name='CommandLine'>C:\Windows\System32\SecurityHealthHost.exe {E041C90B-68BA-42C9-991E-477B73A75C90} -Embedding</Data><Data Name='CurrentDirectory'>C:\Windows\system32\</Data><Data Name='User'>WINDOWS\laaroussi imane</Data><Data Name='LogonGuid'>{064ad90c-f582-6aa2-b489-020000000000}</Data><Data Name='LogonId'>0x289b4</Data><Data Name='TerminalSessionId'>1</Data><Data Name='IntegrityLevel'>Medium</Data><Data Name='Hashes'>MD5=28FE7220621DE0BE51542166052F5CB9,SHA256=EC8038141F11A4FA280BD854A5179F9396B0CA13F2F877E013A445B32869203B,IMPHASH=4E28FDA241BEFA94F219E0683850258F</Data><Data Name='ParentProcessGuid'>{064ad90c-f57f-6aa2-0f00-000000000800}</Data><Data Name='ParentProcessId'>748</Data><Data Name='ParentImage'>C:\Windows\System32\svchost.exe</Data><Data Name='ParentCommandLine'>C:\Windows\system32\svchost.exe -k DcomLaunch -p</Data><Data Name='ParentUser'>AUTORITE NT\Système</Data></EventData></Event><Event xmlns='http://schemas.microsoft.com/win/2004/08/events/event'><System><Provider Name='Microsoft-Windows-Sysmon' Guid='{5770385f-c22a-43e0-bf4c-06f5698ffbd9}'/><EventID>2</EventID><Version>5</Version><Level>4</Level><Task>2</Task><Opcode>0</Opcode><Keywords>0x8000000000000000</Keywords><TimeCreated SystemTime='2026-09-10T20:35:12.7079293Z'/><EventRecordID>6860</EventRecordID><Correlation/><Execution ProcessID='2792' ThreadID='4944'/><Channel>Microsoft-Windows-Sysmon/Operational</Channel><Computer>windows</Computer><Security UserID='S-1-5-18'/></System><EventData><Data Name='RuleName'>T1099</Data><Data Name='UtcTime'>2026-09-10 20:35:12.693</Data><Data Name='ProcessGuid'>{064ad90c-f581-6aa2-4300-000000000800}</Data><Data Name='ProcessId'>2812</Data><Data Name='Image'>C:\Program Files\Windows Defender\MsMpEng.exe</Data><Data Name='TargetFilename'>C:\Users\Public\payload.exe</Data><Data Name='CreationUtcTime'>2026-09-10 20:31:39.654</Data><Data Name='PreviousCreationUtcTime'>2026-09-10 20:31:39.654</Data><Data Name='User'>AUTORITE NT\Système</Data></EventData></Event>