<?xml version="1.0" encoding="utf-8" standalone="yes"?>
<Events><Event xmlns='http://schemas.microsoft.com/win/2004/08/events/event'><System><Provider Name='Microsoft-Windows-Sysmon' Guid='{5770385f-c22a-43e0-bf4c-06f5698ffbd9}'/><EventID>1</EventID><Version>5</Version><Level>4</Level><Task>1</Task><Opcode>0</Opcode><Keywords>0x8000000000000000</Keywords><TimeCreated SystemTime='2026-09-10T21:05:32.2640063Z'/><EventRecordID>6914</EventRecordID><Correlation/><Execution ProcessID='2792' ThreadID='4944'/><Channel>Microsoft-Windows-Sysmon/Operational</Channel><Computer>windows</Computer><Security UserID='S-1-5-18'/></System><EventData><Data Name='RuleName'>-</Data><Data Name='UtcTime'>2026-09-10 21:05:32.253</Data><Data Name='ProcessGuid'>{064ad90c-1b9c-6aa3-d503-000000000800}</Data><Data Name='ProcessId'>4404</Data><Data Name='Image'>C:\Windows\System32\svchost.exe</Data><Data Name='FileVersion'>10.0.19041.3636 (WinBuild.160101.0800)</Data><Data Name='Description'>Host Process for Windows Services</Data><Data Name='Product'>Microsoft® Windows® Operating System</Data><Data Name='Company'>Microsoft Corporation</Data><Data Name='OriginalFileName'>svchost.exe</Data><Data Name='CommandLine'>C:\Windows\system32\svchost.exe -k netsvcs -p -s gpsvc</Data><Data Name='CurrentDirectory'>C:\Windows\system32\</Data><Data Name='User'>AUTORITE NT\Système</Data><Data Name='LogonGuid'>{064ad90c-f57e-6aa2-e703-000000000000}</Data><Data Name='LogonId'>0x3e7</Data><Data Name='TerminalSessionId'>0</Data><Data Name='IntegrityLevel'>System</Data><Data Name='Hashes'>MD5=145DCF6706EEEA5B066885EE17964C09,SHA256=F13DE58416730D210DAB465B242E9C949FB0A0245EEF45B07C381F0C6C8A43C3,IMPHASH=247B9220E5D9B720A82B2C8B5069AD69</Data><Data Name='ParentProcessGuid'>{064ad90c-f57e-6aa2-0b00-000000000800}</Data><Data Name='ParentProcessId'>616</Data><Data Name='ParentImage'>C:\Windows\System32\services.exe</Data><Data Name='ParentCommandLine'>C:\Windows\system32\services.exe</Data><Data Name='ParentUser'>AUTORITE NT\Système</Data></EventData></Event><Event xmlns='http://schemas.microsoft.com/win/2004/08/events/event'><System><Provider Name='Microsoft-Windows-Sysmon' Guid='{5770385f-c22a-43e0-bf4c-06f5698ffbd9}'/><EventID>3</EventID><Version>5</Version><Level>4</Level><Task>3</Task><Opcode>0</Opcode><Keywords>0x8000000000000000</Keywords><TimeCreated SystemTime='2026-09-10T20:56:56.2273950Z'/><EventRecordID>6913</EventRecordID><Correlation/><Execution ProcessID='2792' ThreadID='3696'/><Channel>Microsoft-Windows-Sysmon/Operational</Channel><Computer>windows</Computer><Security UserID='S-1-5-18'/></System><EventData><Data Name='RuleName'>SSH</Data><Data Name='UtcTime'>2026-09-10 22:35:44.875</Data><Data Name='ProcessGuid'>{064ad90c-1996-6aa3-d403-000000000800}</Data><Data Name='ProcessId'>4492</Data><Data Name='Image'>C:\Windows\System32\OpenSSH\ssh.exe</Data><Data Name='User'>WINDOWS\laaroussi imane</Data><Data Name='Protocol'>tcp</Data><Data Name='Initiated'>true</Data><Data Name='SourceIsIpv6'>false</Data><Data Name='SourceIp'>10.0.3.4</Data><Data Name='SourceHostname'>windows</Data><Data Name='SourcePort'>51184</Data><Data Name='SourcePortName'>-</Data><Data Name='DestinationIsIpv6'>false</Data><Data Name='DestinationIp'>10.0.3.20</Data><Data Name='DestinationHostname'>-</Data><Data Name='DestinationPort'>22</Data><Data Name='DestinationPortName'>ssh</Data></EventData></Event><Event xmlns='http://schemas.microsoft.com/win/2004/08/events/event'><System><Provider Name='Microsoft-Windows-Sysmon' Guid='{5770385f-c22a-43e0-bf4c-06f5698ffbd9}'/><EventID>1</EventID><Version>5</Version><Level>4</Level><Task>1</Task><Opcode>0</Opcode><Keywords>0x8000000000000000</Keywords><TimeCreated SystemTime='2026-09-10T20:56:54.0372763Z'/><EventRecordID>6912</EventRecordID><Correlation/><Execution ProcessID='2792' ThreadID='4944'/><Channel>Microsoft-Windows-Sysmon/Operational</Channel><Computer>windows</Computer><Security UserID='S-1-5-18'/></System><EventData><Data Name='RuleName'>-</Data><Data Name='UtcTime'>2026-09-10 20:56:54.031</Data><Data Name='ProcessGuid'>{064ad90c-1996-6aa3-d403-000000000800}</Data><Data Name='ProcessId'>4492</Data><Data Name='Image'>C:\Windows\System32\OpenSSH\ssh.exe</Data><Data Name='FileVersion'>8.1.0.1</Data><Data Name='Description'>-</Data><Data Name='Product'>OpenSSH for Windows</Data><Data Name='Company'>-</Data><Data Name='OriginalFileName'>-</Data><Data Name='CommandLine'>"C:\Windows\System32\OpenSSH\ssh.exe" -x -oForwardAgent=no -oPermitLocalCommand=no -oClearAllForwardings=yes -oRemoteCommand=none -oRequestTTY=no -p 22 -l ubuntu -- 10.0.3.20 "scp -t ~/"</Data><Data Name='CurrentDirectory'>C:\Users\laaroussi imane\Desktop\</Data><Data Name='User'>WINDOWS\laaroussi imane</Data><Data Name='LogonGuid'>{064ad90c-f582-6aa2-7b89-020000000000}</Data><Data Name='LogonId'>0x2897b</Data><Data Name='TerminalSessionId'>1</Data><Data Name='IntegrityLevel'>High</Data><Data Name='Hashes'>MD5=C05426E6F6DFB30FB78FBA874A2FF7DC,SHA256=722BEE41CCF54B88660C0E67ADEB2C9612C18D739E5A8EB8C35C3D7066A95871,IMPHASH=91C272778494F545A220F3E427777252</Data><Data Name='ParentProcessGuid'>{064ad90c-1995-6aa3-d303-000000000800}</Data><Data Name='ParentProcessId'>8476</Data><Data Name='ParentImage'>C:\Windows\System32\OpenSSH\scp.exe</Data><Data Name='ParentCommandLine'>"C:\Windows\System32\OpenSSH\scp.exe" -P 22 wireshark-log.pcap ubuntu@10.0.3.20:~/</Data><Data Name='ParentUser'>WINDOWS\laaroussi imane</Data></EventData></Event><Event xmlns='http://schemas.microsoft.com/win/2004/08/events/event'><System><Provider Name='Microsoft-Windows-Sysmon' Guid='{5770385f-c22a-43e0-bf4c-06f5698ffbd9}'/><EventID>1</EventID><Version>5</Version><Level>4</Level><Task>1</Task><Opcode>0</Opcode><Keywords>0x8000000000000000</Keywords><TimeCreated SystemTime='2026-09-10T20:56:54.0009053Z'/><EventRecordID>6911</EventRecordID><Correlation/><Execution ProcessID='2792' ThreadID='4944'/><Channel>Microsoft-Windows-Sysmon/Operational</Channel><Computer>windows</Computer><Security UserID='S-1-5-18'/></System><EventData><Data Name='RuleName'>-</Data><Data Name='UtcTime'>2026-09-10 20:56:53.973</Data><Data Name='ProcessGuid'>{064ad90c-1995-6aa3-d303-000000000800}</Data><Data Name='ProcessId'>8476</Data><Data Name='Image'>C:\Windows\System32\OpenSSH\scp.exe</Data><Data Name='FileVersion'>8.1.0.1</Data><Data Name='Description'>-</Data><Data Name='Product'>OpenSSH for Windows</Data><Data Name='Company'>-</Data><Data Name='OriginalFileName'>-</Data><Data Name='CommandLine'>"C:\Windows\System32\OpenSSH\scp.exe" -P 22 wireshark-log.pcap ubuntu@10.0.3.20:~/</Data><Data Name='CurrentDirectory'>C:\Users\laaroussi imane\Desktop\</Data><Data Name='User'>WINDOWS\laaroussi imane</Data><Data Name='LogonGuid'>{064ad90c-f582-6aa2-7b89-020000000000}</Data><Data Name='LogonId'>0x2897b</Data><Data Name='TerminalSessionId'>1</Data><Data Name='IntegrityLevel'>High</Data><Data Name='Hashes'>MD5=FDDE3234FB7584F0C2A4C7FA8EBA6C19,SHA256=9F109CED3D575702764073BE91F83E46501DB38659C6192E76A30E219F7CA9AC,IMPHASH=A4F57D6713E7E00F3261DD5EF9B7549E</Data><Data Name='ParentProcessGuid'>{064ad90c-0be1-6aa3-1003-000000000800}</Data><Data Name='ParentProcessId'>1764</Data><Data Name='ParentImage'>C:\Windows\System32\WindowsPowerShell\v1.0\powershell.exe</Data><Data Name='ParentCommandLine'>"C:\Windows\System32\WindowsPowerShell\v1.0\powershell.exe" </Data><Data Name='ParentUser'>WINDOWS\laaroussi imane</Data></EventData></Event><Event xmlns='http://schemas.microsoft.com/win/2004/08/events/event'><System><Provider Name='Microsoft-Windows-Sysmon' Guid='{5770385f-c22a-43e0-bf4c-06f5698ffbd9}'/><EventID>3</EventID><Version>5</Version><Level>4</Level><Task>3</Task><Opcode>0</Opcode><Keywords>0x8000000000000000</Keywords><TimeCreated SystemTime='2026-09-10T20:53:11.3306316Z'/><EventRecordID>6910</EventRecordID><Correlation/><Execution ProcessID='2792' ThreadID='3696'/><Channel>Microsoft-Windows-Sysmon/Operational</Channel><Computer>windows</Computer><Security UserID='S-1-5-18'/></System><EventData><Data Name='RuleName'>SSH</Data><Data Name='UtcTime'>2026-09-10 22:31:59.942</Data><Data Name='ProcessGuid'>{064ad90c-18b5-6aa3-d103-000000000800}</Data><Data Name='ProcessId'>6272</Data><Data Name='Image'>C:\Windows\System32\OpenSSH\ssh.exe</Data><Data Name='User'>WINDOWS\laaroussi imane</Data><Data Name='Protocol'>tcp</Data><Data Name='Initiated'>true</Data><Data Name='SourceIsIpv6'>false</Data><Data Name='SourceIp'>10.0.3.4</Data><Data Name='SourceHostname'>windows</Data><Data Name='SourcePort'>51183</Data><Data Name='SourcePortName'>-</Data><Data Name='DestinationIsIpv6'>false</Data><Data Name='DestinationIp'>10.0.3.20</Data><Data Name='DestinationHostname'>-</Data><Data Name='DestinationPort'>22</Data><Data Name='DestinationPortName'>ssh</Data></EventData></Event><Event xmlns='http://schemas.microsoft.com/win/2004/08/events/event'><System><Provider Name='Microsoft-Windows-Sysmon' Guid='{5770385f-c22a-43e0-bf4c-06f5698ffbd9}'/><EventID>1</EventID><Version>5</Version><Level>4</Level><Task>1</Task><Opcode>0</Opcode><Keywords>0x8000000000000000</Keywords><TimeCreated SystemTime='2026-09-10T20:53:09.1022292Z'/><EventRecordID>6909</EventRecordID><Correlation/><Execution ProcessID='2792' ThreadID='4944'/><Channel>Microsoft-Windows-Sysmon/Operational</Channel><Computer>windows</Computer><Security UserID='S-1-5-18'/></System><EventData><Data Name='RuleName'>-</Data><Data Name='UtcTime'>2026-09-10 20:53:09.092</Data><Data Name='ProcessGuid'>{064ad90c-18b5-6aa3-d103-000000000800}</Data><Data Name='ProcessId'>6272</Data><Data Name='Image'>C:\Windows\System32\OpenSSH\ssh.exe</Data><Data Name='FileVersion'>8.1.0.1</Data><Data Name='Description'>-</Data><Data Name='Product'>OpenSSH for Windows</Data><Data Name='Company'>-</Data><Data Name='OriginalFileName'>-</Data><Data Name='CommandLine'>"C:\Windows\System32\OpenSSH\ssh.exe" -x -oForwardAgent=no -oPermitLocalCommand=no -oClearAllForwardings=yes -oRemoteCommand=none -oRequestTTY=no -p 22 -l ubuntu -- 10.0.3.20 "scp -t ~/"</Data><Data Name='CurrentDirectory'>C:\Users\laaroussi imane\Documents\</Data><Data Name='User'>WINDOWS\laaroussi imane</Data><Data Name='LogonGuid'>{064ad90c-f582-6aa2-7b89-020000000000}</Data><Data Name='LogonId'>0x2897b</Data><Data Name='TerminalSessionId'>1</Data><Data Name='IntegrityLevel'>High</Data><Data Name='Hashes'>MD5=C05426E6F6DFB30FB78FBA874A2FF7DC,SHA256=722BEE41CCF54B88660C0E67ADEB2C9612C18D739E5A8EB8C35C3D7066A95871,IMPHASH=91C272778494F545A220F3E427777252</Data><Data Name='ParentProcessGuid'>{064ad90c-18b5-6aa3-d003-000000000800}</Data><Data Name='ParentProcessId'>4676</Data><Data Name='ParentImage'>C:\Windows\System32\OpenSSH\scp.exe</Data><Data Name='ParentCommandLine'>"C:\Windows\System32\OpenSSH\scp.exe" -P 22 sysmon_logs.xml ubuntu@10.0.3.20:~/</Data><Data Name='ParentUser'>WINDOWS\laaroussi imane</Data></EventData></Event><Event xmlns='http://schemas.microsoft.com/win/2004/08/events/event'><System><Provider Name='Microsoft-Windows-Sysmon' Guid='{5770385f-c22a-43e0-bf4c-06f5698ffbd9}'/><EventID>1</EventID><Version>5</Version><Level>4</Level><Task>1</Task><Opcode>0</Opcode><Keywords>0x8000000000000000</Keywords><TimeCreated SystemTime='2026-09-10T20:53:09.0263532Z'/><EventRecordID>6908</EventRecordID><Correlation/><Execution ProcessID='2792' ThreadID='4944'/><Channel>Microsoft-Windows-Sysmon/Operational</Channel><Computer>windows</Computer><Security UserID='S-1-5-18'/></System><EventData><Data Name='RuleName'>-</Data><Data Name='UtcTime'>2026-09-10 20:53:09.010</Data><Data Name='ProcessGuid'>{064ad90c-18b5-6aa3-d003-000000000800}</Data><Data Name='ProcessId'>4676</Data><Data Name='Image'>C:\Windows\System32\OpenSSH\scp.exe</Data><Data Name='FileVersion'>8.1.0.1</Data><Data Name='Description'>-</Data><Data Name='Product'>OpenSSH for Windows</Data><Data Name='Company'>-</Data><Data Name='OriginalFileName'>-</Data><Data Name='CommandLine'>"C:\Windows\System32\OpenSSH\scp.exe" -P 22 sysmon_logs.xml ubuntu@10.0.3.20:~/</Data><Data Name='CurrentDirectory'>C:\Users\laaroussi imane\Documents\</Data><Data Name='User'>WINDOWS\laaroussi imane</Data><Data Name='LogonGuid'>{064ad90c-f582-6aa2-7b89-020000000000}</Data><Data Name='LogonId'>0x2897b</Data><Data Name='TerminalSessionId'>1</Data><Data Name='IntegrityLevel'>High</Data><Data Name='Hashes'>MD5=FDDE3234FB7584F0C2A4C7FA8EBA6C19,SHA256=9F109CED3D575702764073BE91F83E46501DB38659C6192E76A30E219F7CA9AC,IMPHASH=A4F57D6713E7E00F3261DD5EF9B7549E</Data><Data Name='ParentProcessGuid'>{064ad90c-0be1-6aa3-1003-000000000800}</Data><Data Name='ParentProcessId'>1764</Data><Data Name='ParentImage'>C:\Windows\System32\WindowsPowerShell\v1.0\powershell.exe</Data><Data Name='ParentCommandLine'>"C:\Windows\System32\WindowsPowerShell\v1.0\powershell.exe" </Data><Data Name='ParentUser'>WINDOWS\laaroussi imane</Data></EventData></Event><Event xmlns='http://schemas.microsoft.com/win/2004/08/events/event'><System><Provider Name='Microsoft-Windows-Sysmon' Guid='{5770385f-c22a-43e0-bf4c-06f5698ffbd9}'/><EventID>3</EventID><Version>5</Version><Level>4</Level><Task>3</Task><Opcode>0</Opcode><Keywords>0x8000000000000000</Keywords><TimeCreated SystemTime='2026-09-10T20:52:31.8390622Z'/><EventRecordID>6907</EventRecordID><Correlation/><Execution ProcessID='2792' ThreadID='3696'/><Channel>Microsoft-Windows-Sysmon/Operational</Channel><Computer>windows</Computer><Security UserID='S-1-5-18'/></System><EventData><Data Name='RuleName'>SSH</Data><Data Name='UtcTime'>2026-09-10 22:31:20.418</Data><Data Name='ProcessGuid'>{064ad90c-188d-6aa3-cf03-000000000800}</Data><Data Name='ProcessId'>7144</Data><Data Name='Image'>C:\Windows\System32\OpenSSH\ssh.exe</Data><Data Name='User'>WINDOWS\laaroussi imane</Data><Data Name='Protocol'>tcp</Data><Data Name='Initiated'>true</Data><Data Name='SourceIsIpv6'>false</Data><Data Name='SourceIp'>10.0.3.4</Data><Data Name='SourceHostname'>windows</Data><Data Name='SourcePort'>51182</Data><Data Name='SourcePortName'>-</Data><Data Name='DestinationIsIpv6'>false</Data><Data Name='DestinationIp'>10.0.3.20</Data><Data Name='DestinationHostname'>-</Data><Data Name='DestinationPort'>22</Data><Data Name='DestinationPortName'>ssh</Data></EventData></Event><Event xmlns='http://schemas.microsoft.com/win/2004/08/events/event'><System><Provider Name='Microsoft-Windows-Sysmon' Guid='{5770385f-c22a-43e0-bf4c-06f5698ffbd9}'/><EventID>1</EventID><Version>5</Version><Level>4</Level><Task>1</Task><Opcode>0</Opcode><Keywords>0x8000000000000000</Keywords><TimeCreated SystemTime='2026-09-10T20:52:29.5576103Z'/><EventRecordID>6906</EventRecordID><Correlation/><Execution ProcessID='2792' ThreadID='4944'/><Channel>Microsoft-Windows-Sysmon/Operational</Channel><Computer>windows</Computer><Security UserID='S-1-5-18'/></System><EventData><Data Name='RuleName'>-</Data><Data Name='UtcTime'>2026-09-10 20:52:29.541</Data><Data Name='ProcessGuid'>{064ad90c-188d-6aa3-cf03-000000000800}</Data><Data Name='ProcessId'>7144</Data><Data Name='Image'>C:\Windows\System32\OpenSSH\ssh.exe</Data><Data Name='FileVersion'>8.1.0.1</Data><Data Name='Description'>-</Data><Data Name='Product'>OpenSSH for Windows</Data><Data Name='Company'>-</Data><Data Name='OriginalFileName'>-</Data><Data Name='CommandLine'>"C:\Windows\System32\OpenSSH\ssh.exe" -x -oForwardAgent=no -oPermitLocalCommand=no -oClearAllForwardings=yes -oRemoteCommand=none -oRequestTTY=no -p 22 -l ubuntu -- 10.0.3.20 "scp -t ~/"</Data><Data Name='CurrentDirectory'>C:\Users\laaroussi imane\Downloads\</Data><Data Name='User'>WINDOWS\laaroussi imane</Data><Data Name='LogonGuid'>{064ad90c-f582-6aa2-7b89-020000000000}</Data><Data Name='LogonId'>0x2897b</Data><Data Name='TerminalSessionId'>1</Data><Data Name='IntegrityLevel'>High</Data><Data Name='Hashes'>MD5=C05426E6F6DFB30FB78FBA874A2FF7DC,SHA256=722BEE41CCF54B88660C0E67ADEB2C9612C18D739E5A8EB8C35C3D7066A95871,IMPHASH=91C272778494F545A220F3E427777252</Data><Data Name='ParentProcessGuid'>{064ad90c-188d-6aa3-ce03-000000000800}</Data><Data Name='ParentProcessId'>5592</Data><Data Name='ParentImage'>C:\Windows\System32\OpenSSH\scp.exe</Data><Data Name='ParentCommandLine'>"C:\Windows\System32\OpenSSH\scp.exe" -P 22 sysmon_logs.xml ubuntu@10.0.3.20:~/</Data><Data Name='ParentUser'>WINDOWS\laaroussi imane</Data></EventData></Event><Event xmlns='http://schemas.microsoft.com/win/2004/08/events/event'><System><Provider Name='Microsoft-Windows-Sysmon' Guid='{5770385f-c22a-43e0-bf4c-06f5698ffbd9}'/><EventID>1</EventID><Version>5</Version><Level>4</Level><Task>1</Task><Opcode>0</Opcode><Keywords>0x8000000000000000</Keywords><TimeCreated SystemTime='2026-09-10T20:52:29.5063053Z'/><EventRecordID>6905</EventRecordID><Correlation/><Execution ProcessID='2792' ThreadID='4944'/><Channel>Microsoft-Windows-Sysmon/Operational</Channel><Computer>windows</Computer><Security UserID='S-1-5-18'/></System><EventData><Data Name='RuleName'>-</Data><Data Name='UtcTime'>2026-09-10 20:52:29.501</Data><Data Name='ProcessGuid'>{064ad90c-188d-6aa3-ce03-000000000800}</Data><Data Name='ProcessId'>5592</Data><Data Name='Image'>C:\Windows\System32\OpenSSH\scp.exe</Data><Data Name='FileVersion'>8.1.0.1</Data><Data Name='Description'>-</Data><Data Name='Product'>OpenSSH for Windows</Data><Data Name='Company'>-</Data><Data Name='OriginalFileName'>-</Data><Data Name='CommandLine'>"C:\Windows\System32\OpenSSH\scp.exe" -P 22 sysmon_logs.xml ubuntu@10.0.3.20:~/</Data><Data Name='CurrentDirectory'>C:\Users\laaroussi imane\Downloads\</Data><Data Name='User'>WINDOWS\laaroussi imane</Data><Data Name='LogonGuid'>{064ad90c-f582-6aa2-7b89-020000000000}</Data><Data Name='LogonId'>0x2897b</Data><Data Name='TerminalSessionId'>1</Data><Data Name='IntegrityLevel'>High</Data><Data Name='Hashes'>MD5=FDDE3234FB7584F0C2A4C7FA8EBA6C19,SHA256=9F109CED3D575702764073BE91F83E46501DB38659C6192E76A30E219F7CA9AC,IMPHASH=A4F57D6713E7E00F3261DD5EF9B7549E</Data><Data Name='ParentProcessGuid'>{064ad90c-0be1-6aa3-1003-000000000800}</Data><Data Name='ParentProcessId'>1764</Data><Data Name='ParentImage'>C:\Windows\System32\WindowsPowerShell\v1.0\powershell.exe</Data><Data Name='ParentCommandLine'>"C:\Windows\System32\WindowsPowerShell\v1.0\powershell.exe" </Data><Data Name='ParentUser'>WINDOWS\laaroussi imane</Data></EventData></Event><Event xmlns='http://schemas.microsoft.com/win/2004/08/events/event'><System><Provider Name='Microsoft-Windows-Sysmon' Guid='{5770385f-c22a-43e0-bf4c-06f5698ffbd9}'/><EventID>1</EventID><Version>5</Version><Level>4</Level><Task>1</Task><Opcode>0</Opcode><Keywords>0x8000000000000000</Keywords><TimeCreated SystemTime='2026-09-10T20:51:55.7537498Z'/><EventRecordID>6904</EventRecordID><Correlation/><Execution ProcessID='2792' ThreadID='4944'/><Channel>Microsoft-Windows-Sysmon/Operational</Channel><Computer>windows</Computer><Security UserID='S-1-5-18'/></System><EventData><Data Name='RuleName'>-</Data><Data Name='UtcTime'>2026-09-10 20:51:55.732</Data><Data Name='ProcessGuid'>{064ad90c-186b-6aa3-cd03-000000000800}</Data><Data Name='ProcessId'>8040</Data><Data Name='Image'>C:\Windows\System32\rundll32.exe</Data><Data Name='FileVersion'>10.0.19041.3636 (WinBuild.160101.0800)</Data><Data Name='Description'>Windows host process (Rundll32)</Data><Data Name='Product'>Microsoft® Windows® Operating System</Data><Data Name='Company'>Microsoft Corporation</Data><Data Name='OriginalFileName'>RUNDLL32.EXE</Data><Data Name='CommandLine'>C:\Windows\System32\rundll32.exe C:\Windows\System32\shell32.dll,SHCreateLocalServerRunDll {9aa46009-3ce0-458a-a354-715610a075e6} -Embedding</Data><Data Name='CurrentDirectory'>C:\Windows\system32\</Data><Data Name='User'>WINDOWS\laaroussi imane</Data><Data Name='LogonGuid'>{064ad90c-f582-6aa2-b489-020000000000}</Data><Data Name='LogonId'>0x289b4</Data><Data Name='TerminalSessionId'>1</Data><Data Name='IntegrityLevel'>Medium</Data><Data Name='Hashes'>MD5=100F56A73211E0B2BCD076A55E6393FD,SHA256=00BE065F405E93233CC2F0012DEFDCBB1D6817B58969D5FFD9FD72FC4783C6F4,IMPHASH=4DB27267734D1576D75C991DC70F68AC</Data><Data Name='ParentProcessGuid'>{064ad90c-f57f-6aa2-0f00-000000000800}</Data><Data Name='ParentProcessId'>748</Data><Data Name='ParentImage'>C:\Windows\System32\svchost.exe</Data><Data Name='ParentCommandLine'>C:\Windows\system32\svchost.exe -k DcomLaunch -p</Data><Data Name='ParentUser'>AUTORITE NT\Système</Data></EventData></Event><Event xmlns='http://schemas.microsoft.com/win/2004/08/events/event'><System><Provider Name='Microsoft-Windows-Sysmon' Guid='{5770385f-c22a-43e0-bf4c-06f5698ffbd9}'/><EventID>1</EventID><Version>5</Version><Level>4</Level><Task>1</Task><Opcode>0</Opcode><Keywords>0x8000000000000000</Keywords><TimeCreated SystemTime='2026-09-10T20:51:51.2045252Z'/><EventRecordID>6903</EventRecordID><Correlation/><Execution ProcessID='2792' ThreadID='4944'/><Channel>Microsoft-Windows-Sysmon/Operational</Channel><Computer>windows</Computer><Security UserID='S-1-5-18'/></System><EventData><Data Name='RuleName'>-</Data><Data Name='UtcTime'>2026-09-10 20:51:51.195</Data><Data Name='ProcessGuid'>{064ad90c-1867-6aa3-cb03-000000000800}</Data><Data Name='ProcessId'>7992</Data><Data Name='Image'>C:\Users\laaroussi imane\AppData\Local\Microsoft\OneDrive\26.153.0809.0004\FileCoAuth.exe</Data><Data Name='FileVersion'>26.153.0809.0004</Data><Data Name='Description'>Microsoft OneDriveFile Co-Authoring Executable</Data><Data Name='Product'>Microsoft OneDrive</Data><Data Name='Company'>Microsoft Corporation</Data><Data Name='OriginalFileName'>FileCoAuth.exe</Data><Data Name='CommandLine'>"C:\Users\laaroussi imane\AppData\Local\Microsoft\OneDrive\26.153.0809.0004\FileCoAuth.exe" -Embedding</Data><Data Name='CurrentDirectory'>C:\Windows\system32\</Data><Data Name='User'>WINDOWS\laaroussi imane</Data><Data Name='LogonGuid'>{064ad90c-f582-6aa2-b489-020000000000}</Data><Data Name='LogonId'>0x289b4</Data><Data Name='TerminalSessionId'>1</Data><Data Name='IntegrityLevel'>Medium</Data><Data Name='Hashes'>MD5=5E8145D308B212B5959F9551CC7FA04F,SHA256=5FED90D661DF7600C18E78672DC8034C4CA76D519B824557ECDE369AAB658EBB,IMPHASH=4E22A9BC32C8AAC5582B71AF6DBE575A</Data><Data Name='ParentProcessGuid'>{064ad90c-f57f-6aa2-0f00-000000000800}</Data><Data Name='ParentProcessId'>748</Data><Data Name='ParentImage'>C:\Windows\System32\svchost.exe</Data><Data Name='ParentCommandLine'>C:\Windows\system32\svchost.exe -k DcomLaunch -p</Data><Data Name='ParentUser'>AUTORITE NT\Système</Data></EventData></Event><Event xmlns='http://schemas.microsoft.com/win/2004/08/events/event'><System><Provider Name='Microsoft-Windows-Sysmon' Guid='{5770385f-c22a-43e0-bf4c-06f5698ffbd9}'/><EventID>13</EventID><Version>2</Version><Level>4</Level><Task>13</Task><Opcode>0</Opcode><Keywords>0x8000000000000000</Keywords><TimeCreated SystemTime='2026-09-10T20:51:50.8351416Z'/><EventRecordID>6902</EventRecordID><Correlation/><Execution ProcessID='2792' ThreadID='4944'/><Channel>Microsoft-Windows-Sysmon/Operational</Channel><Computer>windows</Computer><Security UserID='S-1-5-18'/></System><EventData><Data Name='RuleName'>-</Data><Data Name='EventType'>SetValue</Data><Data Name='UtcTime'>2026-09-10 20:51:50.829</Data><Data Name='ProcessGuid'>{064ad90c-fd3b-6aa2-0d02-000000000800}</Data><Data Name='ProcessId'>600</Data><Data Name='Image'>C:\Windows\explorer.exe</Data><Data Name='TargetObject'>HKU\S-1-5-21-4280284601-1662467617-586389894-1000\SOFTWARE\Microsoft\Windows\CurrentVersion\Shell Extensions\Cached\{07CA83F0-DF06-4E67-89DD-E80924A49512} {AAEE03A7-A7F6-50BE-A9B0-8E82D0C81082} 0xFFFF</Data><Data Name='Details'>Binary Data</Data><Data Name='User'>WINDOWS\laaroussi imane</Data></EventData></Event><Event xmlns='http://schemas.microsoft.com/win/2004/08/events/event'><System><Provider Name='Microsoft-Windows-Sysmon' Guid='{5770385f-c22a-43e0-bf4c-06f5698ffbd9}'/><EventID>3</EventID><Version>5</Version><Level>4</Level><Task>3</Task><Opcode>0</Opcode><Keywords>0x8000000000000000</Keywords><TimeCreated SystemTime='2026-09-10T20:51:22.6721470Z'/><EventRecordID>6901</EventRecordID><Correlation/><Execution ProcessID='2792' ThreadID='3696'/><Channel>Microsoft-Windows-Sysmon/Operational</Channel><Computer>windows</Computer><Security UserID='S-1-5-18'/></System><EventData><Data Name='RuleName'>SSH</Data><Data Name='UtcTime'>2026-09-10 22:30:11.392</Data><Data Name='ProcessGuid'>{064ad90c-1848-6aa3-ca03-000000000800}</Data><Data Name='ProcessId'>5968</Data><Data Name='Image'>C:\Windows\System32\OpenSSH\ssh.exe</Data><Data Name='User'>WINDOWS\laaroussi imane</Data><Data Name='Protocol'>tcp</Data><Data Name='Initiated'>true</Data><Data Name='SourceIsIpv6'>false</Data><Data Name='SourceIp'>10.0.3.4</Data><Data Name='SourceHostname'>windows</Data><Data Name='SourcePort'>51181</Data><Data Name='SourcePortName'>-</Data><Data Name='DestinationIsIpv6'>false</Data><Data Name='DestinationIp'>10.0.3.20</Data><Data Name='DestinationHostname'>-</Data><Data Name='DestinationPort'>22</Data><Data Name='DestinationPortName'>ssh</Data></EventData></Event><Event xmlns='http://schemas.microsoft.com/win/2004/08/events/event'><System><Provider Name='Microsoft-Windows-Sysmon' Guid='{5770385f-c22a-43e0-bf4c-06f5698ffbd9}'/><EventID>1</EventID><Version>5</Version><Level>4</Level><Task>1</Task><Opcode>0</Opcode><Keywords>0x8000000000000000</Keywords><TimeCreated SystemTime='2026-09-10T20:51:20.5452621Z'/><EventRecordID>6900</EventRecordID><Correlation/><Execution ProcessID='2792' ThreadID='4944'/><Channel>Microsoft-Windows-Sysmon/Operational</Channel><Computer>windows</Computer><Security UserID='S-1-5-18'/></System><EventData><Data Name='RuleName'>-</Data><Data Name='UtcTime'>2026-09-10 20:51:20.537</Data><Data Name='ProcessGuid'>{064ad90c-1848-6aa3-ca03-000000000800}</Data><Data Name='ProcessId'>5968</Data><Data Name='Image'>C:\Windows\System32\OpenSSH\ssh.exe</Data><Data Name='FileVersion'>8.1.0.1</Data><Data Name='Description'>-</Data><Data Name='Product'>OpenSSH for Windows</Data><Data Name='Company'>-</Data><Data Name='OriginalFileName'>-</Data><Data Name='CommandLine'>"C:\Windows\System32\OpenSSH\ssh.exe" -x -oForwardAgent=no -oPermitLocalCommand=no -oClearAllForwardings=yes -oRemoteCommand=none -oRequestTTY=no -p 22 -l ubuntu -- 10.0.3.20 "scp -t ~/"</Data><Data Name='CurrentDirectory'>C:\Users\laaroussi imane\</Data><Data Name='User'>WINDOWS\laaroussi imane</Data><Data Name='LogonGuid'>{064ad90c-f582-6aa2-7b89-020000000000}</Data><Data Name='LogonId'>0x2897b</Data><Data Name='TerminalSessionId'>1</Data><Data Name='IntegrityLevel'>High</Data><Data Name='Hashes'>MD5=C05426E6F6DFB30FB78FBA874A2FF7DC,SHA256=722BEE41CCF54B88660C0E67ADEB2C9612C18D739E5A8EB8C35C3D7066A95871,IMPHASH=91C272778494F545A220F3E427777252</Data><Data Name='ParentProcessGuid'>{064ad90c-1848-6aa3-c903-000000000800}</Data><Data Name='ParentProcessId'>6116</Data><Data Name='ParentImage'>C:\Windows\System32\OpenSSH\scp.exe</Data><Data Name='ParentCommandLine'>"C:\Windows\System32\OpenSSH\scp.exe" -P 22 sysmon_logs.xml ubuntu@10.0.3.20:~/</Data><Data Name='ParentUser'>WINDOWS\laaroussi imane</Data></EventData></Event><Event xmlns='http://schemas.microsoft.com/win/2004/08/events/event'><System><Provider Name='Microsoft-Windows-Sysmon' Guid='{5770385f-c22a-43e0-bf4c-06f5698ffbd9}'/><EventID>1</EventID><Version>5</Version><Level>4</Level><Task>1</Task><Opcode>0</Opcode><Keywords>0x8000000000000000</Keywords><TimeCreated SystemTime='2026-09-10T20:51:20.5062423Z'/><EventRecordID>6899</EventRecordID><Correlation/><Execution ProcessID='2792' ThreadID='4944'/><Channel>Microsoft-Windows-Sysmon/Operational</Channel><Computer>windows</Computer><Security UserID='S-1-5-18'/></System><EventData><Data Name='RuleName'>-</Data><Data Name='UtcTime'>2026-09-10 20:51:20.500</Data><Data Name='ProcessGuid'>{064ad90c-1848-6aa3-c903-000000000800}</Data><Data Name='ProcessId'>6116</Data><Data Name='Image'>C:\Windows\System32\OpenSSH\scp.exe</Data><Data Name='FileVersion'>8.1.0.1</Data><Data Name='Description'>-</Data><Data Name='Product'>OpenSSH for Windows</Data><Data Name='Company'>-</Data><Data Name='OriginalFileName'>-</Data><Data Name='CommandLine'>"C:\Windows\System32\OpenSSH\scp.exe" -P 22 sysmon_logs.xml ubuntu@10.0.3.20:~/</Data><Data Name='CurrentDirectory'>C:\Users\laaroussi imane\</Data><Data Name='User'>WINDOWS\laaroussi imane</Data><Data Name='LogonGuid'>{064ad90c-f582-6aa2-7b89-020000000000}</Data><Data Name='LogonId'>0x2897b</Data><Data Name='TerminalSessionId'>1</Data><Data Name='IntegrityLevel'>High</Data><Data Name='Hashes'>MD5=FDDE3234FB7584F0C2A4C7FA8EBA6C19,SHA256=9F109CED3D575702764073BE91F83E46501DB38659C6192E76A30E219F7CA9AC,IMPHASH=A4F57D6713E7E00F3261DD5EF9B7549E</Data><Data Name='ParentProcessGuid'>{064ad90c-0be1-6aa3-1003-000000000800}</Data><Data Name='ParentProcessId'>1764</Data><Data Name='ParentImage'>C:\Windows\System32\WindowsPowerShell\v1.0\powershell.exe</Data><Data Name='ParentCommandLine'>"C:\Windows\System32\WindowsPowerShell\v1.0\powershell.exe" </Data><Data Name='ParentUser'>WINDOWS\laaroussi imane</Data></EventData></Event><Event xmlns='http://schemas.microsoft.com/win/2004/08/events/event'><System><Provider Name='Microsoft-Windows-Sysmon' Guid='{5770385f-c22a-43e0-bf4c-06f5698ffbd9}'/><EventID>1</EventID><Version>5</Version><Level>4</Level><Task>1</Task><Opcode>0</Opcode><Keywords>0x8000000000000000</Keywords><TimeCreated SystemTime='2026-09-10T20:50:32.1351515Z'/><EventRecordID>6898</EventRecordID><Correlation/><Execution ProcessID='2792' ThreadID='4944'/><Channel>Microsoft-Windows-Sysmon/Operational</Channel><Computer>windows</Computer><Security UserID='S-1-5-18'/></System><EventData><Data Name='RuleName'>-</Data><Data Name='UtcTime'>2026-09-10 20:50:32.126</Data><Data Name='ProcessGuid'>{064ad90c-1818-6aa3-c803-000000000800}</Data><Data Name='ProcessId'>4348</Data><Data Name='Image'>C:\Windows\System32\svchost.exe</Data><Data Name='FileVersion'>10.0.19041.3636 (WinBuild.160101.0800)</Data><Data Name='Description'>Host Process for Windows Services</Data><Data Name='Product'>Microsoft® Windows® Operating System</Data><Data Name='Company'>Microsoft Corporation</Data><Data Name='OriginalFileName'>svchost.exe</Data><Data Name='CommandLine'>C:\Windows\system32\svchost.exe -k netsvcs -p -s gpsvc</Data><Data Name='CurrentDirectory'>C:\Windows\system32\</Data><Data Name='User'>AUTORITE NT\Système</Data><Data Name='LogonGuid'>{064ad90c-f57e-6aa2-e703-000000000000}</Data><Data Name='LogonId'>0x3e7</Data><Data Name='TerminalSessionId'>0</Data><Data Name='IntegrityLevel'>System</Data><Data Name='Hashes'>MD5=145DCF6706EEEA5B066885EE17964C09,SHA256=F13DE58416730D210DAB465B242E9C949FB0A0245EEF45B07C381F0C6C8A43C3,IMPHASH=247B9220E5D9B720A82B2C8B5069AD69</Data><Data Name='ParentProcessGuid'>{064ad90c-f57e-6aa2-0b00-000000000800}</Data><Data Name='ParentProcessId'>616</Data><Data Name='ParentImage'>C:\Windows\System32\services.exe</Data><Data Name='ParentCommandLine'>C:\Windows\system32\services.exe</Data><Data Name='ParentUser'>AUTORITE NT\Système</Data></EventData></Event><Event xmlns='http://schemas.microsoft.com/win/2004/08/events/event'><System><Provider Name='Microsoft-Windows-Sysmon' Guid='{5770385f-c22a-43e0-bf4c-06f5698ffbd9}'/><EventID>3</EventID><Version>5</Version><Level>4</Level><Task>3</Task><Opcode>0</Opcode><Keywords>0x8000000000000000</Keywords><TimeCreated SystemTime='2026-09-10T20:46:46.4632852Z'/><EventRecordID>6897</EventRecordID><Correlation/><Execution ProcessID='2792' ThreadID='3696'/><Channel>Microsoft-Windows-Sysmon/Operational</Channel><Computer>windows</Computer><Security UserID='S-1-5-18'/></System><EventData><Data Name='RuleName'>SSH</Data><Data Name='UtcTime'>2026-09-10 22:25:36.189</Data><Data Name='ProcessGuid'>{064ad90c-1735-6aa3-c703-000000000800}</Data><Data Name='ProcessId'>1972</Data><Data Name='Image'>C:\Windows\System32\OpenSSH\ssh.exe</Data><Data Name='User'>WINDOWS\laaroussi imane</Data><Data Name='Protocol'>tcp</Data><Data Name='Initiated'>true</Data><Data Name='SourceIsIpv6'>false</Data><Data Name='SourceIp'>10.0.3.4</Data><Data Name='SourceHostname'>windows</Data><Data Name='SourcePort'>51179</Data><Data Name='SourcePortName'>-</Data><Data Name='DestinationIsIpv6'>false</Data><Data Name='DestinationIp'>10.0.3.20</Data><Data Name='DestinationHostname'>-</Data><Data Name='DestinationPort'>22</Data><Data Name='DestinationPortName'>ssh</Data></EventData></Event><Event xmlns='http://schemas.microsoft.com/win/2004/08/events/event'><System><Provider Name='Microsoft-Windows-Sysmon' Guid='{5770385f-c22a-43e0-bf4c-06f5698ffbd9}'/><EventID>1</EventID><Version>5</Version><Level>4</Level><Task>1</Task><Opcode>0</Opcode><Keywords>0x8000000000000000</Keywords><TimeCreated SystemTime='2026-09-10T20:46:45.3272714Z'/><EventRecordID>6896</EventRecordID><Correlation/><Execution ProcessID='2792' ThreadID='4944'/><Channel>Microsoft-Windows-Sysmon/Operational</Channel><Computer>windows</Computer><Security UserID='S-1-5-18'/></System><EventData><Data Name='RuleName'>-</Data><Data Name='UtcTime'>2026-09-10 20:46:45.301</Data><Data Name='ProcessGuid'>{064ad90c-1735-6aa3-c703-000000000800}</Data><Data Name='ProcessId'>1972</Data><Data Name='Image'>C:\Windows\System32\OpenSSH\ssh.exe</Data><Data Name='FileVersion'>8.1.0.1</Data><Data Name='Description'>-</Data><Data Name='Product'>OpenSSH for Windows</Data><Data Name='Company'>-</Data><Data Name='OriginalFileName'>-</Data><Data Name='CommandLine'>"C:\Windows\System32\OpenSSH\ssh.exe" -x -oForwardAgent=no -oPermitLocalCommand=no -oClearAllForwardings=yes -oRemoteCommand=none -oRequestTTY=no -p 22 -l ubuntu -- 10.0.3.20 "scp -t ~/"</Data><Data Name='CurrentDirectory'>C:\Windows\system32\</Data><Data Name='User'>WINDOWS\laaroussi imane</Data><Data Name='LogonGuid'>{064ad90c-f582-6aa2-7b89-020000000000}</Data><Data Name='LogonId'>0x2897b</Data><Data Name='TerminalSessionId'>1</Data><Data Name='IntegrityLevel'>High</Data><Data Name='Hashes'>MD5=C05426E6F6DFB30FB78FBA874A2FF7DC,SHA256=722BEE41CCF54B88660C0E67ADEB2C9612C18D739E5A8EB8C35C3D7066A95871,IMPHASH=91C272778494F545A220F3E427777252</Data><Data Name='ParentProcessGuid'>{064ad90c-1735-6aa3-c603-000000000800}</Data><Data Name='ParentProcessId'>2868</Data><Data Name='ParentImage'>C:\Windows\System32\OpenSSH\scp.exe</Data><Data Name='ParentCommandLine'>"C:\Windows\System32\OpenSSH\scp.exe" -P 22 sysmon_logs.xml ubuntu@10.0.3.20:~/</Data><Data Name='ParentUser'>WINDOWS\laaroussi imane</Data></EventData></Event><Event xmlns='http://schemas.microsoft.com/win/2004/08/events/event'><System><Provider Name='Microsoft-Windows-Sysmon' Guid='{5770385f-c22a-43e0-bf4c-06f5698ffbd9}'/><EventID>1</EventID><Version>5</Version><Level>4</Level><Task>1</Task><Opcode>0</Opcode><Keywords>0x8000000000000000</Keywords><TimeCreated SystemTime='2026-09-10T20:46:45.2480814Z'/><EventRecordID>6895</EventRecordID><Correlation/><Execution ProcessID='2792' ThreadID='4944'/><Channel>Microsoft-Windows-Sysmon/Operational</Channel><Computer>windows</Computer><Security UserID='S-1-5-18'/></System><EventData><Data Name='RuleName'>-</Data><Data Name='UtcTime'>2026-09-10 20:46:45.230</Data><Data Name='ProcessGuid'>{064ad90c-1735-6aa3-c603-000000000800}</Data><Data Name='ProcessId'>2868</Data><Data Name='Image'>C:\Windows\System32\OpenSSH\scp.exe</Data><Data Name='FileVersion'>8.1.0.1</Data><Data Name='Description'>-</Data><Data Name='Product'>OpenSSH for Windows</Data><Data Name='Company'>-</Data><Data Name='OriginalFileName'>-</Data><Data Name='CommandLine'>"C:\Windows\System32\OpenSSH\scp.exe" -P 22 sysmon_logs.xml ubuntu@10.0.3.20:~/</Data><Data Name='CurrentDirectory'>C:\Windows\system32\</Data><Data Name='User'>WINDOWS\laaroussi imane</Data><Data Name='LogonGuid'>{064ad90c-f582-6aa2-7b89-020000000000}</Data><Data Name='LogonId'>0x2897b</Data><Data Name='TerminalSessionId'>1</Data><Data Name='IntegrityLevel'>High</Data><Data Name='Hashes'>MD5=FDDE3234FB7584F0C2A4C7FA8EBA6C19,SHA256=9F109CED3D575702764073BE91F83E46501DB38659C6192E76A30E219F7CA9AC,IMPHASH=A4F57D6713E7E00F3261DD5EF9B7549E</Data><Data Name='ParentProcessGuid'>{064ad90c-0be1-6aa3-1003-000000000800}</Data><Data Name='ParentProcessId'>1764</Data><Data Name='ParentImage'>C:\Windows\System32\WindowsPowerShell\v1.0\powershell.exe</Data><Data Name='ParentCommandLine'>"C:\Windows\System32\WindowsPowerShell\v1.0\powershell.exe" </Data><Data Name='ParentUser'>WINDOWS\laaroussi imane</Data></EventData></Event><Event xmlns='http://schemas.microsoft.com/win/2004/08/events/event'><System><Provider Name='Microsoft-Windows-Sysmon' Guid='{5770385f-c22a-43e0-bf4c-06f5698ffbd9}'/><EventID>1</EventID><Version>5</Version><Level>4</Level><Task>1</Task><Opcode>0</Opcode><Keywords>0x8000000000000000</Keywords><TimeCreated SystemTime='2026-09-10T20:46:30.3064368Z'/><EventRecordID>6894</EventRecordID><Correlation/><Execution ProcessID='2792' ThreadID='4944'/><Channel>Microsoft-Windows-Sysmon/Operational</Channel><Computer>windows</Computer><Security UserID='S-1-5-18'/></System><EventData><Data Name='RuleName'>-</Data><Data Name='UtcTime'>2026-09-10 20:46:30.286</Data><Data Name='ProcessGuid'>{064ad90c-1726-6aa3-c503-000000000800}</Data><Data Name='ProcessId'>3196</Data><Data Name='Image'>C:\Windows\System32\OpenSSH\ssh.exe</Data><Data Name='FileVersion'>8.1.0.1</Data><Data Name='Description'>-</Data><Data Name='Product'>OpenSSH for Windows</Data><Data Name='Company'>-</Data><Data Name='OriginalFileName'>-</Data><Data Name='CommandLine'>"C:\Windows\System32\OpenSSH\ssh.exe" -x -oForwardAgent=no -oPermitLocalCommand=no -oClearAllForwardings=yes -oRemoteCommand=none -oRequestTTY=no -p 2222 -l ubuntu -- 10.0.3.20 "scp -t ~/"</Data><Data Name='CurrentDirectory'>C:\Windows\system32\</Data><Data Name='User'>WINDOWS\laaroussi imane</Data><Data Name='LogonGuid'>{064ad90c-f582-6aa2-7b89-020000000000}</Data><Data Name='LogonId'>0x2897b</Data><Data Name='TerminalSessionId'>1</Data><Data Name='IntegrityLevel'>High</Data><Data Name='Hashes'>MD5=C05426E6F6DFB30FB78FBA874A2FF7DC,SHA256=722BEE41CCF54B88660C0E67ADEB2C9612C18D739E5A8EB8C35C3D7066A95871,IMPHASH=91C272778494F545A220F3E427777252</Data><Data Name='ParentProcessGuid'>{064ad90c-1726-6aa3-c403-000000000800}</Data><Data Name='ParentProcessId'>8996</Data><Data Name='ParentImage'>C:\Windows\System32\OpenSSH\scp.exe</Data><Data Name='ParentCommandLine'>"C:\Windows\System32\OpenSSH\scp.exe" -P 2222 sysmon_logs.xml ubuntu@10.0.3.20:~/</Data><Data Name='ParentUser'>WINDOWS\laaroussi imane</Data></EventData></Event><Event xmlns='http://schemas.microsoft.com/win/2004/08/events/event'><System><Provider Name='Microsoft-Windows-Sysmon' Guid='{5770385f-c22a-43e0-bf4c-06f5698ffbd9}'/><EventID>1</EventID><Version>5</Version><Level>4</Level><Task>1</Task><Opcode>0</Opcode><Keywords>0x8000000000000000</Keywords><TimeCreated SystemTime='2026-09-10T20:46:30.2595417Z'/><EventRecordID>6893</EventRecordID><Correlation/><Execution ProcessID='2792' ThreadID='4944'/><Channel>Microsoft-Windows-Sysmon/Operational</Channel><Computer>windows</Computer><Security UserID='S-1-5-18'/></System><EventData><Data Name='RuleName'>-</Data><Data Name='UtcTime'>2026-09-10 20:46:30.253</Data><Data Name='ProcessGuid'>{064ad90c-1726-6aa3-c403-000000000800}</Data><Data Name='ProcessId'>8996</Data><Data Name='Image'>C:\Windows\System32\OpenSSH\scp.exe</Data><Data Name='FileVersion'>8.1.0.1</Data><Data Name='Description'>-</Data><Data Name='Product'>OpenSSH for Windows</Data><Data Name='Company'>-</Data><Data Name='OriginalFileName'>-</Data><Data Name='CommandLine'>"C:\Windows\System32\OpenSSH\scp.exe" -P 2222 sysmon_logs.xml ubuntu@10.0.3.20:~/</Data><Data Name='CurrentDirectory'>C:\Windows\system32\</Data><Data Name='User'>WINDOWS\laaroussi imane</Data><Data Name='LogonGuid'>{064ad90c-f582-6aa2-7b89-020000000000}</Data><Data Name='LogonId'>0x2897b</Data><Data Name='TerminalSessionId'>1</Data><Data Name='IntegrityLevel'>High</Data><Data Name='Hashes'>MD5=FDDE3234FB7584F0C2A4C7FA8EBA6C19,SHA256=9F109CED3D575702764073BE91F83E46501DB38659C6192E76A30E219F7CA9AC,IMPHASH=A4F57D6713E7E00F3261DD5EF9B7549E</Data><Data Name='ParentProcessGuid'>{064ad90c-0be1-6aa3-1003-000000000800}</Data><Data Name='ParentProcessId'>1764</Data><Data Name='ParentImage'>C:\Windows\System32\WindowsPowerShell\v1.0\powershell.exe</Data><Data Name='ParentCommandLine'>"C:\Windows\System32\WindowsPowerShell\v1.0\powershell.exe" </Data><Data Name='ParentUser'>WINDOWS\laaroussi imane</Data></EventData></Event><Event xmlns='http://schemas.microsoft.com/win/2004/08/events/event'><System><Provider Name='Microsoft-Windows-Sysmon' Guid='{5770385f-c22a-43e0-bf4c-06f5698ffbd9}'/><EventID>1</EventID><Version>5</Version><Level>4</Level><Task>1</Task><Opcode>0</Opcode><Keywords>0x8000000000000000</Keywords><TimeCreated SystemTime='2026-09-10T20:46:07.8261278Z'/><EventRecordID>6892</EventRecordID><Correlation/><Execution ProcessID='2792' ThreadID='4944'/><Channel>Microsoft-Windows-Sysmon/Operational</Channel><Computer>windows</Computer><Security UserID='S-1-5-18'/></System><EventData><Data Name='RuleName'>-</Data><Data Name='UtcTime'>2026-09-10 20:46:07.790</Data><Data Name='ProcessGuid'>{064ad90c-170f-6aa3-c303-000000000800}</Data><Data Name='ProcessId'>8456</Data><Data Name='Image'>C:\Windows\System32\OpenSSH\ssh.exe</Data><Data Name='FileVersion'>8.1.0.1</Data><Data Name='Description'>-</Data><Data Name='Product'>OpenSSH for Windows</Data><Data Name='Company'>-</Data><Data Name='OriginalFileName'>-</Data><Data Name='CommandLine'>"C:\Windows\System32\OpenSSH\ssh.exe" -x -oForwardAgent=no -oPermitLocalCommand=no -oClearAllForwardings=yes -oRemoteCommand=none -oRequestTTY=no -p 2222 -l ubuntu -- 127.0.0.1 "scp -t ~/"</Data><Data Name='CurrentDirectory'>C:\Windows\system32\</Data><Data Name='User'>WINDOWS\laaroussi imane</Data><Data Name='LogonGuid'>{064ad90c-f582-6aa2-7b89-020000000000}</Data><Data Name='LogonId'>0x2897b</Data><Data Name='TerminalSessionId'>1</Data><Data Name='IntegrityLevel'>High</Data><Data Name='Hashes'>MD5=C05426E6F6DFB30FB78FBA874A2FF7DC,SHA256=722BEE41CCF54B88660C0E67ADEB2C9612C18D739E5A8EB8C35C3D7066A95871,IMPHASH=91C272778494F545A220F3E427777252</Data><Data Name='ParentProcessGuid'>{064ad90c-170f-6aa3-c203-000000000800}</Data><Data Name='ParentProcessId'>4372</Data><Data Name='ParentImage'>C:\Windows\System32\OpenSSH\scp.exe</Data><Data Name='ParentCommandLine'>"C:\Windows\System32\OpenSSH\scp.exe" -P 2222 sysmon_logs.xml ubuntu@127.0.0.1:~/</Data><Data Name='ParentUser'>WINDOWS\laaroussi imane</Data></EventData></Event><Event xmlns='http://schemas.microsoft.com/win/2004/08/events/event'><System><Provider Name='Microsoft-Windows-Sysmon' Guid='{5770385f-c22a-43e0-bf4c-06f5698ffbd9}'/><EventID>1</EventID><Version>5</Version><Level>4</Level><Task>1</Task><Opcode>0</Opcode><Keywords>0x8000000000000000</Keywords><TimeCreated SystemTime='2026-09-10T20:46:07.7164779Z'/><EventRecordID>6891</EventRecordID><Correlation/><Execution ProcessID='2792' ThreadID='4944'/><Channel>Microsoft-Windows-Sysmon/Operational</Channel><Computer>windows</Computer><Security UserID='S-1-5-18'/></System><EventData><Data Name='RuleName'>-</Data><Data Name='UtcTime'>2026-09-10 20:46:07.691</Data><Data Name='ProcessGuid'>{064ad90c-170f-6aa3-c203-000000000800}</Data><Data Name='ProcessId'>4372</Data><Data Name='Image'>C:\Windows\System32\OpenSSH\scp.exe</Data><Data Name='FileVersion'>8.1.0.1</Data><Data Name='Description'>-</Data><Data Name='Product'>OpenSSH for Windows</Data><Data Name='Company'>-</Data><Data Name='OriginalFileName'>-</Data><Data Name='CommandLine'>"C:\Windows\System32\OpenSSH\scp.exe" -P 2222 sysmon_logs.xml ubuntu@127.0.0.1:~/</Data><Data Name='CurrentDirectory'>C:\Windows\system32\</Data><Data Name='User'>WINDOWS\laaroussi imane</Data><Data Name='LogonGuid'>{064ad90c-f582-6aa2-7b89-020000000000}</Data><Data Name='LogonId'>0x2897b</Data><Data Name='TerminalSessionId'>1</Data><Data Name='IntegrityLevel'>High</Data><Data Name='Hashes'>MD5=FDDE3234FB7584F0C2A4C7FA8EBA6C19,SHA256=9F109CED3D575702764073BE91F83E46501DB38659C6192E76A30E219F7CA9AC,IMPHASH=A4F57D6713E7E00F3261DD5EF9B7549E</Data><Data Name='ParentProcessGuid'>{064ad90c-0be1-6aa3-1003-000000000800}</Data><Data Name='ParentProcessId'>1764</Data><Data Name='ParentImage'>C:\Windows\System32\WindowsPowerShell\v1.0\powershell.exe</Data><Data Name='ParentCommandLine'>"C:\Windows\System32\WindowsPowerShell\v1.0\powershell.exe" </Data><Data Name='ParentUser'>WINDOWS\laaroussi imane</Data></EventData></Event><Event xmlns='http://schemas.microsoft.com/win/2004/08/events/event'><System><Provider Name='Microsoft-Windows-Sysmon' Guid='{5770385f-c22a-43e0-bf4c-06f5698ffbd9}'/><EventID>13</EventID><Version>2</Version><Level>4</Level><Task>13</Task><Opcode>0</Opcode><Keywords>0x8000000000000000</Keywords><TimeCreated SystemTime='2026-09-10T20:44:19.8747664Z'/><EventRecordID>6890</EventRecordID><Correlation/><Execution ProcessID='2792' ThreadID='4944'/><Channel>Microsoft-Windows-Sysmon/Operational</Channel><Computer>windows</Computer><Security UserID='S-1-5-18'/></System><EventData><Data Name='RuleName'>InvDB</Data><Data Name='EventType'>SetValue</Data><Data Name='UtcTime'>2026-09-10 20:44:19.870</Data><Data Name='ProcessGuid'>{064ad90c-f58d-6aa2-7800-000000000800}</Data><Data Name='ProcessId'>6192</Data><Data Name='Image'>C:\Windows\system32\svchost.exe</Data><Data Name='TargetObject'>HKU\S-1-5-21-4280284601-1662467617-586389894-1000\SOFTWARE\Microsoft\Windows NT\CurrentVersion\AppCompatFlags\Compatibility Assistant\Store\C:\Program Files\Wireshark\Wireshark.exe</Data><Data Name='Details'>Binary Data</Data><Data Name='User'>AUTORITE NT\Système</Data></EventData></Event><Event xmlns='http://schemas.microsoft.com/win/2004/08/events/event'><System><Provider Name='Microsoft-Windows-Sysmon' Guid='{5770385f-c22a-43e0-bf4c-06f5698ffbd9}'/><EventID>1</EventID><Version>5</Version><Level>4</Level><Task>1</Task><Opcode>0</Opcode><Keywords>0x8000000000000000</Keywords><TimeCreated SystemTime='2026-09-10T21:15:14.1523665Z'/><EventRecordID>6889</EventRecordID><Correlation/><Execution ProcessID='2792' ThreadID='4944'/><Channel>Microsoft-Windows-Sysmon/Operational</Channel><Computer>windows</Computer><Security UserID='S-1-5-18'/></System><EventData><Data Name='RuleName'>-</Data><Data Name='UtcTime'>2026-09-10 21:15:14.143</Data><Data Name='ProcessGuid'>{064ad90c-1de2-6aa3-c003-000000000800}</Data><Data Name='ProcessId'>7580</Data><Data Name='Image'>C:\Program Files\Wireshark\extcap\etwdump.exe</Data><Data Name='FileVersion'>4.6.8</Data><Data Name='Description'>etwdump</Data><Data Name='Product'>etwdump</Data><Data Name='Company'>The Wireshark developer community</Data><Data Name='OriginalFileName'>etwdump.exe</Data><Data Name='CommandLine'>"C:\Program Files\Wireshark\extcap\etwdump.exe" --extcap-config --extcap-interface etwdump</Data><Data Name='CurrentDirectory'>C:\Program Files\Wireshark\extcap\</Data><Data Name='User'>WINDOWS\laaroussi imane</Data><Data Name='LogonGuid'>{064ad90c-f582-6aa2-b489-020000000000}</Data><Data Name='LogonId'>0x289b4</Data><Data Name='TerminalSessionId'>1</Data><Data Name='IntegrityLevel'>Medium</Data><Data Name='Hashes'>MD5=5EBC1480E33D7F000D4AD65D4607735B,SHA256=D1D88E16A030305E10003921319A2F4D343A0EBA1C12D2B702F2B49F58107938,IMPHASH=AF7F22CE8F8EB522D13C841D7BE2DDEB</Data><Data Name='ParentProcessGuid'>{064ad90c-1de1-6aa3-bd03-000000000800}</Data><Data Name='ParentProcessId'>5216</Data><Data Name='ParentImage'>C:\Program Files\Wireshark\Wireshark.exe</Data><Data Name='ParentCommandLine'>"C:\Program Files\Wireshark\Wireshark.exe" "C:\Users\laaroussi imane\Desktop\wireshark-log.pcap"</Data><Data Name='ParentUser'>WINDOWS\laaroussi imane</Data></EventData></Event><Event xmlns='http://schemas.microsoft.com/win/2004/08/events/event'><System><Provider Name='Microsoft-Windows-Sysmon' Guid='{5770385f-c22a-43e0-bf4c-06f5698ffbd9}'/><EventID>1</EventID><Version>5</Version><Level>4</Level><Task>1</Task><Opcode>0</Opcode><Keywords>0x8000000000000000</Keywords><TimeCreated SystemTime='2026-09-10T21:15:14.0337050Z'/><EventRecordID>6888</EventRecordID><Correlation/><Execution ProcessID='2792' ThreadID='4944'/><Channel>Microsoft-Windows-Sysmon/Operational</Channel><Computer>windows</Computer><Security UserID='S-1-5-18'/></System><EventData><Data Name='RuleName'>-</Data><Data Name='UtcTime'>2026-09-10 21:15:14.026</Data><Data Name='ProcessGuid'>{064ad90c-1de2-6aa3-be03-000000000800}</Data><Data Name='ProcessId'>5112</Data><Data Name='Image'>C:\Program Files\Wireshark\extcap\etwdump.exe</Data><Data Name='FileVersion'>4.6.8</Data><Data Name='Description'>etwdump</Data><Data Name='Product'>etwdump</Data><Data Name='Company'>The Wireshark developer community</Data><Data Name='OriginalFileName'>etwdump.exe</Data><Data Name='CommandLine'>"C:\Program Files\Wireshark\extcap\etwdump.exe" --extcap-interfaces --extcap-version=4.6</Data><Data Name='CurrentDirectory'>C:\Program Files\Wireshark\extcap\</Data><Data Name='User'>WINDOWS\laaroussi imane</Data><Data Name='LogonGuid'>{064ad90c-f582-6aa2-b489-020000000000}</Data><Data Name='LogonId'>0x289b4</Data><Data Name='TerminalSessionId'>1</Data><Data Name='IntegrityLevel'>Medium</Data><Data Name='Hashes'>MD5=5EBC1480E33D7F000D4AD65D4607735B,SHA256=D1D88E16A030305E10003921319A2F4D343A0EBA1C12D2B702F2B49F58107938,IMPHASH=AF7F22CE8F8EB522D13C841D7BE2DDEB</Data><Data Name='ParentProcessGuid'>{064ad90c-1de1-6aa3-bd03-000000000800}</Data><Data Name='ParentProcessId'>5216</Data><Data Name='ParentImage'>C:\Program Files\Wireshark\Wireshark.exe</Data><Data Name='ParentCommandLine'>"C:\Program Files\Wireshark\Wireshark.exe" "C:\Users\laaroussi imane\Desktop\wireshark-log.pcap"</Data><Data Name='ParentUser'>WINDOWS\laaroussi imane</Data></EventData></Event>