<Event xmlns='http://schemas.microsoft.com/win/2004/08/events/event'><System><Provider Name='Microsoft-Windows-Sysmon' Guid='{5770385f-c22a-43e0-bf4c-06f5698ffbd9}'/><EventID>11</EventID><Version>2</Version><Level>4</Level><Task>11</Task><Opcode>0</Opcode><Keywords>0x8000000000000000</Keywords><TimeCreated SystemTime='2026-09-10T20:12:15.6715538Z'/><EventRecordID>6444</EventRecordID><Correlation/><Execution ProcessID='2792' ThreadID='4944'/><Channel>Microsoft-Windows-Sysmon/Operational</Channel><Computer>windows</Computer><Security UserID='S-1-5-18'/></System><EventData><Data Name='RuleName'>DLL</Data><Data Name='UtcTime'>2026-09-10 20:12:15.657</Data><Data Name='ProcessGuid'>{064ad90c-0ca9-6aa3-5f02-000000000800}</Data><Data Name='ProcessId'>8252</Data><Data Name='Image'>C:\Windows\system32\svchost.exe</Data><Data Name='TargetFilename'>C:\Program Files\WindowsApps\Microsoft.MicrosoftOfficeHub_19.2609.37021.0_x64__8wekyb3d8bbwe\CopilotNative.Core.dll</Data><Data Name='CreationUtcTime'>2026-09-10 20:12:15.657</Data><Data Name='User'>AUTORITE NT\Système</Data></EventData></Event><Event xmlns='http://schemas.microsoft.com/win/2004/08/events/event'><System><Provider Name='Microsoft-Windows-Sysmon' Guid='{5770385f-c22a-43e0-bf4c-06f5698ffbd9}'/><EventID>11</EventID><Version>2</Version><Level>4</Level><Task>11</Task><Opcode>0</Opcode><Keywords>0x8000000000000000</Keywords><TimeCreated SystemTime='2026-09-10T20:12:15.6711822Z'/><EventRecordID>6443</EventRecordID><Correlation/><Execution ProcessID='2792' ThreadID='4944'/><Channel>Microsoft-Windows-Sysmon/Operational</Channel><Computer>windows</Computer><Security UserID='S-1-5-18'/></System><EventData><Data Name='RuleName'>DLL</Data><Data Name='UtcTime'>2026-09-10 20:12:15.657</Data><Data Name='ProcessGuid'>{064ad90c-0ca9-6aa3-5f02-000000000800}</Data><Data Name='ProcessId'>8252</Data><Data Name='Image'>C:\Windows\system32\svchost.exe</Data><Data Name='TargetFilename'>C:\Program Files\WindowsApps\Microsoft.MicrosoftOfficeHub_19.2609.37021.0_x64__8wekyb3d8bbwe\CopilotNative.Core.Audio.dll</Data><Data Name='CreationUtcTime'>2026-09-10 20:12:15.657</Data><Data Name='User'>AUTORITE NT\Système</Data></EventData></Event><Event xmlns='http://schemas.microsoft.com/win/2004/08/events/event'><System><Provider Name='Microsoft-Windows-Sysmon' Guid='{5770385f-c22a-43e0-bf4c-06f5698ffbd9}'/><EventID>11</EventID><Version>2</Version><Level>4</Level><Task>11</Task><Opcode>0</Opcode><Keywords>0x8000000000000000</Keywords><TimeCreated SystemTime='2026-09-10T20:12:15.6703000Z'/><EventRecordID>6442</EventRecordID><Correlation/><Execution ProcessID='2792' ThreadID='4944'/><Channel>Microsoft-Windows-Sysmon/Operational</Channel><Computer>windows</Computer><Security UserID='S-1-5-18'/></System><EventData><Data Name='RuleName'>DLL</Data><Data Name='UtcTime'>2026-09-10 20:12:15.657</Data><Data Name='ProcessGuid'>{064ad90c-0ca9-6aa3-5f02-000000000800}</Data><Data Name='ProcessId'>8252</Data><Data Name='Image'>C:\Windows\system32\svchost.exe</Data><Data Name='TargetFilename'>C:\Program Files\WindowsApps\Microsoft.MicrosoftOfficeHub_19.2609.37021.0_x64__8wekyb3d8bbwe\concrt140.dll</Data><Data Name='CreationUtcTime'>2026-09-10 20:12:15.657</Data><Data Name='User'>AUTORITE NT\Système</Data></EventData></Event><Event xmlns='http://schemas.microsoft.com/win/2004/08/events/event'><System><Provider Name='Microsoft-Windows-Sysmon' Guid='{5770385f-c22a-43e0-bf4c-06f5698ffbd9}'/><EventID>11</EventID><Version>2</Version><Level>4</Level><Task>11</Task><Opcode>0</Opcode><Keywords>0x8000000000000000</Keywords><TimeCreated SystemTime='2026-09-10T20:12:15.6679873Z'/><EventRecordID>6441</EventRecordID><Correlation/><Execution ProcessID='2792' ThreadID='4944'/><Channel>Microsoft-Windows-Sysmon/Operational</Channel><Computer>windows</Computer><Security UserID='S-1-5-18'/></System><EventData><Data Name='RuleName'>DLL</Data><Data Name='UtcTime'>2026-09-10 20:12:15.657</Data><Data Name='ProcessGuid'>{064ad90c-0ca9-6aa3-5f02-000000000800}</Data><Data Name='ProcessId'>8252</Data><Data Name='Image'>C:\Windows\system32\svchost.exe</Data><Data Name='TargetFilename'>C:\Program Files\WindowsApps\Microsoft.MicrosoftOfficeHub_19.2609.37021.0_x64__8wekyb3d8bbwe\brotlienc.dll</Data><Data Name='CreationUtcTime'>2026-09-10 20:12:15.657</Data><Data Name='User'>AUTORITE NT\Système</Data></EventData></Event><Event xmlns='http://schemas.microsoft.com/win/2004/08/events/event'><System><Provider Name='Microsoft-Windows-Sysmon' Guid='{5770385f-c22a-43e0-bf4c-06f5698ffbd9}'/><EventID>11</EventID><Version>2</Version><Level>4</Level><Task>11</Task><Opcode>0</Opcode><Keywords>0x8000000000000000</Keywords><TimeCreated SystemTime='2026-09-10T20:12:15.6674715Z'/><EventRecordID>6440</EventRecordID><Correlation/><Execution ProcessID='2792' ThreadID='4944'/><Channel>Microsoft-Windows-Sysmon/Operational</Channel><Computer>windows</Computer><Security UserID='S-1-5-18'/></System><EventData><Data Name='RuleName'>DLL</Data><Data Name='UtcTime'>2026-09-10 20:12:15.657</Data><Data Name='ProcessGuid'>{064ad90c-0ca9-6aa3-5f02-000000000800}</Data><Data Name='ProcessId'>8252</Data><Data Name='Image'>C:\Windows\system32\svchost.exe</Data><Data Name='TargetFilename'>C:\Program Files\WindowsApps\Microsoft.MicrosoftOfficeHub_19.2609.37021.0_x64__8wekyb3d8bbwe\brotlidec.dll</Data><Data Name='CreationUtcTime'>2026-09-10 20:12:15.657</Data><Data Name='User'>AUTORITE NT\Système</Data></EventData></Event><Event xmlns='http://schemas.microsoft.com/win/2004/08/events/event'><System><Provider Name='Microsoft-Windows-Sysmon' Guid='{5770385f-c22a-43e0-bf4c-06f5698ffbd9}'/><EventID>11</EventID><Version>2</Version><Level>4</Level><Task>11</Task><Opcode>0</Opcode><Keywords>0x8000000000000000</Keywords><TimeCreated SystemTime='2026-09-10T20:12:15.6668772Z'/><EventRecordID>6439</EventRecordID><Correlation/><Execution ProcessID='2792' ThreadID='4944'/><Channel>Microsoft-Windows-Sysmon/Operational</Channel><Computer>windows</Computer><Security UserID='S-1-5-18'/></System><EventData><Data Name='RuleName'>DLL</Data><Data Name='UtcTime'>2026-09-10 20:12:15.657</Data><Data Name='ProcessGuid'>{064ad90c-0ca9-6aa3-5f02-000000000800}</Data><Data Name='ProcessId'>8252</Data><Data Name='Image'>C:\Windows\system32\svchost.exe</Data><Data Name='TargetFilename'>C:\Program Files\WindowsApps\Microsoft.MicrosoftOfficeHub_19.2609.37021.0_x64__8wekyb3d8bbwe\brotlicommon.dll</Data><Data Name='CreationUtcTime'>2026-09-10 20:12:15.657</Data><Data Name='User'>AUTORITE NT\Système</Data></EventData></Event><Event xmlns='http://schemas.microsoft.com/win/2004/08/events/event'><System><Provider Name='Microsoft-Windows-Sysmon' Guid='{5770385f-c22a-43e0-bf4c-06f5698ffbd9}'/><EventID>11</EventID><Version>2</Version><Level>4</Level><Task>11</Task><Opcode>0</Opcode><Keywords>0x8000000000000000</Keywords><TimeCreated SystemTime='2026-09-10T20:12:15.6587196Z'/><EventRecordID>6438</EventRecordID><Correlation/><Execution ProcessID='2792' ThreadID='4944'/><Channel>Microsoft-Windows-Sysmon/Operational</Channel><Computer>windows</Computer><Security UserID='S-1-5-18'/></System><EventData><Data Name='RuleName'>DLL</Data><Data Name='UtcTime'>2026-09-10 20:12:15.657</Data><Data Name='ProcessGuid'>{064ad90c-0ca9-6aa3-5f02-000000000800}</Data><Data Name='ProcessId'>8252</Data><Data Name='Image'>C:\Windows\system32\svchost.exe</Data><Data Name='TargetFilename'>C:\Program Files\WindowsApps\Microsoft.MicrosoftOfficeHub_19.2609.37021.0_x64__8wekyb3d8bbwe\Azure.Core.dll</Data><Data Name='CreationUtcTime'>2026-09-10 20:12:15.657</Data><Data Name='User'>AUTORITE NT\Système</Data></EventData></Event><Event xmlns='http://schemas.microsoft.com/win/2004/08/events/event'><System><Provider Name='Microsoft-Windows-Sysmon' Guid='{5770385f-c22a-43e0-bf4c-06f5698ffbd9}'/><EventID>11</EventID><Version>2</Version><Level>4</Level><Task>11</Task><Opcode>0</Opcode><Keywords>0x8000000000000000</Keywords><TimeCreated SystemTime='2026-09-10T20:12:15.6464708Z'/><EventRecordID>6437</EventRecordID><Correlation/><Execution ProcessID='2792' ThreadID='4944'/><Channel>Microsoft-Windows-Sysmon/Operational</Channel><Computer>windows</Computer><Security UserID='S-1-5-18'/></System><EventData><Data Name='RuleName'>DLL</Data><Data Name='UtcTime'>2026-09-10 20:12:15.641</Data><Data Name='ProcessGuid'>{064ad90c-0ca9-6aa3-5f02-000000000800}</Data><Data Name='ProcessId'>8252</Data><Data Name='Image'>C:\Windows\system32\svchost.exe</Data><Data Name='TargetFilename'>C:\Program Files\WindowsApps\Microsoft.MicrosoftOfficeHub_19.2609.37021.0_x64__8wekyb3d8bbwe\ACSCallingShared.dll</Data><Data Name='CreationUtcTime'>2026-09-10 20:12:15.641</Data><Data Name='User'>AUTORITE NT\Système</Data></EventData></Event><Event xmlns='http://schemas.microsoft.com/win/2004/08/events/event'><System><Provider Name='Microsoft-Windows-Sysmon' Guid='{5770385f-c22a-43e0-bf4c-06f5698ffbd9}'/><EventID>11</EventID><Version>2</Version><Level>4</Level><Task>11</Task><Opcode>0</Opcode><Keywords>0x8000000000000000</Keywords><TimeCreated SystemTime='2026-09-10T20:12:05.3829053Z'/><EventRecordID>6436</EventRecordID><Correlation/><Execution ProcessID='2792' ThreadID='4944'/><Channel>Microsoft-Windows-Sysmon/Operational</Channel><Computer>windows</Computer><Security UserID='S-1-5-18'/></System><EventData><Data Name='RuleName'>EXE</Data><Data Name='UtcTime'>2026-09-10 20:12:05.375</Data><Data Name='ProcessGuid'>{064ad90c-0ca9-6aa3-5f02-000000000800}</Data><Data Name='ProcessId'>8252</Data><Data Name='Image'>C:\Windows\system32\svchost.exe</Data><Data Name='TargetFilename'>C:\Users\laaroussi imane\AppData\Local\Microsoft\WindowsApps\Microsoft.DesktopAppInstaller_8wekyb3d8bbwe\winget.exe</Data><Data Name='CreationUtcTime'>2026-09-10 20:12:05.375</Data><Data Name='User'>AUTORITE NT\Système</Data></EventData></Event><Event xmlns='http://schemas.microsoft.com/win/2004/08/events/event'><System><Provider Name='Microsoft-Windows-Sysmon' Guid='{5770385f-c22a-43e0-bf4c-06f5698ffbd9}'/><EventID>11</EventID><Version>2</Version><Level>4</Level><Task>11</Task><Opcode>0</Opcode><Keywords>0x8000000000000000</Keywords><TimeCreated SystemTime='2026-09-10T20:12:05.3822635Z'/><EventRecordID>6435</EventRecordID><Correlation/><Execution ProcessID='2792' ThreadID='4944'/><Channel>Microsoft-Windows-Sysmon/Operational</Channel><Computer>windows</Computer><Security UserID='S-1-5-18'/></System><EventData><Data Name='RuleName'>EXE</Data><Data Name='UtcTime'>2026-09-10 20:12:05.375</Data><Data Name='ProcessGuid'>{064ad90c-0ca9-6aa3-5f02-000000000800}</Data><Data Name='ProcessId'>8252</Data><Data Name='Image'>C:\Windows\system32\svchost.exe</Data><Data Name='TargetFilename'>C:\Users\laaroussi imane\AppData\Local\Microsoft\WindowsApps\winget.exe</Data><Data Name='CreationUtcTime'>2026-09-10 20:12:05.375</Data><Data Name='User'>AUTORITE NT\Système</Data></EventData></Event><Event xmlns='http://schemas.microsoft.com/win/2004/08/events/event'><System><Provider Name='Microsoft-Windows-Sysmon' Guid='{5770385f-c22a-43e0-bf4c-06f5698ffbd9}'/><EventID>11</EventID><Version>2</Version><Level>4</Level><Task>11</Task><Opcode>0</Opcode><Keywords>0x8000000000000000</Keywords><TimeCreated SystemTime='2026-09-10T20:12:05.3778319Z'/><EventRecordID>6434</EventRecordID><Correlation/><Execution ProcessID='2792' ThreadID='4944'/><Channel>Microsoft-Windows-Sysmon/Operational</Channel><Computer>windows</Computer><Security UserID='S-1-5-18'/></System><EventData><Data Name='RuleName'>EXE</Data><Data Name='UtcTime'>2026-09-10 20:12:05.375</Data><Data Name='ProcessGuid'>{064ad90c-0ca9-6aa3-5f02-000000000800}</Data><Data Name='ProcessId'>8252</Data><Data Name='Image'>C:\Windows\system32\svchost.exe</Data><Data Name='TargetFilename'>C:\Users\laaroussi imane\AppData\Local\Microsoft\WindowsApps\Microsoft.DesktopAppInstaller_8wekyb3d8bbwe\WindowsPackageManagerServer.exe</Data><Data Name='CreationUtcTime'>2026-09-10 20:12:05.375</Data><Data Name='User'>AUTORITE NT\Système</Data></EventData></Event><Event xmlns='http://schemas.microsoft.com/win/2004/08/events/event'><System><Provider Name='Microsoft-Windows-Sysmon' Guid='{5770385f-c22a-43e0-bf4c-06f5698ffbd9}'/><EventID>11</EventID><Version>2</Version><Level>4</Level><Task>11</Task><Opcode>0</Opcode><Keywords>0x8000000000000000</Keywords><TimeCreated SystemTime='2026-09-10T20:12:05.3767314Z'/><EventRecordID>6433</EventRecordID><Correlation/><Execution ProcessID='2792' ThreadID='4944'/><Channel>Microsoft-Windows-Sysmon/Operational</Channel><Computer>windows</Computer><Security UserID='S-1-5-18'/></System><EventData><Data Name='RuleName'>EXE</Data><Data Name='UtcTime'>2026-09-10 20:12:05.375</Data><Data Name='ProcessGuid'>{064ad90c-0ca9-6aa3-5f02-000000000800}</Data><Data Name='ProcessId'>8252</Data><Data Name='Image'>C:\Windows\system32\svchost.exe</Data><Data Name='TargetFilename'>C:\Users\laaroussi imane\AppData\Local\Microsoft\WindowsApps\WindowsPackageManagerServer.exe</Data><Data Name='CreationUtcTime'>2026-09-10 20:12:05.375</Data><Data Name='User'>AUTORITE NT\Système</Data></EventData></Event><Event xmlns='http://schemas.microsoft.com/win/2004/08/events/event'><System><Provider Name='Microsoft-Windows-Sysmon' Guid='{5770385f-c22a-43e0-bf4c-06f5698ffbd9}'/><EventID>11</EventID><Version>2</Version><Level>4</Level><Task>11</Task><Opcode>0</Opcode><Keywords>0x8000000000000000</Keywords><TimeCreated SystemTime='2026-09-10T20:12:05.3721496Z'/><EventRecordID>6432</EventRecordID><Correlation/><Execution ProcessID='2792' ThreadID='4944'/><Channel>Microsoft-Windows-Sysmon/Operational</Channel><Computer>windows</Computer><Security UserID='S-1-5-18'/></System><EventData><Data Name='RuleName'>EXE</Data><Data Name='UtcTime'>2026-09-10 20:12:05.358</Data><Data Name='ProcessGuid'>{064ad90c-0ca9-6aa3-5f02-000000000800}</Data><Data Name='ProcessId'>8252</Data><Data Name='Image'>C:\Windows\system32\svchost.exe</Data><Data Name='TargetFilename'>C:\Users\laaroussi imane\AppData\Local\Microsoft\WindowsApps\Microsoft.DesktopAppInstaller_8wekyb3d8bbwe\WindowsPackageManagerMCPServer.exe</Data><Data Name='CreationUtcTime'>2026-09-10 20:12:05.358</Data><Data Name='User'>AUTORITE NT\Système</Data></EventData></Event><Event xmlns='http://schemas.microsoft.com/win/2004/08/events/event'><System><Provider Name='Microsoft-Windows-Sysmon' Guid='{5770385f-c22a-43e0-bf4c-06f5698ffbd9}'/><EventID>11</EventID><Version>2</Version><Level>4</Level><Task>11</Task><Opcode>0</Opcode><Keywords>0x8000000000000000</Keywords><TimeCreated SystemTime='2026-09-10T20:12:05.3715050Z'/><EventRecordID>6431</EventRecordID><Correlation/><Execution ProcessID='2792' ThreadID='4944'/><Channel>Microsoft-Windows-Sysmon/Operational</Channel><Computer>windows</Computer><Security UserID='S-1-5-18'/></System><EventData><Data Name='RuleName'>EXE</Data><Data Name='UtcTime'>2026-09-10 20:12:05.358</Data><Data Name='ProcessGuid'>{064ad90c-0ca9-6aa3-5f02-000000000800}</Data><Data Name='ProcessId'>8252</Data><Data Name='Image'>C:\Windows\system32\svchost.exe</Data><Data Name='TargetFilename'>C:\Users\laaroussi imane\AppData\Local\Microsoft\WindowsApps\WindowsPackageManagerMCPServer.exe</Data><Data Name='CreationUtcTime'>2026-09-10 20:12:05.358</Data><Data Name='User'>AUTORITE NT\Système</Data></EventData></Event><Event xmlns='http://schemas.microsoft.com/win/2004/08/events/event'><System><Provider Name='Microsoft-Windows-Sysmon' Guid='{5770385f-c22a-43e0-bf4c-06f5698ffbd9}'/><EventID>11</EventID><Version>2</Version><Level>4</Level><Task>11</Task><Opcode>0</Opcode><Keywords>0x8000000000000000</Keywords><TimeCreated SystemTime='2026-09-10T20:12:05.3673412Z'/><EventRecordID>6430</EventRecordID><Correlation/><Execution ProcessID='2792' ThreadID='4944'/><Channel>Microsoft-Windows-Sysmon/Operational</Channel><Computer>windows</Computer><Security UserID='S-1-5-18'/></System><EventData><Data Name='RuleName'>EXE</Data><Data Name='UtcTime'>2026-09-10 20:12:05.358</Data><Data Name='ProcessGuid'>{064ad90c-0ca9-6aa3-5f02-000000000800}</Data><Data Name='ProcessId'>8252</Data><Data Name='Image'>C:\Windows\system32\svchost.exe</Data><Data Name='TargetFilename'>C:\Users\laaroussi imane\AppData\Local\Microsoft\WindowsApps\Microsoft.DesktopAppInstaller_8wekyb3d8bbwe\python.exe</Data><Data Name='CreationUtcTime'>2026-09-10 18:26:00.508</Data><Data Name='User'>AUTORITE NT\Système</Data></EventData></Event><Event xmlns='http://schemas.microsoft.com/win/2004/08/events/event'><System><Provider Name='Microsoft-Windows-Sysmon' Guid='{5770385f-c22a-43e0-bf4c-06f5698ffbd9}'/><EventID>11</EventID><Version>2</Version><Level>4</Level><Task>11</Task><Opcode>0</Opcode><Keywords>0x8000000000000000</Keywords><TimeCreated SystemTime='2026-09-10T20:12:05.3666242Z'/><EventRecordID>6429</EventRecordID><Correlation/><Execution ProcessID='2792' ThreadID='4944'/><Channel>Microsoft-Windows-Sysmon/Operational</Channel><Computer>windows</Computer><Security UserID='S-1-5-18'/></System><EventData><Data Name='RuleName'>EXE</Data><Data Name='UtcTime'>2026-09-10 20:12:05.358</Data><Data Name='ProcessGuid'>{064ad90c-0ca9-6aa3-5f02-000000000800}</Data><Data Name='ProcessId'>8252</Data><Data Name='Image'>C:\Windows\system32\svchost.exe</Data><Data Name='TargetFilename'>C:\Users\laaroussi imane\AppData\Local\Microsoft\WindowsApps\python.exe</Data><Data Name='CreationUtcTime'>2026-09-08 19:43:34.864</Data><Data Name='User'>AUTORITE NT\Système</Data></EventData></Event><Event xmlns='http://schemas.microsoft.com/win/2004/08/events/event'><System><Provider Name='Microsoft-Windows-Sysmon' Guid='{5770385f-c22a-43e0-bf4c-06f5698ffbd9}'/><EventID>11</EventID><Version>2</Version><Level>4</Level><Task>11</Task><Opcode>0</Opcode><Keywords>0x8000000000000000</Keywords><TimeCreated SystemTime='2026-09-10T20:12:05.3602236Z'/><EventRecordID>6428</EventRecordID><Correlation/><Execution ProcessID='2792' ThreadID='4944'/><Channel>Microsoft-Windows-Sysmon/Operational</Channel><Computer>windows</Computer><Security UserID='S-1-5-18'/></System><EventData><Data Name='RuleName'>EXE</Data><Data Name='UtcTime'>2026-09-10 20:12:05.358</Data><Data Name='ProcessGuid'>{064ad90c-0ca9-6aa3-5f02-000000000800}</Data><Data Name='ProcessId'>8252</Data><Data Name='Image'>C:\Windows\system32\svchost.exe</Data><Data Name='TargetFilename'>C:\Users\laaroussi imane\AppData\Local\Microsoft\WindowsApps\Microsoft.DesktopAppInstaller_8wekyb3d8bbwe\python3.exe</Data><Data Name='CreationUtcTime'>2026-09-10 18:26:00.508</Data><Data Name='User'>AUTORITE NT\Système</Data></EventData></Event><Event xmlns='http://schemas.microsoft.com/win/2004/08/events/event'><System><Provider Name='Microsoft-Windows-Sysmon' Guid='{5770385f-c22a-43e0-bf4c-06f5698ffbd9}'/><EventID>11</EventID><Version>2</Version><Level>4</Level><Task>11</Task><Opcode>0</Opcode><Keywords>0x8000000000000000</Keywords><TimeCreated SystemTime='2026-09-10T20:12:05.3593414Z'/><EventRecordID>6427</EventRecordID><Correlation/><Execution ProcessID='2792' ThreadID='4944'/><Channel>Microsoft-Windows-Sysmon/Operational</Channel><Computer>windows</Computer><Security UserID='S-1-5-18'/></System><EventData><Data Name='RuleName'>EXE</Data><Data Name='UtcTime'>2026-09-10 20:12:05.358</Data><Data Name='ProcessGuid'>{064ad90c-0ca9-6aa3-5f02-000000000800}</Data><Data Name='ProcessId'>8252</Data><Data Name='Image'>C:\Windows\system32\svchost.exe</Data><Data Name='TargetFilename'>C:\Users\laaroussi imane\AppData\Local\Microsoft\WindowsApps\python3.exe</Data><Data Name='CreationUtcTime'>2026-09-08 19:43:34.754</Data><Data Name='User'>AUTORITE NT\Système</Data></EventData></Event><Event xmlns='http://schemas.microsoft.com/win/2004/08/events/event'><System><Provider Name='Microsoft-Windows-Sysmon' Guid='{5770385f-c22a-43e0-bf4c-06f5698ffbd9}'/><EventID>11</EventID><Version>2</Version><Level>4</Level><Task>11</Task><Opcode>0</Opcode><Keywords>0x8000000000000000</Keywords><TimeCreated SystemTime='2026-09-10T20:12:05.3504032Z'/><EventRecordID>6426</EventRecordID><Correlation/><Execution ProcessID='2792' ThreadID='4944'/><Channel>Microsoft-Windows-Sysmon/Operational</Channel><Computer>windows</Computer><Security UserID='S-1-5-18'/></System><EventData><Data Name='RuleName'>EXE</Data><Data Name='UtcTime'>2026-09-10 20:12:05.342</Data><Data Name='ProcessGuid'>{064ad90c-0ca9-6aa3-5f02-000000000800}</Data><Data Name='ProcessId'>8252</Data><Data Name='Image'>C:\Windows\system32\svchost.exe</Data><Data Name='TargetFilename'>C:\Users\laaroussi imane\AppData\Local\Microsoft\WindowsApps\Backup\Microsoft.DesktopAppInstaller_8wekyb3d8bbwe\python3.7.exe</Data><Data Name='CreationUtcTime'>2026-09-10 20:12:05.342</Data><Data Name='User'>AUTORITE NT\Système</Data></EventData></Event><Event xmlns='http://schemas.microsoft.com/win/2004/08/events/event'><System><Provider Name='Microsoft-Windows-Sysmon' Guid='{5770385f-c22a-43e0-bf4c-06f5698ffbd9}'/><EventID>11</EventID><Version>2</Version><Level>4</Level><Task>11</Task><Opcode>0</Opcode><Keywords>0x8000000000000000</Keywords><TimeCreated SystemTime='2026-09-10T20:12:05.3488206Z'/><EventRecordID>6425</EventRecordID><Correlation/><Execution ProcessID='2792' ThreadID='4944'/><Channel>Microsoft-Windows-Sysmon/Operational</Channel><Computer>windows</Computer><Security UserID='S-1-5-18'/></System><EventData><Data Name='RuleName'>EXE</Data><Data Name='UtcTime'>2026-09-10 20:12:05.342</Data><Data Name='ProcessGuid'>{064ad90c-0ca9-6aa3-5f02-000000000800}</Data><Data Name='ProcessId'>8252</Data><Data Name='Image'>C:\Windows\system32\svchost.exe</Data><Data Name='TargetFilename'>C:\Users\laaroussi imane\AppData\Local\Microsoft\WindowsApps\Backup\python3.7.exe</Data><Data Name='CreationUtcTime'>2026-09-10 20:12:05.342</Data><Data Name='User'>AUTORITE NT\Système</Data></EventData></Event><Event xmlns='http://schemas.microsoft.com/win/2004/08/events/event'><System><Provider Name='Microsoft-Windows-Sysmon' Guid='{5770385f-c22a-43e0-bf4c-06f5698ffbd9}'/><EventID>1</EventID><Version>5</Version><Level>4</Level><Task>1</Task><Opcode>0</Opcode><Keywords>0x8000000000000000</Keywords><TimeCreated SystemTime='2026-09-10T20:12:05.2996521Z'/><EventRecordID>6424</EventRecordID><Correlation/><Execution ProcessID='2792' ThreadID='4944'/><Channel>Microsoft-Windows-Sysmon/Operational</Channel><Computer>windows</Computer><Security UserID='S-1-5-18'/></System><EventData><Data Name='RuleName'>-</Data><Data Name='UtcTime'>2026-09-10 20:12:05.298</Data><Data Name='ProcessGuid'>{064ad90c-0f15-6aa3-5403-000000000800}</Data><Data Name='ProcessId'>8644</Data><Data Name='Image'>C:\Windows\System32\rundll32.exe</Data><Data Name='FileVersion'>10.0.19041.3636 (WinBuild.160101.0800)</Data><Data Name='Description'>Windows host process (Rundll32)</Data><Data Name='Product'>Microsoft® Windows® Operating System</Data><Data Name='Company'>Microsoft Corporation</Data><Data Name='OriginalFileName'>RUNDLL32.EXE</Data><Data Name='CommandLine'>rundll32.exe AppXDeploymentExtensions.OneCore.dll,ShellRefresh</Data><Data Name='CurrentDirectory'>C:\Windows\system32\</Data><Data Name='User'>WINDOWS\laaroussi imane</Data><Data Name='LogonGuid'>{064ad90c-f582-6aa2-b489-020000000000}</Data><Data Name='LogonId'>0x289b4</Data><Data Name='TerminalSessionId'>1</Data><Data Name='IntegrityLevel'>Medium</Data><Data Name='Hashes'>MD5=100F56A73211E0B2BCD076A55E6393FD,SHA256=00BE065F405E93233CC2F0012DEFDCBB1D6817B58969D5FFD9FD72FC4783C6F4,IMPHASH=4DB27267734D1576D75C991DC70F68AC</Data><Data Name='ParentProcessGuid'>{064ad90c-0ca9-6aa3-5f02-000000000800}</Data><Data Name='ParentProcessId'>8252</Data><Data Name='ParentImage'>C:\Windows\System32\svchost.exe</Data><Data Name='ParentCommandLine'>C:\Windows\system32\svchost.exe -k wsappx -p -s AppXSvc</Data><Data Name='ParentUser'>AUTORITE NT\Système</Data></EventData></Event><Event xmlns='http://schemas.microsoft.com/win/2004/08/events/event'><System><Provider Name='Microsoft-Windows-Sysmon' Guid='{5770385f-c22a-43e0-bf4c-06f5698ffbd9}'/><EventID>13</EventID><Version>2</Version><Level>4</Level><Task>13</Task><Opcode>0</Opcode><Keywords>0x8000000000000000</Keywords><TimeCreated SystemTime='2026-09-10T20:12:02.4831745Z'/><EventRecordID>6423</EventRecordID><Correlation/><Execution ProcessID='2792' ThreadID='4944'/><Channel>Microsoft-Windows-Sysmon/Operational</Channel><Computer>windows</Computer><Security UserID='S-1-5-18'/></System><EventData><Data Name='RuleName'>-</Data><Data Name='EventType'>SetValue</Data><Data Name='UtcTime'>2026-09-10 20:12:02.467</Data><Data Name='ProcessGuid'>{064ad90c-0ca9-6aa3-5f02-000000000800}</Data><Data Name='ProcessId'>8252</Data><Data Name='Image'>C:\Windows\system32\svchost.exe</Data><Data Name='TargetObject'>HKLM\SOFTWARE\Microsoft\Windows\CurrentVersion\App Paths\winget.exe\Path</Data><Data Name='Details'>C:\Program Files\WindowsApps\Microsoft.DesktopAppInstaller_1.29.290.0_x64__8wekyb3d8bbwe</Data><Data Name='User'>AUTORITE NT\Système</Data></EventData></Event><Event xmlns='http://schemas.microsoft.com/win/2004/08/events/event'><System><Provider Name='Microsoft-Windows-Sysmon' Guid='{5770385f-c22a-43e0-bf4c-06f5698ffbd9}'/><EventID>13</EventID><Version>2</Version><Level>4</Level><Task>13</Task><Opcode>0</Opcode><Keywords>0x8000000000000000</Keywords><TimeCreated SystemTime='2026-09-10T20:12:02.4830408Z'/><EventRecordID>6422</EventRecordID><Correlation/><Execution ProcessID='2792' ThreadID='4944'/><Channel>Microsoft-Windows-Sysmon/Operational</Channel><Computer>windows</Computer><Security UserID='S-1-5-18'/></System><EventData><Data Name='RuleName'>-</Data><Data Name='EventType'>SetValue</Data><Data Name='UtcTime'>2026-09-10 20:12:02.467</Data><Data Name='ProcessGuid'>{064ad90c-0ca9-6aa3-5f02-000000000800}</Data><Data Name='ProcessId'>8252</Data><Data Name='Image'>C:\Windows\system32\svchost.exe</Data><Data Name='TargetObject'>HKLM\SOFTWARE\Microsoft\Windows\CurrentVersion\App Paths\winget.exe\(Default)</Data><Data Name='Details'>C:\Program Files\WindowsApps\Microsoft.DesktopAppInstaller_1.29.290.0_x64__8wekyb3d8bbwe\winget.exe</Data><Data Name='User'>AUTORITE NT\Système</Data></EventData></Event><Event xmlns='http://schemas.microsoft.com/win/2004/08/events/event'><System><Provider Name='Microsoft-Windows-Sysmon' Guid='{5770385f-c22a-43e0-bf4c-06f5698ffbd9}'/><EventID>13</EventID><Version>2</Version><Level>4</Level><Task>13</Task><Opcode>0</Opcode><Keywords>0x8000000000000000</Keywords><TimeCreated SystemTime='2026-09-10T20:12:02.4822075Z'/><EventRecordID>6421</EventRecordID><Correlation/><Execution ProcessID='2792' ThreadID='4944'/><Channel>Microsoft-Windows-Sysmon/Operational</Channel><Computer>windows</Computer><Security UserID='S-1-5-18'/></System><EventData><Data Name='RuleName'>-</Data><Data Name='EventType'>SetValue</Data><Data Name='UtcTime'>2026-09-10 20:12:02.467</Data><Data Name='ProcessGuid'>{064ad90c-0ca9-6aa3-5f02-000000000800}</Data><Data Name='ProcessId'>8252</Data><Data Name='Image'>C:\Windows\system32\svchost.exe</Data><Data Name='TargetObject'>HKLM\SOFTWARE\Microsoft\Windows\CurrentVersion\App Paths\WindowsPackageManagerServer.exe\Path</Data><Data Name='Details'>C:\Program Files\WindowsApps\Microsoft.DesktopAppInstaller_1.29.290.0_x64__8wekyb3d8bbwe</Data><Data Name='User'>AUTORITE NT\Système</Data></EventData></Event><Event xmlns='http://schemas.microsoft.com/win/2004/08/events/event'><System><Provider Name='Microsoft-Windows-Sysmon' Guid='{5770385f-c22a-43e0-bf4c-06f5698ffbd9}'/><EventID>13</EventID><Version>2</Version><Level>4</Level><Task>13</Task><Opcode>0</Opcode><Keywords>0x8000000000000000</Keywords><TimeCreated SystemTime='2026-09-10T20:12:02.4807087Z'/><EventRecordID>6420</EventRecordID><Correlation/><Execution ProcessID='2792' ThreadID='4944'/><Channel>Microsoft-Windows-Sysmon/Operational</Channel><Computer>windows</Computer><Security UserID='S-1-5-18'/></System><EventData><Data Name='RuleName'>-</Data><Data Name='EventType'>SetValue</Data><Data Name='UtcTime'>2026-09-10 20:12:02.467</Data><Data Name='ProcessGuid'>{064ad90c-0ca9-6aa3-5f02-000000000800}</Data><Data Name='ProcessId'>8252</Data><Data Name='Image'>C:\Windows\system32\svchost.exe</Data><Data Name='TargetObject'>HKLM\SOFTWARE\Microsoft\Windows\CurrentVersion\App Paths\WindowsPackageManagerServer.exe\(Default)</Data><Data Name='Details'>C:\Program Files\WindowsApps\Microsoft.DesktopAppInstaller_1.29.290.0_x64__8wekyb3d8bbwe\WindowsPackageManagerServer.exe</Data><Data Name='User'>AUTORITE NT\Système</Data></EventData></Event><Event xmlns='http://schemas.microsoft.com/win/2004/08/events/event'><System><Provider Name='Microsoft-Windows-Sysmon' Guid='{5770385f-c22a-43e0-bf4c-06f5698ffbd9}'/><EventID>11</EventID><Version>2</Version><Level>4</Level><Task>11</Task><Opcode>0</Opcode><Keywords>0x8000000000000000</Keywords><TimeCreated SystemTime='2026-09-10T20:11:56.5546252Z'/><EventRecordID>6419</EventRecordID><Correlation/><Execution ProcessID='2792' ThreadID='4944'/><Channel>Microsoft-Windows-Sysmon/Operational</Channel><Computer>windows</Computer><Security UserID='S-1-5-18'/></System><EventData><Data Name='RuleName'>T1023</Data><Data Name='UtcTime'>2026-09-10 20:11:56.545</Data><Data Name='ProcessGuid'>{064ad90c-f598-6aa2-9100-000000000800}</Data><Data Name='ProcessId'>7052</Data><Data Name='Image'>C:\Windows\system32\svchost.exe</Data><Data Name='TargetFilename'>C:\Users\laaroussi imane\AppData\Local\Packages\Microsoft.WindowsStore_8wekyb3d8bbwe\LocalCache\Roaming\Microsoft\Windows\Start Menu\Programs</Data><Data Name='CreationUtcTime'>2026-09-10 20:11:56.545</Data><Data Name='User'>AUTORITE NT\Système</Data></EventData></Event><Event xmlns='http://schemas.microsoft.com/win/2004/08/events/event'><System><Provider Name='Microsoft-Windows-Sysmon' Guid='{5770385f-c22a-43e0-bf4c-06f5698ffbd9}'/><EventID>11</EventID><Version>2</Version><Level>4</Level><Task>11</Task><Opcode>0</Opcode><Keywords>0x8000000000000000</Keywords><TimeCreated SystemTime='2026-09-10T20:11:56.5545986Z'/><EventRecordID>6418</EventRecordID><Correlation/><Execution ProcessID='2792' ThreadID='4944'/><Channel>Microsoft-Windows-Sysmon/Operational</Channel><Computer>windows</Computer><Security UserID='S-1-5-18'/></System><EventData><Data Name='RuleName'>T1023</Data><Data Name='UtcTime'>2026-09-10 20:11:56.545</Data><Data Name='ProcessGuid'>{064ad90c-f598-6aa2-9100-000000000800}</Data><Data Name='ProcessId'>7052</Data><Data Name='Image'>C:\Windows\system32\svchost.exe</Data><Data Name='TargetFilename'>C:\Users\laaroussi imane\AppData\Local\Packages\Microsoft.WindowsStore_8wekyb3d8bbwe\LocalCache\Roaming\Microsoft\Windows\Start Menu</Data><Data Name='CreationUtcTime'>2026-09-10 20:11:56.545</Data><Data Name='User'>AUTORITE NT\Système</Data></EventData></Event><Event xmlns='http://schemas.microsoft.com/win/2004/08/events/event'><System><Provider Name='Microsoft-Windows-Sysmon' Guid='{5770385f-c22a-43e0-bf4c-06f5698ffbd9}'/><EventID>1</EventID><Version>5</Version><Level>4</Level><Task>1</Task><Opcode>0</Opcode><Keywords>0x8000000000000000</Keywords><TimeCreated SystemTime='2026-09-10T20:11:56.4307569Z'/><EventRecordID>6417</EventRecordID><Correlation/><Execution ProcessID='2792' ThreadID='4944'/><Channel>Microsoft-Windows-Sysmon/Operational</Channel><Computer>windows</Computer><Security UserID='S-1-5-18'/></System><EventData><Data Name='RuleName'>-</Data><Data Name='UtcTime'>2026-09-10 20:11:56.420</Data><Data Name='ProcessGuid'>{064ad90c-0f0c-6aa3-5103-000000000800}</Data><Data Name='ProcessId'>7216</Data><Data Name='Image'>C:\Program Files\WindowsApps\Microsoft.WindowsStore_22607.1401.9.0_x64__8wekyb3d8bbwe\StoreDesktopExtension.exe</Data><Data Name='FileVersion'>-</Data><Data Name='Description'>-</Data><Data Name='Product'>-</Data><Data Name='Company'>-</Data><Data Name='OriginalFileName'>-</Data><Data Name='CommandLine'>"C:\Program Files\WindowsApps\Microsoft.WindowsStore_22607.1401.9.0_x64__8wekyb3d8bbwe\StoreDesktopExtension.exe" /InvokerPRAID: App /registerStoreTelemetry</Data><Data Name='CurrentDirectory'>C:\Windows\system32\</Data><Data Name='User'>WINDOWS\laaroussi imane</Data><Data Name='LogonGuid'>{064ad90c-f582-6aa2-b489-020000000000}</Data><Data Name='LogonId'>0x289b4</Data><Data Name='TerminalSessionId'>1</Data><Data Name='IntegrityLevel'>Medium</Data><Data Name='Hashes'>MD5=173B4922DD67E1450B61B2F4E9FE6F98,SHA256=CB99C8B513344C3BF535FEA2C93E60AECF5DD412D09CB95A5C119939893EA997,IMPHASH=5C82018E83DD5F1D305454ECD57A9CF1</Data><Data Name='ParentProcessGuid'>{064ad90c-f583-6aa2-4900-000000000800}</Data><Data Name='ParentProcessId'>3408</Data><Data Name='ParentImage'>C:\Windows\System32\sihost.exe</Data><Data Name='ParentCommandLine'>sihost.exe</Data><Data Name='ParentUser'>WINDOWS\laaroussi imane</Data></EventData></Event><Event xmlns='http://schemas.microsoft.com/win/2004/08/events/event'><System><Provider Name='Microsoft-Windows-Sysmon' Guid='{5770385f-c22a-43e0-bf4c-06f5698ffbd9}'/><EventID>1</EventID><Version>5</Version><Level>4</Level><Task>1</Task><Opcode>0</Opcode><Keywords>0x8000000000000000</Keywords><TimeCreated SystemTime='2026-09-10T20:11:56.3477587Z'/><EventRecordID>6416</EventRecordID><Correlation/><Execution ProcessID='2792' ThreadID='4944'/><Channel>Microsoft-Windows-Sysmon/Operational</Channel><Computer>windows</Computer><Security UserID='S-1-5-18'/></System><EventData><Data Name='RuleName'>-</Data><Data Name='UtcTime'>2026-09-10 20:11:56.344</Data><Data Name='ProcessGuid'>{064ad90c-0f0c-6aa3-5003-000000000800}</Data><Data Name='ProcessId'>7164</Data><Data Name='Image'>C:\Windows\System32\svchost.exe</Data><Data Name='FileVersion'>10.0.19041.3636 (WinBuild.160101.0800)</Data><Data Name='Description'>Host Process for Windows Services</Data><Data Name='Product'>Microsoft® Windows® Operating System</Data><Data Name='Company'>Microsoft Corporation</Data><Data Name='OriginalFileName'>svchost.exe</Data><Data Name='CommandLine'>C:\Windows\system32\svchost.exe -k netsvcs -p -s gpsvc</Data><Data Name='CurrentDirectory'>C:\Windows\system32\</Data><Data Name='User'>AUTORITE NT\Système</Data><Data Name='LogonGuid'>{064ad90c-f57e-6aa2-e703-000000000000}</Data><Data Name='LogonId'>0x3e7</Data><Data Name='TerminalSessionId'>0</Data><Data Name='IntegrityLevel'>System</Data><Data Name='Hashes'>MD5=145DCF6706EEEA5B066885EE17964C09,SHA256=F13DE58416730D210DAB465B242E9C949FB0A0245EEF45B07C381F0C6C8A43C3,IMPHASH=247B9220E5D9B720A82B2C8B5069AD69</Data><Data Name='ParentProcessGuid'>{064ad90c-f57e-6aa2-0b00-000000000800}</Data><Data Name='ParentProcessId'>616</Data><Data Name='ParentImage'>C:\Windows\System32\services.exe</Data><Data Name='ParentCommandLine'>C:\Windows\system32\services.exe</Data><Data Name='ParentUser'>AUTORITE NT\Système</Data></EventData></Event><Event xmlns='http://schemas.microsoft.com/win/2004/08/events/event'><System><Provider Name='Microsoft-Windows-Sysmon' Guid='{5770385f-c22a-43e0-bf4c-06f5698ffbd9}'/><EventID>11</EventID><Version>2</Version><Level>4</Level><Task>11</Task><Opcode>0</Opcode><Keywords>0x8000000000000000</Keywords><TimeCreated SystemTime='2026-09-10T20:11:53.4635379Z'/><EventRecordID>6415</EventRecordID><Correlation/><Execution ProcessID='2792' ThreadID='4944'/><Channel>Microsoft-Windows-Sysmon/Operational</Channel><Computer>windows</Computer><Security UserID='S-1-5-18'/></System><EventData><Data Name='RuleName'>EXE</Data><Data Name='UtcTime'>2026-09-10 20:11:53.451</Data><Data Name='ProcessGuid'>{064ad90c-0ca9-6aa3-5f02-000000000800}</Data><Data Name='ProcessId'>8252</Data><Data Name='Image'>C:\Windows\system32\svchost.exe</Data><Data Name='TargetFilename'>C:\Users\laaroussi imane\AppData\Local\Microsoft\WindowsApps\Microsoft.WindowsStore_8wekyb3d8bbwe\store.exe</Data><Data Name='CreationUtcTime'>2026-09-10 20:11:53.451</Data><Data Name='User'>AUTORITE NT\Système</Data></EventData></Event><Event xmlns='http://schemas.microsoft.com/win/2004/08/events/event'><System><Provider Name='Microsoft-Windows-Sysmon' Guid='{5770385f-c22a-43e0-bf4c-06f5698ffbd9}'/><EventID>11</EventID><Version>2</Version><Level>4</Level><Task>11</Task><Opcode>0</Opcode><Keywords>0x8000000000000000</Keywords><TimeCreated SystemTime='2026-09-10T20:11:53.4627157Z'/><EventRecordID>6414</EventRecordID><Correlation/><Execution ProcessID='2792' ThreadID='4944'/><Channel>Microsoft-Windows-Sysmon/Operational</Channel><Computer>windows</Computer><Security UserID='S-1-5-18'/></System><EventData><Data Name='RuleName'>EXE</Data><Data Name='UtcTime'>2026-09-10 20:11:53.451</Data><Data Name='ProcessGuid'>{064ad90c-0ca9-6aa3-5f02-000000000800}</Data><Data Name='ProcessId'>8252</Data><Data Name='Image'>C:\Windows\system32\svchost.exe</Data><Data Name='TargetFilename'>C:\Users\laaroussi imane\AppData\Local\Microsoft\WindowsApps\store.exe</Data><Data Name='CreationUtcTime'>2026-09-10 20:11:53.451</Data><Data Name='User'>AUTORITE NT\Système</Data></EventData></Event><Event xmlns='http://schemas.microsoft.com/win/2004/08/events/event'><System><Provider Name='Microsoft-Windows-Sysmon' Guid='{5770385f-c22a-43e0-bf4c-06f5698ffbd9}'/><EventID>11</EventID><Version>2</Version><Level>4</Level><Task>11</Task><Opcode>0</Opcode><Keywords>0x8000000000000000</Keywords><TimeCreated SystemTime='2026-09-10T20:11:53.4575366Z'/><EventRecordID>6413</EventRecordID><Correlation/><Execution ProcessID='2792' ThreadID='4944'/><Channel>Microsoft-Windows-Sysmon/Operational</Channel><Computer>windows</Computer><Security UserID='S-1-5-18'/></System><EventData><Data Name='RuleName'>EXE</Data><Data Name='UtcTime'>2026-09-10 20:11:53.451</Data><Data Name='ProcessGuid'>{064ad90c-0ca9-6aa3-5f02-000000000800}</Data><Data Name='ProcessId'>8252</Data><Data Name='Image'>C:\Windows\system32\svchost.exe</Data><Data Name='TargetFilename'>C:\Users\laaroussi imane\AppData\Local\Microsoft\WindowsApps\Microsoft.WindowsStore_8wekyb3d8bbwe\microsoftstore.exe</Data><Data Name='CreationUtcTime'>2026-09-10 20:11:53.451</Data><Data Name='User'>AUTORITE NT\Système</Data></EventData></Event><Event xmlns='http://schemas.microsoft.com/win/2004/08/events/event'><System><Provider Name='Microsoft-Windows-Sysmon' Guid='{5770385f-c22a-43e0-bf4c-06f5698ffbd9}'/><EventID>11</EventID><Version>2</Version><Level>4</Level><Task>11</Task><Opcode>0</Opcode><Keywords>0x8000000000000000</Keywords><TimeCreated SystemTime='2026-09-10T20:11:53.4533746Z'/><EventRecordID>6412</EventRecordID><Correlation/><Execution ProcessID='2792' ThreadID='4944'/><Channel>Microsoft-Windows-Sysmon/Operational</Channel><Computer>windows</Computer><Security UserID='S-1-5-18'/></System><EventData><Data Name='RuleName'>EXE</Data><Data Name='UtcTime'>2026-09-10 20:11:53.451</Data><Data Name='ProcessGuid'>{064ad90c-0ca9-6aa3-5f02-000000000800}</Data><Data Name='ProcessId'>8252</Data><Data Name='Image'>C:\Windows\system32\svchost.exe</Data><Data Name='TargetFilename'>C:\Users\laaroussi imane\AppData\Local\Microsoft\WindowsApps\microsoftstore.exe</Data><Data Name='CreationUtcTime'>2026-09-10 20:11:53.451</Data><Data Name='User'>AUTORITE NT\Système</Data></EventData></Event><Event xmlns='http://schemas.microsoft.com/win/2004/08/events/event'><System><Provider Name='Microsoft-Windows-Sysmon' Guid='{5770385f-c22a-43e0-bf4c-06f5698ffbd9}'/><EventID>1</EventID><Version>5</Version><Level>4</Level><Task>1</Task><Opcode>0</Opcode><Keywords>0x8000000000000000</Keywords><TimeCreated SystemTime='2026-09-10T20:11:53.3959182Z'/><EventRecordID>6411</EventRecordID><Correlation/><Execution ProcessID='2792' ThreadID='4944'/><Channel>Microsoft-Windows-Sysmon/Operational</Channel><Computer>windows</Computer><Security UserID='S-1-5-18'/></System><EventData><Data Name='RuleName'>-</Data><Data Name='UtcTime'>2026-09-10 20:11:53.394</Data><Data Name='ProcessGuid'>{064ad90c-0f09-6aa3-4d03-000000000800}</Data><Data Name='ProcessId'>7128</Data><Data Name='Image'>C:\Windows\System32\rundll32.exe</Data><Data Name='FileVersion'>10.0.19041.3636 (WinBuild.160101.0800)</Data><Data Name='Description'>Windows host process (Rundll32)</Data><Data Name='Product'>Microsoft® Windows® Operating System</Data><Data Name='Company'>Microsoft Corporation</Data><Data Name='OriginalFileName'>RUNDLL32.EXE</Data><Data Name='CommandLine'>rundll32.exe AppXDeploymentExtensions.OneCore.dll,ShellRefresh</Data><Data Name='CurrentDirectory'>C:\Windows\system32\</Data><Data Name='User'>WINDOWS\laaroussi imane</Data><Data Name='LogonGuid'>{064ad90c-f582-6aa2-b489-020000000000}</Data><Data Name='LogonId'>0x289b4</Data><Data Name='TerminalSessionId'>1</Data><Data Name='IntegrityLevel'>Medium</Data><Data Name='Hashes'>MD5=100F56A73211E0B2BCD076A55E6393FD,SHA256=00BE065F405E93233CC2F0012DEFDCBB1D6817B58969D5FFD9FD72FC4783C6F4,IMPHASH=4DB27267734D1576D75C991DC70F68AC</Data><Data Name='ParentProcessGuid'>{064ad90c-0ca9-6aa3-5f02-000000000800}</Data><Data Name='ParentProcessId'>8252</Data><Data Name='ParentImage'>C:\Windows\System32\svchost.exe</Data><Data Name='ParentCommandLine'>C:\Windows\system32\svchost.exe -k wsappx -p -s AppXSvc</Data><Data Name='ParentUser'>AUTORITE NT\Système</Data></EventData></Event><Event xmlns='http://schemas.microsoft.com/win/2004/08/events/event'><System><Provider Name='Microsoft-Windows-Sysmon' Guid='{5770385f-c22a-43e0-bf4c-06f5698ffbd9}'/><EventID>22</EventID><Version>5</Version><Level>4</Level><Task>22</Task><Opcode>0</Opcode><Keywords>0x8000000000000000</Keywords><TimeCreated SystemTime='2026-09-10T20:11:53.3777858Z'/><EventRecordID>6410</EventRecordID><Correlation/><Execution ProcessID='2792' ThreadID='4956'/><Channel>Microsoft-Windows-Sysmon/Operational</Channel><Computer>windows</Computer><Security UserID='S-1-5-18'/></System><EventData><Data Name='RuleName'>-</Data><Data Name='UtcTime'>2026-09-10 20:58:59.192</Data><Data Name='ProcessGuid'>{064ad90c-f580-6aa2-3700-000000000800}</Data><Data Name='ProcessId'>2324</Data><Data Name='QueryName'>h.clarity.ms</Data><Data Name='QueryStatus'>0</Data><Data Name='QueryResults'>type:  5 vmss-clarity-ingest-eus-c.eastus.cloudapp.azure.com;::ffff:51.8.64.151;</Data><Data Name='Image'>C:\Windows\System32\svchost.exe</Data><Data Name='User'>AUTORITE NT\SERVICE LOCAL</Data></EventData></Event><Event xmlns='http://schemas.microsoft.com/win/2004/08/events/event'><System><Provider Name='Microsoft-Windows-Sysmon' Guid='{5770385f-c22a-43e0-bf4c-06f5698ffbd9}'/><EventID>13</EventID><Version>2</Version><Level>4</Level><Task>13</Task><Opcode>0</Opcode><Keywords>0x8000000000000000</Keywords><TimeCreated SystemTime='2026-09-10T20:11:50.4244876Z'/><EventRecordID>6409</EventRecordID><Correlation/><Execution ProcessID='2792' ThreadID='4944'/><Channel>Microsoft-Windows-Sysmon/Operational</Channel><Computer>windows</Computer><Security UserID='S-1-5-18'/></System><EventData><Data Name='RuleName'>-</Data><Data Name='EventType'>SetValue</Data><Data Name='UtcTime'>2026-09-10 20:11:50.422</Data><Data Name='ProcessGuid'>{064ad90c-0ca9-6aa3-5f02-000000000800}</Data><Data Name='ProcessId'>8252</Data><Data Name='Image'>C:\Windows\system32\svchost.exe</Data><Data Name='TargetObject'>HKLM\SOFTWARE\Microsoft\Windows\CurrentVersion\App Paths\store.exe\Path</Data><Data Name='Details'>C:\Program Files\WindowsApps\Microsoft.WindowsStore_22607.1401.9.0_x64__8wekyb3d8bbwe</Data><Data Name='User'>AUTORITE NT\Système</Data></EventData></Event><Event xmlns='http://schemas.microsoft.com/win/2004/08/events/event'><System><Provider Name='Microsoft-Windows-Sysmon' Guid='{5770385f-c22a-43e0-bf4c-06f5698ffbd9}'/><EventID>13</EventID><Version>2</Version><Level>4</Level><Task>13</Task><Opcode>0</Opcode><Keywords>0x8000000000000000</Keywords><TimeCreated SystemTime='2026-09-10T20:11:50.4243980Z'/><EventRecordID>6408</EventRecordID><Correlation/><Execution ProcessID='2792' ThreadID='4944'/><Channel>Microsoft-Windows-Sysmon/Operational</Channel><Computer>windows</Computer><Security UserID='S-1-5-18'/></System><EventData><Data Name='RuleName'>-</Data><Data Name='EventType'>SetValue</Data><Data Name='UtcTime'>2026-09-10 20:11:50.422</Data><Data Name='ProcessGuid'>{064ad90c-0ca9-6aa3-5f02-000000000800}</Data><Data Name='ProcessId'>8252</Data><Data Name='Image'>C:\Windows\system32\svchost.exe</Data><Data Name='TargetObject'>HKLM\SOFTWARE\Microsoft\Windows\CurrentVersion\App Paths\store.exe\(Default)</Data><Data Name='Details'>C:\Program Files\WindowsApps\Microsoft.WindowsStore_22607.1401.9.0_x64__8wekyb3d8bbwe\store.exe</Data><Data Name='User'>AUTORITE NT\Système</Data></EventData></Event><Event xmlns='http://schemas.microsoft.com/win/2004/08/events/event'><System><Provider Name='Microsoft-Windows-Sysmon' Guid='{5770385f-c22a-43e0-bf4c-06f5698ffbd9}'/><EventID>11</EventID><Version>2</Version><Level>4</Level><Task>11</Task><Opcode>0</Opcode><Keywords>0x8000000000000000</Keywords><TimeCreated SystemTime='2026-09-10T20:10:36.3943765Z'/><EventRecordID>6407</EventRecordID><Correlation/><Execution ProcessID='2792' ThreadID='4944'/><Channel>Microsoft-Windows-Sysmon/Operational</Channel><Computer>windows</Computer><Security UserID='S-1-5-18'/></System><EventData><Data Name='RuleName'>DLL</Data><Data Name='UtcTime'>2026-09-10 20:10:36.389</Data><Data Name='ProcessGuid'>{064ad90c-0ca9-6aa3-5f02-000000000800}</Data><Data Name='ProcessId'>8252</Data><Data Name='Image'>C:\Windows\system32\svchost.exe</Data><Data Name='TargetFilename'>C:\Program Files\WindowsApps\Microsoft.Windows.Photos_2026.11080.24002.0_x64__8wekyb3d8bbwe\WinRTAdapter.dll</Data><Data Name='CreationUtcTime'>2026-09-10 20:10:36.389</Data><Data Name='User'>AUTORITE NT\Système</Data></EventData></Event><Event xmlns='http://schemas.microsoft.com/win/2004/08/events/event'><System><Provider Name='Microsoft-Windows-Sysmon' Guid='{5770385f-c22a-43e0-bf4c-06f5698ffbd9}'/><EventID>11</EventID><Version>2</Version><Level>4</Level><Task>11</Task><Opcode>0</Opcode><Keywords>0x8000000000000000</Keywords><TimeCreated SystemTime='2026-09-10T20:10:36.3933016Z'/><EventRecordID>6406</EventRecordID><Correlation/><Execution ProcessID='2792' ThreadID='4944'/><Channel>Microsoft-Windows-Sysmon/Operational</Channel><Computer>windows</Computer><Security UserID='S-1-5-18'/></System><EventData><Data Name='RuleName'>DLL</Data><Data Name='UtcTime'>2026-09-10 20:10:36.389</Data><Data Name='ProcessGuid'>{064ad90c-0ca9-6aa3-5f02-000000000800}</Data><Data Name='ProcessId'>8252</Data><Data Name='Image'>C:\Windows\system32\svchost.exe</Data><Data Name='TargetFilename'>C:\Program Files\WindowsApps\Microsoft.Windows.Photos_2026.11080.24002.0_x64__8wekyb3d8bbwe\WindowsBase.dll</Data><Data Name='CreationUtcTime'>2026-09-10 20:10:36.389</Data><Data Name='User'>AUTORITE NT\Système</Data></EventData></Event><Event xmlns='http://schemas.microsoft.com/win/2004/08/events/event'><System><Provider Name='Microsoft-Windows-Sysmon' Guid='{5770385f-c22a-43e0-bf4c-06f5698ffbd9}'/><EventID>11</EventID><Version>2</Version><Level>4</Level><Task>11</Task><Opcode>0</Opcode><Keywords>0x8000000000000000</Keywords><TimeCreated SystemTime='2026-09-10T20:10:36.3920492Z'/><EventRecordID>6405</EventRecordID><Correlation/><Execution ProcessID='2792' ThreadID='4944'/><Channel>Microsoft-Windows-Sysmon/Operational</Channel><Computer>windows</Computer><Security UserID='S-1-5-18'/></System><EventData><Data Name='RuleName'>DLL</Data><Data Name='UtcTime'>2026-09-10 20:10:36.389</Data><Data Name='ProcessGuid'>{064ad90c-0ca9-6aa3-5f02-000000000800}</Data><Data Name='ProcessId'>8252</Data><Data Name='Image'>C:\Windows\system32\svchost.exe</Data><Data Name='TargetFilename'>C:\Program Files\WindowsApps\Microsoft.Windows.Photos_2026.11080.24002.0_x64__8wekyb3d8bbwe\Watermarker.dll</Data><Data Name='CreationUtcTime'>2026-09-10 20:10:36.389</Data><Data Name='User'>AUTORITE NT\Système</Data></EventData></Event><Event xmlns='http://schemas.microsoft.com/win/2004/08/events/event'><System><Provider Name='Microsoft-Windows-Sysmon' Guid='{5770385f-c22a-43e0-bf4c-06f5698ffbd9}'/><EventID>11</EventID><Version>2</Version><Level>4</Level><Task>11</Task><Opcode>0</Opcode><Keywords>0x8000000000000000</Keywords><TimeCreated SystemTime='2026-09-10T20:10:36.3915566Z'/><EventRecordID>6404</EventRecordID><Correlation/><Execution ProcessID='2792' ThreadID='4944'/><Channel>Microsoft-Windows-Sysmon/Operational</Channel><Computer>windows</Computer><Security UserID='S-1-5-18'/></System><EventData><Data Name='RuleName'>DLL</Data><Data Name='UtcTime'>2026-09-10 20:10:36.389</Data><Data Name='ProcessGuid'>{064ad90c-0ca9-6aa3-5f02-000000000800}</Data><Data Name='ProcessId'>8252</Data><Data Name='Image'>C:\Windows\system32\svchost.exe</Data><Data Name='TargetFilename'>C:\Program Files\WindowsApps\Microsoft.Windows.Photos_2026.11080.24002.0_x64__8wekyb3d8bbwe\System.Security.Cryptography.ProtectedData.dll</Data><Data Name='CreationUtcTime'>2026-09-10 20:10:36.389</Data><Data Name='User'>AUTORITE NT\Système</Data></EventData></Event><Event xmlns='http://schemas.microsoft.com/win/2004/08/events/event'><System><Provider Name='Microsoft-Windows-Sysmon' Guid='{5770385f-c22a-43e0-bf4c-06f5698ffbd9}'/><EventID>11</EventID><Version>2</Version><Level>4</Level><Task>11</Task><Opcode>0</Opcode><Keywords>0x8000000000000000</Keywords><TimeCreated SystemTime='2026-09-10T20:10:36.3908879Z'/><EventRecordID>6403</EventRecordID><Correlation/><Execution ProcessID='2792' ThreadID='4944'/><Channel>Microsoft-Windows-Sysmon/Operational</Channel><Computer>windows</Computer><Security UserID='S-1-5-18'/></System><EventData><Data Name='RuleName'>DLL</Data><Data Name='UtcTime'>2026-09-10 20:10:36.389</Data><Data Name='ProcessGuid'>{064ad90c-0ca9-6aa3-5f02-000000000800}</Data><Data Name='ProcessId'>8252</Data><Data Name='Image'>C:\Windows\system32\svchost.exe</Data><Data Name='TargetFilename'>C:\Program Files\WindowsApps\Microsoft.Windows.Photos_2026.11080.24002.0_x64__8wekyb3d8bbwe\System.Numerics.Tensors.dll</Data><Data Name='CreationUtcTime'>2026-09-10 20:10:36.389</Data><Data Name='User'>AUTORITE NT\Système</Data></EventData></Event>