<Event xmlns='http://schemas.microsoft.com/win/2004/08/events/event'><System><Provider Name='Microsoft-Windows-Sysmon' Guid='{5770385f-c22a-43e0-bf4c-06f5698ffbd9}'/><EventID>11</EventID><Version>2</Version><Level>4</Level><Task>11</Task><Opcode>0</Opcode><Keywords>0x8000000000000000</Keywords><TimeCreated SystemTime='2026-09-10T20:06:24.8556895Z'/><EventRecordID>5730</EventRecordID><Correlation/><Execution ProcessID='2792' ThreadID='4944'/><Channel>Microsoft-Windows-Sysmon/Operational</Channel><Computer>windows</Computer><Security UserID='S-1-5-18'/></System><EventData><Data Name='RuleName'>DLL</Data><Data Name='UtcTime'>2026-09-10 20:06:24.844</Data><Data Name='ProcessGuid'>{064ad90c-0ca9-6aa3-5f02-000000000800}</Data><Data Name='ProcessId'>8252</Data><Data Name='Image'>C:\Windows\system32\svchost.exe</Data><Data Name='TargetFilename'>C:\Program Files\WindowsApps\Microsoft.DesktopAppInstaller_1.29.290.0_x64__8wekyb3d8bbwe\DotNet\Json.More.dll</Data><Data Name='CreationUtcTime'>2026-09-10 20:06:24.844</Data><Data Name='User'>AUTORITE NT\Système</Data></EventData></Event><Event xmlns='http://schemas.microsoft.com/win/2004/08/events/event'><System><Provider Name='Microsoft-Windows-Sysmon' Guid='{5770385f-c22a-43e0-bf4c-06f5698ffbd9}'/><EventID>11</EventID><Version>2</Version><Level>4</Level><Task>11</Task><Opcode>0</Opcode><Keywords>0x8000000000000000</Keywords><TimeCreated SystemTime='2026-09-10T20:06:24.8551287Z'/><EventRecordID>5729</EventRecordID><Correlation/><Execution ProcessID='2792' ThreadID='4944'/><Channel>Microsoft-Windows-Sysmon/Operational</Channel><Computer>windows</Computer><Security UserID='S-1-5-18'/></System><EventData><Data Name='RuleName'>DLL</Data><Data Name='UtcTime'>2026-09-10 20:06:24.844</Data><Data Name='ProcessGuid'>{064ad90c-0ca9-6aa3-5f02-000000000800}</Data><Data Name='ProcessId'>8252</Data><Data Name='Image'>C:\Windows\system32\svchost.exe</Data><Data Name='TargetFilename'>C:\Program Files\WindowsApps\Microsoft.DesktopAppInstaller_1.29.290.0_x64__8wekyb3d8bbwe\DotNet\Humanizer.dll</Data><Data Name='CreationUtcTime'>2026-09-10 20:06:24.844</Data><Data Name='User'>AUTORITE NT\Système</Data></EventData></Event><Event xmlns='http://schemas.microsoft.com/win/2004/08/events/event'><System><Provider Name='Microsoft-Windows-Sysmon' Guid='{5770385f-c22a-43e0-bf4c-06f5698ffbd9}'/><EventID>11</EventID><Version>2</Version><Level>4</Level><Task>11</Task><Opcode>0</Opcode><Keywords>0x8000000000000000</Keywords><TimeCreated SystemTime='2026-09-10T20:06:24.8545519Z'/><EventRecordID>5728</EventRecordID><Correlation/><Execution ProcessID='2792' ThreadID='4944'/><Channel>Microsoft-Windows-Sysmon/Operational</Channel><Computer>windows</Computer><Security UserID='S-1-5-18'/></System><EventData><Data Name='RuleName'>DLL</Data><Data Name='UtcTime'>2026-09-10 20:06:24.844</Data><Data Name='ProcessGuid'>{064ad90c-0ca9-6aa3-5f02-000000000800}</Data><Data Name='ProcessId'>8252</Data><Data Name='Image'>C:\Windows\system32\svchost.exe</Data><Data Name='TargetFilename'>C:\Program Files\WindowsApps\Microsoft.DesktopAppInstaller_1.29.290.0_x64__8wekyb3d8bbwe\DotNet\hostpolicy.dll</Data><Data Name='CreationUtcTime'>2026-09-10 20:06:24.844</Data><Data Name='User'>AUTORITE NT\Système</Data></EventData></Event><Event xmlns='http://schemas.microsoft.com/win/2004/08/events/event'><System><Provider Name='Microsoft-Windows-Sysmon' Guid='{5770385f-c22a-43e0-bf4c-06f5698ffbd9}'/><EventID>11</EventID><Version>2</Version><Level>4</Level><Task>11</Task><Opcode>0</Opcode><Keywords>0x8000000000000000</Keywords><TimeCreated SystemTime='2026-09-10T20:06:24.8538784Z'/><EventRecordID>5727</EventRecordID><Correlation/><Execution ProcessID='2792' ThreadID='4944'/><Channel>Microsoft-Windows-Sysmon/Operational</Channel><Computer>windows</Computer><Security UserID='S-1-5-18'/></System><EventData><Data Name='RuleName'>DLL</Data><Data Name='UtcTime'>2026-09-10 20:06:24.844</Data><Data Name='ProcessGuid'>{064ad90c-0ca9-6aa3-5f02-000000000800}</Data><Data Name='ProcessId'>8252</Data><Data Name='Image'>C:\Windows\system32\svchost.exe</Data><Data Name='TargetFilename'>C:\Program Files\WindowsApps\Microsoft.DesktopAppInstaller_1.29.290.0_x64__8wekyb3d8bbwe\DotNet\hostfxr.dll</Data><Data Name='CreationUtcTime'>2026-09-10 20:06:24.844</Data><Data Name='User'>AUTORITE NT\Système</Data></EventData></Event><Event xmlns='http://schemas.microsoft.com/win/2004/08/events/event'><System><Provider Name='Microsoft-Windows-Sysmon' Guid='{5770385f-c22a-43e0-bf4c-06f5698ffbd9}'/><EventID>11</EventID><Version>2</Version><Level>4</Level><Task>11</Task><Opcode>0</Opcode><Keywords>0x8000000000000000</Keywords><TimeCreated SystemTime='2026-09-10T20:06:24.8534027Z'/><EventRecordID>5726</EventRecordID><Correlation/><Execution ProcessID='2792' ThreadID='4944'/><Channel>Microsoft-Windows-Sysmon/Operational</Channel><Computer>windows</Computer><Security UserID='S-1-5-18'/></System><EventData><Data Name='RuleName'>DLL</Data><Data Name='UtcTime'>2026-09-10 20:06:24.844</Data><Data Name='ProcessGuid'>{064ad90c-0ca9-6aa3-5f02-000000000800}</Data><Data Name='ProcessId'>8252</Data><Data Name='Image'>C:\Windows\system32\svchost.exe</Data><Data Name='TargetFilename'>C:\Program Files\WindowsApps\Microsoft.DesktopAppInstaller_1.29.290.0_x64__8wekyb3d8bbwe\DotNet\getfilesiginforedistwrapper.dll</Data><Data Name='CreationUtcTime'>2026-09-10 20:06:24.844</Data><Data Name='User'>AUTORITE NT\Système</Data></EventData></Event><Event xmlns='http://schemas.microsoft.com/win/2004/08/events/event'><System><Provider Name='Microsoft-Windows-Sysmon' Guid='{5770385f-c22a-43e0-bf4c-06f5698ffbd9}'/><EventID>11</EventID><Version>2</Version><Level>4</Level><Task>11</Task><Opcode>0</Opcode><Keywords>0x8000000000000000</Keywords><TimeCreated SystemTime='2026-09-10T20:06:24.8529527Z'/><EventRecordID>5725</EventRecordID><Correlation/><Execution ProcessID='2792' ThreadID='4944'/><Channel>Microsoft-Windows-Sysmon/Operational</Channel><Computer>windows</Computer><Security UserID='S-1-5-18'/></System><EventData><Data Name='RuleName'>DLL</Data><Data Name='UtcTime'>2026-09-10 20:06:24.844</Data><Data Name='ProcessGuid'>{064ad90c-0ca9-6aa3-5f02-000000000800}</Data><Data Name='ProcessId'>8252</Data><Data Name='Image'>C:\Windows\system32\svchost.exe</Data><Data Name='TargetFilename'>C:\Program Files\WindowsApps\Microsoft.DesktopAppInstaller_1.29.290.0_x64__8wekyb3d8bbwe\DotNet\getfilesiginforedist.dll</Data><Data Name='CreationUtcTime'>2026-09-10 20:06:24.844</Data><Data Name='User'>AUTORITE NT\Système</Data></EventData></Event><Event xmlns='http://schemas.microsoft.com/win/2004/08/events/event'><System><Provider Name='Microsoft-Windows-Sysmon' Guid='{5770385f-c22a-43e0-bf4c-06f5698ffbd9}'/><EventID>11</EventID><Version>2</Version><Level>4</Level><Task>11</Task><Opcode>0</Opcode><Keywords>0x8000000000000000</Keywords><TimeCreated SystemTime='2026-09-10T20:06:24.8524226Z'/><EventRecordID>5724</EventRecordID><Correlation/><Execution ProcessID='2792' ThreadID='4944'/><Channel>Microsoft-Windows-Sysmon/Operational</Channel><Computer>windows</Computer><Security UserID='S-1-5-18'/></System><EventData><Data Name='RuleName'>EXE</Data><Data Name='UtcTime'>2026-09-10 20:06:24.844</Data><Data Name='ProcessGuid'>{064ad90c-0ca9-6aa3-5f02-000000000800}</Data><Data Name='ProcessId'>8252</Data><Data Name='Image'>C:\Windows\system32\svchost.exe</Data><Data Name='TargetFilename'>C:\Program Files\WindowsApps\Microsoft.DesktopAppInstaller_1.29.290.0_x64__8wekyb3d8bbwe\DotNet\createdump.exe</Data><Data Name='CreationUtcTime'>2026-09-10 20:06:24.844</Data><Data Name='User'>AUTORITE NT\Système</Data></EventData></Event><Event xmlns='http://schemas.microsoft.com/win/2004/08/events/event'><System><Provider Name='Microsoft-Windows-Sysmon' Guid='{5770385f-c22a-43e0-bf4c-06f5698ffbd9}'/><EventID>11</EventID><Version>2</Version><Level>4</Level><Task>11</Task><Opcode>0</Opcode><Keywords>0x8000000000000000</Keywords><TimeCreated SystemTime='2026-09-10T20:06:24.8519514Z'/><EventRecordID>5723</EventRecordID><Correlation/><Execution ProcessID='2792' ThreadID='4944'/><Channel>Microsoft-Windows-Sysmon/Operational</Channel><Computer>windows</Computer><Security UserID='S-1-5-18'/></System><EventData><Data Name='RuleName'>DLL</Data><Data Name='UtcTime'>2026-09-10 20:06:24.844</Data><Data Name='ProcessGuid'>{064ad90c-0ca9-6aa3-5f02-000000000800}</Data><Data Name='ProcessId'>8252</Data><Data Name='Image'>C:\Windows\system32\svchost.exe</Data><Data Name='TargetFilename'>C:\Program Files\WindowsApps\Microsoft.DesktopAppInstaller_1.29.290.0_x64__8wekyb3d8bbwe\DotNet\coreclr.dll</Data><Data Name='CreationUtcTime'>2026-09-10 20:06:24.844</Data><Data Name='User'>AUTORITE NT\Système</Data></EventData></Event><Event xmlns='http://schemas.microsoft.com/win/2004/08/events/event'><System><Provider Name='Microsoft-Windows-Sysmon' Guid='{5770385f-c22a-43e0-bf4c-06f5698ffbd9}'/><EventID>11</EventID><Version>2</Version><Level>4</Level><Task>11</Task><Opcode>0</Opcode><Keywords>0x8000000000000000</Keywords><TimeCreated SystemTime='2026-09-10T20:06:24.8505668Z'/><EventRecordID>5722</EventRecordID><Correlation/><Execution ProcessID='2792' ThreadID='4944'/><Channel>Microsoft-Windows-Sysmon/Operational</Channel><Computer>windows</Computer><Security UserID='S-1-5-18'/></System><EventData><Data Name='RuleName'>EXE</Data><Data Name='UtcTime'>2026-09-10 20:06:24.844</Data><Data Name='ProcessGuid'>{064ad90c-0ca9-6aa3-5f02-000000000800}</Data><Data Name='ProcessId'>8252</Data><Data Name='Image'>C:\Windows\system32\svchost.exe</Data><Data Name='TargetFilename'>C:\Program Files\WindowsApps\Microsoft.DesktopAppInstaller_1.29.290.0_x64__8wekyb3d8bbwe\DotNet\ConfigurationRemotingServer.exe</Data><Data Name='CreationUtcTime'>2026-09-10 20:06:24.844</Data><Data Name='User'>AUTORITE NT\Système</Data></EventData></Event><Event xmlns='http://schemas.microsoft.com/win/2004/08/events/event'><System><Provider Name='Microsoft-Windows-Sysmon' Guid='{5770385f-c22a-43e0-bf4c-06f5698ffbd9}'/><EventID>11</EventID><Version>2</Version><Level>4</Level><Task>11</Task><Opcode>0</Opcode><Keywords>0x8000000000000000</Keywords><TimeCreated SystemTime='2026-09-10T20:06:24.8500223Z'/><EventRecordID>5721</EventRecordID><Correlation/><Execution ProcessID='2792' ThreadID='4944'/><Channel>Microsoft-Windows-Sysmon/Operational</Channel><Computer>windows</Computer><Security UserID='S-1-5-18'/></System><EventData><Data Name='RuleName'>DLL</Data><Data Name='UtcTime'>2026-09-10 20:06:24.844</Data><Data Name='ProcessGuid'>{064ad90c-0ca9-6aa3-5f02-000000000800}</Data><Data Name='ProcessId'>8252</Data><Data Name='Image'>C:\Windows\system32\svchost.exe</Data><Data Name='TargetFilename'>C:\Program Files\WindowsApps\Microsoft.DesktopAppInstaller_1.29.290.0_x64__8wekyb3d8bbwe\DotNet\ConfigurationRemotingServer.dll</Data><Data Name='CreationUtcTime'>2026-09-10 20:06:24.844</Data><Data Name='User'>AUTORITE NT\Système</Data></EventData></Event><Event xmlns='http://schemas.microsoft.com/win/2004/08/events/event'><System><Provider Name='Microsoft-Windows-Sysmon' Guid='{5770385f-c22a-43e0-bf4c-06f5698ffbd9}'/><EventID>11</EventID><Version>2</Version><Level>4</Level><Task>11</Task><Opcode>0</Opcode><Keywords>0x8000000000000000</Keywords><TimeCreated SystemTime='2026-09-10T20:06:24.8489629Z'/><EventRecordID>5720</EventRecordID><Correlation/><Execution ProcessID='2792' ThreadID='4944'/><Channel>Microsoft-Windows-Sysmon/Operational</Channel><Computer>windows</Computer><Security UserID='S-1-5-18'/></System><EventData><Data Name='RuleName'>DLL</Data><Data Name='UtcTime'>2026-09-10 20:06:24.844</Data><Data Name='ProcessGuid'>{064ad90c-0ca9-6aa3-5f02-000000000800}</Data><Data Name='ProcessId'>8252</Data><Data Name='Image'>C:\Windows\system32\svchost.exe</Data><Data Name='TargetFilename'>C:\Program Files\WindowsApps\Microsoft.DesktopAppInstaller_1.29.290.0_x64__8wekyb3d8bbwe\DotNet\clrjit.dll</Data><Data Name='CreationUtcTime'>2026-09-10 20:06:24.844</Data><Data Name='User'>AUTORITE NT\Système</Data></EventData></Event><Event xmlns='http://schemas.microsoft.com/win/2004/08/events/event'><System><Provider Name='Microsoft-Windows-Sysmon' Guid='{5770385f-c22a-43e0-bf4c-06f5698ffbd9}'/><EventID>11</EventID><Version>2</Version><Level>4</Level><Task>11</Task><Opcode>0</Opcode><Keywords>0x8000000000000000</Keywords><TimeCreated SystemTime='2026-09-10T20:06:24.8485915Z'/><EventRecordID>5719</EventRecordID><Correlation/><Execution ProcessID='2792' ThreadID='4944'/><Channel>Microsoft-Windows-Sysmon/Operational</Channel><Computer>windows</Computer><Security UserID='S-1-5-18'/></System><EventData><Data Name='RuleName'>DLL</Data><Data Name='UtcTime'>2026-09-10 20:06:24.844</Data><Data Name='ProcessGuid'>{064ad90c-0ca9-6aa3-5f02-000000000800}</Data><Data Name='ProcessId'>8252</Data><Data Name='Image'>C:\Windows\system32\svchost.exe</Data><Data Name='TargetFilename'>C:\Program Files\WindowsApps\Microsoft.DesktopAppInstaller_1.29.290.0_x64__8wekyb3d8bbwe\DotNet\clrgc.dll</Data><Data Name='CreationUtcTime'>2026-09-10 20:06:24.844</Data><Data Name='User'>AUTORITE NT\Système</Data></EventData></Event><Event xmlns='http://schemas.microsoft.com/win/2004/08/events/event'><System><Provider Name='Microsoft-Windows-Sysmon' Guid='{5770385f-c22a-43e0-bf4c-06f5698ffbd9}'/><EventID>11</EventID><Version>2</Version><Level>4</Level><Task>11</Task><Opcode>0</Opcode><Keywords>0x8000000000000000</Keywords><TimeCreated SystemTime='2026-09-10T20:06:24.8481547Z'/><EventRecordID>5718</EventRecordID><Correlation/><Execution ProcessID='2792' ThreadID='4944'/><Channel>Microsoft-Windows-Sysmon/Operational</Channel><Computer>windows</Computer><Security UserID='S-1-5-18'/></System><EventData><Data Name='RuleName'>DLL</Data><Data Name='UtcTime'>2026-09-10 20:06:24.844</Data><Data Name='ProcessGuid'>{064ad90c-0ca9-6aa3-5f02-000000000800}</Data><Data Name='ProcessId'>8252</Data><Data Name='Image'>C:\Windows\system32\svchost.exe</Data><Data Name='TargetFilename'>C:\Program Files\WindowsApps\Microsoft.DesktopAppInstaller_1.29.290.0_x64__8wekyb3d8bbwe\DotNet\clretwrc.dll</Data><Data Name='CreationUtcTime'>2026-09-10 20:06:24.844</Data><Data Name='User'>AUTORITE NT\Système</Data></EventData></Event><Event xmlns='http://schemas.microsoft.com/win/2004/08/events/event'><System><Provider Name='Microsoft-Windows-Sysmon' Guid='{5770385f-c22a-43e0-bf4c-06f5698ffbd9}'/><EventID>11</EventID><Version>2</Version><Level>4</Level><Task>11</Task><Opcode>0</Opcode><Keywords>0x8000000000000000</Keywords><TimeCreated SystemTime='2026-09-10T20:06:24.8476855Z'/><EventRecordID>5717</EventRecordID><Correlation/><Execution ProcessID='2792' ThreadID='4944'/><Channel>Microsoft-Windows-Sysmon/Operational</Channel><Computer>windows</Computer><Security UserID='S-1-5-18'/></System><EventData><Data Name='RuleName'>DLL</Data><Data Name='UtcTime'>2026-09-10 20:06:24.844</Data><Data Name='ProcessGuid'>{064ad90c-0ca9-6aa3-5f02-000000000800}</Data><Data Name='ProcessId'>8252</Data><Data Name='Image'>C:\Windows\system32\svchost.exe</Data><Data Name='TargetFilename'>C:\Program Files\WindowsApps\Microsoft.DesktopAppInstaller_1.29.290.0_x64__8wekyb3d8bbwe\concrt140_app.dll</Data><Data Name='CreationUtcTime'>2026-09-10 20:06:24.844</Data><Data Name='User'>AUTORITE NT\Système</Data></EventData></Event><Event xmlns='http://schemas.microsoft.com/win/2004/08/events/event'><System><Provider Name='Microsoft-Windows-Sysmon' Guid='{5770385f-c22a-43e0-bf4c-06f5698ffbd9}'/><EventID>11</EventID><Version>2</Version><Level>4</Level><Task>11</Task><Opcode>0</Opcode><Keywords>0x8000000000000000</Keywords><TimeCreated SystemTime='2026-09-10T20:06:24.8472876Z'/><EventRecordID>5716</EventRecordID><Correlation/><Execution ProcessID='2792' ThreadID='4944'/><Channel>Microsoft-Windows-Sysmon/Operational</Channel><Computer>windows</Computer><Security UserID='S-1-5-18'/></System><EventData><Data Name='RuleName'>EXE</Data><Data Name='UtcTime'>2026-09-10 20:06:24.844</Data><Data Name='ProcessGuid'>{064ad90c-0ca9-6aa3-5f02-000000000800}</Data><Data Name='ProcessId'>8252</Data><Data Name='Image'>C:\Windows\system32\svchost.exe</Data><Data Name='TargetFilename'>C:\Program Files\WindowsApps\Microsoft.DesktopAppInstaller_1.29.290.0_x64__8wekyb3d8bbwe\AuthenticationManager.exe</Data><Data Name='CreationUtcTime'>2026-09-10 20:06:24.844</Data><Data Name='User'>AUTORITE NT\Système</Data></EventData></Event><Event xmlns='http://schemas.microsoft.com/win/2004/08/events/event'><System><Provider Name='Microsoft-Windows-Sysmon' Guid='{5770385f-c22a-43e0-bf4c-06f5698ffbd9}'/><EventID>11</EventID><Version>2</Version><Level>4</Level><Task>11</Task><Opcode>0</Opcode><Keywords>0x8000000000000000</Keywords><TimeCreated SystemTime='2026-09-10T20:06:24.7424106Z'/><EventRecordID>5715</EventRecordID><Correlation/><Execution ProcessID='2792' ThreadID='4944'/><Channel>Microsoft-Windows-Sysmon/Operational</Channel><Computer>windows</Computer><Security UserID='S-1-5-18'/></System><EventData><Data Name='RuleName'>EXE</Data><Data Name='UtcTime'>2026-09-10 20:06:24.733</Data><Data Name='ProcessGuid'>{064ad90c-0ca9-6aa3-5f02-000000000800}</Data><Data Name='ProcessId'>8252</Data><Data Name='Image'>C:\Windows\system32\svchost.exe</Data><Data Name='TargetFilename'>C:\Program Files\WindowsApps\Microsoft.DesktopAppInstaller_1.29.290.0_x64__8wekyb3d8bbwe\AppInstallerPythonRedirector.exe</Data><Data Name='CreationUtcTime'>2026-09-10 20:06:24.733</Data><Data Name='User'>AUTORITE NT\Système</Data></EventData></Event><Event xmlns='http://schemas.microsoft.com/win/2004/08/events/event'><System><Provider Name='Microsoft-Windows-Sysmon' Guid='{5770385f-c22a-43e0-bf4c-06f5698ffbd9}'/><EventID>11</EventID><Version>2</Version><Level>4</Level><Task>11</Task><Opcode>0</Opcode><Keywords>0x8000000000000000</Keywords><TimeCreated SystemTime='2026-09-10T20:06:24.7411989Z'/><EventRecordID>5714</EventRecordID><Correlation/><Execution ProcessID='2792' ThreadID='4944'/><Channel>Microsoft-Windows-Sysmon/Operational</Channel><Computer>windows</Computer><Security UserID='S-1-5-18'/></System><EventData><Data Name='RuleName'>EXE</Data><Data Name='UtcTime'>2026-09-10 20:06:24.733</Data><Data Name='ProcessGuid'>{064ad90c-0ca9-6aa3-5f02-000000000800}</Data><Data Name='ProcessId'>8252</Data><Data Name='Image'>C:\Windows\system32\svchost.exe</Data><Data Name='TargetFilename'>C:\Program Files\WindowsApps\Microsoft.DesktopAppInstaller_1.29.290.0_x64__8wekyb3d8bbwe\AppInstallerProtocolShim.exe</Data><Data Name='CreationUtcTime'>2026-09-10 20:06:24.733</Data><Data Name='User'>AUTORITE NT\Système</Data></EventData></Event><Event xmlns='http://schemas.microsoft.com/win/2004/08/events/event'><System><Provider Name='Microsoft-Windows-Sysmon' Guid='{5770385f-c22a-43e0-bf4c-06f5698ffbd9}'/><EventID>11</EventID><Version>2</Version><Level>4</Level><Task>11</Task><Opcode>0</Opcode><Keywords>0x8000000000000000</Keywords><TimeCreated SystemTime='2026-09-10T20:06:24.7384386Z'/><EventRecordID>5713</EventRecordID><Correlation/><Execution ProcessID='2792' ThreadID='4944'/><Channel>Microsoft-Windows-Sysmon/Operational</Channel><Computer>windows</Computer><Security UserID='S-1-5-18'/></System><EventData><Data Name='RuleName'>EXE</Data><Data Name='UtcTime'>2026-09-10 20:06:24.733</Data><Data Name='ProcessGuid'>{064ad90c-0ca9-6aa3-5f02-000000000800}</Data><Data Name='ProcessId'>8252</Data><Data Name='Image'>C:\Windows\system32\svchost.exe</Data><Data Name='TargetFilename'>C:\Program Files\WindowsApps\Microsoft.DesktopAppInstaller_1.29.290.0_x64__8wekyb3d8bbwe\AppInstaller.exe</Data><Data Name='CreationUtcTime'>2026-09-10 20:06:24.733</Data><Data Name='User'>AUTORITE NT\Système</Data></EventData></Event><Event xmlns='http://schemas.microsoft.com/win/2004/08/events/event'><System><Provider Name='Microsoft-Windows-Sysmon' Guid='{5770385f-c22a-43e0-bf4c-06f5698ffbd9}'/><EventID>11</EventID><Version>2</Version><Level>4</Level><Task>11</Task><Opcode>0</Opcode><Keywords>0x8000000000000000</Keywords><TimeCreated SystemTime='2026-09-10T20:05:53.7669881Z'/><EventRecordID>5712</EventRecordID><Correlation/><Execution ProcessID='2792' ThreadID='4944'/><Channel>Microsoft-Windows-Sysmon/Operational</Channel><Computer>windows</Computer><Security UserID='S-1-5-18'/></System><EventData><Data Name='RuleName'>DLL</Data><Data Name='UtcTime'>2026-09-10 20:05:53.759</Data><Data Name='ProcessGuid'>{064ad90c-0ca9-6aa3-5f02-000000000800}</Data><Data Name='ProcessId'>8252</Data><Data Name='Image'>C:\Windows\system32\svchost.exe</Data><Data Name='TargetFilename'>C:\Program Files\WindowsApps\Microsoft.WindowsAppRuntime.2_2.4.0.0_x64__8wekyb3d8bbwe\wuceffectsi.dll</Data><Data Name='CreationUtcTime'>2026-09-10 20:05:53.759</Data><Data Name='User'>AUTORITE NT\Système</Data></EventData></Event><Event xmlns='http://schemas.microsoft.com/win/2004/08/events/event'><System><Provider Name='Microsoft-Windows-Sysmon' Guid='{5770385f-c22a-43e0-bf4c-06f5698ffbd9}'/><EventID>11</EventID><Version>2</Version><Level>4</Level><Task>11</Task><Opcode>0</Opcode><Keywords>0x8000000000000000</Keywords><TimeCreated SystemTime='2026-09-10T20:05:53.7631410Z'/><EventRecordID>5711</EventRecordID><Correlation/><Execution ProcessID='2792' ThreadID='4944'/><Channel>Microsoft-Windows-Sysmon/Operational</Channel><Computer>windows</Computer><Security UserID='S-1-5-18'/></System><EventData><Data Name='RuleName'>DLL</Data><Data Name='UtcTime'>2026-09-10 20:05:53.759</Data><Data Name='ProcessGuid'>{064ad90c-0ca9-6aa3-5f02-000000000800}</Data><Data Name='ProcessId'>8252</Data><Data Name='Image'>C:\Windows\system32\svchost.exe</Data><Data Name='TargetFilename'>C:\Program Files\WindowsApps\Microsoft.WindowsAppRuntime.2_2.4.0.0_x64__8wekyb3d8bbwe\WinUIEdit.dll</Data><Data Name='CreationUtcTime'>2026-09-10 20:05:53.759</Data><Data Name='User'>AUTORITE NT\Système</Data></EventData></Event><Event xmlns='http://schemas.microsoft.com/win/2004/08/events/event'><System><Provider Name='Microsoft-Windows-Sysmon' Guid='{5770385f-c22a-43e0-bf4c-06f5698ffbd9}'/><EventID>11</EventID><Version>2</Version><Level>4</Level><Task>11</Task><Opcode>0</Opcode><Keywords>0x8000000000000000</Keywords><TimeCreated SystemTime='2026-09-10T20:05:53.7625615Z'/><EventRecordID>5710</EventRecordID><Correlation/><Execution ProcessID='2792' ThreadID='4944'/><Channel>Microsoft-Windows-Sysmon/Operational</Channel><Computer>windows</Computer><Security UserID='S-1-5-18'/></System><EventData><Data Name='RuleName'>DLL</Data><Data Name='UtcTime'>2026-09-10 20:05:53.759</Data><Data Name='ProcessGuid'>{064ad90c-0ca9-6aa3-5f02-000000000800}</Data><Data Name='ProcessId'>8252</Data><Data Name='Image'>C:\Windows\system32\svchost.exe</Data><Data Name='TargetFilename'>C:\Program Files\WindowsApps\Microsoft.WindowsAppRuntime.2_2.4.0.0_x64__8wekyb3d8bbwe\WindowsAppSdk.AppxDeploymentExtensions.Desktop.dll</Data><Data Name='CreationUtcTime'>2026-09-10 20:05:53.759</Data><Data Name='User'>AUTORITE NT\Système</Data></EventData></Event><Event xmlns='http://schemas.microsoft.com/win/2004/08/events/event'><System><Provider Name='Microsoft-Windows-Sysmon' Guid='{5770385f-c22a-43e0-bf4c-06f5698ffbd9}'/><EventID>11</EventID><Version>2</Version><Level>4</Level><Task>11</Task><Opcode>0</Opcode><Keywords>0x8000000000000000</Keywords><TimeCreated SystemTime='2026-09-10T20:05:53.7589982Z'/><EventRecordID>5709</EventRecordID><Correlation/><Execution ProcessID='2792' ThreadID='4944'/><Channel>Microsoft-Windows-Sysmon/Operational</Channel><Computer>windows</Computer><Security UserID='S-1-5-18'/></System><EventData><Data Name='RuleName'>DLL</Data><Data Name='UtcTime'>2026-09-10 20:05:53.758</Data><Data Name='ProcessGuid'>{064ad90c-0ca9-6aa3-5f02-000000000800}</Data><Data Name='ProcessId'>8252</Data><Data Name='Image'>C:\Windows\system32\svchost.exe</Data><Data Name='TargetFilename'>C:\Program Files\WindowsApps\Microsoft.WindowsAppRuntime.2_2.4.0.0_x64__8wekyb3d8bbwe\WindowsAppSdk.AppxDeploymentExtensions.Desktop-EventLog-Instrumentation.dll</Data><Data Name='CreationUtcTime'>2026-09-10 20:05:53.743</Data><Data Name='User'>AUTORITE NT\Système</Data></EventData></Event><Event xmlns='http://schemas.microsoft.com/win/2004/08/events/event'><System><Provider Name='Microsoft-Windows-Sysmon' Guid='{5770385f-c22a-43e0-bf4c-06f5698ffbd9}'/><EventID>11</EventID><Version>2</Version><Level>4</Level><Task>11</Task><Opcode>0</Opcode><Keywords>0x8000000000000000</Keywords><TimeCreated SystemTime='2026-09-10T20:05:53.7582472Z'/><EventRecordID>5708</EventRecordID><Correlation/><Execution ProcessID='2792' ThreadID='4944'/><Channel>Microsoft-Windows-Sysmon/Operational</Channel><Computer>windows</Computer><Security UserID='S-1-5-18'/></System><EventData><Data Name='RuleName'>DLL</Data><Data Name='UtcTime'>2026-09-10 20:05:53.743</Data><Data Name='ProcessGuid'>{064ad90c-0ca9-6aa3-5f02-000000000800}</Data><Data Name='ProcessId'>8252</Data><Data Name='Image'>C:\Windows\system32\svchost.exe</Data><Data Name='TargetFilename'>C:\Program Files\WindowsApps\Microsoft.WindowsAppRuntime.2_2.4.0.0_x64__8wekyb3d8bbwe\WindowsAppRuntime.DeploymentExtensions.OneCore.dll</Data><Data Name='CreationUtcTime'>2026-09-10 20:05:53.743</Data><Data Name='User'>AUTORITE NT\Système</Data></EventData></Event><Event xmlns='http://schemas.microsoft.com/win/2004/08/events/event'><System><Provider Name='Microsoft-Windows-Sysmon' Guid='{5770385f-c22a-43e0-bf4c-06f5698ffbd9}'/><EventID>11</EventID><Version>2</Version><Level>4</Level><Task>11</Task><Opcode>0</Opcode><Keywords>0x8000000000000000</Keywords><TimeCreated SystemTime='2026-09-10T20:05:53.7290477Z'/><EventRecordID>5707</EventRecordID><Correlation/><Execution ProcessID='2792' ThreadID='4944'/><Channel>Microsoft-Windows-Sysmon/Operational</Channel><Computer>windows</Computer><Security UserID='S-1-5-18'/></System><EventData><Data Name='RuleName'>DLL</Data><Data Name='UtcTime'>2026-09-10 20:05:53.728</Data><Data Name='ProcessGuid'>{064ad90c-0ca9-6aa3-5f02-000000000800}</Data><Data Name='ProcessId'>8252</Data><Data Name='Image'>C:\Windows\system32\svchost.exe</Data><Data Name='TargetFilename'>C:\Program Files\WindowsApps\Microsoft.WindowsAppRuntime.2_2.4.0.0_x64__8wekyb3d8bbwe\SessionHandleIPCProxyStub.dll</Data><Data Name='CreationUtcTime'>2026-09-10 20:05:53.728</Data><Data Name='User'>AUTORITE NT\Système</Data></EventData></Event><Event xmlns='http://schemas.microsoft.com/win/2004/08/events/event'><System><Provider Name='Microsoft-Windows-Sysmon' Guid='{5770385f-c22a-43e0-bf4c-06f5698ffbd9}'/><EventID>11</EventID><Version>2</Version><Level>4</Level><Task>11</Task><Opcode>0</Opcode><Keywords>0x8000000000000000</Keywords><TimeCreated SystemTime='2026-09-10T20:05:53.7256200Z'/><EventRecordID>5706</EventRecordID><Correlation/><Execution ProcessID='2792' ThreadID='4944'/><Channel>Microsoft-Windows-Sysmon/Operational</Channel><Computer>windows</Computer><Security UserID='S-1-5-18'/></System><EventData><Data Name='RuleName'>EXE</Data><Data Name='UtcTime'>2026-09-10 20:05:53.712</Data><Data Name='ProcessGuid'>{064ad90c-0ca9-6aa3-5f02-000000000800}</Data><Data Name='ProcessId'>8252</Data><Data Name='Image'>C:\Windows\system32\svchost.exe</Data><Data Name='TargetFilename'>C:\Program Files\WindowsApps\Microsoft.WindowsAppRuntime.2_2.4.0.0_x64__8wekyb3d8bbwe\RestartAgent.exe</Data><Data Name='CreationUtcTime'>2026-09-10 20:05:53.712</Data><Data Name='User'>AUTORITE NT\Système</Data></EventData></Event><Event xmlns='http://schemas.microsoft.com/win/2004/08/events/event'><System><Provider Name='Microsoft-Windows-Sysmon' Guid='{5770385f-c22a-43e0-bf4c-06f5698ffbd9}'/><EventID>11</EventID><Version>2</Version><Level>4</Level><Task>11</Task><Opcode>0</Opcode><Keywords>0x8000000000000000</Keywords><TimeCreated SystemTime='2026-09-10T20:05:53.7224972Z'/><EventRecordID>5705</EventRecordID><Correlation/><Execution ProcessID='2792' ThreadID='4944'/><Channel>Microsoft-Windows-Sysmon/Operational</Channel><Computer>windows</Computer><Security UserID='S-1-5-18'/></System><EventData><Data Name='RuleName'>DLL</Data><Data Name='UtcTime'>2026-09-10 20:05:53.712</Data><Data Name='ProcessGuid'>{064ad90c-0ca9-6aa3-5f02-000000000800}</Data><Data Name='ProcessId'>8252</Data><Data Name='Image'>C:\Windows\system32\svchost.exe</Data><Data Name='TargetFilename'>C:\Program Files\WindowsApps\Microsoft.WindowsAppRuntime.2_2.4.0.0_x64__8wekyb3d8bbwe\PushNotificationsLongRunningTask.ProxyStub.dll</Data><Data Name='CreationUtcTime'>2026-09-10 20:05:53.712</Data><Data Name='User'>AUTORITE NT\Système</Data></EventData></Event><Event xmlns='http://schemas.microsoft.com/win/2004/08/events/event'><System><Provider Name='Microsoft-Windows-Sysmon' Guid='{5770385f-c22a-43e0-bf4c-06f5698ffbd9}'/><EventID>11</EventID><Version>2</Version><Level>4</Level><Task>11</Task><Opcode>0</Opcode><Keywords>0x8000000000000000</Keywords><TimeCreated SystemTime='2026-09-10T20:05:53.7185227Z'/><EventRecordID>5704</EventRecordID><Correlation/><Execution ProcessID='2792' ThreadID='4944'/><Channel>Microsoft-Windows-Sysmon/Operational</Channel><Computer>windows</Computer><Security UserID='S-1-5-18'/></System><EventData><Data Name='RuleName'>DLL</Data><Data Name='UtcTime'>2026-09-10 20:05:53.712</Data><Data Name='ProcessGuid'>{064ad90c-0ca9-6aa3-5f02-000000000800}</Data><Data Name='ProcessId'>8252</Data><Data Name='Image'>C:\Windows\system32\svchost.exe</Data><Data Name='TargetFilename'>C:\Program Files\WindowsApps\Microsoft.WindowsAppRuntime.2_2.4.0.0_x64__8wekyb3d8bbwe\PerceptiveStreaming.dll</Data><Data Name='CreationUtcTime'>2026-09-10 20:05:53.712</Data><Data Name='User'>AUTORITE NT\Système</Data></EventData></Event><Event xmlns='http://schemas.microsoft.com/win/2004/08/events/event'><System><Provider Name='Microsoft-Windows-Sysmon' Guid='{5770385f-c22a-43e0-bf4c-06f5698ffbd9}'/><EventID>11</EventID><Version>2</Version><Level>4</Level><Task>11</Task><Opcode>0</Opcode><Keywords>0x8000000000000000</Keywords><TimeCreated SystemTime='2026-09-10T20:05:53.7158795Z'/><EventRecordID>5703</EventRecordID><Correlation/><Execution ProcessID='2792' ThreadID='4944'/><Channel>Microsoft-Windows-Sysmon/Operational</Channel><Computer>windows</Computer><Security UserID='S-1-5-18'/></System><EventData><Data Name='RuleName'>DLL</Data><Data Name='UtcTime'>2026-09-10 20:05:53.712</Data><Data Name='ProcessGuid'>{064ad90c-0ca9-6aa3-5f02-000000000800}</Data><Data Name='ProcessId'>8252</Data><Data Name='Image'>C:\Windows\system32\svchost.exe</Data><Data Name='TargetFilename'>C:\Program Files\WindowsApps\Microsoft.WindowsAppRuntime.2_2.4.0.0_x64__8wekyb3d8bbwe\onnxruntime.dll</Data><Data Name='CreationUtcTime'>2026-09-10 20:05:53.712</Data><Data Name='User'>AUTORITE NT\Système</Data></EventData></Event><Event xmlns='http://schemas.microsoft.com/win/2004/08/events/event'><System><Provider Name='Microsoft-Windows-Sysmon' Guid='{5770385f-c22a-43e0-bf4c-06f5698ffbd9}'/><EventID>11</EventID><Version>2</Version><Level>4</Level><Task>11</Task><Opcode>0</Opcode><Keywords>0x8000000000000000</Keywords><TimeCreated SystemTime='2026-09-10T20:05:53.7154422Z'/><EventRecordID>5702</EventRecordID><Correlation/><Execution ProcessID='2792' ThreadID='4944'/><Channel>Microsoft-Windows-Sysmon/Operational</Channel><Computer>windows</Computer><Security UserID='S-1-5-18'/></System><EventData><Data Name='RuleName'>DLL</Data><Data Name='UtcTime'>2026-09-10 20:05:53.712</Data><Data Name='ProcessGuid'>{064ad90c-0ca9-6aa3-5f02-000000000800}</Data><Data Name='ProcessId'>8252</Data><Data Name='Image'>C:\Windows\system32\svchost.exe</Data><Data Name='TargetFilename'>C:\Program Files\WindowsApps\Microsoft.WindowsAppRuntime.2_2.4.0.0_x64__8wekyb3d8bbwe\NPUDetect.dll</Data><Data Name='CreationUtcTime'>2026-09-10 20:05:53.712</Data><Data Name='User'>AUTORITE NT\Système</Data></EventData></Event><Event xmlns='http://schemas.microsoft.com/win/2004/08/events/event'><System><Provider Name='Microsoft-Windows-Sysmon' Guid='{5770385f-c22a-43e0-bf4c-06f5698ffbd9}'/><EventID>11</EventID><Version>2</Version><Level>4</Level><Task>11</Task><Opcode>0</Opcode><Keywords>0x8000000000000000</Keywords><TimeCreated SystemTime='2026-09-10T20:05:53.7055220Z'/><EventRecordID>5701</EventRecordID><Correlation/><Execution ProcessID='2792' ThreadID='4944'/><Channel>Microsoft-Windows-Sysmon/Operational</Channel><Computer>windows</Computer><Security UserID='S-1-5-18'/></System><EventData><Data Name='RuleName'>DLL</Data><Data Name='UtcTime'>2026-09-10 20:05:53.696</Data><Data Name='ProcessGuid'>{064ad90c-0ca9-6aa3-5f02-000000000800}</Data><Data Name='ProcessId'>8252</Data><Data Name='Image'>C:\Windows\system32\svchost.exe</Data><Data Name='TargetFilename'>C:\Program Files\WindowsApps\Microsoft.WindowsAppRuntime.2_2.4.0.0_x64__8wekyb3d8bbwe\MRM.dll</Data><Data Name='CreationUtcTime'>2026-09-10 20:05:53.696</Data><Data Name='User'>AUTORITE NT\Système</Data></EventData></Event><Event xmlns='http://schemas.microsoft.com/win/2004/08/events/event'><System><Provider Name='Microsoft-Windows-Sysmon' Guid='{5770385f-c22a-43e0-bf4c-06f5698ffbd9}'/><EventID>11</EventID><Version>2</Version><Level>4</Level><Task>11</Task><Opcode>0</Opcode><Keywords>0x8000000000000000</Keywords><TimeCreated SystemTime='2026-09-10T20:05:53.7006421Z'/><EventRecordID>5700</EventRecordID><Correlation/><Execution ProcessID='2792' ThreadID='4944'/><Channel>Microsoft-Windows-Sysmon/Operational</Channel><Computer>windows</Computer><Security UserID='S-1-5-18'/></System><EventData><Data Name='RuleName'>DLL</Data><Data Name='UtcTime'>2026-09-10 20:05:53.696</Data><Data Name='ProcessGuid'>{064ad90c-0ca9-6aa3-5f02-000000000800}</Data><Data Name='ProcessId'>8252</Data><Data Name='Image'>C:\Windows\system32\svchost.exe</Data><Data Name='TargetFilename'>C:\Program Files\WindowsApps\Microsoft.WindowsAppRuntime.2_2.4.0.0_x64__8wekyb3d8bbwe\Microsoft.WindowsAppRuntime.Insights.Resource.dll</Data><Data Name='CreationUtcTime'>2026-09-10 20:05:53.696</Data><Data Name='User'>AUTORITE NT\Système</Data></EventData></Event><Event xmlns='http://schemas.microsoft.com/win/2004/08/events/event'><System><Provider Name='Microsoft-Windows-Sysmon' Guid='{5770385f-c22a-43e0-bf4c-06f5698ffbd9}'/><EventID>11</EventID><Version>2</Version><Level>4</Level><Task>11</Task><Opcode>0</Opcode><Keywords>0x8000000000000000</Keywords><TimeCreated SystemTime='2026-09-10T20:05:53.7001339Z'/><EventRecordID>5699</EventRecordID><Correlation/><Execution ProcessID='2792' ThreadID='4944'/><Channel>Microsoft-Windows-Sysmon/Operational</Channel><Computer>windows</Computer><Security UserID='S-1-5-18'/></System><EventData><Data Name='RuleName'>DLL</Data><Data Name='UtcTime'>2026-09-10 20:05:53.696</Data><Data Name='ProcessGuid'>{064ad90c-0ca9-6aa3-5f02-000000000800}</Data><Data Name='ProcessId'>8252</Data><Data Name='Image'>C:\Windows\system32\svchost.exe</Data><Data Name='TargetFilename'>C:\Program Files\WindowsApps\Microsoft.WindowsAppRuntime.2_2.4.0.0_x64__8wekyb3d8bbwe\Microsoft.WindowsAppRuntime.dll</Data><Data Name='CreationUtcTime'>2026-09-10 20:05:53.696</Data><Data Name='User'>AUTORITE NT\Système</Data></EventData></Event><Event xmlns='http://schemas.microsoft.com/win/2004/08/events/event'><System><Provider Name='Microsoft-Windows-Sysmon' Guid='{5770385f-c22a-43e0-bf4c-06f5698ffbd9}'/><EventID>11</EventID><Version>2</Version><Level>4</Level><Task>11</Task><Opcode>0</Opcode><Keywords>0x8000000000000000</Keywords><TimeCreated SystemTime='2026-09-10T20:05:53.6992719Z'/><EventRecordID>5698</EventRecordID><Correlation/><Execution ProcessID='2792' ThreadID='4944'/><Channel>Microsoft-Windows-Sysmon/Operational</Channel><Computer>windows</Computer><Security UserID='S-1-5-18'/></System><EventData><Data Name='RuleName'>DLL</Data><Data Name='UtcTime'>2026-09-10 20:05:53.696</Data><Data Name='ProcessGuid'>{064ad90c-0ca9-6aa3-5f02-000000000800}</Data><Data Name='ProcessId'>8252</Data><Data Name='Image'>C:\Windows\system32\svchost.exe</Data><Data Name='TargetFilename'>C:\Program Files\WindowsApps\Microsoft.WindowsAppRuntime.2_2.4.0.0_x64__8wekyb3d8bbwe\Microsoft.Windows.Workloads.Resources_ec.dll</Data><Data Name='CreationUtcTime'>2026-09-10 20:05:53.696</Data><Data Name='User'>AUTORITE NT\Système</Data></EventData></Event><Event xmlns='http://schemas.microsoft.com/win/2004/08/events/event'><System><Provider Name='Microsoft-Windows-Sysmon' Guid='{5770385f-c22a-43e0-bf4c-06f5698ffbd9}'/><EventID>11</EventID><Version>2</Version><Level>4</Level><Task>11</Task><Opcode>0</Opcode><Keywords>0x8000000000000000</Keywords><TimeCreated SystemTime='2026-09-10T20:05:53.6988160Z'/><EventRecordID>5697</EventRecordID><Correlation/><Execution ProcessID='2792' ThreadID='4944'/><Channel>Microsoft-Windows-Sysmon/Operational</Channel><Computer>windows</Computer><Security UserID='S-1-5-18'/></System><EventData><Data Name='RuleName'>DLL</Data><Data Name='UtcTime'>2026-09-10 20:05:53.696</Data><Data Name='ProcessGuid'>{064ad90c-0ca9-6aa3-5f02-000000000800}</Data><Data Name='ProcessId'>8252</Data><Data Name='Image'>C:\Windows\system32\svchost.exe</Data><Data Name='TargetFilename'>C:\Program Files\WindowsApps\Microsoft.WindowsAppRuntime.2_2.4.0.0_x64__8wekyb3d8bbwe\Microsoft.Windows.Workloads.Resources.dll</Data><Data Name='CreationUtcTime'>2026-09-10 20:05:53.696</Data><Data Name='User'>AUTORITE NT\Système</Data></EventData></Event><Event xmlns='http://schemas.microsoft.com/win/2004/08/events/event'><System><Provider Name='Microsoft-Windows-Sysmon' Guid='{5770385f-c22a-43e0-bf4c-06f5698ffbd9}'/><EventID>11</EventID><Version>2</Version><Level>4</Level><Task>11</Task><Opcode>0</Opcode><Keywords>0x8000000000000000</Keywords><TimeCreated SystemTime='2026-09-10T20:05:53.6982708Z'/><EventRecordID>5696</EventRecordID><Correlation/><Execution ProcessID='2792' ThreadID='4944'/><Channel>Microsoft-Windows-Sysmon/Operational</Channel><Computer>windows</Computer><Security UserID='S-1-5-18'/></System><EventData><Data Name='RuleName'>DLL</Data><Data Name='UtcTime'>2026-09-10 20:05:53.696</Data><Data Name='ProcessGuid'>{064ad90c-0ca9-6aa3-5f02-000000000800}</Data><Data Name='ProcessId'>8252</Data><Data Name='Image'>C:\Windows\system32\svchost.exe</Data><Data Name='TargetFilename'>C:\Program Files\WindowsApps\Microsoft.WindowsAppRuntime.2_2.4.0.0_x64__8wekyb3d8bbwe\Microsoft.Windows.Workloads.dll</Data><Data Name='CreationUtcTime'>2026-09-10 20:05:53.696</Data><Data Name='User'>AUTORITE NT\Système</Data></EventData></Event><Event xmlns='http://schemas.microsoft.com/win/2004/08/events/event'><System><Provider Name='Microsoft-Windows-Sysmon' Guid='{5770385f-c22a-43e0-bf4c-06f5698ffbd9}'/><EventID>11</EventID><Version>2</Version><Level>4</Level><Task>11</Task><Opcode>0</Opcode><Keywords>0x8000000000000000</Keywords><TimeCreated SystemTime='2026-09-10T20:05:53.6965341Z'/><EventRecordID>5695</EventRecordID><Correlation/><Execution ProcessID='2792' ThreadID='4944'/><Channel>Microsoft-Windows-Sysmon/Operational</Channel><Computer>windows</Computer><Security UserID='S-1-5-18'/></System><EventData><Data Name='RuleName'>DLL</Data><Data Name='UtcTime'>2026-09-10 20:05:53.681</Data><Data Name='ProcessGuid'>{064ad90c-0ca9-6aa3-5f02-000000000800}</Data><Data Name='ProcessId'>8252</Data><Data Name='Image'>C:\Windows\system32\svchost.exe</Data><Data Name='TargetFilename'>C:\Program Files\WindowsApps\Microsoft.WindowsAppRuntime.2_2.4.0.0_x64__8wekyb3d8bbwe\Microsoft.Windows.Widgets.dll</Data><Data Name='CreationUtcTime'>2026-09-10 20:05:53.681</Data><Data Name='User'>AUTORITE NT\Système</Data></EventData></Event><Event xmlns='http://schemas.microsoft.com/win/2004/08/events/event'><System><Provider Name='Microsoft-Windows-Sysmon' Guid='{5770385f-c22a-43e0-bf4c-06f5698ffbd9}'/><EventID>11</EventID><Version>2</Version><Level>4</Level><Task>11</Task><Opcode>0</Opcode><Keywords>0x8000000000000000</Keywords><TimeCreated SystemTime='2026-09-10T20:05:53.6898780Z'/><EventRecordID>5694</EventRecordID><Correlation/><Execution ProcessID='2792' ThreadID='4944'/><Channel>Microsoft-Windows-Sysmon/Operational</Channel><Computer>windows</Computer><Security UserID='S-1-5-18'/></System><EventData><Data Name='RuleName'>DLL</Data><Data Name='UtcTime'>2026-09-10 20:05:53.681</Data><Data Name='ProcessGuid'>{064ad90c-0ca9-6aa3-5f02-000000000800}</Data><Data Name='ProcessId'>8252</Data><Data Name='Image'>C:\Windows\system32\svchost.exe</Data><Data Name='TargetFilename'>C:\Program Files\WindowsApps\Microsoft.WindowsAppRuntime.2_2.4.0.0_x64__8wekyb3d8bbwe\Microsoft.Windows.Search.dll</Data><Data Name='CreationUtcTime'>2026-09-10 20:05:53.681</Data><Data Name='User'>AUTORITE NT\Système</Data></EventData></Event><Event xmlns='http://schemas.microsoft.com/win/2004/08/events/event'><System><Provider Name='Microsoft-Windows-Sysmon' Guid='{5770385f-c22a-43e0-bf4c-06f5698ffbd9}'/><EventID>11</EventID><Version>2</Version><Level>4</Level><Task>11</Task><Opcode>0</Opcode><Keywords>0x8000000000000000</Keywords><TimeCreated SystemTime='2026-09-10T20:05:53.6783861Z'/><EventRecordID>5693</EventRecordID><Correlation/><Execution ProcessID='2792' ThreadID='4944'/><Channel>Microsoft-Windows-Sysmon/Operational</Channel><Computer>windows</Computer><Security UserID='S-1-5-18'/></System><EventData><Data Name='RuleName'>DLL</Data><Data Name='UtcTime'>2026-09-10 20:05:53.666</Data><Data Name='ProcessGuid'>{064ad90c-0ca9-6aa3-5f02-000000000800}</Data><Data Name='ProcessId'>8252</Data><Data Name='Image'>C:\Windows\system32\svchost.exe</Data><Data Name='TargetFilename'>C:\Program Files\WindowsApps\Microsoft.WindowsAppRuntime.2_2.4.0.0_x64__8wekyb3d8bbwe\Microsoft.Windows.ApplicationModel.Resources.dll</Data><Data Name='CreationUtcTime'>2026-09-10 20:05:53.666</Data><Data Name='User'>AUTORITE NT\Système</Data></EventData></Event><Event xmlns='http://schemas.microsoft.com/win/2004/08/events/event'><System><Provider Name='Microsoft-Windows-Sysmon' Guid='{5770385f-c22a-43e0-bf4c-06f5698ffbd9}'/><EventID>11</EventID><Version>2</Version><Level>4</Level><Task>11</Task><Opcode>0</Opcode><Keywords>0x8000000000000000</Keywords><TimeCreated SystemTime='2026-09-10T20:05:53.6583944Z'/><EventRecordID>5692</EventRecordID><Correlation/><Execution ProcessID='2792' ThreadID='4944'/><Channel>Microsoft-Windows-Sysmon/Operational</Channel><Computer>windows</Computer><Security UserID='S-1-5-18'/></System><EventData><Data Name='RuleName'>DLL</Data><Data Name='UtcTime'>2026-09-10 20:05:53.650</Data><Data Name='ProcessGuid'>{064ad90c-0ca9-6aa3-5f02-000000000800}</Data><Data Name='ProcessId'>8252</Data><Data Name='Image'>C:\Windows\system32\svchost.exe</Data><Data Name='TargetFilename'>C:\Program Files\WindowsApps\Microsoft.WindowsAppRuntime.2_2.4.0.0_x64__8wekyb3d8bbwe\Microsoft.Windows.AI.Video.dll</Data><Data Name='CreationUtcTime'>2026-09-10 20:05:53.650</Data><Data Name='User'>AUTORITE NT\Système</Data></EventData></Event><Event xmlns='http://schemas.microsoft.com/win/2004/08/events/event'><System><Provider Name='Microsoft-Windows-Sysmon' Guid='{5770385f-c22a-43e0-bf4c-06f5698ffbd9}'/><EventID>11</EventID><Version>2</Version><Level>4</Level><Task>11</Task><Opcode>0</Opcode><Keywords>0x8000000000000000</Keywords><TimeCreated SystemTime='2026-09-10T20:05:53.6568845Z'/><EventRecordID>5691</EventRecordID><Correlation/><Execution ProcessID='2792' ThreadID='4944'/><Channel>Microsoft-Windows-Sysmon/Operational</Channel><Computer>windows</Computer><Security UserID='S-1-5-18'/></System><EventData><Data Name='RuleName'>DLL</Data><Data Name='UtcTime'>2026-09-10 20:05:53.650</Data><Data Name='ProcessGuid'>{064ad90c-0ca9-6aa3-5f02-000000000800}</Data><Data Name='ProcessId'>8252</Data><Data Name='Image'>C:\Windows\system32\svchost.exe</Data><Data Name='TargetFilename'>C:\Program Files\WindowsApps\Microsoft.WindowsAppRuntime.2_2.4.0.0_x64__8wekyb3d8bbwe\Microsoft.Windows.AI.Text.dll</Data><Data Name='CreationUtcTime'>2026-09-10 20:05:53.650</Data><Data Name='User'>AUTORITE NT\Système</Data></EventData></Event><Event xmlns='http://schemas.microsoft.com/win/2004/08/events/event'><System><Provider Name='Microsoft-Windows-Sysmon' Guid='{5770385f-c22a-43e0-bf4c-06f5698ffbd9}'/><EventID>11</EventID><Version>2</Version><Level>4</Level><Task>11</Task><Opcode>0</Opcode><Keywords>0x8000000000000000</Keywords><TimeCreated SystemTime='2026-09-10T20:05:53.6540965Z'/><EventRecordID>5690</EventRecordID><Correlation/><Execution ProcessID='2792' ThreadID='4944'/><Channel>Microsoft-Windows-Sysmon/Operational</Channel><Computer>windows</Computer><Security UserID='S-1-5-18'/></System><EventData><Data Name='RuleName'>DLL</Data><Data Name='UtcTime'>2026-09-10 20:05:53.650</Data><Data Name='ProcessGuid'>{064ad90c-0ca9-6aa3-5f02-000000000800}</Data><Data Name='ProcessId'>8252</Data><Data Name='Image'>C:\Windows\system32\svchost.exe</Data><Data Name='TargetFilename'>C:\Program Files\WindowsApps\Microsoft.WindowsAppRuntime.2_2.4.0.0_x64__8wekyb3d8bbwe\Microsoft.Windows.AI.MachineLearning.dll</Data><Data Name='CreationUtcTime'>2026-09-10 20:05:53.650</Data><Data Name='User'>AUTORITE NT\Système</Data></EventData></Event><Event xmlns='http://schemas.microsoft.com/win/2004/08/events/event'><System><Provider Name='Microsoft-Windows-Sysmon' Guid='{5770385f-c22a-43e0-bf4c-06f5698ffbd9}'/><EventID>11</EventID><Version>2</Version><Level>4</Level><Task>11</Task><Opcode>0</Opcode><Keywords>0x8000000000000000</Keywords><TimeCreated SystemTime='2026-09-10T20:05:53.6523983Z'/><EventRecordID>5689</EventRecordID><Correlation/><Execution ProcessID='2792' ThreadID='4944'/><Channel>Microsoft-Windows-Sysmon/Operational</Channel><Computer>windows</Computer><Security UserID='S-1-5-18'/></System><EventData><Data Name='RuleName'>DLL</Data><Data Name='UtcTime'>2026-09-10 20:05:53.650</Data><Data Name='ProcessGuid'>{064ad90c-0ca9-6aa3-5f02-000000000800}</Data><Data Name='ProcessId'>8252</Data><Data Name='Image'>C:\Windows\system32\svchost.exe</Data><Data Name='TargetFilename'>C:\Program Files\WindowsApps\Microsoft.WindowsAppRuntime.2_2.4.0.0_x64__8wekyb3d8bbwe\Microsoft.Windows.AI.Imaging.dll</Data><Data Name='CreationUtcTime'>2026-09-10 20:05:53.650</Data><Data Name='User'>AUTORITE NT\Système</Data></EventData></Event><Event xmlns='http://schemas.microsoft.com/win/2004/08/events/event'><System><Provider Name='Microsoft-Windows-Sysmon' Guid='{5770385f-c22a-43e0-bf4c-06f5698ffbd9}'/><EventID>11</EventID><Version>2</Version><Level>4</Level><Task>11</Task><Opcode>0</Opcode><Keywords>0x8000000000000000</Keywords><TimeCreated SystemTime='2026-09-10T20:05:53.6413888Z'/><EventRecordID>5688</EventRecordID><Correlation/><Execution ProcessID='2792' ThreadID='4944'/><Channel>Microsoft-Windows-Sysmon/Operational</Channel><Computer>windows</Computer><Security UserID='S-1-5-18'/></System><EventData><Data Name='RuleName'>DLL</Data><Data Name='UtcTime'>2026-09-10 20:05:53.634</Data><Data Name='ProcessGuid'>{064ad90c-0ca9-6aa3-5f02-000000000800}</Data><Data Name='ProcessId'>8252</Data><Data Name='Image'>C:\Windows\system32\svchost.exe</Data><Data Name='TargetFilename'>C:\Program Files\WindowsApps\Microsoft.WindowsAppRuntime.2_2.4.0.0_x64__8wekyb3d8bbwe\Microsoft.Windows.AI.ContentSafety.dll</Data><Data Name='CreationUtcTime'>2026-09-10 20:05:53.634</Data><Data Name='User'>AUTORITE NT\Système</Data></EventData></Event><Event xmlns='http://schemas.microsoft.com/win/2004/08/events/event'><System><Provider Name='Microsoft-Windows-Sysmon' Guid='{5770385f-c22a-43e0-bf4c-06f5698ffbd9}'/><EventID>11</EventID><Version>2</Version><Level>4</Level><Task>11</Task><Opcode>0</Opcode><Keywords>0x8000000000000000</Keywords><TimeCreated SystemTime='2026-09-10T20:05:53.6396399Z'/><EventRecordID>5687</EventRecordID><Correlation/><Execution ProcessID='2792' ThreadID='4944'/><Channel>Microsoft-Windows-Sysmon/Operational</Channel><Computer>windows</Computer><Security UserID='S-1-5-18'/></System><EventData><Data Name='RuleName'>DLL</Data><Data Name='UtcTime'>2026-09-10 20:05:53.634</Data><Data Name='ProcessGuid'>{064ad90c-0ca9-6aa3-5f02-000000000800}</Data><Data Name='ProcessId'>8252</Data><Data Name='Image'>C:\Windows\system32\svchost.exe</Data><Data Name='TargetFilename'>C:\Program Files\WindowsApps\Microsoft.WindowsAppRuntime.2_2.4.0.0_x64__8wekyb3d8bbwe\Microsoft.Windows.AI.AICapabilities.dll</Data><Data Name='CreationUtcTime'>2026-09-10 20:05:53.634</Data><Data Name='User'>AUTORITE NT\Système</Data></EventData></Event><Event xmlns='http://schemas.microsoft.com/win/2004/08/events/event'><System><Provider Name='Microsoft-Windows-Sysmon' Guid='{5770385f-c22a-43e0-bf4c-06f5698ffbd9}'/><EventID>11</EventID><Version>2</Version><Level>4</Level><Task>11</Task><Opcode>0</Opcode><Keywords>0x8000000000000000</Keywords><TimeCreated SystemTime='2026-09-10T20:05:53.6377088Z'/><EventRecordID>5686</EventRecordID><Correlation/><Execution ProcessID='2792' ThreadID='4944'/><Channel>Microsoft-Windows-Sysmon/Operational</Channel><Computer>windows</Computer><Security UserID='S-1-5-18'/></System><EventData><Data Name='RuleName'>DLL</Data><Data Name='UtcTime'>2026-09-10 20:05:53.634</Data><Data Name='ProcessGuid'>{064ad90c-0ca9-6aa3-5f02-000000000800}</Data><Data Name='ProcessId'>8252</Data><Data Name='Image'>C:\Windows\system32\svchost.exe</Data><Data Name='TargetFilename'>C:\Program Files\WindowsApps\Microsoft.WindowsAppRuntime.2_2.4.0.0_x64__8wekyb3d8bbwe\Microsoft.ui.xaml.resources.common.dll</Data><Data Name='CreationUtcTime'>2026-09-10 20:05:53.634</Data><Data Name='User'>AUTORITE NT\Système</Data></EventData></Event>