<Event xmlns='http://schemas.microsoft.com/win/2004/08/events/event'><System><Provider Name='Microsoft-Windows-Sysmon' Guid='{5770385f-c22a-43e0-bf4c-06f5698ffbd9}'/><EventID>11</EventID><Version>2</Version><Level>4</Level><Task>11</Task><Opcode>0</Opcode><Keywords>0x8000000000000000</Keywords><TimeCreated SystemTime='2026-09-10T19:54:58.9979201Z'/><EventRecordID>5456</EventRecordID><Correlation/><Execution ProcessID='2792' ThreadID='4944'/><Channel>Microsoft-Windows-Sysmon/Operational</Channel><Computer>windows</Computer><Security UserID='S-1-5-18'/></System><EventData><Data Name='RuleName'>DLL</Data><Data Name='UtcTime'>2026-09-10 19:54:58.995</Data><Data Name='ProcessGuid'>{064ad90c-0ca9-6aa3-5f02-000000000800}</Data><Data Name='ProcessId'>8252</Data><Data Name='Image'>C:\Windows\system32\svchost.exe</Data><Data Name='TargetFilename'>C:\Program Files\WindowsApps\Microsoft.VP9VideoExtensions_1.2.20.0_x64__8wekyb3d8bbwe\x86\msvpxenc.dll</Data><Data Name='CreationUtcTime'>2026-09-10 19:54:58.995</Data><Data Name='User'>AUTORITE NT\Système</Data></EventData></Event><Event xmlns='http://schemas.microsoft.com/win/2004/08/events/event'><System><Provider Name='Microsoft-Windows-Sysmon' Guid='{5770385f-c22a-43e0-bf4c-06f5698ffbd9}'/><EventID>11</EventID><Version>2</Version><Level>4</Level><Task>11</Task><Opcode>0</Opcode><Keywords>0x8000000000000000</Keywords><TimeCreated SystemTime='2026-09-10T19:54:58.9973880Z'/><EventRecordID>5455</EventRecordID><Correlation/><Execution ProcessID='2792' ThreadID='4944'/><Channel>Microsoft-Windows-Sysmon/Operational</Channel><Computer>windows</Computer><Security UserID='S-1-5-18'/></System><EventData><Data Name='RuleName'>DLL</Data><Data Name='UtcTime'>2026-09-10 19:54:58.995</Data><Data Name='ProcessGuid'>{064ad90c-0ca9-6aa3-5f02-000000000800}</Data><Data Name='ProcessId'>8252</Data><Data Name='Image'>C:\Windows\system32\svchost.exe</Data><Data Name='TargetFilename'>C:\Program Files\WindowsApps\Microsoft.VP9VideoExtensions_1.2.20.0_x64__8wekyb3d8bbwe\x86\msvp9dec_store.dll</Data><Data Name='CreationUtcTime'>2026-09-10 19:54:58.995</Data><Data Name='User'>AUTORITE NT\Système</Data></EventData></Event><Event xmlns='http://schemas.microsoft.com/win/2004/08/events/event'><System><Provider Name='Microsoft-Windows-Sysmon' Guid='{5770385f-c22a-43e0-bf4c-06f5698ffbd9}'/><EventID>11</EventID><Version>2</Version><Level>4</Level><Task>11</Task><Opcode>0</Opcode><Keywords>0x8000000000000000</Keywords><TimeCreated SystemTime='2026-09-10T19:54:58.9806397Z'/><EventRecordID>5454</EventRecordID><Correlation/><Execution ProcessID='2792' ThreadID='4944'/><Channel>Microsoft-Windows-Sysmon/Operational</Channel><Computer>windows</Computer><Security UserID='S-1-5-18'/></System><EventData><Data Name='RuleName'>DLL</Data><Data Name='UtcTime'>2026-09-10 19:54:58.979</Data><Data Name='ProcessGuid'>{064ad90c-0ca9-6aa3-5f02-000000000800}</Data><Data Name='ProcessId'>8252</Data><Data Name='Image'>C:\Windows\system32\svchost.exe</Data><Data Name='TargetFilename'>C:\Program Files\WindowsApps\Microsoft.VP9VideoExtensions_1.2.20.0_x64__8wekyb3d8bbwe\x64\msvpxenc.dll</Data><Data Name='CreationUtcTime'>2026-09-10 19:54:58.979</Data><Data Name='User'>AUTORITE NT\Système</Data></EventData></Event><Event xmlns='http://schemas.microsoft.com/win/2004/08/events/event'><System><Provider Name='Microsoft-Windows-Sysmon' Guid='{5770385f-c22a-43e0-bf4c-06f5698ffbd9}'/><EventID>11</EventID><Version>2</Version><Level>4</Level><Task>11</Task><Opcode>0</Opcode><Keywords>0x8000000000000000</Keywords><TimeCreated SystemTime='2026-09-10T19:54:58.9801428Z'/><EventRecordID>5453</EventRecordID><Correlation/><Execution ProcessID='2792' ThreadID='4944'/><Channel>Microsoft-Windows-Sysmon/Operational</Channel><Computer>windows</Computer><Security UserID='S-1-5-18'/></System><EventData><Data Name='RuleName'>DLL</Data><Data Name='UtcTime'>2026-09-10 19:54:58.979</Data><Data Name='ProcessGuid'>{064ad90c-0ca9-6aa3-5f02-000000000800}</Data><Data Name='ProcessId'>8252</Data><Data Name='Image'>C:\Windows\system32\svchost.exe</Data><Data Name='TargetFilename'>C:\Program Files\WindowsApps\Microsoft.VP9VideoExtensions_1.2.20.0_x64__8wekyb3d8bbwe\x64\msvp9dec_store.dll</Data><Data Name='CreationUtcTime'>2026-09-10 19:54:58.964</Data><Data Name='User'>AUTORITE NT\Système</Data></EventData></Event><Event xmlns='http://schemas.microsoft.com/win/2004/08/events/event'><System><Provider Name='Microsoft-Windows-Sysmon' Guid='{5770385f-c22a-43e0-bf4c-06f5698ffbd9}'/><EventID>1</EventID><Version>5</Version><Level>4</Level><Task>1</Task><Opcode>0</Opcode><Keywords>0x8000000000000000</Keywords><TimeCreated SystemTime='2026-09-10T19:54:44.0718471Z'/><EventRecordID>5452</EventRecordID><Correlation/><Execution ProcessID='2792' ThreadID='4944'/><Channel>Microsoft-Windows-Sysmon/Operational</Channel><Computer>windows</Computer><Security UserID='S-1-5-18'/></System><EventData><Data Name='RuleName'>-</Data><Data Name='UtcTime'>2026-09-10 19:54:44.066</Data><Data Name='ProcessGuid'>{064ad90c-0b04-6aa3-e602-000000000800}</Data><Data Name='ProcessId'>5288</Data><Data Name='Image'>C:\Program Files\Wireshark\dumpcap.exe</Data><Data Name='FileVersion'>4.6.8</Data><Data Name='Description'>Dumpcap</Data><Data Name='Product'>Dumpcap</Data><Data Name='Company'>The Wireshark developer community</Data><Data Name='OriginalFileName'>Dumpcap.exe</Data><Data Name='CommandLine'>"C:\Program Files\Wireshark\dumpcap.exe" --log-level MESSAGE --application-flavor wireshark -F pcapng -i \Device\NPF_{F8402BC9-8F2F-40E1-9AC6-BC4461F31853} --ifdescr Ethernet -y EN10MB --signal-pipe 6132 -Z 3280</Data><Data Name='CurrentDirectory'>C:\Program Files\Wireshark\tls\</Data><Data Name='User'>WINDOWS\laaroussi imane</Data><Data Name='LogonGuid'>{064ad90c-f582-6aa2-b489-020000000000}</Data><Data Name='LogonId'>0x289b4</Data><Data Name='TerminalSessionId'>1</Data><Data Name='IntegrityLevel'>Medium</Data><Data Name='Hashes'>MD5=4F2E526150807577D530C8057B489242,SHA256=71F765535D59D9F2C1E2FB0000E0BABD881C381447BDE5DDEAFC4683F1B598C4,IMPHASH=5FC3E1A710B30F137239F50C04288937</Data><Data Name='ParentProcessGuid'>{064ad90c-0af7-6aa3-da02-000000000800}</Data><Data Name='ParentProcessId'>6132</Data><Data Name='ParentImage'>C:\Program Files\Wireshark\Wireshark.exe</Data><Data Name='ParentCommandLine'>"C:\Program Files\Wireshark\Wireshark.exe" </Data><Data Name='ParentUser'>WINDOWS\laaroussi imane</Data></EventData></Event><Event xmlns='http://schemas.microsoft.com/win/2004/08/events/event'><System><Provider Name='Microsoft-Windows-Sysmon' Guid='{5770385f-c22a-43e0-bf4c-06f5698ffbd9}'/><EventID>22</EventID><Version>5</Version><Level>4</Level><Task>22</Task><Opcode>0</Opcode><Keywords>0x8000000000000000</Keywords><TimeCreated SystemTime='2026-09-10T19:54:35.5405903Z'/><EventRecordID>5451</EventRecordID><Correlation/><Execution ProcessID='2792' ThreadID='4956'/><Channel>Microsoft-Windows-Sysmon/Operational</Channel><Computer>windows</Computer><Security UserID='S-1-5-18'/></System><EventData><Data Name='RuleName'>-</Data><Data Name='UtcTime'>2026-09-10 20:41:42.356</Data><Data Name='ProcessGuid'>{064ad90c-0af7-6aa3-da02-000000000800}</Data><Data Name='ProcessId'>6132</Data><Data Name='QueryName'>www.wireshark.org</Data><Data Name='QueryStatus'>0</Data><Data Name='QueryResults'>::ffff:172.67.75.39;::ffff:104.26.11.240;::ffff:104.26.10.240;</Data><Data Name='Image'>C:\Program Files\Wireshark\Wireshark.exe</Data><Data Name='User'>WINDOWS\laaroussi imane</Data></EventData></Event><Event xmlns='http://schemas.microsoft.com/win/2004/08/events/event'><System><Provider Name='Microsoft-Windows-Sysmon' Guid='{5770385f-c22a-43e0-bf4c-06f5698ffbd9}'/><EventID>1</EventID><Version>5</Version><Level>4</Level><Task>1</Task><Opcode>0</Opcode><Keywords>0x8000000000000000</Keywords><TimeCreated SystemTime='2026-09-10T19:54:35.3317567Z'/><EventRecordID>5450</EventRecordID><Correlation/><Execution ProcessID='2792' ThreadID='4944'/><Channel>Microsoft-Windows-Sysmon/Operational</Channel><Computer>windows</Computer><Security UserID='S-1-5-18'/></System><EventData><Data Name='RuleName'>-</Data><Data Name='UtcTime'>2026-09-10 19:54:35.317</Data><Data Name='ProcessGuid'>{064ad90c-0afb-6aa3-e402-000000000800}</Data><Data Name='ProcessId'>1160</Data><Data Name='Image'>C:\Program Files\Wireshark\dumpcap.exe</Data><Data Name='FileVersion'>4.6.8</Data><Data Name='Description'>Dumpcap</Data><Data Name='Product'>Dumpcap</Data><Data Name='Company'>The Wireshark developer community</Data><Data Name='OriginalFileName'>Dumpcap.exe</Data><Data Name='CommandLine'>"C:\Program Files\Wireshark\dumpcap.exe" --log-level MESSAGE --application-flavor wireshark -S --signal-pipe 6132.dummy -Z 3276</Data><Data Name='CurrentDirectory'>C:\Program Files\Wireshark\tls\</Data><Data Name='User'>WINDOWS\laaroussi imane</Data><Data Name='LogonGuid'>{064ad90c-f582-6aa2-b489-020000000000}</Data><Data Name='LogonId'>0x289b4</Data><Data Name='TerminalSessionId'>1</Data><Data Name='IntegrityLevel'>Medium</Data><Data Name='Hashes'>MD5=4F2E526150807577D530C8057B489242,SHA256=71F765535D59D9F2C1E2FB0000E0BABD881C381447BDE5DDEAFC4683F1B598C4,IMPHASH=5FC3E1A710B30F137239F50C04288937</Data><Data Name='ParentProcessGuid'>{064ad90c-0af7-6aa3-da02-000000000800}</Data><Data Name='ParentProcessId'>6132</Data><Data Name='ParentImage'>C:\Program Files\Wireshark\Wireshark.exe</Data><Data Name='ParentCommandLine'>"C:\Program Files\Wireshark\Wireshark.exe" </Data><Data Name='ParentUser'>WINDOWS\laaroussi imane</Data></EventData></Event><Event xmlns='http://schemas.microsoft.com/win/2004/08/events/event'><System><Provider Name='Microsoft-Windows-Sysmon' Guid='{5770385f-c22a-43e0-bf4c-06f5698ffbd9}'/><EventID>1</EventID><Version>5</Version><Level>4</Level><Task>1</Task><Opcode>0</Opcode><Keywords>0x8000000000000000</Keywords><TimeCreated SystemTime='2026-09-10T19:54:33.7887210Z'/><EventRecordID>5449</EventRecordID><Correlation/><Execution ProcessID='2792' ThreadID='4944'/><Channel>Microsoft-Windows-Sysmon/Operational</Channel><Computer>windows</Computer><Security UserID='S-1-5-18'/></System><EventData><Data Name='RuleName'>-</Data><Data Name='UtcTime'>2026-09-10 19:54:33.783</Data><Data Name='ProcessGuid'>{064ad90c-0af9-6aa3-e202-000000000800}</Data><Data Name='ProcessId'>928</Data><Data Name='Image'>C:\Program Files\Wireshark\extcap\etwdump.exe</Data><Data Name='FileVersion'>4.6.8</Data><Data Name='Description'>etwdump</Data><Data Name='Product'>etwdump</Data><Data Name='Company'>The Wireshark developer community</Data><Data Name='OriginalFileName'>etwdump.exe</Data><Data Name='CommandLine'>"C:\Program Files\Wireshark\extcap\etwdump.exe" --extcap-dlts --extcap-interface etwdump</Data><Data Name='CurrentDirectory'>C:\Program Files\Wireshark\extcap\</Data><Data Name='User'>WINDOWS\laaroussi imane</Data><Data Name='LogonGuid'>{064ad90c-f582-6aa2-b489-020000000000}</Data><Data Name='LogonId'>0x289b4</Data><Data Name='TerminalSessionId'>1</Data><Data Name='IntegrityLevel'>Medium</Data><Data Name='Hashes'>MD5=5EBC1480E33D7F000D4AD65D4607735B,SHA256=D1D88E16A030305E10003921319A2F4D343A0EBA1C12D2B702F2B49F58107938,IMPHASH=AF7F22CE8F8EB522D13C841D7BE2DDEB</Data><Data Name='ParentProcessGuid'>{064ad90c-0af7-6aa3-da02-000000000800}</Data><Data Name='ParentProcessId'>6132</Data><Data Name='ParentImage'>C:\Program Files\Wireshark\Wireshark.exe</Data><Data Name='ParentCommandLine'>"C:\Program Files\Wireshark\Wireshark.exe" </Data><Data Name='ParentUser'>WINDOWS\laaroussi imane</Data></EventData></Event><Event xmlns='http://schemas.microsoft.com/win/2004/08/events/event'><System><Provider Name='Microsoft-Windows-Sysmon' Guid='{5770385f-c22a-43e0-bf4c-06f5698ffbd9}'/><EventID>1</EventID><Version>5</Version><Level>4</Level><Task>1</Task><Opcode>0</Opcode><Keywords>0x8000000000000000</Keywords><TimeCreated SystemTime='2026-09-10T19:54:33.6778060Z'/><EventRecordID>5448</EventRecordID><Correlation/><Execution ProcessID='2792' ThreadID='4944'/><Channel>Microsoft-Windows-Sysmon/Operational</Channel><Computer>windows</Computer><Security UserID='S-1-5-18'/></System><EventData><Data Name='RuleName'>-</Data><Data Name='UtcTime'>2026-09-10 19:54:33.669</Data><Data Name='ProcessGuid'>{064ad90c-0af9-6aa3-e002-000000000800}</Data><Data Name='ProcessId'>5744</Data><Data Name='Image'>C:\Program Files\Wireshark\dumpcap.exe</Data><Data Name='FileVersion'>4.6.8</Data><Data Name='Description'>Dumpcap</Data><Data Name='Product'>Dumpcap</Data><Data Name='Company'>The Wireshark developer community</Data><Data Name='OriginalFileName'>Dumpcap.exe</Data><Data Name='CommandLine'>"C:\Program Files\Wireshark\dumpcap.exe" --log-level MESSAGE --application-flavor wireshark -S -D -L --signal-pipe 6132.dummy -Z 1232</Data><Data Name='CurrentDirectory'>C:\Program Files\Wireshark\tls\</Data><Data Name='User'>WINDOWS\laaroussi imane</Data><Data Name='LogonGuid'>{064ad90c-f582-6aa2-b489-020000000000}</Data><Data Name='LogonId'>0x289b4</Data><Data Name='TerminalSessionId'>1</Data><Data Name='IntegrityLevel'>Medium</Data><Data Name='Hashes'>MD5=4F2E526150807577D530C8057B489242,SHA256=71F765535D59D9F2C1E2FB0000E0BABD881C381447BDE5DDEAFC4683F1B598C4,IMPHASH=5FC3E1A710B30F137239F50C04288937</Data><Data Name='ParentProcessGuid'>{064ad90c-0af7-6aa3-da02-000000000800}</Data><Data Name='ParentProcessId'>6132</Data><Data Name='ParentImage'>C:\Program Files\Wireshark\Wireshark.exe</Data><Data Name='ParentCommandLine'>"C:\Program Files\Wireshark\Wireshark.exe" </Data><Data Name='ParentUser'>WINDOWS\laaroussi imane</Data></EventData></Event><Event xmlns='http://schemas.microsoft.com/win/2004/08/events/event'><System><Provider Name='Microsoft-Windows-Sysmon' Guid='{5770385f-c22a-43e0-bf4c-06f5698ffbd9}'/><EventID>1</EventID><Version>5</Version><Level>4</Level><Task>1</Task><Opcode>0</Opcode><Keywords>0x8000000000000000</Keywords><TimeCreated SystemTime='2026-09-10T19:54:33.0925013Z'/><EventRecordID>5447</EventRecordID><Correlation/><Execution ProcessID='2792' ThreadID='4944'/><Channel>Microsoft-Windows-Sysmon/Operational</Channel><Computer>windows</Computer><Security UserID='S-1-5-18'/></System><EventData><Data Name='RuleName'>-</Data><Data Name='UtcTime'>2026-09-10 19:54:33.088</Data><Data Name='ProcessGuid'>{064ad90c-0af9-6aa3-dd02-000000000800}</Data><Data Name='ProcessId'>6000</Data><Data Name='Image'>C:\Program Files\Wireshark\extcap\etwdump.exe</Data><Data Name='FileVersion'>4.6.8</Data><Data Name='Description'>etwdump</Data><Data Name='Product'>etwdump</Data><Data Name='Company'>The Wireshark developer community</Data><Data Name='OriginalFileName'>etwdump.exe</Data><Data Name='CommandLine'>"C:\Program Files\Wireshark\extcap\etwdump.exe" --extcap-config --extcap-interface etwdump</Data><Data Name='CurrentDirectory'>C:\Program Files\Wireshark\extcap\</Data><Data Name='User'>WINDOWS\laaroussi imane</Data><Data Name='LogonGuid'>{064ad90c-f582-6aa2-b489-020000000000}</Data><Data Name='LogonId'>0x289b4</Data><Data Name='TerminalSessionId'>1</Data><Data Name='IntegrityLevel'>Medium</Data><Data Name='Hashes'>MD5=5EBC1480E33D7F000D4AD65D4607735B,SHA256=D1D88E16A030305E10003921319A2F4D343A0EBA1C12D2B702F2B49F58107938,IMPHASH=AF7F22CE8F8EB522D13C841D7BE2DDEB</Data><Data Name='ParentProcessGuid'>{064ad90c-0af7-6aa3-da02-000000000800}</Data><Data Name='ParentProcessId'>6132</Data><Data Name='ParentImage'>C:\Program Files\Wireshark\Wireshark.exe</Data><Data Name='ParentCommandLine'>"C:\Program Files\Wireshark\Wireshark.exe" </Data><Data Name='ParentUser'>WINDOWS\laaroussi imane</Data></EventData></Event><Event xmlns='http://schemas.microsoft.com/win/2004/08/events/event'><System><Provider Name='Microsoft-Windows-Sysmon' Guid='{5770385f-c22a-43e0-bf4c-06f5698ffbd9}'/><EventID>1</EventID><Version>5</Version><Level>4</Level><Task>1</Task><Opcode>0</Opcode><Keywords>0x8000000000000000</Keywords><TimeCreated SystemTime='2026-09-10T19:54:32.9829248Z'/><EventRecordID>5446</EventRecordID><Correlation/><Execution ProcessID='2792' ThreadID='4944'/><Channel>Microsoft-Windows-Sysmon/Operational</Channel><Computer>windows</Computer><Security UserID='S-1-5-18'/></System><EventData><Data Name='RuleName'>-</Data><Data Name='UtcTime'>2026-09-10 19:54:32.974</Data><Data Name='ProcessGuid'>{064ad90c-0af8-6aa3-db02-000000000800}</Data><Data Name='ProcessId'>2260</Data><Data Name='Image'>C:\Program Files\Wireshark\extcap\etwdump.exe</Data><Data Name='FileVersion'>4.6.8</Data><Data Name='Description'>etwdump</Data><Data Name='Product'>etwdump</Data><Data Name='Company'>The Wireshark developer community</Data><Data Name='OriginalFileName'>etwdump.exe</Data><Data Name='CommandLine'>"C:\Program Files\Wireshark\extcap\etwdump.exe" --extcap-interfaces --extcap-version=4.6</Data><Data Name='CurrentDirectory'>C:\Program Files\Wireshark\extcap\</Data><Data Name='User'>WINDOWS\laaroussi imane</Data><Data Name='LogonGuid'>{064ad90c-f582-6aa2-b489-020000000000}</Data><Data Name='LogonId'>0x289b4</Data><Data Name='TerminalSessionId'>1</Data><Data Name='IntegrityLevel'>Medium</Data><Data Name='Hashes'>MD5=5EBC1480E33D7F000D4AD65D4607735B,SHA256=D1D88E16A030305E10003921319A2F4D343A0EBA1C12D2B702F2B49F58107938,IMPHASH=AF7F22CE8F8EB522D13C841D7BE2DDEB</Data><Data Name='ParentProcessGuid'>{064ad90c-0af7-6aa3-da02-000000000800}</Data><Data Name='ParentProcessId'>6132</Data><Data Name='ParentImage'>C:\Program Files\Wireshark\Wireshark.exe</Data><Data Name='ParentCommandLine'>"C:\Program Files\Wireshark\Wireshark.exe" </Data><Data Name='ParentUser'>WINDOWS\laaroussi imane</Data></EventData></Event><Event xmlns='http://schemas.microsoft.com/win/2004/08/events/event'><System><Provider Name='Microsoft-Windows-Sysmon' Guid='{5770385f-c22a-43e0-bf4c-06f5698ffbd9}'/><EventID>13</EventID><Version>2</Version><Level>4</Level><Task>13</Task><Opcode>0</Opcode><Keywords>0x8000000000000000</Keywords><TimeCreated SystemTime='2026-09-10T19:54:31.7423985Z'/><EventRecordID>5445</EventRecordID><Correlation/><Execution ProcessID='2792' ThreadID='4944'/><Channel>Microsoft-Windows-Sysmon/Operational</Channel><Computer>windows</Computer><Security UserID='S-1-5-18'/></System><EventData><Data Name='RuleName'>InvDB</Data><Data Name='EventType'>SetValue</Data><Data Name='UtcTime'>2026-09-10 19:54:31.729</Data><Data Name='ProcessGuid'>{064ad90c-f58d-6aa2-7800-000000000800}</Data><Data Name='ProcessId'>6192</Data><Data Name='Image'>C:\Windows\system32\svchost.exe</Data><Data Name='TargetObject'>HKU\S-1-5-21-4280284601-1662467617-586389894-1000\SOFTWARE\Microsoft\Windows NT\CurrentVersion\AppCompatFlags\Compatibility Assistant\Store\C:\Program Files\Wireshark\Wireshark.exe</Data><Data Name='Details'>Binary Data</Data><Data Name='User'>AUTORITE NT\Système</Data></EventData></Event><Event xmlns='http://schemas.microsoft.com/win/2004/08/events/event'><System><Provider Name='Microsoft-Windows-Sysmon' Guid='{5770385f-c22a-43e0-bf4c-06f5698ffbd9}'/><EventID>1</EventID><Version>5</Version><Level>4</Level><Task>1</Task><Opcode>0</Opcode><Keywords>0x8000000000000000</Keywords><TimeCreated SystemTime='2026-09-10T19:54:31.7202055Z'/><EventRecordID>5444</EventRecordID><Correlation/><Execution ProcessID='2792' ThreadID='4944'/><Channel>Microsoft-Windows-Sysmon/Operational</Channel><Computer>windows</Computer><Security UserID='S-1-5-18'/></System><EventData><Data Name='RuleName'>-</Data><Data Name='UtcTime'>2026-09-10 19:54:31.566</Data><Data Name='ProcessGuid'>{064ad90c-0af7-6aa3-da02-000000000800}</Data><Data Name='ProcessId'>6132</Data><Data Name='Image'>C:\Program Files\Wireshark\Wireshark.exe</Data><Data Name='FileVersion'>4.6.8</Data><Data Name='Description'>Wireshark</Data><Data Name='Product'>Wireshark</Data><Data Name='Company'>The Wireshark developer community, https://www.wireshark.org/</Data><Data Name='OriginalFileName'>Wireshark.exe</Data><Data Name='CommandLine'>"C:\Program Files\Wireshark\Wireshark.exe" </Data><Data Name='CurrentDirectory'>C:\Program Files\Wireshark\tls\</Data><Data Name='User'>WINDOWS\laaroussi imane</Data><Data Name='LogonGuid'>{064ad90c-f582-6aa2-b489-020000000000}</Data><Data Name='LogonId'>0x289b4</Data><Data Name='TerminalSessionId'>1</Data><Data Name='IntegrityLevel'>Medium</Data><Data Name='Hashes'>MD5=51CE711E9B461C74E397AD3BD8F96077,SHA256=37D496D656E90E08F80CB657A02196FD1FFBC0C60FF1A69256F9EBAD3AEE1F2B,IMPHASH=416A5C873231E5F58D3214EBC962DCE8</Data><Data Name='ParentProcessGuid'>{064ad90c-fd3b-6aa2-0d02-000000000800}</Data><Data Name='ParentProcessId'>600</Data><Data Name='ParentImage'>C:\Windows\explorer.exe</Data><Data Name='ParentCommandLine'>"C:\Windows\explorer.exe"</Data><Data Name='ParentUser'>WINDOWS\laaroussi imane</Data></EventData></Event><Event xmlns='http://schemas.microsoft.com/win/2004/08/events/event'><System><Provider Name='Microsoft-Windows-Sysmon' Guid='{5770385f-c22a-43e0-bf4c-06f5698ffbd9}'/><EventID>1</EventID><Version>5</Version><Level>4</Level><Task>1</Task><Opcode>0</Opcode><Keywords>0x8000000000000000</Keywords><TimeCreated SystemTime='2026-09-10T19:54:31.4053895Z'/><EventRecordID>5443</EventRecordID><Correlation/><Execution ProcessID='2792' ThreadID='4944'/><Channel>Microsoft-Windows-Sysmon/Operational</Channel><Computer>windows</Computer><Security UserID='S-1-5-18'/></System><EventData><Data Name='RuleName'>-</Data><Data Name='UtcTime'>2026-09-10 19:54:31.400</Data><Data Name='ProcessGuid'>{064ad90c-0af7-6aa3-d902-000000000800}</Data><Data Name='ProcessId'>5284</Data><Data Name='Image'>C:\Windows\System32\smartscreen.exe</Data><Data Name='FileVersion'>10.0.19041.3636 (WinBuild.160101.0800)</Data><Data Name='Description'>Windows Defender SmartScreen</Data><Data Name='Product'>Microsoft® Windows® Operating System</Data><Data Name='Company'>Microsoft Corporation</Data><Data Name='OriginalFileName'>smartscreen.exe</Data><Data Name='CommandLine'>C:\Windows\System32\smartscreen.exe -Embedding</Data><Data Name='CurrentDirectory'>C:\Windows\system32\</Data><Data Name='User'>WINDOWS\laaroussi imane</Data><Data Name='LogonGuid'>{064ad90c-f582-6aa2-b489-020000000000}</Data><Data Name='LogonId'>0x289b4</Data><Data Name='TerminalSessionId'>1</Data><Data Name='IntegrityLevel'>Medium</Data><Data Name='Hashes'>MD5=FCEF02A990181FF75D901624C992ACA8,SHA256=AB8D788E0116C9216FCA7E9F40D014E7AE2FE64123FCC81FA98AB2BCC7946B3A,IMPHASH=CE3B5F238DD7A7EBC8F28D4250477A41</Data><Data Name='ParentProcessGuid'>{064ad90c-f57f-6aa2-0f00-000000000800}</Data><Data Name='ParentProcessId'>748</Data><Data Name='ParentImage'>C:\Windows\System32\svchost.exe</Data><Data Name='ParentCommandLine'>C:\Windows\system32\svchost.exe -k DcomLaunch -p</Data><Data Name='ParentUser'>AUTORITE NT\Système</Data></EventData></Event><Event xmlns='http://schemas.microsoft.com/win/2004/08/events/event'><System><Provider Name='Microsoft-Windows-Sysmon' Guid='{5770385f-c22a-43e0-bf4c-06f5698ffbd9}'/><EventID>11</EventID><Version>2</Version><Level>4</Level><Task>11</Task><Opcode>0</Opcode><Keywords>0x8000000000000000</Keywords><TimeCreated SystemTime='2026-09-10T19:54:31.2570076Z'/><EventRecordID>5442</EventRecordID><Correlation/><Execution ProcessID='2792' ThreadID='4944'/><Channel>Microsoft-Windows-Sysmon/Operational</Channel><Computer>windows</Computer><Security UserID='S-1-5-18'/></System><EventData><Data Name='RuleName'>DLL</Data><Data Name='UtcTime'>2026-09-10 19:54:31.244</Data><Data Name='ProcessGuid'>{064ad90c-0ca9-6aa3-5f02-000000000800}</Data><Data Name='ProcessId'>8252</Data><Data Name='Image'>C:\Windows\system32\svchost.exe</Data><Data Name='TargetFilename'>C:\Program Files\WindowsApps\Microsoft.YourPhone_1.25072.81.0_x64__8wekyb3d8bbwe\zh-Hant\WindowsBase.resources.dll</Data><Data Name='CreationUtcTime'>2026-09-10 19:54:31.244</Data><Data Name='User'>AUTORITE NT\Système</Data></EventData></Event><Event xmlns='http://schemas.microsoft.com/win/2004/08/events/event'><System><Provider Name='Microsoft-Windows-Sysmon' Guid='{5770385f-c22a-43e0-bf4c-06f5698ffbd9}'/><EventID>11</EventID><Version>2</Version><Level>4</Level><Task>11</Task><Opcode>0</Opcode><Keywords>0x8000000000000000</Keywords><TimeCreated SystemTime='2026-09-10T19:54:31.2565947Z'/><EventRecordID>5441</EventRecordID><Correlation/><Execution ProcessID='2792' ThreadID='4944'/><Channel>Microsoft-Windows-Sysmon/Operational</Channel><Computer>windows</Computer><Security UserID='S-1-5-18'/></System><EventData><Data Name='RuleName'>DLL</Data><Data Name='UtcTime'>2026-09-10 19:54:31.244</Data><Data Name='ProcessGuid'>{064ad90c-0ca9-6aa3-5f02-000000000800}</Data><Data Name='ProcessId'>8252</Data><Data Name='Image'>C:\Windows\system32\svchost.exe</Data><Data Name='TargetFilename'>C:\Program Files\WindowsApps\Microsoft.YourPhone_1.25072.81.0_x64__8wekyb3d8bbwe\zh-Hant\UIAutomationTypes.resources.dll</Data><Data Name='CreationUtcTime'>2026-09-10 19:54:31.244</Data><Data Name='User'>AUTORITE NT\Système</Data></EventData></Event><Event xmlns='http://schemas.microsoft.com/win/2004/08/events/event'><System><Provider Name='Microsoft-Windows-Sysmon' Guid='{5770385f-c22a-43e0-bf4c-06f5698ffbd9}'/><EventID>11</EventID><Version>2</Version><Level>4</Level><Task>11</Task><Opcode>0</Opcode><Keywords>0x8000000000000000</Keywords><TimeCreated SystemTime='2026-09-10T19:54:31.2562234Z'/><EventRecordID>5440</EventRecordID><Correlation/><Execution ProcessID='2792' ThreadID='4944'/><Channel>Microsoft-Windows-Sysmon/Operational</Channel><Computer>windows</Computer><Security UserID='S-1-5-18'/></System><EventData><Data Name='RuleName'>DLL</Data><Data Name='UtcTime'>2026-09-10 19:54:31.244</Data><Data Name='ProcessGuid'>{064ad90c-0ca9-6aa3-5f02-000000000800}</Data><Data Name='ProcessId'>8252</Data><Data Name='Image'>C:\Windows\system32\svchost.exe</Data><Data Name='TargetFilename'>C:\Program Files\WindowsApps\Microsoft.YourPhone_1.25072.81.0_x64__8wekyb3d8bbwe\zh-Hant\UIAutomationProvider.resources.dll</Data><Data Name='CreationUtcTime'>2026-09-10 19:54:31.244</Data><Data Name='User'>AUTORITE NT\Système</Data></EventData></Event><Event xmlns='http://schemas.microsoft.com/win/2004/08/events/event'><System><Provider Name='Microsoft-Windows-Sysmon' Guid='{5770385f-c22a-43e0-bf4c-06f5698ffbd9}'/><EventID>11</EventID><Version>2</Version><Level>4</Level><Task>11</Task><Opcode>0</Opcode><Keywords>0x8000000000000000</Keywords><TimeCreated SystemTime='2026-09-10T19:54:31.2551478Z'/><EventRecordID>5439</EventRecordID><Correlation/><Execution ProcessID='2792' ThreadID='4944'/><Channel>Microsoft-Windows-Sysmon/Operational</Channel><Computer>windows</Computer><Security UserID='S-1-5-18'/></System><EventData><Data Name='RuleName'>DLL</Data><Data Name='UtcTime'>2026-09-10 19:54:31.244</Data><Data Name='ProcessGuid'>{064ad90c-0ca9-6aa3-5f02-000000000800}</Data><Data Name='ProcessId'>8252</Data><Data Name='Image'>C:\Windows\system32\svchost.exe</Data><Data Name='TargetFilename'>C:\Program Files\WindowsApps\Microsoft.YourPhone_1.25072.81.0_x64__8wekyb3d8bbwe\zh-Hant\UIAutomationClientSideProviders.resources.dll</Data><Data Name='CreationUtcTime'>2026-09-10 19:54:31.244</Data><Data Name='User'>AUTORITE NT\Système</Data></EventData></Event><Event xmlns='http://schemas.microsoft.com/win/2004/08/events/event'><System><Provider Name='Microsoft-Windows-Sysmon' Guid='{5770385f-c22a-43e0-bf4c-06f5698ffbd9}'/><EventID>11</EventID><Version>2</Version><Level>4</Level><Task>11</Task><Opcode>0</Opcode><Keywords>0x8000000000000000</Keywords><TimeCreated SystemTime='2026-09-10T19:54:31.2548151Z'/><EventRecordID>5438</EventRecordID><Correlation/><Execution ProcessID='2792' ThreadID='4944'/><Channel>Microsoft-Windows-Sysmon/Operational</Channel><Computer>windows</Computer><Security UserID='S-1-5-18'/></System><EventData><Data Name='RuleName'>DLL</Data><Data Name='UtcTime'>2026-09-10 19:54:31.244</Data><Data Name='ProcessGuid'>{064ad90c-0ca9-6aa3-5f02-000000000800}</Data><Data Name='ProcessId'>8252</Data><Data Name='Image'>C:\Windows\system32\svchost.exe</Data><Data Name='TargetFilename'>C:\Program Files\WindowsApps\Microsoft.YourPhone_1.25072.81.0_x64__8wekyb3d8bbwe\zh-Hant\UIAutomationClient.resources.dll</Data><Data Name='CreationUtcTime'>2026-09-10 19:54:31.244</Data><Data Name='User'>AUTORITE NT\Système</Data></EventData></Event><Event xmlns='http://schemas.microsoft.com/win/2004/08/events/event'><System><Provider Name='Microsoft-Windows-Sysmon' Guid='{5770385f-c22a-43e0-bf4c-06f5698ffbd9}'/><EventID>11</EventID><Version>2</Version><Level>4</Level><Task>11</Task><Opcode>0</Opcode><Keywords>0x8000000000000000</Keywords><TimeCreated SystemTime='2026-09-10T19:54:31.2542989Z'/><EventRecordID>5437</EventRecordID><Correlation/><Execution ProcessID='2792' ThreadID='4944'/><Channel>Microsoft-Windows-Sysmon/Operational</Channel><Computer>windows</Computer><Security UserID='S-1-5-18'/></System><EventData><Data Name='RuleName'>DLL</Data><Data Name='UtcTime'>2026-09-10 19:54:31.244</Data><Data Name='ProcessGuid'>{064ad90c-0ca9-6aa3-5f02-000000000800}</Data><Data Name='ProcessId'>8252</Data><Data Name='Image'>C:\Windows\system32\svchost.exe</Data><Data Name='TargetFilename'>C:\Program Files\WindowsApps\Microsoft.YourPhone_1.25072.81.0_x64__8wekyb3d8bbwe\zh-Hant\System.Xaml.resources.dll</Data><Data Name='CreationUtcTime'>2026-09-10 19:54:31.244</Data><Data Name='User'>AUTORITE NT\Système</Data></EventData></Event><Event xmlns='http://schemas.microsoft.com/win/2004/08/events/event'><System><Provider Name='Microsoft-Windows-Sysmon' Guid='{5770385f-c22a-43e0-bf4c-06f5698ffbd9}'/><EventID>11</EventID><Version>2</Version><Level>4</Level><Task>11</Task><Opcode>0</Opcode><Keywords>0x8000000000000000</Keywords><TimeCreated SystemTime='2026-09-10T19:54:31.2536519Z'/><EventRecordID>5436</EventRecordID><Correlation/><Execution ProcessID='2792' ThreadID='4944'/><Channel>Microsoft-Windows-Sysmon/Operational</Channel><Computer>windows</Computer><Security UserID='S-1-5-18'/></System><EventData><Data Name='RuleName'>DLL</Data><Data Name='UtcTime'>2026-09-10 19:54:31.244</Data><Data Name='ProcessGuid'>{064ad90c-0ca9-6aa3-5f02-000000000800}</Data><Data Name='ProcessId'>8252</Data><Data Name='Image'>C:\Windows\system32\svchost.exe</Data><Data Name='TargetFilename'>C:\Program Files\WindowsApps\Microsoft.YourPhone_1.25072.81.0_x64__8wekyb3d8bbwe\zh-Hant\System.Windows.Input.Manipulations.resources.dll</Data><Data Name='CreationUtcTime'>2026-09-10 19:54:31.244</Data><Data Name='User'>AUTORITE NT\Système</Data></EventData></Event><Event xmlns='http://schemas.microsoft.com/win/2004/08/events/event'><System><Provider Name='Microsoft-Windows-Sysmon' Guid='{5770385f-c22a-43e0-bf4c-06f5698ffbd9}'/><EventID>11</EventID><Version>2</Version><Level>4</Level><Task>11</Task><Opcode>0</Opcode><Keywords>0x8000000000000000</Keywords><TimeCreated SystemTime='2026-09-10T19:54:31.2531781Z'/><EventRecordID>5435</EventRecordID><Correlation/><Execution ProcessID='2792' ThreadID='4944'/><Channel>Microsoft-Windows-Sysmon/Operational</Channel><Computer>windows</Computer><Security UserID='S-1-5-18'/></System><EventData><Data Name='RuleName'>DLL</Data><Data Name='UtcTime'>2026-09-10 19:54:31.244</Data><Data Name='ProcessGuid'>{064ad90c-0ca9-6aa3-5f02-000000000800}</Data><Data Name='ProcessId'>8252</Data><Data Name='Image'>C:\Windows\system32\svchost.exe</Data><Data Name='TargetFilename'>C:\Program Files\WindowsApps\Microsoft.YourPhone_1.25072.81.0_x64__8wekyb3d8bbwe\zh-Hant\System.Windows.Controls.Ribbon.resources.dll</Data><Data Name='CreationUtcTime'>2026-09-10 19:54:31.244</Data><Data Name='User'>AUTORITE NT\Système</Data></EventData></Event><Event xmlns='http://schemas.microsoft.com/win/2004/08/events/event'><System><Provider Name='Microsoft-Windows-Sysmon' Guid='{5770385f-c22a-43e0-bf4c-06f5698ffbd9}'/><EventID>11</EventID><Version>2</Version><Level>4</Level><Task>11</Task><Opcode>0</Opcode><Keywords>0x8000000000000000</Keywords><TimeCreated SystemTime='2026-09-10T19:54:31.2528403Z'/><EventRecordID>5434</EventRecordID><Correlation/><Execution ProcessID='2792' ThreadID='4944'/><Channel>Microsoft-Windows-Sysmon/Operational</Channel><Computer>windows</Computer><Security UserID='S-1-5-18'/></System><EventData><Data Name='RuleName'>DLL</Data><Data Name='UtcTime'>2026-09-10 19:54:31.244</Data><Data Name='ProcessGuid'>{064ad90c-0ca9-6aa3-5f02-000000000800}</Data><Data Name='ProcessId'>8252</Data><Data Name='Image'>C:\Windows\system32\svchost.exe</Data><Data Name='TargetFilename'>C:\Program Files\WindowsApps\Microsoft.YourPhone_1.25072.81.0_x64__8wekyb3d8bbwe\zh-Hant\ReachFramework.resources.dll</Data><Data Name='CreationUtcTime'>2026-09-10 19:54:31.244</Data><Data Name='User'>AUTORITE NT\Système</Data></EventData></Event><Event xmlns='http://schemas.microsoft.com/win/2004/08/events/event'><System><Provider Name='Microsoft-Windows-Sysmon' Guid='{5770385f-c22a-43e0-bf4c-06f5698ffbd9}'/><EventID>11</EventID><Version>2</Version><Level>4</Level><Task>11</Task><Opcode>0</Opcode><Keywords>0x8000000000000000</Keywords><TimeCreated SystemTime='2026-09-10T19:54:31.2523354Z'/><EventRecordID>5433</EventRecordID><Correlation/><Execution ProcessID='2792' ThreadID='4944'/><Channel>Microsoft-Windows-Sysmon/Operational</Channel><Computer>windows</Computer><Security UserID='S-1-5-18'/></System><EventData><Data Name='RuleName'>DLL</Data><Data Name='UtcTime'>2026-09-10 19:54:31.244</Data><Data Name='ProcessGuid'>{064ad90c-0ca9-6aa3-5f02-000000000800}</Data><Data Name='ProcessId'>8252</Data><Data Name='Image'>C:\Windows\system32\svchost.exe</Data><Data Name='TargetFilename'>C:\Program Files\WindowsApps\Microsoft.YourPhone_1.25072.81.0_x64__8wekyb3d8bbwe\zh-Hant\PresentationUI.resources.dll</Data><Data Name='CreationUtcTime'>2026-09-10 19:54:31.244</Data><Data Name='User'>AUTORITE NT\Système</Data></EventData></Event><Event xmlns='http://schemas.microsoft.com/win/2004/08/events/event'><System><Provider Name='Microsoft-Windows-Sysmon' Guid='{5770385f-c22a-43e0-bf4c-06f5698ffbd9}'/><EventID>11</EventID><Version>2</Version><Level>4</Level><Task>11</Task><Opcode>0</Opcode><Keywords>0x8000000000000000</Keywords><TimeCreated SystemTime='2026-09-10T19:54:31.2516387Z'/><EventRecordID>5432</EventRecordID><Correlation/><Execution ProcessID='2792' ThreadID='4944'/><Channel>Microsoft-Windows-Sysmon/Operational</Channel><Computer>windows</Computer><Security UserID='S-1-5-18'/></System><EventData><Data Name='RuleName'>DLL</Data><Data Name='UtcTime'>2026-09-10 19:54:31.244</Data><Data Name='ProcessGuid'>{064ad90c-0ca9-6aa3-5f02-000000000800}</Data><Data Name='ProcessId'>8252</Data><Data Name='Image'>C:\Windows\system32\svchost.exe</Data><Data Name='TargetFilename'>C:\Program Files\WindowsApps\Microsoft.YourPhone_1.25072.81.0_x64__8wekyb3d8bbwe\zh-Hant\PresentationFramework.resources.dll</Data><Data Name='CreationUtcTime'>2026-09-10 19:54:31.244</Data><Data Name='User'>AUTORITE NT\Système</Data></EventData></Event><Event xmlns='http://schemas.microsoft.com/win/2004/08/events/event'><System><Provider Name='Microsoft-Windows-Sysmon' Guid='{5770385f-c22a-43e0-bf4c-06f5698ffbd9}'/><EventID>11</EventID><Version>2</Version><Level>4</Level><Task>11</Task><Opcode>0</Opcode><Keywords>0x8000000000000000</Keywords><TimeCreated SystemTime='2026-09-10T19:54:31.2513241Z'/><EventRecordID>5431</EventRecordID><Correlation/><Execution ProcessID='2792' ThreadID='4944'/><Channel>Microsoft-Windows-Sysmon/Operational</Channel><Computer>windows</Computer><Security UserID='S-1-5-18'/></System><EventData><Data Name='RuleName'>DLL</Data><Data Name='UtcTime'>2026-09-10 19:54:31.244</Data><Data Name='ProcessGuid'>{064ad90c-0ca9-6aa3-5f02-000000000800}</Data><Data Name='ProcessId'>8252</Data><Data Name='Image'>C:\Windows\system32\svchost.exe</Data><Data Name='TargetFilename'>C:\Program Files\WindowsApps\Microsoft.YourPhone_1.25072.81.0_x64__8wekyb3d8bbwe\zh-Hant\PresentationCore.resources.dll</Data><Data Name='CreationUtcTime'>2026-09-10 19:54:31.244</Data><Data Name='User'>AUTORITE NT\Système</Data></EventData></Event><Event xmlns='http://schemas.microsoft.com/win/2004/08/events/event'><System><Provider Name='Microsoft-Windows-Sysmon' Guid='{5770385f-c22a-43e0-bf4c-06f5698ffbd9}'/><EventID>11</EventID><Version>2</Version><Level>4</Level><Task>11</Task><Opcode>0</Opcode><Keywords>0x8000000000000000</Keywords><TimeCreated SystemTime='2026-09-10T19:54:31.2500375Z'/><EventRecordID>5430</EventRecordID><Correlation/><Execution ProcessID='2792' ThreadID='4944'/><Channel>Microsoft-Windows-Sysmon/Operational</Channel><Computer>windows</Computer><Security UserID='S-1-5-18'/></System><EventData><Data Name='RuleName'>DLL</Data><Data Name='UtcTime'>2026-09-10 19:54:31.244</Data><Data Name='ProcessGuid'>{064ad90c-0ca9-6aa3-5f02-000000000800}</Data><Data Name='ProcessId'>8252</Data><Data Name='Image'>C:\Windows\system32\svchost.exe</Data><Data Name='TargetFilename'>C:\Program Files\WindowsApps\Microsoft.YourPhone_1.25072.81.0_x64__8wekyb3d8bbwe\zh-Hans\WindowsBase.resources.dll</Data><Data Name='CreationUtcTime'>2026-09-10 19:54:31.244</Data><Data Name='User'>AUTORITE NT\Système</Data></EventData></Event><Event xmlns='http://schemas.microsoft.com/win/2004/08/events/event'><System><Provider Name='Microsoft-Windows-Sysmon' Guid='{5770385f-c22a-43e0-bf4c-06f5698ffbd9}'/><EventID>11</EventID><Version>2</Version><Level>4</Level><Task>11</Task><Opcode>0</Opcode><Keywords>0x8000000000000000</Keywords><TimeCreated SystemTime='2026-09-10T19:54:31.2495587Z'/><EventRecordID>5429</EventRecordID><Correlation/><Execution ProcessID='2792' ThreadID='4944'/><Channel>Microsoft-Windows-Sysmon/Operational</Channel><Computer>windows</Computer><Security UserID='S-1-5-18'/></System><EventData><Data Name='RuleName'>DLL</Data><Data Name='UtcTime'>2026-09-10 19:54:31.244</Data><Data Name='ProcessGuid'>{064ad90c-0ca9-6aa3-5f02-000000000800}</Data><Data Name='ProcessId'>8252</Data><Data Name='Image'>C:\Windows\system32\svchost.exe</Data><Data Name='TargetFilename'>C:\Program Files\WindowsApps\Microsoft.YourPhone_1.25072.81.0_x64__8wekyb3d8bbwe\zh-Hans\UIAutomationTypes.resources.dll</Data><Data Name='CreationUtcTime'>2026-09-10 19:54:31.244</Data><Data Name='User'>AUTORITE NT\Système</Data></EventData></Event><Event xmlns='http://schemas.microsoft.com/win/2004/08/events/event'><System><Provider Name='Microsoft-Windows-Sysmon' Guid='{5770385f-c22a-43e0-bf4c-06f5698ffbd9}'/><EventID>11</EventID><Version>2</Version><Level>4</Level><Task>11</Task><Opcode>0</Opcode><Keywords>0x8000000000000000</Keywords><TimeCreated SystemTime='2026-09-10T19:54:31.2490018Z'/><EventRecordID>5428</EventRecordID><Correlation/><Execution ProcessID='2792' ThreadID='4944'/><Channel>Microsoft-Windows-Sysmon/Operational</Channel><Computer>windows</Computer><Security UserID='S-1-5-18'/></System><EventData><Data Name='RuleName'>DLL</Data><Data Name='UtcTime'>2026-09-10 19:54:31.244</Data><Data Name='ProcessGuid'>{064ad90c-0ca9-6aa3-5f02-000000000800}</Data><Data Name='ProcessId'>8252</Data><Data Name='Image'>C:\Windows\system32\svchost.exe</Data><Data Name='TargetFilename'>C:\Program Files\WindowsApps\Microsoft.YourPhone_1.25072.81.0_x64__8wekyb3d8bbwe\zh-Hans\UIAutomationProvider.resources.dll</Data><Data Name='CreationUtcTime'>2026-09-10 19:54:31.244</Data><Data Name='User'>AUTORITE NT\Système</Data></EventData></Event><Event xmlns='http://schemas.microsoft.com/win/2004/08/events/event'><System><Provider Name='Microsoft-Windows-Sysmon' Guid='{5770385f-c22a-43e0-bf4c-06f5698ffbd9}'/><EventID>11</EventID><Version>2</Version><Level>4</Level><Task>11</Task><Opcode>0</Opcode><Keywords>0x8000000000000000</Keywords><TimeCreated SystemTime='2026-09-10T19:54:31.2485492Z'/><EventRecordID>5427</EventRecordID><Correlation/><Execution ProcessID='2792' ThreadID='4944'/><Channel>Microsoft-Windows-Sysmon/Operational</Channel><Computer>windows</Computer><Security UserID='S-1-5-18'/></System><EventData><Data Name='RuleName'>DLL</Data><Data Name='UtcTime'>2026-09-10 19:54:31.244</Data><Data Name='ProcessGuid'>{064ad90c-0ca9-6aa3-5f02-000000000800}</Data><Data Name='ProcessId'>8252</Data><Data Name='Image'>C:\Windows\system32\svchost.exe</Data><Data Name='TargetFilename'>C:\Program Files\WindowsApps\Microsoft.YourPhone_1.25072.81.0_x64__8wekyb3d8bbwe\zh-Hans\UIAutomationClientSideProviders.resources.dll</Data><Data Name='CreationUtcTime'>2026-09-10 19:54:31.244</Data><Data Name='User'>AUTORITE NT\Système</Data></EventData></Event><Event xmlns='http://schemas.microsoft.com/win/2004/08/events/event'><System><Provider Name='Microsoft-Windows-Sysmon' Guid='{5770385f-c22a-43e0-bf4c-06f5698ffbd9}'/><EventID>11</EventID><Version>2</Version><Level>4</Level><Task>11</Task><Opcode>0</Opcode><Keywords>0x8000000000000000</Keywords><TimeCreated SystemTime='2026-09-10T19:54:31.2481716Z'/><EventRecordID>5426</EventRecordID><Correlation/><Execution ProcessID='2792' ThreadID='4944'/><Channel>Microsoft-Windows-Sysmon/Operational</Channel><Computer>windows</Computer><Security UserID='S-1-5-18'/></System><EventData><Data Name='RuleName'>DLL</Data><Data Name='UtcTime'>2026-09-10 19:54:31.244</Data><Data Name='ProcessGuid'>{064ad90c-0ca9-6aa3-5f02-000000000800}</Data><Data Name='ProcessId'>8252</Data><Data Name='Image'>C:\Windows\system32\svchost.exe</Data><Data Name='TargetFilename'>C:\Program Files\WindowsApps\Microsoft.YourPhone_1.25072.81.0_x64__8wekyb3d8bbwe\zh-Hans\UIAutomationClient.resources.dll</Data><Data Name='CreationUtcTime'>2026-09-10 19:54:31.244</Data><Data Name='User'>AUTORITE NT\Système</Data></EventData></Event><Event xmlns='http://schemas.microsoft.com/win/2004/08/events/event'><System><Provider Name='Microsoft-Windows-Sysmon' Guid='{5770385f-c22a-43e0-bf4c-06f5698ffbd9}'/><EventID>11</EventID><Version>2</Version><Level>4</Level><Task>11</Task><Opcode>0</Opcode><Keywords>0x8000000000000000</Keywords><TimeCreated SystemTime='2026-09-10T19:54:31.2477319Z'/><EventRecordID>5425</EventRecordID><Correlation/><Execution ProcessID='2792' ThreadID='4944'/><Channel>Microsoft-Windows-Sysmon/Operational</Channel><Computer>windows</Computer><Security UserID='S-1-5-18'/></System><EventData><Data Name='RuleName'>DLL</Data><Data Name='UtcTime'>2026-09-10 19:54:31.244</Data><Data Name='ProcessGuid'>{064ad90c-0ca9-6aa3-5f02-000000000800}</Data><Data Name='ProcessId'>8252</Data><Data Name='Image'>C:\Windows\system32\svchost.exe</Data><Data Name='TargetFilename'>C:\Program Files\WindowsApps\Microsoft.YourPhone_1.25072.81.0_x64__8wekyb3d8bbwe\zh-Hans\System.Xaml.resources.dll</Data><Data Name='CreationUtcTime'>2026-09-10 19:54:31.244</Data><Data Name='User'>AUTORITE NT\Système</Data></EventData></Event><Event xmlns='http://schemas.microsoft.com/win/2004/08/events/event'><System><Provider Name='Microsoft-Windows-Sysmon' Guid='{5770385f-c22a-43e0-bf4c-06f5698ffbd9}'/><EventID>11</EventID><Version>2</Version><Level>4</Level><Task>11</Task><Opcode>0</Opcode><Keywords>0x8000000000000000</Keywords><TimeCreated SystemTime='2026-09-10T19:54:31.2472542Z'/><EventRecordID>5424</EventRecordID><Correlation/><Execution ProcessID='2792' ThreadID='4944'/><Channel>Microsoft-Windows-Sysmon/Operational</Channel><Computer>windows</Computer><Security UserID='S-1-5-18'/></System><EventData><Data Name='RuleName'>DLL</Data><Data Name='UtcTime'>2026-09-10 19:54:31.244</Data><Data Name='ProcessGuid'>{064ad90c-0ca9-6aa3-5f02-000000000800}</Data><Data Name='ProcessId'>8252</Data><Data Name='Image'>C:\Windows\system32\svchost.exe</Data><Data Name='TargetFilename'>C:\Program Files\WindowsApps\Microsoft.YourPhone_1.25072.81.0_x64__8wekyb3d8bbwe\zh-Hans\System.Windows.Input.Manipulations.resources.dll</Data><Data Name='CreationUtcTime'>2026-09-10 19:54:31.244</Data><Data Name='User'>AUTORITE NT\Système</Data></EventData></Event><Event xmlns='http://schemas.microsoft.com/win/2004/08/events/event'><System><Provider Name='Microsoft-Windows-Sysmon' Guid='{5770385f-c22a-43e0-bf4c-06f5698ffbd9}'/><EventID>11</EventID><Version>2</Version><Level>4</Level><Task>11</Task><Opcode>0</Opcode><Keywords>0x8000000000000000</Keywords><TimeCreated SystemTime='2026-09-10T19:54:31.2466903Z'/><EventRecordID>5423</EventRecordID><Correlation/><Execution ProcessID='2792' ThreadID='4944'/><Channel>Microsoft-Windows-Sysmon/Operational</Channel><Computer>windows</Computer><Security UserID='S-1-5-18'/></System><EventData><Data Name='RuleName'>DLL</Data><Data Name='UtcTime'>2026-09-10 19:54:31.244</Data><Data Name='ProcessGuid'>{064ad90c-0ca9-6aa3-5f02-000000000800}</Data><Data Name='ProcessId'>8252</Data><Data Name='Image'>C:\Windows\system32\svchost.exe</Data><Data Name='TargetFilename'>C:\Program Files\WindowsApps\Microsoft.YourPhone_1.25072.81.0_x64__8wekyb3d8bbwe\zh-Hans\System.Windows.Controls.Ribbon.resources.dll</Data><Data Name='CreationUtcTime'>2026-09-10 19:54:31.244</Data><Data Name='User'>AUTORITE NT\Système</Data></EventData></Event><Event xmlns='http://schemas.microsoft.com/win/2004/08/events/event'><System><Provider Name='Microsoft-Windows-Sysmon' Guid='{5770385f-c22a-43e0-bf4c-06f5698ffbd9}'/><EventID>11</EventID><Version>2</Version><Level>4</Level><Task>11</Task><Opcode>0</Opcode><Keywords>0x8000000000000000</Keywords><TimeCreated SystemTime='2026-09-10T19:54:31.2443786Z'/><EventRecordID>5422</EventRecordID><Correlation/><Execution ProcessID='2792' ThreadID='4944'/><Channel>Microsoft-Windows-Sysmon/Operational</Channel><Computer>windows</Computer><Security UserID='S-1-5-18'/></System><EventData><Data Name='RuleName'>DLL</Data><Data Name='UtcTime'>2026-09-10 19:54:31.243</Data><Data Name='ProcessGuid'>{064ad90c-0ca9-6aa3-5f02-000000000800}</Data><Data Name='ProcessId'>8252</Data><Data Name='Image'>C:\Windows\system32\svchost.exe</Data><Data Name='TargetFilename'>C:\Program Files\WindowsApps\Microsoft.YourPhone_1.25072.81.0_x64__8wekyb3d8bbwe\zh-Hans\ReachFramework.resources.dll</Data><Data Name='CreationUtcTime'>2026-09-10 19:54:31.243</Data><Data Name='User'>AUTORITE NT\Système</Data></EventData></Event><Event xmlns='http://schemas.microsoft.com/win/2004/08/events/event'><System><Provider Name='Microsoft-Windows-Sysmon' Guid='{5770385f-c22a-43e0-bf4c-06f5698ffbd9}'/><EventID>11</EventID><Version>2</Version><Level>4</Level><Task>11</Task><Opcode>0</Opcode><Keywords>0x8000000000000000</Keywords><TimeCreated SystemTime='2026-09-10T19:54:31.2437975Z'/><EventRecordID>5421</EventRecordID><Correlation/><Execution ProcessID='2792' ThreadID='4944'/><Channel>Microsoft-Windows-Sysmon/Operational</Channel><Computer>windows</Computer><Security UserID='S-1-5-18'/></System><EventData><Data Name='RuleName'>DLL</Data><Data Name='UtcTime'>2026-09-10 19:54:31.243</Data><Data Name='ProcessGuid'>{064ad90c-0ca9-6aa3-5f02-000000000800}</Data><Data Name='ProcessId'>8252</Data><Data Name='Image'>C:\Windows\system32\svchost.exe</Data><Data Name='TargetFilename'>C:\Program Files\WindowsApps\Microsoft.YourPhone_1.25072.81.0_x64__8wekyb3d8bbwe\zh-Hans\PresentationUI.resources.dll</Data><Data Name='CreationUtcTime'>2026-09-10 19:54:31.229</Data><Data Name='User'>AUTORITE NT\Système</Data></EventData></Event><Event xmlns='http://schemas.microsoft.com/win/2004/08/events/event'><System><Provider Name='Microsoft-Windows-Sysmon' Guid='{5770385f-c22a-43e0-bf4c-06f5698ffbd9}'/><EventID>11</EventID><Version>2</Version><Level>4</Level><Task>11</Task><Opcode>0</Opcode><Keywords>0x8000000000000000</Keywords><TimeCreated SystemTime='2026-09-10T19:54:31.2427977Z'/><EventRecordID>5420</EventRecordID><Correlation/><Execution ProcessID='2792' ThreadID='4944'/><Channel>Microsoft-Windows-Sysmon/Operational</Channel><Computer>windows</Computer><Security UserID='S-1-5-18'/></System><EventData><Data Name='RuleName'>DLL</Data><Data Name='UtcTime'>2026-09-10 19:54:31.229</Data><Data Name='ProcessGuid'>{064ad90c-0ca9-6aa3-5f02-000000000800}</Data><Data Name='ProcessId'>8252</Data><Data Name='Image'>C:\Windows\system32\svchost.exe</Data><Data Name='TargetFilename'>C:\Program Files\WindowsApps\Microsoft.YourPhone_1.25072.81.0_x64__8wekyb3d8bbwe\zh-Hans\PresentationFramework.resources.dll</Data><Data Name='CreationUtcTime'>2026-09-10 19:54:31.229</Data><Data Name='User'>AUTORITE NT\Système</Data></EventData></Event><Event xmlns='http://schemas.microsoft.com/win/2004/08/events/event'><System><Provider Name='Microsoft-Windows-Sysmon' Guid='{5770385f-c22a-43e0-bf4c-06f5698ffbd9}'/><EventID>11</EventID><Version>2</Version><Level>4</Level><Task>11</Task><Opcode>0</Opcode><Keywords>0x8000000000000000</Keywords><TimeCreated SystemTime='2026-09-10T19:54:31.2423734Z'/><EventRecordID>5419</EventRecordID><Correlation/><Execution ProcessID='2792' ThreadID='4944'/><Channel>Microsoft-Windows-Sysmon/Operational</Channel><Computer>windows</Computer><Security UserID='S-1-5-18'/></System><EventData><Data Name='RuleName'>DLL</Data><Data Name='UtcTime'>2026-09-10 19:54:31.229</Data><Data Name='ProcessGuid'>{064ad90c-0ca9-6aa3-5f02-000000000800}</Data><Data Name='ProcessId'>8252</Data><Data Name='Image'>C:\Windows\system32\svchost.exe</Data><Data Name='TargetFilename'>C:\Program Files\WindowsApps\Microsoft.YourPhone_1.25072.81.0_x64__8wekyb3d8bbwe\zh-Hans\PresentationCore.resources.dll</Data><Data Name='CreationUtcTime'>2026-09-10 19:54:31.229</Data><Data Name='User'>AUTORITE NT\Système</Data></EventData></Event>