<Event xmlns='http://schemas.microsoft.com/win/2004/08/events/event'><System><Provider Name='Microsoft-Windows-Sysmon' Guid='{5770385f-c22a-43e0-bf4c-06f5698ffbd9}'/><EventID>11</EventID><Version>2</Version><Level>4</Level><Task>11</Task><Opcode>0</Opcode><Keywords>0x8000000000000000</Keywords><TimeCreated SystemTime='2026-09-10T20:10:36.1417537Z'/><EventRecordID>6357</EventRecordID><Correlation/><Execution ProcessID='2792' ThreadID='4944'/><Channel>Microsoft-Windows-Sysmon/Operational</Channel><Computer>windows</Computer><Security UserID='S-1-5-18'/></System><EventData><Data Name='RuleName'>DLL</Data><Data Name='UtcTime'>2026-09-10 20:10:36.140</Data><Data Name='ProcessGuid'>{064ad90c-0ca9-6aa3-5f02-000000000800}</Data><Data Name='ProcessId'>8252</Data><Data Name='Image'>C:\Windows\system32\svchost.exe</Data><Data Name='TargetFilename'>C:\Program Files\WindowsApps\Microsoft.Windows.Photos_2026.11080.24002.0_x64__8wekyb3d8bbwe\Photos.Database.dll</Data><Data Name='CreationUtcTime'>2026-09-10 20:10:36.140</Data><Data Name='User'>AUTORITE NT\Système</Data></EventData></Event><Event xmlns='http://schemas.microsoft.com/win/2004/08/events/event'><System><Provider Name='Microsoft-Windows-Sysmon' Guid='{5770385f-c22a-43e0-bf4c-06f5698ffbd9}'/><EventID>11</EventID><Version>2</Version><Level>4</Level><Task>11</Task><Opcode>0</Opcode><Keywords>0x8000000000000000</Keywords><TimeCreated SystemTime='2026-09-10T20:10:36.1303001Z'/><EventRecordID>6356</EventRecordID><Correlation/><Execution ProcessID='2792' ThreadID='4944'/><Channel>Microsoft-Windows-Sysmon/Operational</Channel><Computer>windows</Computer><Security UserID='S-1-5-18'/></System><EventData><Data Name='RuleName'>DLL</Data><Data Name='UtcTime'>2026-09-10 20:10:36.124</Data><Data Name='ProcessGuid'>{064ad90c-0ca9-6aa3-5f02-000000000800}</Data><Data Name='ProcessId'>8252</Data><Data Name='Image'>C:\Windows\system32\svchost.exe</Data><Data Name='TargetFilename'>C:\Program Files\WindowsApps\Microsoft.Windows.Photos_2026.11080.24002.0_x64__8wekyb3d8bbwe\Photos.Controls.Timeline.dll</Data><Data Name='CreationUtcTime'>2026-09-10 20:10:36.124</Data><Data Name='User'>AUTORITE NT\Système</Data></EventData></Event><Event xmlns='http://schemas.microsoft.com/win/2004/08/events/event'><System><Provider Name='Microsoft-Windows-Sysmon' Guid='{5770385f-c22a-43e0-bf4c-06f5698ffbd9}'/><EventID>11</EventID><Version>2</Version><Level>4</Level><Task>11</Task><Opcode>0</Opcode><Keywords>0x8000000000000000</Keywords><TimeCreated SystemTime='2026-09-10T20:10:36.1266152Z'/><EventRecordID>6355</EventRecordID><Correlation/><Execution ProcessID='2792' ThreadID='4944'/><Channel>Microsoft-Windows-Sysmon/Operational</Channel><Computer>windows</Computer><Security UserID='S-1-5-18'/></System><EventData><Data Name='RuleName'>DLL</Data><Data Name='UtcTime'>2026-09-10 20:10:36.124</Data><Data Name='ProcessGuid'>{064ad90c-0ca9-6aa3-5f02-000000000800}</Data><Data Name='ProcessId'>8252</Data><Data Name='Image'>C:\Windows\system32\svchost.exe</Data><Data Name='TargetFilename'>C:\Program Files\WindowsApps\Microsoft.Windows.Photos_2026.11080.24002.0_x64__8wekyb3d8bbwe\Photos.Controls.Ocr.dll</Data><Data Name='CreationUtcTime'>2026-09-10 20:10:36.124</Data><Data Name='User'>AUTORITE NT\Système</Data></EventData></Event><Event xmlns='http://schemas.microsoft.com/win/2004/08/events/event'><System><Provider Name='Microsoft-Windows-Sysmon' Guid='{5770385f-c22a-43e0-bf4c-06f5698ffbd9}'/><EventID>11</EventID><Version>2</Version><Level>4</Level><Task>11</Task><Opcode>0</Opcode><Keywords>0x8000000000000000</Keywords><TimeCreated SystemTime='2026-09-10T20:10:36.1223080Z'/><EventRecordID>6354</EventRecordID><Correlation/><Execution ProcessID='2792' ThreadID='4944'/><Channel>Microsoft-Windows-Sysmon/Operational</Channel><Computer>windows</Computer><Security UserID='S-1-5-18'/></System><EventData><Data Name='RuleName'>DLL</Data><Data Name='UtcTime'>2026-09-10 20:10:36.108</Data><Data Name='ProcessGuid'>{064ad90c-0ca9-6aa3-5f02-000000000800}</Data><Data Name='ProcessId'>8252</Data><Data Name='Image'>C:\Windows\system32\svchost.exe</Data><Data Name='TargetFilename'>C:\Program Files\WindowsApps\Microsoft.Windows.Photos_2026.11080.24002.0_x64__8wekyb3d8bbwe\Photos.Controls.Media.dll</Data><Data Name='CreationUtcTime'>2026-09-10 20:10:36.108</Data><Data Name='User'>AUTORITE NT\Système</Data></EventData></Event><Event xmlns='http://schemas.microsoft.com/win/2004/08/events/event'><System><Provider Name='Microsoft-Windows-Sysmon' Guid='{5770385f-c22a-43e0-bf4c-06f5698ffbd9}'/><EventID>11</EventID><Version>2</Version><Level>4</Level><Task>11</Task><Opcode>0</Opcode><Keywords>0x8000000000000000</Keywords><TimeCreated SystemTime='2026-09-10T20:10:36.1177867Z'/><EventRecordID>6353</EventRecordID><Correlation/><Execution ProcessID='2792' ThreadID='4944'/><Channel>Microsoft-Windows-Sysmon/Operational</Channel><Computer>windows</Computer><Security UserID='S-1-5-18'/></System><EventData><Data Name='RuleName'>DLL</Data><Data Name='UtcTime'>2026-09-10 20:10:36.108</Data><Data Name='ProcessGuid'>{064ad90c-0ca9-6aa3-5f02-000000000800}</Data><Data Name='ProcessId'>8252</Data><Data Name='Image'>C:\Windows\system32\svchost.exe</Data><Data Name='TargetFilename'>C:\Program Files\WindowsApps\Microsoft.Windows.Photos_2026.11080.24002.0_x64__8wekyb3d8bbwe\Photos.Controls.Maps.dll</Data><Data Name='CreationUtcTime'>2026-09-10 20:10:36.108</Data><Data Name='User'>AUTORITE NT\Système</Data></EventData></Event><Event xmlns='http://schemas.microsoft.com/win/2004/08/events/event'><System><Provider Name='Microsoft-Windows-Sysmon' Guid='{5770385f-c22a-43e0-bf4c-06f5698ffbd9}'/><EventID>11</EventID><Version>2</Version><Level>4</Level><Task>11</Task><Opcode>0</Opcode><Keywords>0x8000000000000000</Keywords><TimeCreated SystemTime='2026-09-10T20:10:36.1173455Z'/><EventRecordID>6352</EventRecordID><Correlation/><Execution ProcessID='2792' ThreadID='4944'/><Channel>Microsoft-Windows-Sysmon/Operational</Channel><Computer>windows</Computer><Security UserID='S-1-5-18'/></System><EventData><Data Name='RuleName'>DLL</Data><Data Name='UtcTime'>2026-09-10 20:10:36.108</Data><Data Name='ProcessGuid'>{064ad90c-0ca9-6aa3-5f02-000000000800}</Data><Data Name='ProcessId'>8252</Data><Data Name='Image'>C:\Windows\system32\svchost.exe</Data><Data Name='TargetFilename'>C:\Program Files\WindowsApps\Microsoft.Windows.Photos_2026.11080.24002.0_x64__8wekyb3d8bbwe\Photos.Controls.dll</Data><Data Name='CreationUtcTime'>2026-09-10 20:10:36.108</Data><Data Name='User'>AUTORITE NT\Système</Data></EventData></Event><Event xmlns='http://schemas.microsoft.com/win/2004/08/events/event'><System><Provider Name='Microsoft-Windows-Sysmon' Guid='{5770385f-c22a-43e0-bf4c-06f5698ffbd9}'/><EventID>11</EventID><Version>2</Version><Level>4</Level><Task>11</Task><Opcode>0</Opcode><Keywords>0x8000000000000000</Keywords><TimeCreated SystemTime='2026-09-10T20:10:36.1137153Z'/><EventRecordID>6351</EventRecordID><Correlation/><Execution ProcessID='2792' ThreadID='4944'/><Channel>Microsoft-Windows-Sysmon/Operational</Channel><Computer>windows</Computer><Security UserID='S-1-5-18'/></System><EventData><Data Name='RuleName'>DLL</Data><Data Name='UtcTime'>2026-09-10 20:10:36.108</Data><Data Name='ProcessGuid'>{064ad90c-0ca9-6aa3-5f02-000000000800}</Data><Data Name='ProcessId'>8252</Data><Data Name='Image'>C:\Windows\system32\svchost.exe</Data><Data Name='TargetFilename'>C:\Program Files\WindowsApps\Microsoft.Windows.Photos_2026.11080.24002.0_x64__8wekyb3d8bbwe\Photos.Consent.dll</Data><Data Name='CreationUtcTime'>2026-09-10 20:10:36.108</Data><Data Name='User'>AUTORITE NT\Système</Data></EventData></Event><Event xmlns='http://schemas.microsoft.com/win/2004/08/events/event'><System><Provider Name='Microsoft-Windows-Sysmon' Guid='{5770385f-c22a-43e0-bf4c-06f5698ffbd9}'/><EventID>11</EventID><Version>2</Version><Level>4</Level><Task>11</Task><Opcode>0</Opcode><Keywords>0x8000000000000000</Keywords><TimeCreated SystemTime='2026-09-10T20:10:36.1126571Z'/><EventRecordID>6350</EventRecordID><Correlation/><Execution ProcessID='2792' ThreadID='4944'/><Channel>Microsoft-Windows-Sysmon/Operational</Channel><Computer>windows</Computer><Security UserID='S-1-5-18'/></System><EventData><Data Name='RuleName'>DLL</Data><Data Name='UtcTime'>2026-09-10 20:10:36.108</Data><Data Name='ProcessGuid'>{064ad90c-0ca9-6aa3-5f02-000000000800}</Data><Data Name='ProcessId'>8252</Data><Data Name='Image'>C:\Windows\system32\svchost.exe</Data><Data Name='TargetFilename'>C:\Program Files\WindowsApps\Microsoft.Windows.Photos_2026.11080.24002.0_x64__8wekyb3d8bbwe\Photos.Configuration.dll</Data><Data Name='CreationUtcTime'>2026-09-10 20:10:36.108</Data><Data Name='User'>AUTORITE NT\Système</Data></EventData></Event><Event xmlns='http://schemas.microsoft.com/win/2004/08/events/event'><System><Provider Name='Microsoft-Windows-Sysmon' Guid='{5770385f-c22a-43e0-bf4c-06f5698ffbd9}'/><EventID>11</EventID><Version>2</Version><Level>4</Level><Task>11</Task><Opcode>0</Opcode><Keywords>0x8000000000000000</Keywords><TimeCreated SystemTime='2026-09-10T20:10:36.1116402Z'/><EventRecordID>6349</EventRecordID><Correlation/><Execution ProcessID='2792' ThreadID='4944'/><Channel>Microsoft-Windows-Sysmon/Operational</Channel><Computer>windows</Computer><Security UserID='S-1-5-18'/></System><EventData><Data Name='RuleName'>DLL</Data><Data Name='UtcTime'>2026-09-10 20:10:36.108</Data><Data Name='ProcessGuid'>{064ad90c-0ca9-6aa3-5f02-000000000800}</Data><Data Name='ProcessId'>8252</Data><Data Name='Image'>C:\Windows\system32\svchost.exe</Data><Data Name='TargetFilename'>C:\Program Files\WindowsApps\Microsoft.Windows.Photos_2026.11080.24002.0_x64__8wekyb3d8bbwe\Photos.Configuration.CppWinRT.dll</Data><Data Name='CreationUtcTime'>2026-09-10 20:10:36.108</Data><Data Name='User'>AUTORITE NT\Système</Data></EventData></Event><Event xmlns='http://schemas.microsoft.com/win/2004/08/events/event'><System><Provider Name='Microsoft-Windows-Sysmon' Guid='{5770385f-c22a-43e0-bf4c-06f5698ffbd9}'/><EventID>11</EventID><Version>2</Version><Level>4</Level><Task>11</Task><Opcode>0</Opcode><Keywords>0x8000000000000000</Keywords><TimeCreated SystemTime='2026-09-10T20:10:36.1090807Z'/><EventRecordID>6348</EventRecordID><Correlation/><Execution ProcessID='2792' ThreadID='4944'/><Channel>Microsoft-Windows-Sysmon/Operational</Channel><Computer>windows</Computer><Security UserID='S-1-5-18'/></System><EventData><Data Name='RuleName'>DLL</Data><Data Name='UtcTime'>2026-09-10 20:10:36.108</Data><Data Name='ProcessGuid'>{064ad90c-0ca9-6aa3-5f02-000000000800}</Data><Data Name='ProcessId'>8252</Data><Data Name='Image'>C:\Windows\system32\svchost.exe</Data><Data Name='TargetFilename'>C:\Program Files\WindowsApps\Microsoft.Windows.Photos_2026.11080.24002.0_x64__8wekyb3d8bbwe\Photos.Collection.Models.Interfaces.dll</Data><Data Name='CreationUtcTime'>2026-09-10 20:10:36.108</Data><Data Name='User'>AUTORITE NT\Système</Data></EventData></Event><Event xmlns='http://schemas.microsoft.com/win/2004/08/events/event'><System><Provider Name='Microsoft-Windows-Sysmon' Guid='{5770385f-c22a-43e0-bf4c-06f5698ffbd9}'/><EventID>11</EventID><Version>2</Version><Level>4</Level><Task>11</Task><Opcode>0</Opcode><Keywords>0x8000000000000000</Keywords><TimeCreated SystemTime='2026-09-10T20:10:36.1083820Z'/><EventRecordID>6347</EventRecordID><Correlation/><Execution ProcessID='2792' ThreadID='4944'/><Channel>Microsoft-Windows-Sysmon/Operational</Channel><Computer>windows</Computer><Security UserID='S-1-5-18'/></System><EventData><Data Name='RuleName'>DLL</Data><Data Name='UtcTime'>2026-09-10 20:10:36.108</Data><Data Name='ProcessGuid'>{064ad90c-0ca9-6aa3-5f02-000000000800}</Data><Data Name='ProcessId'>8252</Data><Data Name='Image'>C:\Windows\system32\svchost.exe</Data><Data Name='TargetFilename'>C:\Program Files\WindowsApps\Microsoft.Windows.Photos_2026.11080.24002.0_x64__8wekyb3d8bbwe\Photos.Collection.Models.dll</Data><Data Name='CreationUtcTime'>2026-09-10 20:10:36.107</Data><Data Name='User'>AUTORITE NT\Système</Data></EventData></Event><Event xmlns='http://schemas.microsoft.com/win/2004/08/events/event'><System><Provider Name='Microsoft-Windows-Sysmon' Guid='{5770385f-c22a-43e0-bf4c-06f5698ffbd9}'/><EventID>11</EventID><Version>2</Version><Level>4</Level><Task>11</Task><Opcode>0</Opcode><Keywords>0x8000000000000000</Keywords><TimeCreated SystemTime='2026-09-10T20:10:36.1078380Z'/><EventRecordID>6346</EventRecordID><Correlation/><Execution ProcessID='2792' ThreadID='4944'/><Channel>Microsoft-Windows-Sysmon/Operational</Channel><Computer>windows</Computer><Security UserID='S-1-5-18'/></System><EventData><Data Name='RuleName'>EXE</Data><Data Name='UtcTime'>2026-09-10 20:10:36.107</Data><Data Name='ProcessGuid'>{064ad90c-0ca9-6aa3-5f02-000000000800}</Data><Data Name='ProcessId'>8252</Data><Data Name='Image'>C:\Windows\system32\svchost.exe</Data><Data Name='TargetFilename'>C:\Program Files\WindowsApps\Microsoft.Windows.Photos_2026.11080.24002.0_x64__8wekyb3d8bbwe\Photos.AutoPlay.exe</Data><Data Name='CreationUtcTime'>2026-09-10 20:10:36.107</Data><Data Name='User'>AUTORITE NT\Système</Data></EventData></Event><Event xmlns='http://schemas.microsoft.com/win/2004/08/events/event'><System><Provider Name='Microsoft-Windows-Sysmon' Guid='{5770385f-c22a-43e0-bf4c-06f5698ffbd9}'/><EventID>11</EventID><Version>2</Version><Level>4</Level><Task>11</Task><Opcode>0</Opcode><Keywords>0x8000000000000000</Keywords><TimeCreated SystemTime='2026-09-10T20:10:36.1065813Z'/><EventRecordID>6345</EventRecordID><Correlation/><Execution ProcessID='2792' ThreadID='4944'/><Channel>Microsoft-Windows-Sysmon/Operational</Channel><Computer>windows</Computer><Security UserID='S-1-5-18'/></System><EventData><Data Name='RuleName'>DLL</Data><Data Name='UtcTime'>2026-09-10 20:10:36.092</Data><Data Name='ProcessGuid'>{064ad90c-0ca9-6aa3-5f02-000000000800}</Data><Data Name='ProcessId'>8252</Data><Data Name='Image'>C:\Windows\system32\svchost.exe</Data><Data Name='TargetFilename'>C:\Program Files\WindowsApps\Microsoft.Windows.Photos_2026.11080.24002.0_x64__8wekyb3d8bbwe\Photos.Authentication.dll</Data><Data Name='CreationUtcTime'>2026-09-10 20:10:36.092</Data><Data Name='User'>AUTORITE NT\Système</Data></EventData></Event><Event xmlns='http://schemas.microsoft.com/win/2004/08/events/event'><System><Provider Name='Microsoft-Windows-Sysmon' Guid='{5770385f-c22a-43e0-bf4c-06f5698ffbd9}'/><EventID>11</EventID><Version>2</Version><Level>4</Level><Task>11</Task><Opcode>0</Opcode><Keywords>0x8000000000000000</Keywords><TimeCreated SystemTime='2026-09-10T20:10:36.1057242Z'/><EventRecordID>6344</EventRecordID><Correlation/><Execution ProcessID='2792' ThreadID='4944'/><Channel>Microsoft-Windows-Sysmon/Operational</Channel><Computer>windows</Computer><Security UserID='S-1-5-18'/></System><EventData><Data Name='RuleName'>DLL</Data><Data Name='UtcTime'>2026-09-10 20:10:36.092</Data><Data Name='ProcessGuid'>{064ad90c-0ca9-6aa3-5f02-000000000800}</Data><Data Name='ProcessId'>8252</Data><Data Name='Image'>C:\Windows\system32\svchost.exe</Data><Data Name='TargetFilename'>C:\Program Files\WindowsApps\Microsoft.Windows.Photos_2026.11080.24002.0_x64__8wekyb3d8bbwe\Photos.Authentication.CsWinRT.dll</Data><Data Name='CreationUtcTime'>2026-09-10 20:10:36.092</Data><Data Name='User'>AUTORITE NT\Système</Data></EventData></Event><Event xmlns='http://schemas.microsoft.com/win/2004/08/events/event'><System><Provider Name='Microsoft-Windows-Sysmon' Guid='{5770385f-c22a-43e0-bf4c-06f5698ffbd9}'/><EventID>11</EventID><Version>2</Version><Level>4</Level><Task>11</Task><Opcode>0</Opcode><Keywords>0x8000000000000000</Keywords><TimeCreated SystemTime='2026-09-10T20:10:36.1048138Z'/><EventRecordID>6343</EventRecordID><Correlation/><Execution ProcessID='2792' ThreadID='4944'/><Channel>Microsoft-Windows-Sysmon/Operational</Channel><Computer>windows</Computer><Security UserID='S-1-5-18'/></System><EventData><Data Name='RuleName'>DLL</Data><Data Name='UtcTime'>2026-09-10 20:10:36.092</Data><Data Name='ProcessGuid'>{064ad90c-0ca9-6aa3-5f02-000000000800}</Data><Data Name='ProcessId'>8252</Data><Data Name='Image'>C:\Windows\system32\svchost.exe</Data><Data Name='TargetFilename'>C:\Program Files\WindowsApps\Microsoft.Windows.Photos_2026.11080.24002.0_x64__8wekyb3d8bbwe\Photos.Authentication.CppWinRT.dll</Data><Data Name='CreationUtcTime'>2026-09-10 20:10:36.092</Data><Data Name='User'>AUTORITE NT\Système</Data></EventData></Event><Event xmlns='http://schemas.microsoft.com/win/2004/08/events/event'><System><Provider Name='Microsoft-Windows-Sysmon' Guid='{5770385f-c22a-43e0-bf4c-06f5698ffbd9}'/><EventID>11</EventID><Version>2</Version><Level>4</Level><Task>11</Task><Opcode>0</Opcode><Keywords>0x8000000000000000</Keywords><TimeCreated SystemTime='2026-09-10T20:10:36.0983218Z'/><EventRecordID>6342</EventRecordID><Correlation/><Execution ProcessID='2792' ThreadID='4944'/><Channel>Microsoft-Windows-Sysmon/Operational</Channel><Computer>windows</Computer><Security UserID='S-1-5-18'/></System><EventData><Data Name='RuleName'>DLL</Data><Data Name='UtcTime'>2026-09-10 20:10:36.092</Data><Data Name='ProcessGuid'>{064ad90c-0ca9-6aa3-5f02-000000000800}</Data><Data Name='ProcessId'>8252</Data><Data Name='Image'>C:\Windows\system32\svchost.exe</Data><Data Name='TargetFilename'>C:\Program Files\WindowsApps\Microsoft.Windows.Photos_2026.11080.24002.0_x64__8wekyb3d8bbwe\Photos.App.Container.dll</Data><Data Name='CreationUtcTime'>2026-09-10 20:10:36.092</Data><Data Name='User'>AUTORITE NT\Système</Data></EventData></Event><Event xmlns='http://schemas.microsoft.com/win/2004/08/events/event'><System><Provider Name='Microsoft-Windows-Sysmon' Guid='{5770385f-c22a-43e0-bf4c-06f5698ffbd9}'/><EventID>11</EventID><Version>2</Version><Level>4</Level><Task>11</Task><Opcode>0</Opcode><Keywords>0x8000000000000000</Keywords><TimeCreated SystemTime='2026-09-10T20:10:36.0953618Z'/><EventRecordID>6341</EventRecordID><Correlation/><Execution ProcessID='2792' ThreadID='4944'/><Channel>Microsoft-Windows-Sysmon/Operational</Channel><Computer>windows</Computer><Security UserID='S-1-5-18'/></System><EventData><Data Name='RuleName'>DLL</Data><Data Name='UtcTime'>2026-09-10 20:10:36.092</Data><Data Name='ProcessGuid'>{064ad90c-0ca9-6aa3-5f02-000000000800}</Data><Data Name='ProcessId'>8252</Data><Data Name='Image'>C:\Windows\system32\svchost.exe</Data><Data Name='TargetFilename'>C:\Program Files\WindowsApps\Microsoft.Windows.Photos_2026.11080.24002.0_x64__8wekyb3d8bbwe\Photos.App.Collection.NativeHostNE.dll</Data><Data Name='CreationUtcTime'>2026-09-10 20:10:36.092</Data><Data Name='User'>AUTORITE NT\Système</Data></EventData></Event><Event xmlns='http://schemas.microsoft.com/win/2004/08/events/event'><System><Provider Name='Microsoft-Windows-Sysmon' Guid='{5770385f-c22a-43e0-bf4c-06f5698ffbd9}'/><EventID>11</EventID><Version>2</Version><Level>4</Level><Task>11</Task><Opcode>0</Opcode><Keywords>0x8000000000000000</Keywords><TimeCreated SystemTime='2026-09-10T20:10:36.0945158Z'/><EventRecordID>6340</EventRecordID><Correlation/><Execution ProcessID='2792' ThreadID='4944'/><Channel>Microsoft-Windows-Sysmon/Operational</Channel><Computer>windows</Computer><Security UserID='S-1-5-18'/></System><EventData><Data Name='RuleName'>DLL</Data><Data Name='UtcTime'>2026-09-10 20:10:36.092</Data><Data Name='ProcessGuid'>{064ad90c-0ca9-6aa3-5f02-000000000800}</Data><Data Name='ProcessId'>8252</Data><Data Name='Image'>C:\Windows\system32\svchost.exe</Data><Data Name='TargetFilename'>C:\Program Files\WindowsApps\Microsoft.Windows.Photos_2026.11080.24002.0_x64__8wekyb3d8bbwe\Photos.App.Collection.NativeHost.dll</Data><Data Name='CreationUtcTime'>2026-09-10 20:10:36.092</Data><Data Name='User'>AUTORITE NT\Système</Data></EventData></Event><Event xmlns='http://schemas.microsoft.com/win/2004/08/events/event'><System><Provider Name='Microsoft-Windows-Sysmon' Guid='{5770385f-c22a-43e0-bf4c-06f5698ffbd9}'/><EventID>11</EventID><Version>2</Version><Level>4</Level><Task>11</Task><Opcode>0</Opcode><Keywords>0x8000000000000000</Keywords><TimeCreated SystemTime='2026-09-10T20:10:36.0931816Z'/><EventRecordID>6339</EventRecordID><Correlation/><Execution ProcessID='2792' ThreadID='4944'/><Channel>Microsoft-Windows-Sysmon/Operational</Channel><Computer>windows</Computer><Security UserID='S-1-5-18'/></System><EventData><Data Name='RuleName'>DLL</Data><Data Name='UtcTime'>2026-09-10 20:10:36.092</Data><Data Name='ProcessGuid'>{064ad90c-0ca9-6aa3-5f02-000000000800}</Data><Data Name='ProcessId'>8252</Data><Data Name='Image'>C:\Windows\system32\svchost.exe</Data><Data Name='TargetFilename'>C:\Program Files\WindowsApps\Microsoft.Windows.Photos_2026.11080.24002.0_x64__8wekyb3d8bbwe\Photos.App.Collection.dll</Data><Data Name='CreationUtcTime'>2026-09-10 20:10:36.092</Data><Data Name='User'>AUTORITE NT\Système</Data></EventData></Event><Event xmlns='http://schemas.microsoft.com/win/2004/08/events/event'><System><Provider Name='Microsoft-Windows-Sysmon' Guid='{5770385f-c22a-43e0-bf4c-06f5698ffbd9}'/><EventID>11</EventID><Version>2</Version><Level>4</Level><Task>11</Task><Opcode>0</Opcode><Keywords>0x8000000000000000</Keywords><TimeCreated SystemTime='2026-09-10T20:10:36.0921213Z'/><EventRecordID>6338</EventRecordID><Correlation/><Execution ProcessID='2792' ThreadID='4944'/><Channel>Microsoft-Windows-Sysmon/Operational</Channel><Computer>windows</Computer><Security UserID='S-1-5-18'/></System><EventData><Data Name='RuleName'>DLL</Data><Data Name='UtcTime'>2026-09-10 20:10:36.077</Data><Data Name='ProcessGuid'>{064ad90c-0ca9-6aa3-5f02-000000000800}</Data><Data Name='ProcessId'>8252</Data><Data Name='Image'>C:\Windows\system32\svchost.exe</Data><Data Name='TargetFilename'>C:\Program Files\WindowsApps\Microsoft.Windows.Photos_2026.11080.24002.0_x64__8wekyb3d8bbwe\Photos.AIUtils.dll</Data><Data Name='CreationUtcTime'>2026-09-10 20:10:36.077</Data><Data Name='User'>AUTORITE NT\Système</Data></EventData></Event><Event xmlns='http://schemas.microsoft.com/win/2004/08/events/event'><System><Provider Name='Microsoft-Windows-Sysmon' Guid='{5770385f-c22a-43e0-bf4c-06f5698ffbd9}'/><EventID>11</EventID><Version>2</Version><Level>4</Level><Task>11</Task><Opcode>0</Opcode><Keywords>0x8000000000000000</Keywords><TimeCreated SystemTime='2026-09-10T20:10:36.0903073Z'/><EventRecordID>6337</EventRecordID><Correlation/><Execution ProcessID='2792' ThreadID='4944'/><Channel>Microsoft-Windows-Sysmon/Operational</Channel><Computer>windows</Computer><Security UserID='S-1-5-18'/></System><EventData><Data Name='RuleName'>DLL</Data><Data Name='UtcTime'>2026-09-10 20:10:36.077</Data><Data Name='ProcessGuid'>{064ad90c-0ca9-6aa3-5f02-000000000800}</Data><Data Name='ProcessId'>8252</Data><Data Name='Image'>C:\Windows\system32\svchost.exe</Data><Data Name='TargetFilename'>C:\Program Files\WindowsApps\Microsoft.Windows.Photos_2026.11080.24002.0_x64__8wekyb3d8bbwe\Photos.AIServices.CsWinRT.dll</Data><Data Name='CreationUtcTime'>2026-09-10 20:10:36.077</Data><Data Name='User'>AUTORITE NT\Système</Data></EventData></Event><Event xmlns='http://schemas.microsoft.com/win/2004/08/events/event'><System><Provider Name='Microsoft-Windows-Sysmon' Guid='{5770385f-c22a-43e0-bf4c-06f5698ffbd9}'/><EventID>11</EventID><Version>2</Version><Level>4</Level><Task>11</Task><Opcode>0</Opcode><Keywords>0x8000000000000000</Keywords><TimeCreated SystemTime='2026-09-10T20:10:36.0894453Z'/><EventRecordID>6336</EventRecordID><Correlation/><Execution ProcessID='2792' ThreadID='4944'/><Channel>Microsoft-Windows-Sysmon/Operational</Channel><Computer>windows</Computer><Security UserID='S-1-5-18'/></System><EventData><Data Name='RuleName'>DLL</Data><Data Name='UtcTime'>2026-09-10 20:10:36.077</Data><Data Name='ProcessGuid'>{064ad90c-0ca9-6aa3-5f02-000000000800}</Data><Data Name='ProcessId'>8252</Data><Data Name='Image'>C:\Windows\system32\svchost.exe</Data><Data Name='TargetFilename'>C:\Program Files\WindowsApps\Microsoft.Windows.Photos_2026.11080.24002.0_x64__8wekyb3d8bbwe\Photos.AIServices.CppWinRT.dll</Data><Data Name='CreationUtcTime'>2026-09-10 20:10:36.077</Data><Data Name='User'>AUTORITE NT\Système</Data></EventData></Event><Event xmlns='http://schemas.microsoft.com/win/2004/08/events/event'><System><Provider Name='Microsoft-Windows-Sysmon' Guid='{5770385f-c22a-43e0-bf4c-06f5698ffbd9}'/><EventID>11</EventID><Version>2</Version><Level>4</Level><Task>11</Task><Opcode>0</Opcode><Keywords>0x8000000000000000</Keywords><TimeCreated SystemTime='2026-09-10T20:10:36.0876792Z'/><EventRecordID>6335</EventRecordID><Correlation/><Execution ProcessID='2792' ThreadID='4944'/><Channel>Microsoft-Windows-Sysmon/Operational</Channel><Computer>windows</Computer><Security UserID='S-1-5-18'/></System><EventData><Data Name='RuleName'>DLL</Data><Data Name='UtcTime'>2026-09-10 20:10:36.077</Data><Data Name='ProcessGuid'>{064ad90c-0ca9-6aa3-5f02-000000000800}</Data><Data Name='ProcessId'>8252</Data><Data Name='Image'>C:\Windows\system32\svchost.exe</Data><Data Name='TargetFilename'>C:\Program Files\WindowsApps\Microsoft.Windows.Photos_2026.11080.24002.0_x64__8wekyb3d8bbwe\PerceptiveShell\segapi.dll</Data><Data Name='CreationUtcTime'>2026-09-10 20:10:36.077</Data><Data Name='User'>AUTORITE NT\Système</Data></EventData></Event><Event xmlns='http://schemas.microsoft.com/win/2004/08/events/event'><System><Provider Name='Microsoft-Windows-Sysmon' Guid='{5770385f-c22a-43e0-bf4c-06f5698ffbd9}'/><EventID>11</EventID><Version>2</Version><Level>4</Level><Task>11</Task><Opcode>0</Opcode><Keywords>0x8000000000000000</Keywords><TimeCreated SystemTime='2026-09-10T20:10:36.0872339Z'/><EventRecordID>6334</EventRecordID><Correlation/><Execution ProcessID='2792' ThreadID='4944'/><Channel>Microsoft-Windows-Sysmon/Operational</Channel><Computer>windows</Computer><Security UserID='S-1-5-18'/></System><EventData><Data Name='RuleName'>DLL</Data><Data Name='UtcTime'>2026-09-10 20:10:36.077</Data><Data Name='ProcessGuid'>{064ad90c-0ca9-6aa3-5f02-000000000800}</Data><Data Name='ProcessId'>8252</Data><Data Name='Image'>C:\Windows\system32\svchost.exe</Data><Data Name='TargetFilename'>C:\Program Files\WindowsApps\Microsoft.Windows.Photos_2026.11080.24002.0_x64__8wekyb3d8bbwe\PerceptiveShell\ps-onnxruntime.dll</Data><Data Name='CreationUtcTime'>2026-09-10 20:10:36.077</Data><Data Name='User'>AUTORITE NT\Système</Data></EventData></Event><Event xmlns='http://schemas.microsoft.com/win/2004/08/events/event'><System><Provider Name='Microsoft-Windows-Sysmon' Guid='{5770385f-c22a-43e0-bf4c-06f5698ffbd9}'/><EventID>11</EventID><Version>2</Version><Level>4</Level><Task>11</Task><Opcode>0</Opcode><Keywords>0x8000000000000000</Keywords><TimeCreated SystemTime='2026-09-10T20:10:36.0861406Z'/><EventRecordID>6333</EventRecordID><Correlation/><Execution ProcessID='2792' ThreadID='4944'/><Channel>Microsoft-Windows-Sysmon/Operational</Channel><Computer>windows</Computer><Security UserID='S-1-5-18'/></System><EventData><Data Name='RuleName'>DLL</Data><Data Name='UtcTime'>2026-09-10 20:10:36.077</Data><Data Name='ProcessGuid'>{064ad90c-0ca9-6aa3-5f02-000000000800}</Data><Data Name='ProcessId'>8252</Data><Data Name='Image'>C:\Windows\system32\svchost.exe</Data><Data Name='TargetFilename'>C:\Program Files\WindowsApps\Microsoft.Windows.Photos_2026.11080.24002.0_x64__8wekyb3d8bbwe\PerceptiveShell\NPUDetect.dll</Data><Data Name='CreationUtcTime'>2026-09-10 20:10:36.077</Data><Data Name='User'>AUTORITE NT\Système</Data></EventData></Event><Event xmlns='http://schemas.microsoft.com/win/2004/08/events/event'><System><Provider Name='Microsoft-Windows-Sysmon' Guid='{5770385f-c22a-43e0-bf4c-06f5698ffbd9}'/><EventID>11</EventID><Version>2</Version><Level>4</Level><Task>11</Task><Opcode>0</Opcode><Keywords>0x8000000000000000</Keywords><TimeCreated SystemTime='2026-09-10T20:10:36.0856664Z'/><EventRecordID>6332</EventRecordID><Correlation/><Execution ProcessID='2792' ThreadID='4944'/><Channel>Microsoft-Windows-Sysmon/Operational</Channel><Computer>windows</Computer><Security UserID='S-1-5-18'/></System><EventData><Data Name='RuleName'>DLL</Data><Data Name='UtcTime'>2026-09-10 20:10:36.077</Data><Data Name='ProcessGuid'>{064ad90c-0ca9-6aa3-5f02-000000000800}</Data><Data Name='ProcessId'>8252</Data><Data Name='Image'>C:\Windows\system32\svchost.exe</Data><Data Name='TargetFilename'>C:\Program Files\WindowsApps\Microsoft.Windows.Photos_2026.11080.24002.0_x64__8wekyb3d8bbwe\PerceptiveShell\magerapi.dll</Data><Data Name='CreationUtcTime'>2026-09-10 20:10:36.077</Data><Data Name='User'>AUTORITE NT\Système</Data></EventData></Event><Event xmlns='http://schemas.microsoft.com/win/2004/08/events/event'><System><Provider Name='Microsoft-Windows-Sysmon' Guid='{5770385f-c22a-43e0-bf4c-06f5698ffbd9}'/><EventID>11</EventID><Version>2</Version><Level>4</Level><Task>11</Task><Opcode>0</Opcode><Keywords>0x8000000000000000</Keywords><TimeCreated SystemTime='2026-09-10T20:10:36.0848102Z'/><EventRecordID>6331</EventRecordID><Correlation/><Execution ProcessID='2792' ThreadID='4944'/><Channel>Microsoft-Windows-Sysmon/Operational</Channel><Computer>windows</Computer><Security UserID='S-1-5-18'/></System><EventData><Data Name='RuleName'>DLL</Data><Data Name='UtcTime'>2026-09-10 20:10:36.077</Data><Data Name='ProcessGuid'>{064ad90c-0ca9-6aa3-5f02-000000000800}</Data><Data Name='ProcessId'>8252</Data><Data Name='Image'>C:\Windows\system32\svchost.exe</Data><Data Name='TargetFilename'>C:\Program Files\WindowsApps\Microsoft.Windows.Photos_2026.11080.24002.0_x64__8wekyb3d8bbwe\onnxruntime.dll</Data><Data Name='CreationUtcTime'>2026-09-10 20:10:36.077</Data><Data Name='User'>AUTORITE NT\Système</Data></EventData></Event><Event xmlns='http://schemas.microsoft.com/win/2004/08/events/event'><System><Provider Name='Microsoft-Windows-Sysmon' Guid='{5770385f-c22a-43e0-bf4c-06f5698ffbd9}'/><EventID>11</EventID><Version>2</Version><Level>4</Level><Task>11</Task><Opcode>0</Opcode><Keywords>0x8000000000000000</Keywords><TimeCreated SystemTime='2026-09-10T20:10:36.0832948Z'/><EventRecordID>6330</EventRecordID><Correlation/><Execution ProcessID='2792' ThreadID='4944'/><Channel>Microsoft-Windows-Sysmon/Operational</Channel><Computer>windows</Computer><Security UserID='S-1-5-18'/></System><EventData><Data Name='RuleName'>DLL</Data><Data Name='UtcTime'>2026-09-10 20:10:36.077</Data><Data Name='ProcessGuid'>{064ad90c-0ca9-6aa3-5f02-000000000800}</Data><Data Name='ProcessId'>8252</Data><Data Name='Image'>C:\Windows\system32\svchost.exe</Data><Data Name='TargetFilename'>C:\Program Files\WindowsApps\Microsoft.Windows.Photos_2026.11080.24002.0_x64__8wekyb3d8bbwe\oneocr.dll</Data><Data Name='CreationUtcTime'>2026-09-10 20:10:36.077</Data><Data Name='User'>AUTORITE NT\Système</Data></EventData></Event><Event xmlns='http://schemas.microsoft.com/win/2004/08/events/event'><System><Provider Name='Microsoft-Windows-Sysmon' Guid='{5770385f-c22a-43e0-bf4c-06f5698ffbd9}'/><EventID>11</EventID><Version>2</Version><Level>4</Level><Task>11</Task><Opcode>0</Opcode><Keywords>0x8000000000000000</Keywords><TimeCreated SystemTime='2026-09-10T20:10:36.0823704Z'/><EventRecordID>6329</EventRecordID><Correlation/><Execution ProcessID='2792' ThreadID='4944'/><Channel>Microsoft-Windows-Sysmon/Operational</Channel><Computer>windows</Computer><Security UserID='S-1-5-18'/></System><EventData><Data Name='RuleName'>DLL</Data><Data Name='UtcTime'>2026-09-10 20:10:36.077</Data><Data Name='ProcessGuid'>{064ad90c-0ca9-6aa3-5f02-000000000800}</Data><Data Name='ProcessId'>8252</Data><Data Name='Image'>C:\Windows\system32\svchost.exe</Data><Data Name='TargetFilename'>C:\Program Files\WindowsApps\Microsoft.Windows.Photos_2026.11080.24002.0_x64__8wekyb3d8bbwe\OneDriveUI.dll</Data><Data Name='CreationUtcTime'>2026-09-10 20:10:36.077</Data><Data Name='User'>AUTORITE NT\Système</Data></EventData></Event><Event xmlns='http://schemas.microsoft.com/win/2004/08/events/event'><System><Provider Name='Microsoft-Windows-Sysmon' Guid='{5770385f-c22a-43e0-bf4c-06f5698ffbd9}'/><EventID>11</EventID><Version>2</Version><Level>4</Level><Task>11</Task><Opcode>0</Opcode><Keywords>0x8000000000000000</Keywords><TimeCreated SystemTime='2026-09-10T20:10:36.0812664Z'/><EventRecordID>6328</EventRecordID><Correlation/><Execution ProcessID='2792' ThreadID='4944'/><Channel>Microsoft-Windows-Sysmon/Operational</Channel><Computer>windows</Computer><Security UserID='S-1-5-18'/></System><EventData><Data Name='RuleName'>DLL</Data><Data Name='UtcTime'>2026-09-10 20:10:36.077</Data><Data Name='ProcessGuid'>{064ad90c-0ca9-6aa3-5f02-000000000800}</Data><Data Name='ProcessId'>8252</Data><Data Name='Image'>C:\Windows\system32\svchost.exe</Data><Data Name='TargetFilename'>C:\Program Files\WindowsApps\Microsoft.Windows.Photos_2026.11080.24002.0_x64__8wekyb3d8bbwe\OneDrive.dll</Data><Data Name='CreationUtcTime'>2026-09-10 20:10:36.077</Data><Data Name='User'>AUTORITE NT\Système</Data></EventData></Event><Event xmlns='http://schemas.microsoft.com/win/2004/08/events/event'><System><Provider Name='Microsoft-Windows-Sysmon' Guid='{5770385f-c22a-43e0-bf4c-06f5698ffbd9}'/><EventID>11</EventID><Version>2</Version><Level>4</Level><Task>11</Task><Opcode>0</Opcode><Keywords>0x8000000000000000</Keywords><TimeCreated SystemTime='2026-09-10T20:10:36.0793489Z'/><EventRecordID>6327</EventRecordID><Correlation/><Execution ProcessID='2792' ThreadID='4944'/><Channel>Microsoft-Windows-Sysmon/Operational</Channel><Computer>windows</Computer><Security UserID='S-1-5-18'/></System><EventData><Data Name='RuleName'>DLL</Data><Data Name='UtcTime'>2026-09-10 20:10:36.077</Data><Data Name='ProcessGuid'>{064ad90c-0ca9-6aa3-5f02-000000000800}</Data><Data Name='ProcessId'>8252</Data><Data Name='Image'>C:\Windows\system32\svchost.exe</Data><Data Name='TargetFilename'>C:\Program Files\WindowsApps\Microsoft.Windows.Photos_2026.11080.24002.0_x64__8wekyb3d8bbwe\Microsoft.Xaml.Interactivity.dll</Data><Data Name='CreationUtcTime'>2026-09-10 20:10:36.077</Data><Data Name='User'>AUTORITE NT\Système</Data></EventData></Event><Event xmlns='http://schemas.microsoft.com/win/2004/08/events/event'><System><Provider Name='Microsoft-Windows-Sysmon' Guid='{5770385f-c22a-43e0-bf4c-06f5698ffbd9}'/><EventID>11</EventID><Version>2</Version><Level>4</Level><Task>11</Task><Opcode>0</Opcode><Keywords>0x8000000000000000</Keywords><TimeCreated SystemTime='2026-09-10T20:10:36.0788323Z'/><EventRecordID>6326</EventRecordID><Correlation/><Execution ProcessID='2792' ThreadID='4944'/><Channel>Microsoft-Windows-Sysmon/Operational</Channel><Computer>windows</Computer><Security UserID='S-1-5-18'/></System><EventData><Data Name='RuleName'>DLL</Data><Data Name='UtcTime'>2026-09-10 20:10:36.077</Data><Data Name='ProcessGuid'>{064ad90c-0ca9-6aa3-5f02-000000000800}</Data><Data Name='ProcessId'>8252</Data><Data Name='Image'>C:\Windows\system32\svchost.exe</Data><Data Name='TargetFilename'>C:\Program Files\WindowsApps\Microsoft.Windows.Photos_2026.11080.24002.0_x64__8wekyb3d8bbwe\Microsoft.WinUI.dll</Data><Data Name='CreationUtcTime'>2026-09-10 20:10:36.077</Data><Data Name='User'>AUTORITE NT\Système</Data></EventData></Event><Event xmlns='http://schemas.microsoft.com/win/2004/08/events/event'><System><Provider Name='Microsoft-Windows-Sysmon' Guid='{5770385f-c22a-43e0-bf4c-06f5698ffbd9}'/><EventID>11</EventID><Version>2</Version><Level>4</Level><Task>11</Task><Opcode>0</Opcode><Keywords>0x8000000000000000</Keywords><TimeCreated SystemTime='2026-09-10T20:10:36.0783325Z'/><EventRecordID>6325</EventRecordID><Correlation/><Execution ProcessID='2792' ThreadID='4944'/><Channel>Microsoft-Windows-Sysmon/Operational</Channel><Computer>windows</Computer><Security UserID='S-1-5-18'/></System><EventData><Data Name='RuleName'>DLL</Data><Data Name='UtcTime'>2026-09-10 20:10:36.077</Data><Data Name='ProcessGuid'>{064ad90c-0ca9-6aa3-5f02-000000000800}</Data><Data Name='ProcessId'>8252</Data><Data Name='Image'>C:\Windows\system32\svchost.exe</Data><Data Name='TargetFilename'>C:\Program Files\WindowsApps\Microsoft.Windows.Photos_2026.11080.24002.0_x64__8wekyb3d8bbwe\Microsoft.WindowsAppRuntime.Bootstrap.Net.dll</Data><Data Name='CreationUtcTime'>2026-09-10 20:10:36.077</Data><Data Name='User'>AUTORITE NT\Système</Data></EventData></Event><Event xmlns='http://schemas.microsoft.com/win/2004/08/events/event'><System><Provider Name='Microsoft-Windows-Sysmon' Guid='{5770385f-c22a-43e0-bf4c-06f5698ffbd9}'/><EventID>11</EventID><Version>2</Version><Level>4</Level><Task>11</Task><Opcode>0</Opcode><Keywords>0x8000000000000000</Keywords><TimeCreated SystemTime='2026-09-10T20:10:36.0778918Z'/><EventRecordID>6324</EventRecordID><Correlation/><Execution ProcessID='2792' ThreadID='4944'/><Channel>Microsoft-Windows-Sysmon/Operational</Channel><Computer>windows</Computer><Security UserID='S-1-5-18'/></System><EventData><Data Name='RuleName'>DLL</Data><Data Name='UtcTime'>2026-09-10 20:10:36.077</Data><Data Name='ProcessGuid'>{064ad90c-0ca9-6aa3-5f02-000000000800}</Data><Data Name='ProcessId'>8252</Data><Data Name='Image'>C:\Windows\system32\svchost.exe</Data><Data Name='TargetFilename'>C:\Program Files\WindowsApps\Microsoft.Windows.Photos_2026.11080.24002.0_x64__8wekyb3d8bbwe\Microsoft.WindowsAppRuntime.Bootstrap.dll</Data><Data Name='CreationUtcTime'>2026-09-10 20:10:36.077</Data><Data Name='User'>AUTORITE NT\Système</Data></EventData></Event><Event xmlns='http://schemas.microsoft.com/win/2004/08/events/event'><System><Provider Name='Microsoft-Windows-Sysmon' Guid='{5770385f-c22a-43e0-bf4c-06f5698ffbd9}'/><EventID>11</EventID><Version>2</Version><Level>4</Level><Task>11</Task><Opcode>0</Opcode><Keywords>0x8000000000000000</Keywords><TimeCreated SystemTime='2026-09-10T20:10:36.0771703Z'/><EventRecordID>6323</EventRecordID><Correlation/><Execution ProcessID='2792' ThreadID='4944'/><Channel>Microsoft-Windows-Sysmon/Operational</Channel><Computer>windows</Computer><Security UserID='S-1-5-18'/></System><EventData><Data Name='RuleName'>DLL</Data><Data Name='UtcTime'>2026-09-10 20:10:36.076</Data><Data Name='ProcessGuid'>{064ad90c-0ca9-6aa3-5f02-000000000800}</Data><Data Name='ProcessId'>8252</Data><Data Name='Image'>C:\Windows\system32\svchost.exe</Data><Data Name='TargetFilename'>C:\Program Files\WindowsApps\Microsoft.Windows.Photos_2026.11080.24002.0_x64__8wekyb3d8bbwe\Microsoft.Windows.Widgets.Projection.dll</Data><Data Name='CreationUtcTime'>2026-09-10 20:10:36.076</Data><Data Name='User'>AUTORITE NT\Système</Data></EventData></Event><Event xmlns='http://schemas.microsoft.com/win/2004/08/events/event'><System><Provider Name='Microsoft-Windows-Sysmon' Guid='{5770385f-c22a-43e0-bf4c-06f5698ffbd9}'/><EventID>11</EventID><Version>2</Version><Level>4</Level><Task>11</Task><Opcode>0</Opcode><Keywords>0x8000000000000000</Keywords><TimeCreated SystemTime='2026-09-10T20:10:36.0767421Z'/><EventRecordID>6322</EventRecordID><Correlation/><Execution ProcessID='2792' ThreadID='4944'/><Channel>Microsoft-Windows-Sysmon/Operational</Channel><Computer>windows</Computer><Security UserID='S-1-5-18'/></System><EventData><Data Name='RuleName'>DLL</Data><Data Name='UtcTime'>2026-09-10 20:10:36.076</Data><Data Name='ProcessGuid'>{064ad90c-0ca9-6aa3-5f02-000000000800}</Data><Data Name='ProcessId'>8252</Data><Data Name='Image'>C:\Windows\system32\svchost.exe</Data><Data Name='TargetFilename'>C:\Program Files\WindowsApps\Microsoft.Windows.Photos_2026.11080.24002.0_x64__8wekyb3d8bbwe\Microsoft.Windows.System.Projection.dll</Data><Data Name='CreationUtcTime'>2026-09-10 20:10:36.061</Data><Data Name='User'>AUTORITE NT\Système</Data></EventData></Event><Event xmlns='http://schemas.microsoft.com/win/2004/08/events/event'><System><Provider Name='Microsoft-Windows-Sysmon' Guid='{5770385f-c22a-43e0-bf4c-06f5698ffbd9}'/><EventID>11</EventID><Version>2</Version><Level>4</Level><Task>11</Task><Opcode>0</Opcode><Keywords>0x8000000000000000</Keywords><TimeCreated SystemTime='2026-09-10T20:10:36.0762330Z'/><EventRecordID>6321</EventRecordID><Correlation/><Execution ProcessID='2792' ThreadID='4944'/><Channel>Microsoft-Windows-Sysmon/Operational</Channel><Computer>windows</Computer><Security UserID='S-1-5-18'/></System><EventData><Data Name='RuleName'>DLL</Data><Data Name='UtcTime'>2026-09-10 20:10:36.061</Data><Data Name='ProcessGuid'>{064ad90c-0ca9-6aa3-5f02-000000000800}</Data><Data Name='ProcessId'>8252</Data><Data Name='Image'>C:\Windows\system32\svchost.exe</Data><Data Name='TargetFilename'>C:\Program Files\WindowsApps\Microsoft.Windows.Photos_2026.11080.24002.0_x64__8wekyb3d8bbwe\Microsoft.Windows.System.Power.Projection.dll</Data><Data Name='CreationUtcTime'>2026-09-10 20:10:36.061</Data><Data Name='User'>AUTORITE NT\Système</Data></EventData></Event><Event xmlns='http://schemas.microsoft.com/win/2004/08/events/event'><System><Provider Name='Microsoft-Windows-Sysmon' Guid='{5770385f-c22a-43e0-bf4c-06f5698ffbd9}'/><EventID>11</EventID><Version>2</Version><Level>4</Level><Task>11</Task><Opcode>0</Opcode><Keywords>0x8000000000000000</Keywords><TimeCreated SystemTime='2026-09-10T20:10:36.0757446Z'/><EventRecordID>6320</EventRecordID><Correlation/><Execution ProcessID='2792' ThreadID='4944'/><Channel>Microsoft-Windows-Sysmon/Operational</Channel><Computer>windows</Computer><Security UserID='S-1-5-18'/></System><EventData><Data Name='RuleName'>DLL</Data><Data Name='UtcTime'>2026-09-10 20:10:36.061</Data><Data Name='ProcessGuid'>{064ad90c-0ca9-6aa3-5f02-000000000800}</Data><Data Name='ProcessId'>8252</Data><Data Name='Image'>C:\Windows\system32\svchost.exe</Data><Data Name='TargetFilename'>C:\Program Files\WindowsApps\Microsoft.Windows.Photos_2026.11080.24002.0_x64__8wekyb3d8bbwe\Microsoft.Windows.Storage.Projection.dll</Data><Data Name='CreationUtcTime'>2026-09-10 20:10:36.061</Data><Data Name='User'>AUTORITE NT\Système</Data></EventData></Event><Event xmlns='http://schemas.microsoft.com/win/2004/08/events/event'><System><Provider Name='Microsoft-Windows-Sysmon' Guid='{5770385f-c22a-43e0-bf4c-06f5698ffbd9}'/><EventID>11</EventID><Version>2</Version><Level>4</Level><Task>11</Task><Opcode>0</Opcode><Keywords>0x8000000000000000</Keywords><TimeCreated SystemTime='2026-09-10T20:10:36.0745927Z'/><EventRecordID>6319</EventRecordID><Correlation/><Execution ProcessID='2792' ThreadID='4944'/><Channel>Microsoft-Windows-Sysmon/Operational</Channel><Computer>windows</Computer><Security UserID='S-1-5-18'/></System><EventData><Data Name='RuleName'>DLL</Data><Data Name='UtcTime'>2026-09-10 20:10:36.061</Data><Data Name='ProcessGuid'>{064ad90c-0ca9-6aa3-5f02-000000000800}</Data><Data Name='ProcessId'>8252</Data><Data Name='Image'>C:\Windows\system32\svchost.exe</Data><Data Name='TargetFilename'>C:\Program Files\WindowsApps\Microsoft.Windows.Photos_2026.11080.24002.0_x64__8wekyb3d8bbwe\Microsoft.Windows.Storage.Pickers.Projection.dll</Data><Data Name='CreationUtcTime'>2026-09-10 20:10:36.061</Data><Data Name='User'>AUTORITE NT\Système</Data></EventData></Event><Event xmlns='http://schemas.microsoft.com/win/2004/08/events/event'><System><Provider Name='Microsoft-Windows-Sysmon' Guid='{5770385f-c22a-43e0-bf4c-06f5698ffbd9}'/><EventID>11</EventID><Version>2</Version><Level>4</Level><Task>11</Task><Opcode>0</Opcode><Keywords>0x8000000000000000</Keywords><TimeCreated SystemTime='2026-09-10T20:10:36.0740695Z'/><EventRecordID>6318</EventRecordID><Correlation/><Execution ProcessID='2792' ThreadID='4944'/><Channel>Microsoft-Windows-Sysmon/Operational</Channel><Computer>windows</Computer><Security UserID='S-1-5-18'/></System><EventData><Data Name='RuleName'>DLL</Data><Data Name='UtcTime'>2026-09-10 20:10:36.061</Data><Data Name='ProcessGuid'>{064ad90c-0ca9-6aa3-5f02-000000000800}</Data><Data Name='ProcessId'>8252</Data><Data Name='Image'>C:\Windows\system32\svchost.exe</Data><Data Name='TargetFilename'>C:\Program Files\WindowsApps\Microsoft.Windows.Photos_2026.11080.24002.0_x64__8wekyb3d8bbwe\Microsoft.Windows.Security.AccessControl.Projection.dll</Data><Data Name='CreationUtcTime'>2026-09-10 20:10:36.061</Data><Data Name='User'>AUTORITE NT\Système</Data></EventData></Event><Event xmlns='http://schemas.microsoft.com/win/2004/08/events/event'><System><Provider Name='Microsoft-Windows-Sysmon' Guid='{5770385f-c22a-43e0-bf4c-06f5698ffbd9}'/><EventID>11</EventID><Version>2</Version><Level>4</Level><Task>11</Task><Opcode>0</Opcode><Keywords>0x8000000000000000</Keywords><TimeCreated SystemTime='2026-09-10T20:10:36.0734250Z'/><EventRecordID>6317</EventRecordID><Correlation/><Execution ProcessID='2792' ThreadID='4944'/><Channel>Microsoft-Windows-Sysmon/Operational</Channel><Computer>windows</Computer><Security UserID='S-1-5-18'/></System><EventData><Data Name='RuleName'>DLL</Data><Data Name='UtcTime'>2026-09-10 20:10:36.061</Data><Data Name='ProcessGuid'>{064ad90c-0ca9-6aa3-5f02-000000000800}</Data><Data Name='ProcessId'>8252</Data><Data Name='Image'>C:\Windows\system32\svchost.exe</Data><Data Name='TargetFilename'>C:\Program Files\WindowsApps\Microsoft.Windows.Photos_2026.11080.24002.0_x64__8wekyb3d8bbwe\Microsoft.Windows.SDK.NET.dll</Data><Data Name='CreationUtcTime'>2026-09-10 20:10:36.061</Data><Data Name='User'>AUTORITE NT\Système</Data></EventData></Event><Event xmlns='http://schemas.microsoft.com/win/2004/08/events/event'><System><Provider Name='Microsoft-Windows-Sysmon' Guid='{5770385f-c22a-43e0-bf4c-06f5698ffbd9}'/><EventID>11</EventID><Version>2</Version><Level>4</Level><Task>11</Task><Opcode>0</Opcode><Keywords>0x8000000000000000</Keywords><TimeCreated SystemTime='2026-09-10T20:10:36.0729030Z'/><EventRecordID>6316</EventRecordID><Correlation/><Execution ProcessID='2792' ThreadID='4944'/><Channel>Microsoft-Windows-Sysmon/Operational</Channel><Computer>windows</Computer><Security UserID='S-1-5-18'/></System><EventData><Data Name='RuleName'>DLL</Data><Data Name='UtcTime'>2026-09-10 20:10:36.061</Data><Data Name='ProcessGuid'>{064ad90c-0ca9-6aa3-5f02-000000000800}</Data><Data Name='ProcessId'>8252</Data><Data Name='Image'>C:\Windows\system32\svchost.exe</Data><Data Name='TargetFilename'>C:\Program Files\WindowsApps\Microsoft.Windows.Photos_2026.11080.24002.0_x64__8wekyb3d8bbwe\Microsoft.Windows.PushNotifications.Projection.dll</Data><Data Name='CreationUtcTime'>2026-09-10 20:10:36.061</Data><Data Name='User'>AUTORITE NT\Système</Data></EventData></Event><Event xmlns='http://schemas.microsoft.com/win/2004/08/events/event'><System><Provider Name='Microsoft-Windows-Sysmon' Guid='{5770385f-c22a-43e0-bf4c-06f5698ffbd9}'/><EventID>11</EventID><Version>2</Version><Level>4</Level><Task>11</Task><Opcode>0</Opcode><Keywords>0x8000000000000000</Keywords><TimeCreated SystemTime='2026-09-10T20:10:36.0718384Z'/><EventRecordID>6315</EventRecordID><Correlation/><Execution ProcessID='2792' ThreadID='4944'/><Channel>Microsoft-Windows-Sysmon/Operational</Channel><Computer>windows</Computer><Security UserID='S-1-5-18'/></System><EventData><Data Name='RuleName'>DLL</Data><Data Name='UtcTime'>2026-09-10 20:10:36.061</Data><Data Name='ProcessGuid'>{064ad90c-0ca9-6aa3-5f02-000000000800}</Data><Data Name='ProcessId'>8252</Data><Data Name='Image'>C:\Windows\system32\svchost.exe</Data><Data Name='TargetFilename'>C:\Program Files\WindowsApps\Microsoft.Windows.Photos_2026.11080.24002.0_x64__8wekyb3d8bbwe\Microsoft.Windows.Media.Capture.Projection.dll</Data><Data Name='CreationUtcTime'>2026-09-10 20:10:36.061</Data><Data Name='User'>AUTORITE NT\Système</Data></EventData></Event><Event xmlns='http://schemas.microsoft.com/win/2004/08/events/event'><System><Provider Name='Microsoft-Windows-Sysmon' Guid='{5770385f-c22a-43e0-bf4c-06f5698ffbd9}'/><EventID>11</EventID><Version>2</Version><Level>4</Level><Task>11</Task><Opcode>0</Opcode><Keywords>0x8000000000000000</Keywords><TimeCreated SystemTime='2026-09-10T20:10:36.0713433Z'/><EventRecordID>6314</EventRecordID><Correlation/><Execution ProcessID='2792' ThreadID='4944'/><Channel>Microsoft-Windows-Sysmon/Operational</Channel><Computer>windows</Computer><Security UserID='S-1-5-18'/></System><EventData><Data Name='RuleName'>DLL</Data><Data Name='UtcTime'>2026-09-10 20:10:36.061</Data><Data Name='ProcessGuid'>{064ad90c-0ca9-6aa3-5f02-000000000800}</Data><Data Name='ProcessId'>8252</Data><Data Name='Image'>C:\Windows\system32\svchost.exe</Data><Data Name='TargetFilename'>C:\Program Files\WindowsApps\Microsoft.Windows.Photos_2026.11080.24002.0_x64__8wekyb3d8bbwe\Microsoft.Windows.Management.Deployment.Projection.dll</Data><Data Name='CreationUtcTime'>2026-09-10 20:10:36.061</Data><Data Name='User'>AUTORITE NT\Système</Data></EventData></Event><Event xmlns='http://schemas.microsoft.com/win/2004/08/events/event'><System><Provider Name='Microsoft-Windows-Sysmon' Guid='{5770385f-c22a-43e0-bf4c-06f5698ffbd9}'/><EventID>11</EventID><Version>2</Version><Level>4</Level><Task>11</Task><Opcode>0</Opcode><Keywords>0x8000000000000000</Keywords><TimeCreated SystemTime='2026-09-10T20:10:36.0707125Z'/><EventRecordID>6313</EventRecordID><Correlation/><Execution ProcessID='2792' ThreadID='4944'/><Channel>Microsoft-Windows-Sysmon/Operational</Channel><Computer>windows</Computer><Security UserID='S-1-5-18'/></System><EventData><Data Name='RuleName'>DLL</Data><Data Name='UtcTime'>2026-09-10 20:10:36.061</Data><Data Name='ProcessGuid'>{064ad90c-0ca9-6aa3-5f02-000000000800}</Data><Data Name='ProcessId'>8252</Data><Data Name='Image'>C:\Windows\system32\svchost.exe</Data><Data Name='TargetFilename'>C:\Program Files\WindowsApps\Microsoft.Windows.Photos_2026.11080.24002.0_x64__8wekyb3d8bbwe\Microsoft.Windows.Foundation.Projection.dll</Data><Data Name='CreationUtcTime'>2026-09-10 20:10:36.061</Data><Data Name='User'>AUTORITE NT\Système</Data></EventData></Event>